<?xml version="1.0" encoding="UTF-8"?>
<robot generator="Robot 7.2.2 (Python 3.12.9 on linux)" generated="2025-04-16T09:27:44.418339" rpa="false" schemaversion="5">
<suite id="s1" name="Tests" source="/home/runner/work/bah.ai-automation/bah.ai-automation/tests">
<suite id="s1-s1" name="Fe User Login" source="/home/runner/work/bah.ai-automation/bah.ai-automation/tests/fe_user_login.robot">
<test id="s1-s1-t1" name="Test Case 1: Validate user registration" line="15">
<kw name="Main Web Setup" owner="common" type="SETUP">
<kw name="Create Directory" owner="OperatingSystem">
<msg time="2025-04-16T09:27:44.831880" level="INFO" html="true">Created directory '&lt;a href="file:///home/runner/work/bah.ai-automation/bah.ai-automation/logs/headlessfirefox/screenshots"&gt;/home/runner/work/bah.ai-automation/bah.ai-automation/logs/headlessfirefox/screenshots&lt;/a&gt;'.</msg>
<arg>logs/${browser}/screenshots</arg>
<doc>Creates the specified directory.</doc>
<status status="PASS" start="2025-04-16T09:27:44.831577" elapsed="0.000376"/>
</kw>
<kw name="Empty Directory" owner="OperatingSystem">
<msg time="2025-04-16T09:27:44.832240" level="INFO" html="true">Listing contents of directory '&lt;a href="file:///home/runner/work/bah.ai-automation/bah.ai-automation/logs/headlessfirefox/screenshots"&gt;/home/runner/work/bah.ai-automation/bah.ai-automation/logs/headlessfirefox/screenshots&lt;/a&gt;'.</msg>
<msg time="2025-04-16T09:27:44.832303" level="INFO" html="true">Emptied directory '&lt;a href="file:///home/runner/work/bah.ai-automation/bah.ai-automation/logs/headlessfirefox/screenshots"&gt;/home/runner/work/bah.ai-automation/bah.ai-automation/logs/headlessfirefox/screenshots&lt;/a&gt;'.</msg>
<arg>logs/${browser}/screenshots</arg>
<doc>Deletes all the content from the given directory.</doc>
<status status="PASS" start="2025-04-16T09:27:44.832095" elapsed="0.000258"/>
</kw>
<kw name="Set Screenshot Directory" owner="SeleniumLibrary">
<arg>logs/${browser}/screenshots</arg>
<doc>Sets the directory for captured screenshots.</doc>
<status status="PASS" start="2025-04-16T09:27:44.832481" elapsed="0.000225"/>
</kw>
<kw name="Open Browser" owner="SeleniumLibrary">
<msg time="2025-04-16T09:27:44.832997" level="INFO">Opening browser 'headlessfirefox' to base url 'about:blank'.</msg>
<arg>about:blank</arg>
<arg>${browser}</arg>
<doc>Opens a new browser instance to the optional ``url``.</doc>
<status status="PASS" start="2025-04-16T09:27:44.832841" elapsed="16.484245"/>
</kw>
<kw name="Maximize Browser Window" owner="SeleniumLibrary">
<doc>Maximizes current browser window.</doc>
<status status="PASS" start="2025-04-16T09:28:01.317360" elapsed="0.004354"/>
</kw>
<arg>${BROWSER}</arg>
<doc>Main web setup</doc>
<status status="PASS" start="2025-04-16T09:27:44.830704" elapsed="16.491159"/>
</kw>
<kw name="Navigate to the login page" owner="bahai_app">
<kw name="Navigate to login page" owner="login_page">
<kw name="Go To" owner="SeleniumLibrary">
<msg time="2025-04-16T09:28:01.323226" level="INFO">Opening url 'https://v0-real-estate-marketplace-necizi.vercel.app/login'</msg>
<arg>${url}</arg>
<doc>Navigates the current browser window to the provided ``url``.</doc>
<status status="PASS" start="2025-04-16T09:28:01.323072" elapsed="0.450674"/>
</kw>
<arg>${url}</arg>
<status status="PASS" start="2025-04-16T09:28:01.322712" elapsed="0.451203"/>
</kw>
<kw name="Verify page loaded" owner="login_page">
<kw name="Wait Until Element Is Visible" owner="SeleniumLibrary">
<arg>${locator}</arg>
<doc>Waits until the element ``locator`` is visible.</doc>
<status status="PASS" start="2025-04-16T09:28:01.774629" elapsed="0.058243"/>
</kw>
<arg>${locator}</arg>
<status status="PASS" start="2025-04-16T09:28:01.774184" elapsed="0.058862"/>
</kw>
<arg>${LOGIN_PAGE}</arg>
<arg>${login_form}</arg>
<status status="PASS" start="2025-04-16T09:28:01.322181" elapsed="0.510980"/>
</kw>
<kw name="Enter credential" owner="bahai_app">
<kw name="Verify element visible" owner="signup_page">
<kw name="Wait Until Element Is Visible" owner="SeleniumLibrary">
<arg>${locator}</arg>
<doc>Waits until the element ``locator`` is visible.</doc>
<status status="PASS" start="2025-04-16T09:28:01.834598" elapsed="0.052331"/>
</kw>
<arg>${locator}</arg>
<status status="PASS" start="2025-04-16T09:28:01.834104" elapsed="0.053004"/>
</kw>
<kw name="Enter credential" owner="signup_page">
<kw name="Input Text" owner="SeleniumLibrary">
<msg time="2025-04-16T09:28:01.888389" level="INFO">Typing text 'sample@email.com' into text field 'id=email'.</msg>
<arg>${locator}</arg>
<arg>${credential}</arg>
<doc>Types the given ``text`` into the text field identified by ``locator``.</doc>
<status status="PASS" start="2025-04-16T09:28:01.888041" elapsed="0.095507"/>
</kw>
<arg>${credential}</arg>
<arg>${locator}</arg>
<status status="PASS" start="2025-04-16T09:28:01.887410" elapsed="0.096326"/>
</kw>
<arg>${login_email_field}</arg>
<arg>${EMAIL}</arg>
<status status="PASS" start="2025-04-16T09:28:01.833495" elapsed="0.150328"/>
</kw>
<kw name="Enter credential" owner="bahai_app">
<kw name="Verify element visible" owner="signup_page">
<kw name="Wait Until Element Is Visible" owner="SeleniumLibrary">
<arg>${locator}</arg>
<doc>Waits until the element ``locator`` is visible.</doc>
<status status="PASS" start="2025-04-16T09:28:01.984969" elapsed="0.009089"/>
</kw>
<arg>${locator}</arg>
<status status="PASS" start="2025-04-16T09:28:01.984673" elapsed="0.009463"/>
</kw>
<kw name="Enter credential" owner="signup_page">
<kw name="Input Text" owner="SeleniumLibrary">
<msg time="2025-04-16T09:28:01.994813" level="INFO">Typing text 'Password@123' into text field 'id=password'.</msg>
<arg>${locator}</arg>
<arg>${credential}</arg>
<doc>Types the given ``text`` into the text field identified by ``locator``.</doc>
<status status="PASS" start="2025-04-16T09:28:01.994606" elapsed="0.026457"/>
</kw>
<arg>${credential}</arg>
<arg>${locator}</arg>
<status status="PASS" start="2025-04-16T09:28:01.994278" elapsed="0.026908"/>
</kw>
<arg>${login_password_field}</arg>
<arg>${PASSWORD}</arg>
<status status="PASS" start="2025-04-16T09:28:01.984088" elapsed="0.037165"/>
</kw>
<kw name="Click sign in" owner="bahai_app">
<kw name="Verify page loaded" owner="login_page">
<kw name="Wait Until Element Is Visible" owner="SeleniumLibrary">
<arg>${locator}</arg>
<doc>Waits until the element ``locator`` is visible.</doc>
<status status="PASS" start="2025-04-16T09:28:02.022075" elapsed="0.008597"/>
</kw>
<arg>${locator}</arg>
<status status="PASS" start="2025-04-16T09:28:02.021819" elapsed="0.008930"/>
</kw>
<kw name="Click button" owner="login_page">
<kw name="Click Element" owner="SeleniumLibrary">
<msg time="2025-04-16T09:28:02.031312" level="INFO">Clicking element 'xpath=//*[text()='Sign in']'.</msg>
<arg>${button}</arg>
<doc>Click the element identified by ``locator``.</doc>
<status status="PASS" start="2025-04-16T09:28:02.031144" elapsed="0.228623"/>
</kw>
<arg>${locator}</arg>
<status status="PASS" start="2025-04-16T09:28:02.030886" elapsed="0.229005"/>
</kw>
<arg>${signin_btn}</arg>
<status status="PASS" start="2025-04-16T09:28:02.021459" elapsed="0.238496"/>
</kw>
<kw name="Validate name displayed" owner="bahai_app">
<kw name="Validate text displayed in page" owner="signup_page">
<kw name="Wait Until Keyword Succeeds" owner="BuiltIn">
<kw name="Page Should Contain" owner="SeleniumLibrary">
<msg time="2025-04-16T09:28:02.393543" level="INFO" html="true">&lt;/td&gt;&lt;/tr&gt;&lt;tr&gt;&lt;td colspan="3"&gt;&lt;a href="../headlessfirefox/screenshots/selenium-screenshot-1.png"&gt;&lt;img src="../headlessfirefox/screenshots/selenium-screenshot-1.png" width="800px"&gt;&lt;/a&gt;</msg>
<msg time="2025-04-16T09:28:02.393745" level="FAIL">Page should have contained text 'Welcome back, sample!' but did not.</msg>
<arg>${expected_text}</arg>
<doc>Verifies that current page contains ``text``.</doc>
<status status="FAIL" start="2025-04-16T09:28:02.261021" elapsed="0.133594">Page should have contained text 'Welcome back, sample!' but did not.</status>
</kw>
<kw name="Page Should Contain" owner="SeleniumLibrary">
<msg time="2025-04-16T09:28:03.401112" level="INFO">Current page contains text 'Welcome back, sample!'.</msg>
<arg>${expected_text}</arg>
<doc>Verifies that current page contains ``text``.</doc>
<status status="PASS" start="2025-04-16T09:28:03.395000" elapsed="0.006278"/>
</kw>
<arg>10</arg>
<arg>1</arg>
<arg>Page Should Contain</arg>
<arg>${expected_text}</arg>
<doc>Runs the specified keyword and retries if it fails.</doc>
<status status="PASS" start="2025-04-16T09:28:02.260802" elapsed="1.140578"/>
</kw>
<arg>${expected_text}</arg>
<status status="PASS" start="2025-04-16T09:28:02.260494" elapsed="1.140991"/>
</kw>
<arg>Welcome back, sample!</arg>
<status status="PASS" start="2025-04-16T09:28:02.260173" elapsed="1.141417"/>
</kw>
<kw name="Main Web Teardown" owner="common" type="TEARDOWN">
<kw name="Capture Page Screenshot" owner="SeleniumLibrary">
<msg time="2025-04-16T09:28:03.519742" level="INFO" html="true">&lt;/td&gt;&lt;/tr&gt;&lt;tr&gt;&lt;td colspan="3"&gt;&lt;a href="../headlessfirefox/screenshots/selenium-screenshot-2.png"&gt;&lt;img src="../headlessfirefox/screenshots/selenium-screenshot-2.png" width="800px"&gt;&lt;/a&gt;</msg>
<doc>Takes a screenshot of the current page and embeds it into a log file.</doc>
<status status="PASS" start="2025-04-16T09:28:03.402259" elapsed="0.117599"/>
</kw>
<kw name="Close All Browsers" owner="SeleniumLibrary">
<doc>Closes all open browsers and resets the browser cache.</doc>
<status status="PASS" start="2025-04-16T09:28:03.520048" elapsed="1.004129"/>
</kw>
<doc>Main web teardown</doc>
<status status="PASS" start="2025-04-16T09:28:03.401919" elapsed="1.122407"/>
</kw>
<doc>Validate user registration</doc>
<tag>signin</tag>
<status status="PASS" start="2025-04-16T09:27:44.829872" elapsed="19.694527"/>
</test>
<test id="s1-s1-t2" name="Test Case 2: Validate logout navigation" line="27">
<kw name="Main Web Setup" owner="common" type="SETUP">
<kw name="Create Directory" owner="OperatingSystem">
<msg time="2025-04-16T09:28:04.525853" level="INFO" html="true">Directory '&lt;a href="file:///home/runner/work/bah.ai-automation/bah.ai-automation/logs/headlessfirefox/screenshots"&gt;/home/runner/work/bah.ai-automation/bah.ai-automation/logs/headlessfirefox/screenshots&lt;/a&gt;' already exists.</msg>
<arg>logs/${browser}/screenshots</arg>
<doc>Creates the specified directory.</doc>
<status status="PASS" start="2025-04-16T09:28:04.525677" elapsed="0.000230"/>
</kw>
<kw name="Empty Directory" owner="OperatingSystem">
<msg time="2025-04-16T09:28:04.526148" level="INFO" html="true">Listing contents of directory '&lt;a href="file:///home/runner/work/bah.ai-automation/bah.ai-automation/logs/headlessfirefox/screenshots"&gt;/home/runner/work/bah.ai-automation/bah.ai-automation/logs/headlessfirefox/screenshots&lt;/a&gt;'.</msg>
<msg time="2025-04-16T09:28:04.526320" level="INFO" html="true">Emptied directory '&lt;a href="file:///home/runner/work/bah.ai-automation/bah.ai-automation/logs/headlessfirefox/screenshots"&gt;/home/runner/work/bah.ai-automation/bah.ai-automation/logs/headlessfirefox/screenshots&lt;/a&gt;'.</msg>
<arg>logs/${browser}/screenshots</arg>
<doc>Deletes all the content from the given directory.</doc>
<status status="PASS" start="2025-04-16T09:28:04.526023" elapsed="0.000354"/>
</kw>
<kw name="Set Screenshot Directory" owner="SeleniumLibrary">
<arg>logs/${browser}/screenshots</arg>
<doc>Sets the directory for captured screenshots.</doc>
<status status="PASS" start="2025-04-16T09:28:04.526505" elapsed="0.000221"/>
</kw>
<kw name="Open Browser" owner="SeleniumLibrary">
<msg time="2025-04-16T09:28:04.527007" level="INFO">Opening browser 'headlessfirefox' to base url 'about:blank'.</msg>
<arg>about:blank</arg>
<arg>${browser}</arg>
<doc>Opens a new browser instance to the optional ``url``.</doc>
<status status="PASS" start="2025-04-16T09:28:04.526853" elapsed="1.616444"/>
</kw>
<kw name="Maximize Browser Window" owner="SeleniumLibrary">
<doc>Maximizes current browser window.</doc>
<status status="PASS" start="2025-04-16T09:28:06.143605" elapsed="0.068154"/>
</kw>
<arg>${BROWSER}</arg>
<doc>Main web setup</doc>
<status status="PASS" start="2025-04-16T09:28:04.525363" elapsed="1.686555"/>
</kw>
<kw name="Navigate to the login page" owner="bahai_app">
<kw name="Navigate to login page" owner="login_page">
<kw name="Go To" owner="SeleniumLibrary">
<msg time="2025-04-16T09:28:06.213031" level="INFO">Opening url 'https://v0-real-estate-marketplace-necizi.vercel.app/login'</msg>
<arg>${url}</arg>
<doc>Navigates the current browser window to the provided ``url``.</doc>
<status status="PASS" start="2025-04-16T09:28:06.212896" elapsed="0.546162"/>
</kw>
<arg>${url}</arg>
<status status="PASS" start="2025-04-16T09:28:06.212599" elapsed="0.546630"/>
</kw>
<kw name="Verify page loaded" owner="login_page">
<kw name="Wait Until Element Is Visible" owner="SeleniumLibrary">
<arg>${locator}</arg>
<doc>Waits until the element ``locator`` is visible.</doc>
<status status="PASS" start="2025-04-16T09:28:06.761151" elapsed="0.123726"/>
</kw>
<arg>${locator}</arg>
<status status="PASS" start="2025-04-16T09:28:06.759537" elapsed="0.125495"/>
</kw>
<arg>${LOGIN_PAGE}</arg>
<arg>${login_form}</arg>
<status status="PASS" start="2025-04-16T09:28:06.212179" elapsed="0.672958"/>
</kw>
<kw name="Enter credential" owner="bahai_app">
<kw name="Verify element visible" owner="signup_page">
<kw name="Wait Until Element Is Visible" owner="SeleniumLibrary">
<arg>${locator}</arg>
<doc>Waits until the element ``locator`` is visible.</doc>
<status status="PASS" start="2025-04-16T09:28:06.886711" elapsed="0.031686"/>
</kw>
<arg>${locator}</arg>
<status status="PASS" start="2025-04-16T09:28:06.886164" elapsed="0.032532"/>
</kw>
<kw name="Enter credential" owner="signup_page">
<kw name="Input Text" owner="SeleniumLibrary">
<msg time="2025-04-16T09:28:06.919729" level="INFO">Typing text 'sample@email.com' into text field 'id=email'.</msg>
<arg>${locator}</arg>
<arg>${credential}</arg>
<doc>Types the given ``text`` into the text field identified by ``locator``.</doc>
<status status="PASS" start="2025-04-16T09:28:06.919434" elapsed="0.096501"/>
</kw>
<arg>${credential}</arg>
<arg>${locator}</arg>
<status status="PASS" start="2025-04-16T09:28:06.918966" elapsed="0.097143"/>
</kw>
<arg>${login_email_field}</arg>
<arg>${EMAIL}</arg>
<status status="PASS" start="2025-04-16T09:28:06.885400" elapsed="0.130813"/>
</kw>
<kw name="Enter credential" owner="bahai_app">
<kw name="Verify element visible" owner="signup_page">
<kw name="Wait Until Element Is Visible" owner="SeleniumLibrary">
<arg>${locator}</arg>
<doc>Waits until the element ``locator`` is visible.</doc>
<status status="PASS" start="2025-04-16T09:28:07.017487" elapsed="0.009551"/>
</kw>
<arg>${locator}</arg>
<status status="PASS" start="2025-04-16T09:28:07.017087" elapsed="0.010029"/>
</kw>
<kw name="Enter credential" owner="signup_page">
<kw name="Input Text" owner="SeleniumLibrary">
<msg time="2025-04-16T09:28:07.027773" level="INFO">Typing text 'Password@123' into text field 'id=password'.</msg>
<arg>${locator}</arg>
<arg>${credential}</arg>
<doc>Types the given ``text`` into the text field identified by ``locator``.</doc>
<status status="PASS" start="2025-04-16T09:28:07.027557" elapsed="0.025224"/>
</kw>
<arg>${credential}</arg>
<arg>${locator}</arg>
<status status="PASS" start="2025-04-16T09:28:07.027256" elapsed="0.025646"/>
</kw>
<arg>${login_password_field}</arg>
<arg>${PASSWORD}</arg>
<status status="PASS" start="2025-04-16T09:28:07.016513" elapsed="0.036458"/>
</kw>
<kw name="Click sign in" owner="bahai_app">
<kw name="Verify page loaded" owner="login_page">
<kw name="Wait Until Element Is Visible" owner="SeleniumLibrary">
<arg>${locator}</arg>
<doc>Waits until the element ``locator`` is visible.</doc>
<status status="PASS" start="2025-04-16T09:28:07.053805" elapsed="0.008586"/>
</kw>
<arg>${locator}</arg>
<status status="PASS" start="2025-04-16T09:28:07.053511" elapsed="0.008999"/>
</kw>
<kw name="Click button" owner="login_page">
<kw name="Click Element" owner="SeleniumLibrary">
<msg time="2025-04-16T09:28:07.063231" level="INFO">Clicking element 'xpath=//*[text()='Sign in']'.</msg>
<arg>${button}</arg>
<doc>Click the element identified by ``locator``.</doc>
<status status="PASS" start="2025-04-16T09:28:07.063050" elapsed="0.228549"/>
</kw>
<arg>${locator}</arg>
<status status="PASS" start="2025-04-16T09:28:07.062742" elapsed="0.229058"/>
</kw>
<arg>${signin_btn}</arg>
<status status="PASS" start="2025-04-16T09:28:07.053179" elapsed="0.238690"/>
</kw>
<kw name="Validate name displayed" owner="bahai_app">
<kw name="Validate text displayed in page" owner="signup_page">
<kw name="Wait Until Keyword Succeeds" owner="BuiltIn">
<kw name="Page Should Contain" owner="SeleniumLibrary">
<msg time="2025-04-16T09:28:07.350379" level="INFO" html="true">&lt;/td&gt;&lt;/tr&gt;&lt;tr&gt;&lt;td colspan="3"&gt;&lt;a href="../headlessfirefox/screenshots/selenium-screenshot-1.png"&gt;&lt;img src="../headlessfirefox/screenshots/selenium-screenshot-1.png" width="800px"&gt;&lt;/a&gt;</msg>
<msg time="2025-04-16T09:28:07.350545" level="FAIL">Page should have contained text 'Welcome back, sample!' but did not.</msg>
<arg>${expected_text}</arg>
<doc>Verifies that current page contains ``text``.</doc>
<status status="FAIL" start="2025-04-16T09:28:07.293083" elapsed="0.057829">Page should have contained text 'Welcome back, sample!' but did not.</status>
</kw>
<kw name="Page Should Contain" owner="SeleniumLibrary">
<msg time="2025-04-16T09:28:08.414970" level="INFO" html="true">&lt;/td&gt;&lt;/tr&gt;&lt;tr&gt;&lt;td colspan="3"&gt;&lt;a href="../headlessfirefox/screenshots/selenium-screenshot-2.png"&gt;&lt;img src="../headlessfirefox/screenshots/selenium-screenshot-2.png" width="800px"&gt;&lt;/a&gt;</msg>
<msg time="2025-04-16T09:28:08.415163" level="FAIL">Page should have contained text 'Welcome back, sample!' but did not.</msg>
<arg>${expected_text}</arg>
<doc>Verifies that current page contains ``text``.</doc>
<status status="FAIL" start="2025-04-16T09:28:08.351352" elapsed="0.064241">Page should have contained text 'Welcome back, sample!' but did not.</status>
</kw>
<kw name="Page Should Contain" owner="SeleniumLibrary">
<msg time="2025-04-16T09:28:09.421751" level="INFO">Current page contains text 'Welcome back, sample!'.</msg>
<arg>${expected_text}</arg>
<doc>Verifies that current page contains ``text``.</doc>
<status status="PASS" start="2025-04-16T09:28:09.416032" elapsed="0.005793"/>
</kw>
<arg>10</arg>
<arg>1</arg>
<arg>Page Should Contain</arg>
<arg>${expected_text}</arg>
<doc>Runs the specified keyword and retries if it fails.</doc>
<status status="PASS" start="2025-04-16T09:28:07.292880" elapsed="2.129017"/>
</kw>
<arg>${expected_text}</arg>
<status status="PASS" start="2025-04-16T09:28:07.292525" elapsed="2.129443"/>
</kw>
<arg>Welcome back, sample!</arg>
<status status="PASS" start="2025-04-16T09:28:07.292075" elapsed="2.129947"/>
</kw>
<kw name="Click button" owner="bahai_app">
<kw name="Verify element visible" owner="signup_page">
<kw name="Wait Until Element Is Visible" owner="SeleniumLibrary">
<arg>${locator}</arg>
<doc>Waits until the element ``locator`` is visible.</doc>
<status status="PASS" start="2025-04-16T09:28:09.422769" elapsed="0.008077"/>
</kw>
<arg>${locator}</arg>
<status status="PASS" start="2025-04-16T09:28:09.422498" elapsed="0.008422"/>
</kw>
<kw name="Click button" owner="signup_page">
<kw name="Wait Until Keyword Succeeds" owner="BuiltIn">
<kw name="Click Element" owner="SeleniumLibrary">
<msg time="2025-04-16T09:28:09.431662" level="INFO">Clicking element 'xpath=//div[text()='S']'.</msg>
<arg>${button}</arg>
<doc>Click the element identified by ``locator``.</doc>
<status status="PASS" start="2025-04-16T09:28:09.431487" elapsed="0.237422"/>
</kw>
<arg>10</arg>
<arg>1</arg>
<arg>Click Element</arg>
<arg>${button}</arg>
<doc>Runs the specified keyword and retries if it fails.</doc>
<status status="PASS" start="2025-04-16T09:28:09.431310" elapsed="0.237706"/>
</kw>
<arg>${locator}</arg>
<status status="PASS" start="2025-04-16T09:28:09.431055" elapsed="0.238042"/>
</kw>
<arg>${profile_icon}</arg>
<status status="PASS" start="2025-04-16T09:28:09.422197" elapsed="0.246960"/>
</kw>
<kw name="Click button" owner="bahai_app">
<kw name="Verify element visible" owner="signup_page">
<kw name="Wait Until Element Is Visible" owner="SeleniumLibrary">
<arg>${locator}</arg>
<doc>Waits until the element ``locator`` is visible.</doc>
<status status="PASS" start="2025-04-16T09:28:09.669975" elapsed="0.008369"/>
</kw>
<arg>${locator}</arg>
<status status="PASS" start="2025-04-16T09:28:09.669720" elapsed="0.008701"/>
</kw>
<kw name="Click button" owner="signup_page">
<kw name="Wait Until Keyword Succeeds" owner="BuiltIn">
<kw name="Click Element" owner="SeleniumLibrary">
<msg time="2025-04-16T09:28:09.679262" level="INFO">Clicking element 'xpath=//*[text()='Log out']'.</msg>
<arg>${button}</arg>
<doc>Click the element identified by ``locator``.</doc>
<status status="PASS" start="2025-04-16T09:28:09.679095" elapsed="0.229887"/>
</kw>
<arg>10</arg>
<arg>1</arg>
<arg>Click Element</arg>
<arg>${button}</arg>
<doc>Runs the specified keyword and retries if it fails.</doc>
<status status="PASS" start="2025-04-16T09:28:09.678893" elapsed="0.230189"/>
</kw>
<arg>${locator}</arg>
<status status="PASS" start="2025-04-16T09:28:09.678557" elapsed="0.230603"/>
</kw>
<arg>${logout_btn}</arg>
<status status="PASS" start="2025-04-16T09:28:09.669364" elapsed="0.239851"/>
</kw>
<kw name="Validate text displayed" owner="bahai_app">
<kw name="Validate text displayed in page" owner="signup_page">
<kw name="Wait Until Keyword Succeeds" owner="BuiltIn">
<kw name="Page Should Contain" owner="SeleniumLibrary">
<msg time="2025-04-16T09:28:09.914065" level="INFO">Current page contains text 'Sign in to your account'.</msg>
<arg>${expected_text}</arg>
<doc>Verifies that current page contains ``text``.</doc>
<status status="PASS" start="2025-04-16T09:28:09.910179" elapsed="0.003947"/>
</kw>
<arg>10</arg>
<arg>1</arg>
<arg>Page Should Contain</arg>
<arg>${expected_text}</arg>
<doc>Runs the specified keyword and retries if it fails.</doc>
<status status="PASS" start="2025-04-16T09:28:09.909995" elapsed="0.004190"/>
</kw>
<arg>${expected_text}</arg>
<status status="PASS" start="2025-04-16T09:28:09.909728" elapsed="0.004519"/>
</kw>
<arg>Sign in to your account</arg>
<status status="PASS" start="2025-04-16T09:28:09.909407" elapsed="0.004888"/>
</kw>
<kw name="Main Web Teardown" owner="common" type="TEARDOWN">
<kw name="Capture Page Screenshot" owner="SeleniumLibrary">
<msg time="2025-04-16T09:28:09.975479" level="INFO" html="true">&lt;/td&gt;&lt;/tr&gt;&lt;tr&gt;&lt;td colspan="3"&gt;&lt;a href="../headlessfirefox/screenshots/selenium-screenshot-3.png"&gt;&lt;img src="../headlessfirefox/screenshots/selenium-screenshot-3.png" width="800px"&gt;&lt;/a&gt;</msg>
<doc>Takes a screenshot of the current page and embeds it into a log file.</doc>
<status status="PASS" start="2025-04-16T09:28:09.914762" elapsed="0.060852"/>
</kw>
<kw name="Close All Browsers" owner="SeleniumLibrary">
<doc>Closes all open browsers and resets the browser cache.</doc>
<status status="PASS" start="2025-04-16T09:28:09.975821" elapsed="0.637857"/>
</kw>
<doc>Main web teardown</doc>
<status status="PASS" start="2025-04-16T09:28:09.914499" elapsed="0.699293"/>
</kw>
<doc>Validate user renavigates to logout page</doc>
<tag>signin</tag>
<status status="PASS" start="2025-04-16T09:28:04.524802" elapsed="6.089057"/>
</test>
<status status="PASS" start="2025-04-16T09:27:44.440487" elapsed="26.173946"/>
</suite>
<suite id="s1-s2" name="Fe User Registration" source="/home/runner/work/bah.ai-automation/bah.ai-automation/tests/fe_user_registration.robot">
<test id="s1-s2-t1" name="Test Case 1: Validate user registration" line="11">
<kw name="Main Web Setup" owner="common" type="SETUP">
<kw name="Create Directory" owner="OperatingSystem">
<msg time="2025-04-16T09:28:10.620100" level="INFO" html="true">Directory '&lt;a href="file:///home/runner/work/bah.ai-automation/bah.ai-automation/logs/headlessfirefox/screenshots"&gt;/home/runner/work/bah.ai-automation/bah.ai-automation/logs/headlessfirefox/screenshots&lt;/a&gt;' already exists.</msg>
<arg>logs/${browser}/screenshots</arg>
<doc>Creates the specified directory.</doc>
<status status="PASS" start="2025-04-16T09:28:10.619957" elapsed="0.000195"/>
</kw>
<kw name="Empty Directory" owner="OperatingSystem">
<msg time="2025-04-16T09:28:10.620386" level="INFO" html="true">Listing contents of directory '&lt;a href="file:///home/runner/work/bah.ai-automation/bah.ai-automation/logs/headlessfirefox/screenshots"&gt;/home/runner/work/bah.ai-automation/bah.ai-automation/logs/headlessfirefox/screenshots&lt;/a&gt;'.</msg>
<msg time="2025-04-16T09:28:10.620638" level="INFO" html="true">Emptied directory '&lt;a href="file:///home/runner/work/bah.ai-automation/bah.ai-automation/logs/headlessfirefox/screenshots"&gt;/home/runner/work/bah.ai-automation/bah.ai-automation/logs/headlessfirefox/screenshots&lt;/a&gt;'.</msg>
<arg>logs/${browser}/screenshots</arg>
<doc>Deletes all the content from the given directory.</doc>
<status status="PASS" start="2025-04-16T09:28:10.620264" elapsed="0.000433"/>
</kw>
<kw name="Set Screenshot Directory" owner="SeleniumLibrary">
<arg>logs/${browser}/screenshots</arg>
<doc>Sets the directory for captured screenshots.</doc>
<status status="PASS" start="2025-04-16T09:28:10.620821" elapsed="0.000182"/>
</kw>
<kw name="Open Browser" owner="SeleniumLibrary">
<msg time="2025-04-16T09:28:10.621266" level="INFO">Opening browser 'headlessfirefox' to base url 'about:blank'.</msg>
<arg>about:blank</arg>
<arg>${browser}</arg>
<doc>Opens a new browser instance to the optional ``url``.</doc>
<status status="PASS" start="2025-04-16T09:28:10.621125" elapsed="1.717028"/>
</kw>
<kw name="Maximize Browser Window" owner="SeleniumLibrary">
<doc>Maximizes current browser window.</doc>
<status status="PASS" start="2025-04-16T09:28:12.338376" elapsed="0.003317"/>
</kw>
<arg>${BROWSER}</arg>
<doc>Main web setup</doc>
<status status="PASS" start="2025-04-16T09:28:10.619687" elapsed="1.722123"/>
</kw>
<kw name="Navigate to the login page" owner="bahai_app">
<kw name="Navigate to login page" owner="login_page">
<kw name="Go To" owner="SeleniumLibrary">
<msg time="2025-04-16T09:28:12.342850" level="INFO">Opening url 'https://v0-real-estate-marketplace-necizi.vercel.app/login'</msg>
<arg>${url}</arg>
<doc>Navigates the current browser window to the provided ``url``.</doc>
<status status="PASS" start="2025-04-16T09:28:12.342726" elapsed="0.388190"/>
</kw>
<arg>${url}</arg>
<status status="PASS" start="2025-04-16T09:28:12.342438" elapsed="0.388647"/>
</kw>
<kw name="Verify page loaded" owner="login_page">
<kw name="Wait Until Element Is Visible" owner="SeleniumLibrary">
<arg>${locator}</arg>
<doc>Waits until the element ``locator`` is visible.</doc>
<status status="PASS" start="2025-04-16T09:28:12.731854" elapsed="0.088905"/>
</kw>
<arg>${locator}</arg>
<status status="PASS" start="2025-04-16T09:28:12.731353" elapsed="0.089555"/>
</kw>
<arg>${LOGIN_PAGE}</arg>
<arg>${login_form}</arg>
<status status="PASS" start="2025-04-16T09:28:12.342086" elapsed="0.478892"/>
</kw>
<kw name="Click the signup button" owner="bahai_app">
<kw name="Verify page loaded" owner="login_page">
<kw name="Wait Until Element Is Visible" owner="SeleniumLibrary">
<arg>${locator}</arg>
<doc>Waits until the element ``locator`` is visible.</doc>
<status status="PASS" start="2025-04-16T09:28:12.821814" elapsed="0.043009"/>
</kw>
<arg>${locator}</arg>
<status status="PASS" start="2025-04-16T09:28:12.821527" elapsed="0.043496"/>
</kw>
<kw name="Click button" owner="login_page">
<kw name="Click Element" owner="SeleniumLibrary">
<msg time="2025-04-16T09:28:12.866136" level="INFO">Clicking element 'xpath=//*[text()='Sign up']'.</msg>
<arg>${button}</arg>
<doc>Click the element identified by ``locator``.</doc>
<status status="PASS" start="2025-04-16T09:28:12.865873" elapsed="0.240262"/>
</kw>
<arg>${locator}</arg>
<status status="PASS" start="2025-04-16T09:28:12.865346" elapsed="0.240962"/>
</kw>
<arg>${signup_btn}</arg>
<status status="PASS" start="2025-04-16T09:28:12.821191" elapsed="0.285224"/>
</kw>
<kw name="Enter credential" owner="bahai_app">
<kw name="Verify element visible" owner="signup_page">
<kw name="Wait Until Element Is Visible" owner="SeleniumLibrary">
<arg>${locator}</arg>
<doc>Waits until the element ``locator`` is visible.</doc>
<status status="PASS" start="2025-04-16T09:28:13.107468" elapsed="0.009316"/>
</kw>
<arg>${locator}</arg>
<status status="PASS" start="2025-04-16T09:28:13.107185" elapsed="0.009679"/>
</kw>
<kw name="Enter credential" owner="signup_page">
<kw name="Input Text" owner="SeleniumLibrary">
<msg time="2025-04-16T09:28:13.117501" level="INFO">Typing text 'John Doe' into text field 'id=name'.</msg>
<arg>${locator}</arg>
<arg>${credential}</arg>
<doc>Types the given ``text`` into the text field identified by ``locator``.</doc>
<status status="PASS" start="2025-04-16T09:28:13.117307" elapsed="0.076237"/>
</kw>
<arg>${credential}</arg>
<arg>${locator}</arg>
<status status="PASS" start="2025-04-16T09:28:13.117011" elapsed="0.076682"/>
</kw>
<arg>${name_field}</arg>
<arg>John Doe</arg>
<status status="PASS" start="2025-04-16T09:28:13.106732" elapsed="0.087027"/>
</kw>
<kw name="Enter credential" owner="bahai_app">
<kw name="Verify element visible" owner="signup_page">
<kw name="Wait Until Element Is Visible" owner="SeleniumLibrary">
<arg>${locator}</arg>
<doc>Waits until the element ``locator`` is visible.</doc>
<status status="PASS" start="2025-04-16T09:28:13.194603" elapsed="0.016035"/>
</kw>
<arg>${locator}</arg>
<status status="PASS" start="2025-04-16T09:28:13.194324" elapsed="0.016460"/>
</kw>
<kw name="Enter credential" owner="signup_page">
<kw name="Input Text" owner="SeleniumLibrary">
<msg time="2025-04-16T09:28:13.211792" level="INFO">Typing text 'sample@email.com' into text field 'id=email'.</msg>
<arg>${locator}</arg>
<arg>${credential}</arg>
<doc>Types the given ``text`` into the text field identified by ``locator``.</doc>
<status status="PASS" start="2025-04-16T09:28:13.211492" elapsed="0.042395"/>
</kw>
<arg>${credential}</arg>
<arg>${locator}</arg>
<status status="PASS" start="2025-04-16T09:28:13.211032" elapsed="0.042976"/>
</kw>
<arg>${email_field}</arg>
<arg>${EMAIL}</arg>
<status status="PASS" start="2025-04-16T09:28:13.193964" elapsed="0.060112"/>
</kw>
<kw name="Enter credential" owner="bahai_app">
<kw name="Verify element visible" owner="signup_page">
<kw name="Wait Until Element Is Visible" owner="SeleniumLibrary">
<arg>${locator}</arg>
<doc>Waits until the element ``locator`` is visible.</doc>
<status status="PASS" start="2025-04-16T09:28:13.254955" elapsed="0.014177"/>
</kw>
<arg>${locator}</arg>
<status status="PASS" start="2025-04-16T09:28:13.254690" elapsed="0.014537"/>
</kw>
<kw name="Enter credential" owner="signup_page">
<kw name="Input Text" owner="SeleniumLibrary">
<msg time="2025-04-16T09:28:13.269974" level="INFO">Typing text 'Password@123' into text field 'id=password'.</msg>
<arg>${locator}</arg>
<arg>${credential}</arg>
<doc>Types the given ``text`` into the text field identified by ``locator``.</doc>
<status status="PASS" start="2025-04-16T09:28:13.269763" elapsed="0.025064"/>
</kw>
<arg>${credential}</arg>
<arg>${locator}</arg>
<status status="PASS" start="2025-04-16T09:28:13.269396" elapsed="0.025570"/>
</kw>
<arg>${password_field}</arg>
<arg>${PASSWORD}</arg>
<status status="PASS" start="2025-04-16T09:28:13.254290" elapsed="0.040744"/>
</kw>
<kw name="Enter credential" owner="bahai_app">
<kw name="Verify element visible" owner="signup_page">
<kw name="Wait Until Element Is Visible" owner="SeleniumLibrary">
<arg>${locator}</arg>
<doc>Waits until the element ``locator`` is visible.</doc>
<status status="PASS" start="2025-04-16T09:28:13.295899" elapsed="0.009185"/>
</kw>
<arg>${locator}</arg>
<status status="PASS" start="2025-04-16T09:28:13.295628" elapsed="0.009537"/>
</kw>
<kw name="Enter credential" owner="signup_page">
<kw name="Input Text" owner="SeleniumLibrary">
<msg time="2025-04-16T09:28:13.305909" level="INFO">Typing text 'Password@123' into text field 'id=confirmPassword'.</msg>
<arg>${locator}</arg>
<arg>${credential}</arg>
<doc>Types the given ``text`` into the text field identified by ``locator``.</doc>
<status status="PASS" start="2025-04-16T09:28:13.305632" elapsed="0.025325"/>
</kw>
<arg>${credential}</arg>
<arg>${locator}</arg>
<status status="PASS" start="2025-04-16T09:28:13.305304" elapsed="0.025771"/>
</kw>
<arg>${confirm_password_field}</arg>
<arg>${PASSWORD}</arg>
<status status="PASS" start="2025-04-16T09:28:13.295246" elapsed="0.035896"/>
</kw>
<kw name="Click create account" owner="bahai_app">
<kw name="Verify element visible" owner="signup_page">
<kw name="Wait Until Element Is Visible" owner="SeleniumLibrary">
<arg>${locator}</arg>
<doc>Waits until the element ``locator`` is visible.</doc>
<status status="PASS" start="2025-04-16T09:28:13.332024" elapsed="0.008820"/>
</kw>
<arg>${locator}</arg>
<status status="PASS" start="2025-04-16T09:28:13.331770" elapsed="0.009194"/>
</kw>
<kw name="Click button" owner="signup_page">
<kw name="Wait Until Keyword Succeeds" owner="BuiltIn">
<kw name="Click Element" owner="SeleniumLibrary">
<msg time="2025-04-16T09:28:13.342127" level="INFO">Clicking element 'xpath=//*[text()='Create Account']'.</msg>
<arg>${button}</arg>
<doc>Click the element identified by ``locator``.</doc>
<status status="PASS" start="2025-04-16T09:28:13.341867" elapsed="0.226814"/>
</kw>
<arg>10</arg>
<arg>1</arg>
<arg>Click Element</arg>
<arg>${button}</arg>
<doc>Runs the specified keyword and retries if it fails.</doc>
<status status="PASS" start="2025-04-16T09:28:13.341601" elapsed="0.227188"/>
</kw>
<arg>${locator}</arg>
<status status="PASS" start="2025-04-16T09:28:13.341182" elapsed="0.227692"/>
</kw>
<arg>${create_account_btn}</arg>
<status status="PASS" start="2025-04-16T09:28:13.331401" elapsed="0.237535"/>
</kw>
<kw name="Validate name displayed" owner="bahai_app">
<kw name="Validate text displayed in page" owner="signup_page">
<kw name="Wait Until Keyword Succeeds" owner="BuiltIn">
<kw name="Page Should Contain" owner="SeleniumLibrary">
<msg time="2025-04-16T09:28:13.600552" level="INFO" html="true">&lt;/td&gt;&lt;/tr&gt;&lt;tr&gt;&lt;td colspan="3"&gt;&lt;a href="../headlessfirefox/screenshots/selenium-screenshot-1.png"&gt;&lt;img src="../headlessfirefox/screenshots/selenium-screenshot-1.png" width="800px"&gt;&lt;/a&gt;</msg>
<msg time="2025-04-16T09:28:13.600731" level="FAIL">Page should have contained text 'Welcome back, John!' but did not.</msg>
<arg>${expected_text}</arg>
<doc>Verifies that current page contains ``text``.</doc>
<status status="FAIL" start="2025-04-16T09:28:13.569961" elapsed="0.031074">Page should have contained text 'Welcome back, John!' but did not.</status>
</kw>
<kw name="Page Should Contain" owner="SeleniumLibrary">
<msg time="2025-04-16T09:28:14.662883" level="INFO" html="true">&lt;/td&gt;&lt;/tr&gt;&lt;tr&gt;&lt;td colspan="3"&gt;&lt;a href="../headlessfirefox/screenshots/selenium-screenshot-2.png"&gt;&lt;img src="../headlessfirefox/screenshots/selenium-screenshot-2.png" width="800px"&gt;&lt;/a&gt;</msg>
<msg time="2025-04-16T09:28:14.663032" level="FAIL">Page should have contained text 'Welcome back, John!' but did not.</msg>
<arg>${expected_text}</arg>
<doc>Verifies that current page contains ``text``.</doc>
<status status="FAIL" start="2025-04-16T09:28:14.601444" elapsed="0.061883">Page should have contained text 'Welcome back, John!' but did not.</status>
</kw>
<kw name="Page Should Contain" owner="SeleniumLibrary">
<msg time="2025-04-16T09:28:15.668359" level="INFO">Current page contains text 'Welcome back, John!'.</msg>
<arg>${expected_text}</arg>
<doc>Verifies that current page contains ``text``.</doc>
<status status="PASS" start="2025-04-16T09:28:15.663752" elapsed="0.004680"/>
</kw>
<arg>10</arg>
<arg>1</arg>
<arg>Page Should Contain</arg>
<arg>${expected_text}</arg>
<doc>Runs the specified keyword and retries if it fails.</doc>
<status status="PASS" start="2025-04-16T09:28:13.569757" elapsed="2.098757"/>
</kw>
<arg>${expected_text}</arg>
<status status="PASS" start="2025-04-16T09:28:13.569459" elapsed="2.099159"/>
</kw>
<arg>Welcome back, John!</arg>
<status status="PASS" start="2025-04-16T09:28:13.569140" elapsed="2.099537"/>
</kw>
<kw name="Main Web Teardown" owner="common" type="TEARDOWN">
<kw name="Capture Page Screenshot" owner="SeleniumLibrary">
<msg time="2025-04-16T09:28:15.732726" level="INFO" html="true">&lt;/td&gt;&lt;/tr&gt;&lt;tr&gt;&lt;td colspan="3"&gt;&lt;a href="../headlessfirefox/screenshots/selenium-screenshot-3.png"&gt;&lt;img src="../headlessfirefox/screenshots/selenium-screenshot-3.png" width="800px"&gt;&lt;/a&gt;</msg>
<doc>Takes a screenshot of the current page and embeds it into a log file.</doc>
<status status="PASS" start="2025-04-16T09:28:15.669165" elapsed="0.063667"/>
</kw>
<kw name="Close All Browsers" owner="SeleniumLibrary">
<doc>Closes all open browsers and resets the browser cache.</doc>
<status status="PASS" start="2025-04-16T09:28:15.733014" elapsed="0.643808"/>
</kw>
<doc>Main web teardown</doc>
<status status="PASS" start="2025-04-16T09:28:15.668903" elapsed="0.708036"/>
</kw>
<doc>Validate user registration</doc>
<tag>signup</tag>
<status status="PASS" start="2025-04-16T09:28:10.619202" elapsed="5.757800"/>
</test>
<status status="PASS" start="2025-04-16T09:28:10.614969" elapsed="5.762421"/>
</suite>
<status status="PASS" start="2025-04-16T09:27:44.419124" elapsed="31.958912"/>
</suite>
<statistics>
<total>
<stat pass="3" fail="0" skip="0">All Tests</stat>
</total>
<tag>
<stat pass="2" fail="0" skip="0">signin</stat>
<stat pass="1" fail="0" skip="0">signup</stat>
</tag>
<suite>
<stat name="Tests" id="s1" pass="3" fail="0" skip="0">Tests</stat>
<stat name="Fe User Login" id="s1-s1" pass="2" fail="0" skip="0">Tests.Fe User Login</stat>
<stat name="Fe User Registration" id="s1-s2" pass="1" fail="0" skip="0">Tests.Fe User Registration</stat>
</suite>
</statistics>
<errors>
</errors>
</robot>
