<?xml version="1.0" encoding="UTF-8"?>
<robot generator="Robot 7.2.2 (Python 3.12.10 on linux)" generated="2025-04-16T09:45:51.964547" rpa="false" schemaversion="5">
<suite id="s1" name="Tests" source="/home/runner/work/bah.ai-automation/bah.ai-automation/tests">
<suite id="s1-s1" name="Fe User Login" source="/home/runner/work/bah.ai-automation/bah.ai-automation/tests/fe_user_login.robot">
<test id="s1-s1-t1" name="Test Case 1: Validate user registration" line="15">
<kw name="Main Web Setup" owner="common" type="SETUP">
<kw name="Create Directory" owner="OperatingSystem">
<msg time="2025-04-16T09:45:52.139560" level="INFO" html="true">Created directory '&lt;a href="file:///home/runner/work/bah.ai-automation/bah.ai-automation/logs/headlesschrome/screenshots"&gt;/home/runner/work/bah.ai-automation/bah.ai-automation/logs/headlesschrome/screenshots&lt;/a&gt;'.</msg>
<arg>logs/${browser}/screenshots</arg>
<doc>Creates the specified directory.</doc>
<status status="PASS" start="2025-04-16T09:45:52.139217" elapsed="0.000428"/>
</kw>
<kw name="Empty Directory" owner="OperatingSystem">
<msg time="2025-04-16T09:45:52.139991" level="INFO" html="true">Listing contents of directory '&lt;a href="file:///home/runner/work/bah.ai-automation/bah.ai-automation/logs/headlesschrome/screenshots"&gt;/home/runner/work/bah.ai-automation/bah.ai-automation/logs/headlesschrome/screenshots&lt;/a&gt;'.</msg>
<msg time="2025-04-16T09:45:52.140066" level="INFO" html="true">Emptied directory '&lt;a href="file:///home/runner/work/bah.ai-automation/bah.ai-automation/logs/headlesschrome/screenshots"&gt;/home/runner/work/bah.ai-automation/bah.ai-automation/logs/headlesschrome/screenshots&lt;/a&gt;'.</msg>
<arg>logs/${browser}/screenshots</arg>
<doc>Deletes all the content from the given directory.</doc>
<status status="PASS" start="2025-04-16T09:45:52.139823" elapsed="0.000300"/>
</kw>
<kw name="Set Screenshot Directory" owner="SeleniumLibrary">
<arg>logs/${browser}/screenshots</arg>
<doc>Sets the directory for captured screenshots.</doc>
<status status="PASS" start="2025-04-16T09:45:52.140270" elapsed="0.000222"/>
</kw>
<kw name="Open Browser" owner="SeleniumLibrary">
<msg time="2025-04-16T09:45:52.140830" level="INFO">Opening browser 'headlesschrome' to base url 'about:blank'.</msg>
<arg>about:blank</arg>
<arg>${browser}</arg>
<doc>Opens a new browser instance to the optional ``url``.</doc>
<status status="PASS" start="2025-04-16T09:45:52.140633" elapsed="28.753756"/>
</kw>
<kw name="Maximize Browser Window" owner="SeleniumLibrary">
<doc>Maximizes current browser window.</doc>
<status status="PASS" start="2025-04-16T09:46:20.894611" elapsed="0.013322"/>
</kw>
<arg>${BROWSER}</arg>
<doc>Main web setup</doc>
<status status="PASS" start="2025-04-16T09:45:52.138329" elapsed="28.769716"/>
</kw>
<kw name="Navigate to the login page" owner="bahai_app">
<kw name="Navigate to login page" owner="login_page">
<kw name="Go To" owner="SeleniumLibrary">
<msg time="2025-04-16T09:46:20.909090" level="INFO">Opening url 'https://v0-real-estate-marketplace-necizi.vercel.app/login'</msg>
<arg>${url}</arg>
<doc>Navigates the current browser window to the provided ``url``.</doc>
<status status="PASS" start="2025-04-16T09:46:20.908955" elapsed="2.219380"/>
</kw>
<arg>${url}</arg>
<status status="PASS" start="2025-04-16T09:46:20.908674" elapsed="2.219849"/>
</kw>
<kw name="Verify page loaded" owner="login_page">
<kw name="Wait Until Element Is Visible" owner="SeleniumLibrary">
<arg>${locator}</arg>
<doc>Waits until the element ``locator`` is visible.</doc>
<status status="PASS" start="2025-04-16T09:46:23.129295" elapsed="0.291128"/>
</kw>
<arg>${locator}</arg>
<status status="PASS" start="2025-04-16T09:46:23.128831" elapsed="0.291718"/>
</kw>
<arg>${LOGIN_PAGE}</arg>
<arg>${login_form}</arg>
<status status="PASS" start="2025-04-16T09:46:20.908296" elapsed="2.512324"/>
</kw>
<kw name="Enter credential" owner="bahai_app">
<kw name="Verify element visible" owner="signup_page">
<kw name="Wait Until Element Is Visible" owner="SeleniumLibrary">
<arg>${locator}</arg>
<doc>Waits until the element ``locator`` is visible.</doc>
<status status="PASS" start="2025-04-16T09:46:23.421546" elapsed="0.014796"/>
</kw>
<arg>${locator}</arg>
<status status="PASS" start="2025-04-16T09:46:23.421273" elapsed="0.015152"/>
</kw>
<kw name="Enter credential" owner="signup_page">
<kw name="Input Text" owner="SeleniumLibrary">
<msg time="2025-04-16T09:46:23.437109" level="INFO">Typing text 'sample@email.com' into text field 'id=email'.</msg>
<arg>${locator}</arg>
<arg>${credential}</arg>
<doc>Types the given ``text`` into the text field identified by ``locator``.</doc>
<status status="PASS" start="2025-04-16T09:46:23.436905" elapsed="0.431512"/>
</kw>
<arg>${credential}</arg>
<arg>${locator}</arg>
<status status="PASS" start="2025-04-16T09:46:23.436572" elapsed="0.431973"/>
</kw>
<arg>${login_email_field}</arg>
<arg>${EMAIL}</arg>
<status status="PASS" start="2025-04-16T09:46:23.420887" elapsed="0.447727"/>
</kw>
<kw name="Enter credential" owner="bahai_app">
<kw name="Verify element visible" owner="signup_page">
<kw name="Wait Until Element Is Visible" owner="SeleniumLibrary">
<arg>${locator}</arg>
<doc>Waits until the element ``locator`` is visible.</doc>
<status status="PASS" start="2025-04-16T09:46:23.869512" elapsed="0.022908"/>
</kw>
<arg>${locator}</arg>
<status status="PASS" start="2025-04-16T09:46:23.869242" elapsed="0.023258"/>
</kw>
<kw name="Enter credential" owner="signup_page">
<kw name="Input Text" owner="SeleniumLibrary">
<msg time="2025-04-16T09:46:23.893190" level="INFO">Typing text 'Password@123' into text field 'id=password'.</msg>
<arg>${locator}</arg>
<arg>${credential}</arg>
<doc>Types the given ``text`` into the text field identified by ``locator``.</doc>
<status status="PASS" start="2025-04-16T09:46:23.892993" elapsed="0.091570"/>
</kw>
<arg>${credential}</arg>
<arg>${locator}</arg>
<status status="PASS" start="2025-04-16T09:46:23.892641" elapsed="0.092039"/>
</kw>
<arg>${login_password_field}</arg>
<arg>${PASSWORD}</arg>
<status status="PASS" start="2025-04-16T09:46:23.868856" elapsed="0.115890"/>
</kw>
<kw name="Click sign in" owner="bahai_app">
<kw name="Verify page loaded" owner="login_page">
<kw name="Wait Until Element Is Visible" owner="SeleniumLibrary">
<arg>${locator}</arg>
<doc>Waits until the element ``locator`` is visible.</doc>
<status status="PASS" start="2025-04-16T09:46:23.985581" elapsed="0.012945"/>
</kw>
<arg>${locator}</arg>
<status status="PASS" start="2025-04-16T09:46:23.985316" elapsed="0.013289"/>
</kw>
<kw name="Click button" owner="login_page">
<kw name="Click Element" owner="SeleniumLibrary">
<msg time="2025-04-16T09:46:23.999216" level="INFO">Clicking element 'xpath=//*[text()='Sign in']'.</msg>
<arg>${button}</arg>
<doc>Click the element identified by ``locator``.</doc>
<status status="PASS" start="2025-04-16T09:46:23.999046" elapsed="0.568121"/>
</kw>
<arg>${locator}</arg>
<status status="PASS" start="2025-04-16T09:46:23.998745" elapsed="0.568542"/>
</kw>
<arg>${signin_btn}</arg>
<status status="PASS" start="2025-04-16T09:46:23.984984" elapsed="0.582365"/>
</kw>
<kw name="Validate name displayed" owner="bahai_app">
<kw name="Validate text displayed in page" owner="signup_page">
<kw name="Wait Until Keyword Succeeds" owner="BuiltIn">
<kw name="Page Should Contain" owner="SeleniumLibrary">
<msg time="2025-04-16T09:46:24.783377" level="INFO" html="true">&lt;/td&gt;&lt;/tr&gt;&lt;tr&gt;&lt;td colspan="3"&gt;&lt;a href="../headlesschrome/screenshots/selenium-screenshot-1.png"&gt;&lt;img src="../headlesschrome/screenshots/selenium-screenshot-1.png" width="800px"&gt;&lt;/a&gt;</msg>
<msg time="2025-04-16T09:46:24.783550" level="FAIL">Page should have contained text 'Welcome back, sample!' but did not.</msg>
<arg>${expected_text}</arg>
<doc>Verifies that current page contains ``text``.</doc>
<status status="FAIL" start="2025-04-16T09:46:24.568415" elapsed="0.216012">Page should have contained text 'Welcome back, sample!' but did not.</status>
</kw>
<kw name="Page Should Contain" owner="SeleniumLibrary">
<msg time="2025-04-16T09:46:25.792786" level="INFO">Current page contains text 'Welcome back, sample!'.</msg>
<arg>${expected_text}</arg>
<doc>Verifies that current page contains ``text``.</doc>
<status status="PASS" start="2025-04-16T09:46:25.784887" elapsed="0.008047"/>
</kw>
<arg>10</arg>
<arg>1</arg>
<arg>Page Should Contain</arg>
<arg>${expected_text}</arg>
<doc>Runs the specified keyword and retries if it fails.</doc>
<status status="PASS" start="2025-04-16T09:46:24.568198" elapsed="1.224811"/>
</kw>
<arg>${expected_text}</arg>
<status status="PASS" start="2025-04-16T09:46:24.567900" elapsed="1.225179"/>
</kw>
<arg>Welcome back, sample!</arg>
<status status="PASS" start="2025-04-16T09:46:24.567550" elapsed="1.225583"/>
</kw>
<kw name="Main Web Teardown" owner="common" type="TEARDOWN">
<kw name="Capture Page Screenshot" owner="SeleniumLibrary">
<msg time="2025-04-16T09:46:25.879431" level="INFO" html="true">&lt;/td&gt;&lt;/tr&gt;&lt;tr&gt;&lt;td colspan="3"&gt;&lt;a href="../headlesschrome/screenshots/selenium-screenshot-2.png"&gt;&lt;img src="../headlesschrome/screenshots/selenium-screenshot-2.png" width="800px"&gt;&lt;/a&gt;</msg>
<doc>Takes a screenshot of the current page and embeds it into a log file.</doc>
<status status="PASS" start="2025-04-16T09:46:25.793643" elapsed="0.085893"/>
</kw>
<kw name="Close All Browsers" owner="SeleniumLibrary">
<doc>Closes all open browsers and resets the browser cache.</doc>
<status status="PASS" start="2025-04-16T09:46:25.879717" elapsed="0.080213"/>
</kw>
<doc>Main web teardown</doc>
<status status="PASS" start="2025-04-16T09:46:25.793373" elapsed="0.166686"/>
</kw>
<doc>Validate user registration</doc>
<tag>signin</tag>
<status status="PASS" start="2025-04-16T09:45:52.137365" elapsed="33.822772"/>
</test>
<test id="s1-s1-t2" name="Test Case 2: Validate logout navigation" line="27">
<kw name="Main Web Setup" owner="common" type="SETUP">
<kw name="Create Directory" owner="OperatingSystem">
<msg time="2025-04-16T09:46:25.961646" level="INFO" html="true">Directory '&lt;a href="file:///home/runner/work/bah.ai-automation/bah.ai-automation/logs/headlesschrome/screenshots"&gt;/home/runner/work/bah.ai-automation/bah.ai-automation/logs/headlesschrome/screenshots&lt;/a&gt;' already exists.</msg>
<arg>logs/${browser}/screenshots</arg>
<doc>Creates the specified directory.</doc>
<status status="PASS" start="2025-04-16T09:46:25.961489" elapsed="0.000212"/>
</kw>
<kw name="Empty Directory" owner="OperatingSystem">
<msg time="2025-04-16T09:46:25.961984" level="INFO" html="true">Listing contents of directory '&lt;a href="file:///home/runner/work/bah.ai-automation/bah.ai-automation/logs/headlesschrome/screenshots"&gt;/home/runner/work/bah.ai-automation/bah.ai-automation/logs/headlesschrome/screenshots&lt;/a&gt;'.</msg>
<msg time="2025-04-16T09:46:25.962153" level="INFO" html="true">Emptied directory '&lt;a href="file:///home/runner/work/bah.ai-automation/bah.ai-automation/logs/headlesschrome/screenshots"&gt;/home/runner/work/bah.ai-automation/bah.ai-automation/logs/headlesschrome/screenshots&lt;/a&gt;'.</msg>
<arg>logs/${browser}/screenshots</arg>
<doc>Deletes all the content from the given directory.</doc>
<status status="PASS" start="2025-04-16T09:46:25.961837" elapsed="0.000372"/>
</kw>
<kw name="Set Screenshot Directory" owner="SeleniumLibrary">
<arg>logs/${browser}/screenshots</arg>
<doc>Sets the directory for captured screenshots.</doc>
<status status="PASS" start="2025-04-16T09:46:25.962334" elapsed="0.000200"/>
</kw>
<kw name="Open Browser" owner="SeleniumLibrary">
<msg time="2025-04-16T09:46:25.962843" level="INFO">Opening browser 'headlesschrome' to base url 'about:blank'.</msg>
<arg>about:blank</arg>
<arg>${browser}</arg>
<doc>Opens a new browser instance to the optional ``url``.</doc>
<status status="PASS" start="2025-04-16T09:46:25.962660" elapsed="0.333071"/>
</kw>
<kw name="Maximize Browser Window" owner="SeleniumLibrary">
<doc>Maximizes current browser window.</doc>
<status status="PASS" start="2025-04-16T09:46:26.295973" elapsed="0.013229"/>
</kw>
<arg>${BROWSER}</arg>
<doc>Main web setup</doc>
<status status="PASS" start="2025-04-16T09:46:25.961192" elapsed="0.348095"/>
</kw>
<kw name="Navigate to the login page" owner="bahai_app">
<kw name="Navigate to login page" owner="login_page">
<kw name="Go To" owner="SeleniumLibrary">
<msg time="2025-04-16T09:46:26.310504" level="INFO">Opening url 'https://v0-real-estate-marketplace-necizi.vercel.app/login'</msg>
<arg>${url}</arg>
<doc>Navigates the current browser window to the provided ``url``.</doc>
<status status="PASS" start="2025-04-16T09:46:26.310380" elapsed="0.154854"/>
</kw>
<arg>${url}</arg>
<status status="PASS" start="2025-04-16T09:46:26.309884" elapsed="0.155511"/>
</kw>
<kw name="Verify page loaded" owner="login_page">
<kw name="Wait Until Element Is Visible" owner="SeleniumLibrary">
<arg>${locator}</arg>
<doc>Waits until the element ``locator`` is visible.</doc>
<status status="PASS" start="2025-04-16T09:46:26.466230" elapsed="0.049215"/>
</kw>
<arg>${locator}</arg>
<status status="PASS" start="2025-04-16T09:46:26.465750" elapsed="0.049858"/>
</kw>
<arg>${LOGIN_PAGE}</arg>
<arg>${login_form}</arg>
<status status="PASS" start="2025-04-16T09:46:26.309501" elapsed="0.206178"/>
</kw>
<kw name="Enter credential" owner="bahai_app">
<kw name="Verify element visible" owner="signup_page">
<kw name="Wait Until Element Is Visible" owner="SeleniumLibrary">
<arg>${locator}</arg>
<doc>Waits until the element ``locator`` is visible.</doc>
<status status="PASS" start="2025-04-16T09:46:26.516632" elapsed="0.018455"/>
</kw>
<arg>${locator}</arg>
<status status="PASS" start="2025-04-16T09:46:26.516352" elapsed="0.018871"/>
</kw>
<kw name="Enter credential" owner="signup_page">
<kw name="Input Text" owner="SeleniumLibrary">
<msg time="2025-04-16T09:46:26.536214" level="INFO">Typing text 'sample@email.com' into text field 'id=email'.</msg>
<arg>${locator}</arg>
<arg>${credential}</arg>
<doc>Types the given ``text`` into the text field identified by ``locator``.</doc>
<status status="PASS" start="2025-04-16T09:46:26.535936" elapsed="0.102808"/>
</kw>
<arg>${credential}</arg>
<arg>${locator}</arg>
<status status="PASS" start="2025-04-16T09:46:26.535461" elapsed="0.103458"/>
</kw>
<arg>${login_email_field}</arg>
<arg>${EMAIL}</arg>
<status status="PASS" start="2025-04-16T09:46:26.515940" elapsed="0.123056"/>
</kw>
<kw name="Enter credential" owner="bahai_app">
<kw name="Verify element visible" owner="signup_page">
<kw name="Wait Until Element Is Visible" owner="SeleniumLibrary">
<arg>${locator}</arg>
<doc>Waits until the element ``locator`` is visible.</doc>
<status status="PASS" start="2025-04-16T09:46:26.639969" elapsed="0.013115"/>
</kw>
<arg>${locator}</arg>
<status status="PASS" start="2025-04-16T09:46:26.639647" elapsed="0.013522"/>
</kw>
<kw name="Enter credential" owner="signup_page">
<kw name="Input Text" owner="SeleniumLibrary">
<msg time="2025-04-16T09:46:26.653857" level="INFO">Typing text 'Password@123' into text field 'id=password'.</msg>
<arg>${locator}</arg>
<arg>${credential}</arg>
<doc>Types the given ``text`` into the text field identified by ``locator``.</doc>
<status status="PASS" start="2025-04-16T09:46:26.653626" elapsed="0.064156"/>
</kw>
<arg>${credential}</arg>
<arg>${locator}</arg>
<status status="PASS" start="2025-04-16T09:46:26.653321" elapsed="0.064621"/>
</kw>
<arg>${login_password_field}</arg>
<arg>${PASSWORD}</arg>
<status status="PASS" start="2025-04-16T09:46:26.639218" elapsed="0.078794"/>
</kw>
<kw name="Click sign in" owner="bahai_app">
<kw name="Verify page loaded" owner="login_page">
<kw name="Wait Until Element Is Visible" owner="SeleniumLibrary">
<arg>${locator}</arg>
<doc>Waits until the element ``locator`` is visible.</doc>
<status status="PASS" start="2025-04-16T09:46:26.718876" elapsed="0.013584"/>
</kw>
<arg>${locator}</arg>
<status status="PASS" start="2025-04-16T09:46:26.718578" elapsed="0.013968"/>
</kw>
<kw name="Click button" owner="login_page">
<kw name="Click Element" owner="SeleniumLibrary">
<msg time="2025-04-16T09:46:26.733183" level="INFO">Clicking element 'xpath=//*[text()='Sign in']'.</msg>
<arg>${button}</arg>
<doc>Click the element identified by ``locator``.</doc>
<status status="PASS" start="2025-04-16T09:46:26.733001" elapsed="0.048537"/>
</kw>
<arg>${locator}</arg>
<status status="PASS" start="2025-04-16T09:46:26.732692" elapsed="0.049045"/>
</kw>
<arg>${signin_btn}</arg>
<status status="PASS" start="2025-04-16T09:46:26.718233" elapsed="0.063628"/>
</kw>
<kw name="Validate name displayed" owner="bahai_app">
<kw name="Validate text displayed in page" owner="signup_page">
<kw name="Wait Until Keyword Succeeds" owner="BuiltIn">
<kw name="Page Should Contain" owner="SeleniumLibrary">
<msg time="2025-04-16T09:46:26.910129" level="INFO" html="true">&lt;/td&gt;&lt;/tr&gt;&lt;tr&gt;&lt;td colspan="3"&gt;&lt;a href="../headlesschrome/screenshots/selenium-screenshot-1.png"&gt;&lt;img src="../headlesschrome/screenshots/selenium-screenshot-1.png" width="800px"&gt;&lt;/a&gt;</msg>
<msg time="2025-04-16T09:46:26.910291" level="FAIL">Page should have contained text 'Welcome back, sample!' but did not.</msg>
<arg>${expected_text}</arg>
<doc>Verifies that current page contains ``text``.</doc>
<status status="FAIL" start="2025-04-16T09:46:26.782943" elapsed="0.127679">Page should have contained text 'Welcome back, sample!' but did not.</status>
</kw>
<kw name="Page Should Contain" owner="SeleniumLibrary">
<msg time="2025-04-16T09:46:28.003646" level="INFO" html="true">&lt;/td&gt;&lt;/tr&gt;&lt;tr&gt;&lt;td colspan="3"&gt;&lt;a href="../headlesschrome/screenshots/selenium-screenshot-2.png"&gt;&lt;img src="../headlesschrome/screenshots/selenium-screenshot-2.png" width="800px"&gt;&lt;/a&gt;</msg>
<msg time="2025-04-16T09:46:28.003790" level="FAIL">Page should have contained text 'Welcome back, sample!' but did not.</msg>
<arg>${expected_text}</arg>
<doc>Verifies that current page contains ``text``.</doc>
<status status="FAIL" start="2025-04-16T09:46:27.911043" elapsed="0.093071">Page should have contained text 'Welcome back, sample!' but did not.</status>
</kw>
<kw name="Page Should Contain" owner="SeleniumLibrary">
<msg time="2025-04-16T09:46:29.012532" level="INFO">Current page contains text 'Welcome back, sample!'.</msg>
<arg>${expected_text}</arg>
<doc>Verifies that current page contains ``text``.</doc>
<status status="PASS" start="2025-04-16T09:46:29.004495" elapsed="0.008111"/>
</kw>
<arg>10</arg>
<arg>1</arg>
<arg>Page Should Contain</arg>
<arg>${expected_text}</arg>
<doc>Runs the specified keyword and retries if it fails.</doc>
<status status="PASS" start="2025-04-16T09:46:26.782702" elapsed="2.229978"/>
</kw>
<arg>${expected_text}</arg>
<status status="PASS" start="2025-04-16T09:46:26.782414" elapsed="2.230339"/>
</kw>
<arg>Welcome back, sample!</arg>
<status status="PASS" start="2025-04-16T09:46:26.782102" elapsed="2.230726"/>
</kw>
<kw name="Click button" owner="bahai_app">
<kw name="Verify element visible" owner="signup_page">
<kw name="Wait Until Element Is Visible" owner="SeleniumLibrary">
<arg>${locator}</arg>
<doc>Waits until the element ``locator`` is visible.</doc>
<status status="PASS" start="2025-04-16T09:46:29.013534" elapsed="0.012091"/>
</kw>
<arg>${locator}</arg>
<status status="PASS" start="2025-04-16T09:46:29.013300" elapsed="0.012400"/>
</kw>
<kw name="Click button" owner="signup_page">
<kw name="Wait Until Keyword Succeeds" owner="BuiltIn">
<kw name="Click Element" owner="SeleniumLibrary">
<msg time="2025-04-16T09:46:29.026526" level="INFO">Clicking element 'xpath=//div[text()='S']'.</msg>
<arg>${button}</arg>
<doc>Click the element identified by ``locator``.</doc>
<status status="PASS" start="2025-04-16T09:46:29.026353" elapsed="0.170157"/>
</kw>
<arg>10</arg>
<arg>1</arg>
<arg>Click Element</arg>
<arg>${button}</arg>
<doc>Runs the specified keyword and retries if it fails.</doc>
<status status="PASS" start="2025-04-16T09:46:29.026128" elapsed="0.170489"/>
</kw>
<arg>${locator}</arg>
<status status="PASS" start="2025-04-16T09:46:29.025864" elapsed="0.170855"/>
</kw>
<arg>${profile_icon}</arg>
<status status="PASS" start="2025-04-16T09:46:29.013010" elapsed="0.183822"/>
</kw>
<kw name="Click button" owner="bahai_app">
<kw name="Verify element visible" owner="signup_page">
<kw name="Wait Until Element Is Visible" owner="SeleniumLibrary">
<arg>${locator}</arg>
<doc>Waits until the element ``locator`` is visible.</doc>
<status status="PASS" start="2025-04-16T09:46:29.197793" elapsed="0.226370"/>
</kw>
<arg>${locator}</arg>
<status status="PASS" start="2025-04-16T09:46:29.197478" elapsed="0.226816"/>
</kw>
<kw name="Click button" owner="signup_page">
<kw name="Wait Until Keyword Succeeds" owner="BuiltIn">
<kw name="Click Element" owner="SeleniumLibrary">
<msg time="2025-04-16T09:46:29.425234" level="INFO">Clicking element 'xpath=//*[text()='Log out']'.</msg>
<arg>${button}</arg>
<doc>Click the element identified by ``locator``.</doc>
<status status="PASS" start="2025-04-16T09:46:29.425042" elapsed="0.048427"/>
</kw>
<arg>10</arg>
<arg>1</arg>
<arg>Click Element</arg>
<arg>${button}</arg>
<doc>Runs the specified keyword and retries if it fails.</doc>
<status status="PASS" start="2025-04-16T09:46:29.424843" elapsed="0.048759"/>
</kw>
<arg>${locator}</arg>
<status status="PASS" start="2025-04-16T09:46:29.424492" elapsed="0.049197"/>
</kw>
<arg>${logout_btn}</arg>
<status status="PASS" start="2025-04-16T09:46:29.197081" elapsed="0.276701"/>
</kw>
<kw name="Validate text displayed" owner="bahai_app">
<kw name="Validate text displayed in page" owner="signup_page">
<kw name="Wait Until Keyword Succeeds" owner="BuiltIn">
<kw name="Page Should Contain" owner="SeleniumLibrary">
<msg time="2025-04-16T09:46:29.490461" level="INFO">Current page contains text 'Sign in to your account'.</msg>
<arg>${expected_text}</arg>
<doc>Verifies that current page contains ``text``.</doc>
<status status="PASS" start="2025-04-16T09:46:29.474863" elapsed="0.015695"/>
</kw>
<arg>10</arg>
<arg>1</arg>
<arg>Page Should Contain</arg>
<arg>${expected_text}</arg>
<doc>Runs the specified keyword and retries if it fails.</doc>
<status status="PASS" start="2025-04-16T09:46:29.474643" elapsed="0.015994"/>
</kw>
<arg>${expected_text}</arg>
<status status="PASS" start="2025-04-16T09:46:29.474377" elapsed="0.016336"/>
</kw>
<arg>Sign in to your account</arg>
<status status="PASS" start="2025-04-16T09:46:29.474062" elapsed="0.016707"/>
</kw>
<kw name="Main Web Teardown" owner="common" type="TEARDOWN">
<kw name="Capture Page Screenshot" owner="SeleniumLibrary">
<msg time="2025-04-16T09:46:29.608629" level="INFO" html="true">&lt;/td&gt;&lt;/tr&gt;&lt;tr&gt;&lt;td colspan="3"&gt;&lt;a href="../headlesschrome/screenshots/selenium-screenshot-3.png"&gt;&lt;img src="../headlesschrome/screenshots/selenium-screenshot-3.png" width="800px"&gt;&lt;/a&gt;</msg>
<doc>Takes a screenshot of the current page and embeds it into a log file.</doc>
<status status="PASS" start="2025-04-16T09:46:29.491337" elapsed="0.117398"/>
</kw>
<kw name="Close All Browsers" owner="SeleniumLibrary">
<doc>Closes all open browsers and resets the browser cache.</doc>
<status status="PASS" start="2025-04-16T09:46:29.608948" elapsed="0.061185"/>
</kw>
<doc>Main web teardown</doc>
<status status="PASS" start="2025-04-16T09:46:29.491055" elapsed="0.179192"/>
</kw>
<doc>Validate user renavigates to logout page</doc>
<tag>signin</tag>
<status status="PASS" start="2025-04-16T09:46:25.960519" elapsed="3.709794"/>
</test>
<status status="PASS" start="2025-04-16T09:45:51.986676" elapsed="37.684201"/>
</suite>
<suite id="s1-s2" name="Fe User Registration" source="/home/runner/work/bah.ai-automation/bah.ai-automation/tests/fe_user_registration.robot">
<test id="s1-s2-t1" name="Test Case 1: Validate user registration" line="11">
<kw name="Main Web Setup" owner="common" type="SETUP">
<kw name="Create Directory" owner="OperatingSystem">
<msg time="2025-04-16T09:46:29.676196" level="INFO" html="true">Directory '&lt;a href="file:///home/runner/work/bah.ai-automation/bah.ai-automation/logs/headlesschrome/screenshots"&gt;/home/runner/work/bah.ai-automation/bah.ai-automation/logs/headlesschrome/screenshots&lt;/a&gt;' already exists.</msg>
<arg>logs/${browser}/screenshots</arg>
<doc>Creates the specified directory.</doc>
<status status="PASS" start="2025-04-16T09:46:29.676051" elapsed="0.000196"/>
</kw>
<kw name="Empty Directory" owner="OperatingSystem">
<msg time="2025-04-16T09:46:29.676474" level="INFO" html="true">Listing contents of directory '&lt;a href="file:///home/runner/work/bah.ai-automation/bah.ai-automation/logs/headlesschrome/screenshots"&gt;/home/runner/work/bah.ai-automation/bah.ai-automation/logs/headlesschrome/screenshots&lt;/a&gt;'.</msg>
<msg time="2025-04-16T09:46:29.676683" level="INFO" html="true">Emptied directory '&lt;a href="file:///home/runner/work/bah.ai-automation/bah.ai-automation/logs/headlesschrome/screenshots"&gt;/home/runner/work/bah.ai-automation/bah.ai-automation/logs/headlesschrome/screenshots&lt;/a&gt;'.</msg>
<arg>logs/${browser}/screenshots</arg>
<doc>Deletes all the content from the given directory.</doc>
<status status="PASS" start="2025-04-16T09:46:29.676349" elapsed="0.000390"/>
</kw>
<kw name="Set Screenshot Directory" owner="SeleniumLibrary">
<arg>logs/${browser}/screenshots</arg>
<doc>Sets the directory for captured screenshots.</doc>
<status status="PASS" start="2025-04-16T09:46:29.676881" elapsed="0.000185"/>
</kw>
<kw name="Open Browser" owner="SeleniumLibrary">
<msg time="2025-04-16T09:46:29.677334" level="INFO">Opening browser 'headlesschrome' to base url 'about:blank'.</msg>
<arg>about:blank</arg>
<arg>${browser}</arg>
<doc>Opens a new browser instance to the optional ``url``.</doc>
<status status="PASS" start="2025-04-16T09:46:29.677187" elapsed="0.328484"/>
</kw>
<kw name="Maximize Browser Window" owner="SeleniumLibrary">
<doc>Maximizes current browser window.</doc>
<status status="PASS" start="2025-04-16T09:46:30.005956" elapsed="0.013409"/>
</kw>
<arg>${BROWSER}</arg>
<doc>Main web setup</doc>
<status status="PASS" start="2025-04-16T09:46:29.675759" elapsed="0.343689"/>
</kw>
<kw name="Navigate to the login page" owner="bahai_app">
<kw name="Navigate to login page" owner="login_page">
<kw name="Go To" owner="SeleniumLibrary">
<msg time="2025-04-16T09:46:30.020402" level="INFO">Opening url 'https://v0-real-estate-marketplace-necizi.vercel.app/login'</msg>
<arg>${url}</arg>
<doc>Navigates the current browser window to the provided ``url``.</doc>
<status status="PASS" start="2025-04-16T09:46:30.020285" elapsed="0.154365"/>
</kw>
<arg>${url}</arg>
<status status="PASS" start="2025-04-16T09:46:30.020038" elapsed="0.154737"/>
</kw>
<kw name="Verify page loaded" owner="login_page">
<kw name="Wait Until Element Is Visible" owner="SeleniumLibrary">
<arg>${locator}</arg>
<doc>Waits until the element ``locator`` is visible.</doc>
<status status="PASS" start="2025-04-16T09:46:30.175659" elapsed="0.035262"/>
</kw>
<arg>${locator}</arg>
<status status="PASS" start="2025-04-16T09:46:30.175074" elapsed="0.036010"/>
</kw>
<arg>${LOGIN_PAGE}</arg>
<arg>${login_form}</arg>
<status status="PASS" start="2025-04-16T09:46:30.019650" elapsed="0.191527"/>
</kw>
<kw name="Click the signup button" owner="bahai_app">
<kw name="Verify page loaded" owner="login_page">
<kw name="Wait Until Element Is Visible" owner="SeleniumLibrary">
<arg>${locator}</arg>
<doc>Waits until the element ``locator`` is visible.</doc>
<status status="PASS" start="2025-04-16T09:46:30.212371" elapsed="0.031048"/>
</kw>
<arg>${locator}</arg>
<status status="PASS" start="2025-04-16T09:46:30.211980" elapsed="0.031553"/>
</kw>
<kw name="Click button" owner="login_page">
<kw name="Click Element" owner="SeleniumLibrary">
<msg time="2025-04-16T09:46:30.244281" level="INFO">Clicking element 'xpath=//*[text()='Sign up']'.</msg>
<arg>${button}</arg>
<doc>Click the element identified by ``locator``.</doc>
<status status="PASS" start="2025-04-16T09:46:30.244085" elapsed="0.059483"/>
</kw>
<arg>${locator}</arg>
<status status="PASS" start="2025-04-16T09:46:30.243730" elapsed="0.060007"/>
</kw>
<arg>${signup_btn}</arg>
<status status="PASS" start="2025-04-16T09:46:30.211469" elapsed="0.092377"/>
</kw>
<kw name="Enter credential" owner="bahai_app">
<kw name="Verify element visible" owner="signup_page">
<kw name="Wait Until Element Is Visible" owner="SeleniumLibrary">
<arg>${locator}</arg>
<doc>Waits until the element ``locator`` is visible.</doc>
<status status="PASS" start="2025-04-16T09:46:30.304972" elapsed="0.016100"/>
</kw>
<arg>${locator}</arg>
<status status="PASS" start="2025-04-16T09:46:30.304584" elapsed="0.016599"/>
</kw>
<kw name="Enter credential" owner="signup_page">
<kw name="Input Text" owner="SeleniumLibrary">
<msg time="2025-04-16T09:46:30.321975" level="INFO">Typing text 'John Doe' into text field 'id=name'.</msg>
<arg>${locator}</arg>
<arg>${credential}</arg>
<doc>Types the given ``text`` into the text field identified by ``locator``.</doc>
<status status="PASS" start="2025-04-16T09:46:30.321722" elapsed="0.075255"/>
</kw>
<arg>${credential}</arg>
<arg>${locator}</arg>
<status status="PASS" start="2025-04-16T09:46:30.321374" elapsed="0.075728"/>
</kw>
<arg>${name_field}</arg>
<arg>John Doe</arg>
<status status="PASS" start="2025-04-16T09:46:30.304134" elapsed="0.093035"/>
</kw>
<kw name="Enter credential" owner="bahai_app">
<kw name="Verify element visible" owner="signup_page">
<kw name="Wait Until Element Is Visible" owner="SeleniumLibrary">
<arg>${locator}</arg>
<doc>Waits until the element ``locator`` is visible.</doc>
<status status="PASS" start="2025-04-16T09:46:30.398046" elapsed="0.013986"/>
</kw>
<arg>${locator}</arg>
<status status="PASS" start="2025-04-16T09:46:30.397747" elapsed="0.014383"/>
</kw>
<kw name="Enter credential" owner="signup_page">
<kw name="Input Text" owner="SeleniumLibrary">
<msg time="2025-04-16T09:46:30.412854" level="INFO">Typing text 'sample@email.com' into text field 'id=email'.</msg>
<arg>${locator}</arg>
<arg>${credential}</arg>
<doc>Types the given ``text`` into the text field identified by ``locator``.</doc>
<status status="PASS" start="2025-04-16T09:46:30.412626" elapsed="0.069039"/>
</kw>
<arg>${credential}</arg>
<arg>${locator}</arg>
<status status="PASS" start="2025-04-16T09:46:30.412300" elapsed="0.069485"/>
</kw>
<arg>${email_field}</arg>
<arg>${EMAIL}</arg>
<status status="PASS" start="2025-04-16T09:46:30.397378" elapsed="0.084505"/>
</kw>
<kw name="Enter credential" owner="bahai_app">
<kw name="Verify element visible" owner="signup_page">
<kw name="Wait Until Element Is Visible" owner="SeleniumLibrary">
<arg>${locator}</arg>
<doc>Waits until the element ``locator`` is visible.</doc>
<status status="PASS" start="2025-04-16T09:46:30.482782" elapsed="0.012905"/>
</kw>
<arg>${locator}</arg>
<status status="PASS" start="2025-04-16T09:46:30.482525" elapsed="0.013239"/>
</kw>
<kw name="Enter credential" owner="signup_page">
<kw name="Input Text" owner="SeleniumLibrary">
<msg time="2025-04-16T09:46:30.496412" level="INFO">Typing text 'Password@123' into text field 'id=password'.</msg>
<arg>${locator}</arg>
<arg>${credential}</arg>
<doc>Types the given ``text`` into the text field identified by ``locator``.</doc>
<status status="PASS" start="2025-04-16T09:46:30.496220" elapsed="0.060107"/>
</kw>
<arg>${credential}</arg>
<arg>${locator}</arg>
<status status="PASS" start="2025-04-16T09:46:30.495929" elapsed="0.060517"/>
</kw>
<arg>${password_field}</arg>
<arg>${PASSWORD}</arg>
<status status="PASS" start="2025-04-16T09:46:30.482144" elapsed="0.074369"/>
</kw>
<kw name="Enter credential" owner="bahai_app">
<kw name="Verify element visible" owner="signup_page">
<kw name="Wait Until Element Is Visible" owner="SeleniumLibrary">
<arg>${locator}</arg>
<doc>Waits until the element ``locator`` is visible.</doc>
<status status="PASS" start="2025-04-16T09:46:30.557378" elapsed="0.012709"/>
</kw>
<arg>${locator}</arg>
<status status="PASS" start="2025-04-16T09:46:30.557118" elapsed="0.013047"/>
</kw>
<kw name="Enter credential" owner="signup_page">
<kw name="Input Text" owner="SeleniumLibrary">
<msg time="2025-04-16T09:46:30.570790" level="INFO">Typing text 'Password@123' into text field 'id=confirmPassword'.</msg>
<arg>${locator}</arg>
<arg>${credential}</arg>
<doc>Types the given ``text`` into the text field identified by ``locator``.</doc>
<status status="PASS" start="2025-04-16T09:46:30.570598" elapsed="0.058139"/>
</kw>
<arg>${credential}</arg>
<arg>${locator}</arg>
<status status="PASS" start="2025-04-16T09:46:30.570308" elapsed="0.058571"/>
</kw>
<arg>${confirm_password_field}</arg>
<arg>${PASSWORD}</arg>
<status status="PASS" start="2025-04-16T09:46:30.556718" elapsed="0.072231"/>
</kw>
<kw name="Click create account" owner="bahai_app">
<kw name="Verify element visible" owner="signup_page">
<kw name="Wait Until Element Is Visible" owner="SeleniumLibrary">
<arg>${locator}</arg>
<doc>Waits until the element ``locator`` is visible.</doc>
<status status="PASS" start="2025-04-16T09:46:30.629782" elapsed="0.013213"/>
</kw>
<arg>${locator}</arg>
<status status="PASS" start="2025-04-16T09:46:30.629530" elapsed="0.013553"/>
</kw>
<kw name="Click button" owner="signup_page">
<kw name="Wait Until Keyword Succeeds" owner="BuiltIn">
<kw name="Click Element" owner="SeleniumLibrary">
<msg time="2025-04-16T09:46:30.643888" level="INFO">Clicking element 'xpath=//*[text()='Create Account']'.</msg>
<arg>${button}</arg>
<doc>Click the element identified by ``locator``.</doc>
<status status="PASS" start="2025-04-16T09:46:30.643693" elapsed="0.048054"/>
</kw>
<arg>10</arg>
<arg>1</arg>
<arg>Click Element</arg>
<arg>${button}</arg>
<doc>Runs the specified keyword and retries if it fails.</doc>
<status status="PASS" start="2025-04-16T09:46:30.643497" elapsed="0.048412"/>
</kw>
<arg>${locator}</arg>
<status status="PASS" start="2025-04-16T09:46:30.643226" elapsed="0.048811"/>
</kw>
<arg>${create_account_btn}</arg>
<status status="PASS" start="2025-04-16T09:46:30.629206" elapsed="0.062924"/>
</kw>
<kw name="Validate name displayed" owner="bahai_app">
<kw name="Validate text displayed in page" owner="signup_page">
<kw name="Wait Until Keyword Succeeds" owner="BuiltIn">
<kw name="Page Should Contain" owner="SeleniumLibrary">
<msg time="2025-04-16T09:46:30.809799" level="INFO" html="true">&lt;/td&gt;&lt;/tr&gt;&lt;tr&gt;&lt;td colspan="3"&gt;&lt;a href="../headlesschrome/screenshots/selenium-screenshot-1.png"&gt;&lt;img src="../headlesschrome/screenshots/selenium-screenshot-1.png" width="800px"&gt;&lt;/a&gt;</msg>
<msg time="2025-04-16T09:46:30.809970" level="FAIL">Page should have contained text 'Welcome back, John!' but did not.</msg>
<arg>${expected_text}</arg>
<doc>Verifies that current page contains ``text``.</doc>
<status status="FAIL" start="2025-04-16T09:46:30.693341" elapsed="0.116937">Page should have contained text 'Welcome back, John!' but did not.</status>
</kw>
<kw name="Page Should Contain" owner="SeleniumLibrary">
<msg time="2025-04-16T09:46:31.902924" level="INFO" html="true">&lt;/td&gt;&lt;/tr&gt;&lt;tr&gt;&lt;td colspan="3"&gt;&lt;a href="../headlesschrome/screenshots/selenium-screenshot-2.png"&gt;&lt;img src="../headlesschrome/screenshots/selenium-screenshot-2.png" width="800px"&gt;&lt;/a&gt;</msg>
<msg time="2025-04-16T09:46:31.903071" level="FAIL">Page should have contained text 'Welcome back, John!' but did not.</msg>
<arg>${expected_text}</arg>
<doc>Verifies that current page contains ``text``.</doc>
<status status="FAIL" start="2025-04-16T09:46:31.810631" elapsed="0.093961">Page should have contained text 'Welcome back, John!' but did not.</status>
</kw>
<kw name="Page Should Contain" owner="SeleniumLibrary">
<msg time="2025-04-16T09:46:32.912994" level="INFO">Current page contains text 'Welcome back, John!'.</msg>
<arg>${expected_text}</arg>
<doc>Verifies that current page contains ``text``.</doc>
<status status="PASS" start="2025-04-16T09:46:32.905005" elapsed="0.008060"/>
</kw>
<arg>10</arg>
<arg>1</arg>
<arg>Page Should Contain</arg>
<arg>${expected_text}</arg>
<doc>Runs the specified keyword and retries if it fails.</doc>
<status status="PASS" start="2025-04-16T09:46:30.693140" elapsed="2.219996"/>
</kw>
<arg>${expected_text}</arg>
<status status="PASS" start="2025-04-16T09:46:30.692805" elapsed="2.220404"/>
</kw>
<arg>Welcome back, John!</arg>
<status status="PASS" start="2025-04-16T09:46:30.692391" elapsed="2.220873"/>
</kw>
<kw name="Main Web Teardown" owner="common" type="TEARDOWN">
<kw name="Capture Page Screenshot" owner="SeleniumLibrary">
<msg time="2025-04-16T09:46:33.013031" level="INFO" html="true">&lt;/td&gt;&lt;/tr&gt;&lt;tr&gt;&lt;td colspan="3"&gt;&lt;a href="../headlesschrome/screenshots/selenium-screenshot-3.png"&gt;&lt;img src="../headlesschrome/screenshots/selenium-screenshot-3.png" width="800px"&gt;&lt;/a&gt;</msg>
<doc>Takes a screenshot of the current page and embeds it into a log file.</doc>
<status status="PASS" start="2025-04-16T09:46:32.913747" elapsed="0.099408"/>
</kw>
<kw name="Close All Browsers" owner="SeleniumLibrary">
<doc>Closes all open browsers and resets the browser cache.</doc>
<status status="PASS" start="2025-04-16T09:46:33.013383" elapsed="0.060228"/>
</kw>
<doc>Main web teardown</doc>
<status status="PASS" start="2025-04-16T09:46:32.913485" elapsed="0.160242"/>
</kw>
<doc>Validate user registration</doc>
<tag>signup</tag>
<status status="PASS" start="2025-04-16T09:46:29.675354" elapsed="3.398433"/>
</test>
<status status="PASS" start="2025-04-16T09:46:29.671354" elapsed="3.402833"/>
</suite>
<status status="PASS" start="2025-04-16T09:45:51.965343" elapsed="41.109396"/>
</suite>
<statistics>
<total>
<stat pass="3" fail="0" skip="0">All Tests</stat>
</total>
<tag>
<stat pass="2" fail="0" skip="0">signin</stat>
<stat pass="1" fail="0" skip="0">signup</stat>
</tag>
<suite>
<stat name="Tests" id="s1" pass="3" fail="0" skip="0">Tests</stat>
<stat name="Fe User Login" id="s1-s1" pass="2" fail="0" skip="0">Tests.Fe User Login</stat>
<stat name="Fe User Registration" id="s1-s2" pass="1" fail="0" skip="0">Tests.Fe User Registration</stat>
</suite>
</statistics>
<errors>
</errors>
</robot>
