<?xml version="1.0" encoding="UTF-8"?>
<robot generator="Robot 7.2.2 (Python 3.12.9 on linux)" generated="2025-04-15T00:24:46.583899" rpa="false" schemaversion="5">
<suite id="s1" name="Fe User Registration" source="/home/runner/work/bah.ai-automation/bah.ai-automation/tests/fe_user_registration.robot">
<test id="s1-t1" name="Test Case 1: Validate user registration" line="11">
<kw name="Main Web Setup" owner="common" type="SETUP">
<kw name="Empty Directory" owner="OperatingSystem">
<msg time="2025-04-15T00:24:46.750504" level="INFO" html="true">Listing contents of directory '&lt;a href="file:///home/runner/work/bah.ai-automation/bah.ai-automation/logs/screenshots"&gt;/home/runner/work/bah.ai-automation/bah.ai-automation/logs/screenshots&lt;/a&gt;'.</msg>
<msg time="2025-04-15T00:24:46.750758" level="INFO" html="true">Emptied directory '&lt;a href="file:///home/runner/work/bah.ai-automation/bah.ai-automation/logs/screenshots"&gt;/home/runner/work/bah.ai-automation/bah.ai-automation/logs/screenshots&lt;/a&gt;'.</msg>
<arg>logs/screenshots</arg>
<doc>Deletes all the content from the given directory.</doc>
<status status="PASS" start="2025-04-15T00:24:46.750363" elapsed="0.000464"/>
</kw>
<kw name="Set Screenshot Directory" owner="SeleniumLibrary">
<arg>logs/screenshots</arg>
<doc>Sets the directory for captured screenshots.</doc>
<status status="PASS" start="2025-04-15T00:24:46.751005" elapsed="0.000177"/>
</kw>
<kw name="Open Browser" owner="SeleniumLibrary">
<msg time="2025-04-15T00:24:46.751478" level="INFO">Opening browser 'headlesschrome' to base url 'about:blank'.</msg>
<arg>about:blank</arg>
<arg>${browser}</arg>
<doc>Opens a new browser instance to the optional ``url``.</doc>
<status status="PASS" start="2025-04-15T00:24:46.751322" elapsed="1.055308"/>
</kw>
<kw name="Maximize Browser Window" owner="SeleniumLibrary">
<doc>Maximizes current browser window.</doc>
<status status="PASS" start="2025-04-15T00:24:47.806894" elapsed="0.014078"/>
</kw>
<arg>${BROWSER}</arg>
<doc>Main web setup</doc>
<status status="PASS" start="2025-04-15T00:24:46.749538" elapsed="1.071548"/>
</kw>
<kw name="Navigate to the login page" owner="bahai_app">
<kw name="Navigate to login page" owner="login_page">
<kw name="Go To" owner="SeleniumLibrary">
<msg time="2025-04-15T00:24:47.822304" level="INFO">Opening url 'https://v0-real-estate-marketplace-necizi.vercel.app/login'</msg>
<arg>${url}</arg>
<doc>Navigates the current browser window to the provided ``url``.</doc>
<status status="PASS" start="2025-04-15T00:24:47.822171" elapsed="0.214958"/>
</kw>
<arg>${url}</arg>
<status status="PASS" start="2025-04-15T00:24:47.821870" elapsed="0.215462"/>
</kw>
<kw name="Verify page loaded" owner="login_page">
<kw name="Wait Until Element Is Visible" owner="SeleniumLibrary">
<arg>${locator}</arg>
<doc>Waits until the element ``locator`` is visible.</doc>
<status status="PASS" start="2025-04-15T00:24:48.038147" elapsed="0.062387"/>
</kw>
<arg>${locator}</arg>
<status status="PASS" start="2025-04-15T00:24:48.037644" elapsed="0.063045"/>
</kw>
<arg>${LOGIN_PAGE}</arg>
<arg>${login_form}</arg>
<status status="PASS" start="2025-04-15T00:24:47.821344" elapsed="0.279430"/>
</kw>
<kw name="Click the signup button" owner="bahai_app">
<kw name="Verify page loaded" owner="login_page">
<kw name="Wait Until Element Is Visible" owner="SeleniumLibrary">
<arg>${locator}</arg>
<doc>Waits until the element ``locator`` is visible.</doc>
<status status="PASS" start="2025-04-15T00:24:48.102009" elapsed="0.044799"/>
</kw>
<arg>${locator}</arg>
<status status="PASS" start="2025-04-15T00:24:48.101603" elapsed="0.045355"/>
</kw>
<kw name="Click button" owner="login_page">
<kw name="Click Element" owner="SeleniumLibrary">
<msg time="2025-04-15T00:24:48.147718" level="INFO">Clicking element 'xpath=//*[text()='Sign up']'.</msg>
<arg>${button}</arg>
<doc>Click the element identified by ``locator``.</doc>
<status status="PASS" start="2025-04-15T00:24:48.147522" elapsed="0.056507"/>
</kw>
<arg>${locator}</arg>
<status status="PASS" start="2025-04-15T00:24:48.147186" elapsed="0.057019"/>
</kw>
<arg>${signup_btn}</arg>
<status status="PASS" start="2025-04-15T00:24:48.101087" elapsed="0.103230"/>
</kw>
<kw name="Enter credential" owner="bahai_app">
<kw name="Verify element visible" owner="signup_page">
<kw name="Wait Until Element Is Visible" owner="SeleniumLibrary">
<arg>${locator}</arg>
<doc>Waits until the element ``locator`` is visible.</doc>
<status status="PASS" start="2025-04-15T00:24:48.205684" elapsed="0.022420"/>
</kw>
<arg>${locator}</arg>
<status status="PASS" start="2025-04-15T00:24:48.205237" elapsed="0.023043"/>
</kw>
<kw name="Enter credential" owner="signup_page">
<kw name="Input Text" owner="SeleniumLibrary">
<msg time="2025-04-15T00:24:48.229403" level="INFO">Typing text 'John Doe' into text field 'id=name'.</msg>
<arg>${locator}</arg>
<arg>${credential}</arg>
<doc>Types the given ``text`` into the text field identified by ``locator``.</doc>
<status status="PASS" start="2025-04-15T00:24:48.229099" elapsed="0.083147"/>
</kw>
<arg>${credential}</arg>
<arg>${locator}</arg>
<status status="PASS" start="2025-04-15T00:24:48.228569" elapsed="0.083807"/>
</kw>
<arg>${name_field}</arg>
<arg>John Doe</arg>
<status status="PASS" start="2025-04-15T00:24:48.204642" elapsed="0.107806"/>
</kw>
<kw name="Enter credential" owner="bahai_app">
<kw name="Verify element visible" owner="signup_page">
<kw name="Wait Until Element Is Visible" owner="SeleniumLibrary">
<arg>${locator}</arg>
<doc>Waits until the element ``locator`` is visible.</doc>
<status status="PASS" start="2025-04-15T00:24:48.313402" elapsed="0.013511"/>
</kw>
<arg>${locator}</arg>
<status status="PASS" start="2025-04-15T00:24:48.313127" elapsed="0.013896"/>
</kw>
<kw name="Enter credential" owner="signup_page">
<kw name="Input Text" owner="SeleniumLibrary">
<msg time="2025-04-15T00:24:48.327694" level="INFO">Typing text 'sample@email.com' into text field 'id=email'.</msg>
<arg>${locator}</arg>
<arg>${credential}</arg>
<doc>Types the given ``text`` into the text field identified by ``locator``.</doc>
<status status="PASS" start="2025-04-15T00:24:48.327483" elapsed="0.067957"/>
</kw>
<arg>${credential}</arg>
<arg>${locator}</arg>
<status status="PASS" start="2025-04-15T00:24:48.327177" elapsed="0.068390"/>
</kw>
<arg>${email_field}</arg>
<arg>${EMAIL}</arg>
<status status="PASS" start="2025-04-15T00:24:48.312670" elapsed="0.082966"/>
</kw>
<kw name="Enter credential" owner="bahai_app">
<kw name="Verify element visible" owner="signup_page">
<kw name="Wait Until Element Is Visible" owner="SeleniumLibrary">
<arg>${locator}</arg>
<doc>Waits until the element ``locator`` is visible.</doc>
<status status="PASS" start="2025-04-15T00:24:48.396517" elapsed="0.013238"/>
</kw>
<arg>${locator}</arg>
<status status="PASS" start="2025-04-15T00:24:48.396254" elapsed="0.013586"/>
</kw>
<kw name="Enter credential" owner="signup_page">
<kw name="Input Text" owner="SeleniumLibrary">
<msg time="2025-04-15T00:24:48.410527" level="INFO">Typing text 'Password@123' into text field 'id=password'.</msg>
<arg>${locator}</arg>
<arg>${credential}</arg>
<doc>Types the given ``text`` into the text field identified by ``locator``.</doc>
<status status="PASS" start="2025-04-15T00:24:48.410331" elapsed="0.060371"/>
</kw>
<arg>${credential}</arg>
<arg>${locator}</arg>
<status status="PASS" start="2025-04-15T00:24:48.410026" elapsed="0.060798"/>
</kw>
<arg>${password_field}</arg>
<arg>${PASSWORD}</arg>
<status status="PASS" start="2025-04-15T00:24:48.395850" elapsed="0.075043"/>
</kw>
<kw name="Enter credential" owner="bahai_app">
<kw name="Verify element visible" owner="signup_page">
<kw name="Wait Until Element Is Visible" owner="SeleniumLibrary">
<arg>${locator}</arg>
<doc>Waits until the element ``locator`` is visible.</doc>
<status status="PASS" start="2025-04-15T00:24:48.471748" elapsed="0.012691"/>
</kw>
<arg>${locator}</arg>
<status status="PASS" start="2025-04-15T00:24:48.471494" elapsed="0.013026"/>
</kw>
<kw name="Enter credential" owner="signup_page">
<kw name="Input Text" owner="SeleniumLibrary">
<msg time="2025-04-15T00:24:48.485194" level="INFO">Typing text 'Password@123' into text field 'id=confirmPassword'.</msg>
<arg>${locator}</arg>
<arg>${credential}</arg>
<doc>Types the given ``text`` into the text field identified by ``locator``.</doc>
<status status="PASS" start="2025-04-15T00:24:48.484996" elapsed="0.059181"/>
</kw>
<arg>${credential}</arg>
<arg>${locator}</arg>
<status status="PASS" start="2025-04-15T00:24:48.484667" elapsed="0.059629"/>
</kw>
<arg>${confirm_password_field}</arg>
<arg>${PASSWORD}</arg>
<status status="PASS" start="2025-04-15T00:24:48.471131" elapsed="0.073236"/>
</kw>
<kw name="Click create account" owner="bahai_app">
<kw name="Verify element visible" owner="signup_page">
<kw name="Wait Until Element Is Visible" owner="SeleniumLibrary">
<arg>${locator}</arg>
<doc>Waits until the element ``locator`` is visible.</doc>
<status status="PASS" start="2025-04-15T00:24:48.545200" elapsed="0.013305"/>
</kw>
<arg>${locator}</arg>
<status status="PASS" start="2025-04-15T00:24:48.544922" elapsed="0.013667"/>
</kw>
<kw name="Click button" owner="signup_page">
<kw name="Click Element" owner="SeleniumLibrary">
<msg time="2025-04-15T00:24:48.559220" level="INFO">Clicking element 'xpath=//*[text()='Create Account']'.</msg>
<arg>${button}</arg>
<doc>Click the element identified by ``locator``.</doc>
<status status="PASS" start="2025-04-15T00:24:48.559043" elapsed="0.053487"/>
</kw>
<arg>${locator}</arg>
<status status="PASS" start="2025-04-15T00:24:48.558741" elapsed="0.053937"/>
</kw>
<arg>${create_account_btn}</arg>
<status status="PASS" start="2025-04-15T00:24:48.544577" elapsed="0.068187"/>
</kw>
<kw name="Validate name displayed" owner="bahai_app">
<kw name="Validate text displayed in page" owner="signup_page">
<kw name="Wait Until Keyword Succeeds" owner="BuiltIn">
<kw name="Page Should Contain" owner="SeleniumLibrary">
<msg time="2025-04-15T00:24:48.745020" level="INFO" html="true">&lt;/td&gt;&lt;/tr&gt;&lt;tr&gt;&lt;td colspan="3"&gt;&lt;a href="screenshots/selenium-screenshot-1.png"&gt;&lt;img src="screenshots/selenium-screenshot-1.png" width="800px"&gt;&lt;/a&gt;</msg>
<msg time="2025-04-15T00:24:48.745210" level="FAIL">Page should have contained text 'Welcome back, John!' but did not.</msg>
<arg>${expected_text}</arg>
<doc>Verifies that current page contains ``text``.</doc>
<status status="FAIL" start="2025-04-15T00:24:48.613865" elapsed="0.132238">Page should have contained text 'Welcome back, John!' but did not.</status>
</kw>
<kw name="Page Should Contain" owner="SeleniumLibrary">
<msg time="2025-04-15T00:24:49.836255" level="INFO" html="true">&lt;/td&gt;&lt;/tr&gt;&lt;tr&gt;&lt;td colspan="3"&gt;&lt;a href="screenshots/selenium-screenshot-2.png"&gt;&lt;img src="screenshots/selenium-screenshot-2.png" width="800px"&gt;&lt;/a&gt;</msg>
<msg time="2025-04-15T00:24:49.836417" level="FAIL">Page should have contained text 'Welcome back, John!' but did not.</msg>
<arg>${expected_text}</arg>
<doc>Verifies that current page contains ``text``.</doc>
<status status="FAIL" start="2025-04-15T00:24:49.746547" elapsed="0.090188">Page should have contained text 'Welcome back, John!' but did not.</status>
</kw>
<kw name="Page Should Contain" owner="SeleniumLibrary">
<msg time="2025-04-15T00:24:50.844908" level="INFO">Current page contains text 'Welcome back, John!'.</msg>
<arg>${expected_text}</arg>
<doc>Verifies that current page contains ``text``.</doc>
<status status="PASS" start="2025-04-15T00:24:50.837138" elapsed="0.007870"/>
</kw>
<arg>10</arg>
<arg>1</arg>
<arg>Page Should Contain</arg>
<arg>${expected_text}</arg>
<doc>Runs the specified keyword and retries if it fails.</doc>
<status status="PASS" start="2025-04-15T00:24:48.613627" elapsed="2.231457"/>
</kw>
<arg>${expected_text}</arg>
<status status="PASS" start="2025-04-15T00:24:48.613347" elapsed="2.231810"/>
</kw>
<arg>Welcome back, John!</arg>
<status status="PASS" start="2025-04-15T00:24:48.613019" elapsed="2.232194"/>
</kw>
<kw name="Main Web Teardown" owner="common" type="TEARDOWN">
<kw name="Capture Page Screenshot" owner="SeleniumLibrary">
<msg time="2025-04-15T00:24:50.932240" level="INFO" html="true">&lt;/td&gt;&lt;/tr&gt;&lt;tr&gt;&lt;td colspan="3"&gt;&lt;a href="screenshots/selenium-screenshot-3.png"&gt;&lt;img src="screenshots/selenium-screenshot-3.png" width="800px"&gt;&lt;/a&gt;</msg>
<doc>Takes a screenshot of the current page and embeds it into a log file.</doc>
<status status="PASS" start="2025-04-15T00:24:50.845722" elapsed="0.086628"/>
</kw>
<kw name="Close All Browsers" owner="SeleniumLibrary">
<doc>Closes all open browsers and resets the browser cache.</doc>
<status status="PASS" start="2025-04-15T00:24:50.932536" elapsed="0.078706"/>
</kw>
<doc>Main web teardown</doc>
<status status="PASS" start="2025-04-15T00:24:50.845460" elapsed="0.165902"/>
</kw>
<doc>Validate user registration</doc>
<tag>smoke</tag>
<status status="PASS" start="2025-04-15T00:24:46.748750" elapsed="4.262676"/>
</test>
<status status="PASS" start="2025-04-15T00:24:46.584765" elapsed="4.427248"/>
</suite>
<statistics>
<total>
<stat pass="1" fail="0" skip="0">All Tests</stat>
</total>
<tag>
<stat pass="1" fail="0" skip="0">smoke</stat>
</tag>
<suite>
<stat name="Fe User Registration" id="s1" pass="1" fail="0" skip="0">Fe User Registration</stat>
</suite>
</statistics>
<errors>
</errors>
</robot>
