<?xml version="1.0" encoding="UTF-8"?>
<robot generator="Robot 7.2.2 (Python 3.12.9 on darwin)" generated="2025-04-16T02:29:18.608728" rpa="false" schemaversion="5">
<suite id="s1" name="Tests" source="/Users/runner/work/bah.ai-automation/bah.ai-automation/tests">
<suite id="s1-s1" name="Fe User Login" source="/Users/runner/work/bah.ai-automation/bah.ai-automation/tests/fe_user_login.robot">
<test id="s1-s1-t1" name="Test Case 1: Validate user registration" line="15">
<kw name="Main Web Setup" owner="common" type="SETUP">
<kw name="Empty Directory" owner="OperatingSystem">
<msg time="2025-04-16T02:29:18.680345" level="INFO" html="true">Listing contents of directory '&lt;a href="file:///Users/runner/work/bah.ai-automation/bah.ai-automation/logs/screenshots"&gt;/Users/runner/work/bah.ai-automation/bah.ai-automation/logs/screenshots&lt;/a&gt;'.</msg>
<msg time="2025-04-16T02:29:18.680563" level="INFO" html="true">Emptied directory '&lt;a href="file:///Users/runner/work/bah.ai-automation/bah.ai-automation/logs/screenshots"&gt;/Users/runner/work/bah.ai-automation/bah.ai-automation/logs/screenshots&lt;/a&gt;'.</msg>
<arg>logs/screenshots</arg>
<doc>Deletes all the content from the given directory.</doc>
<status status="PASS" start="2025-04-16T02:29:18.680266" elapsed="0.000327"/>
</kw>
<kw name="Set Screenshot Directory" owner="SeleniumLibrary">
<arg>logs/screenshots</arg>
<doc>Sets the directory for captured screenshots.</doc>
<status status="PASS" start="2025-04-16T02:29:18.680673" elapsed="0.000098"/>
</kw>
<kw name="Open Browser" owner="SeleniumLibrary">
<msg time="2025-04-16T02:29:18.680912" level="INFO">Opening browser 'safari' to base url 'about:blank'.</msg>
<arg>about:blank</arg>
<arg>${browser}</arg>
<doc>Opens a new browser instance to the optional ``url``.</doc>
<status status="PASS" start="2025-04-16T02:29:18.680836" elapsed="7.354919"/>
</kw>
<kw name="Maximize Browser Window" owner="SeleniumLibrary">
<doc>Maximizes current browser window.</doc>
<status status="PASS" start="2025-04-16T02:29:26.042720" elapsed="0.045544"/>
</kw>
<arg>${BROWSER}</arg>
<doc>Main web setup</doc>
<status status="PASS" start="2025-04-16T02:29:18.679860" elapsed="7.409967"/>
</kw>
<kw name="Navigate to the login page" owner="bahai_app">
<kw name="Navigate to login page" owner="login_page">
<kw name="Go To" owner="SeleniumLibrary">
<msg time="2025-04-16T02:29:26.134335" level="INFO">Opening url 'https://v0-real-estate-marketplace-necizi.vercel.app/login'</msg>
<arg>${url}</arg>
<doc>Navigates the current browser window to the provided ``url``.</doc>
<status status="PASS" start="2025-04-16T02:29:26.134153" elapsed="0.925674"/>
</kw>
<arg>${url}</arg>
<status status="PASS" start="2025-04-16T02:29:26.124963" elapsed="0.936774"/>
</kw>
<kw name="Verify page loaded" owner="login_page">
<kw name="Wait Until Element Is Visible" owner="SeleniumLibrary">
<arg>${locator}</arg>
<doc>Waits until the element ``locator`` is visible.</doc>
<status status="PASS" start="2025-04-16T02:29:27.063896" elapsed="0.208461"/>
</kw>
<arg>${locator}</arg>
<status status="PASS" start="2025-04-16T02:29:27.063322" elapsed="0.209170"/>
</kw>
<arg>${LOGIN_PAGE}</arg>
<arg>${login_form}</arg>
<status status="PASS" start="2025-04-16T02:29:26.095736" elapsed="1.176789"/>
</kw>
<kw name="Enter credential" owner="bahai_app">
<kw name="Verify element visible" owner="signup_page">
<kw name="Wait Until Element Is Visible" owner="SeleniumLibrary">
<arg>${locator}</arg>
<doc>Waits until the element ``locator`` is visible.</doc>
<status status="PASS" start="2025-04-16T02:29:27.273027" elapsed="0.033009"/>
</kw>
<arg>${locator}</arg>
<status status="PASS" start="2025-04-16T02:29:27.272888" elapsed="0.033230"/>
</kw>
<kw name="Enter credential" owner="signup_page">
<kw name="Input Text" owner="SeleniumLibrary">
<msg time="2025-04-16T02:29:27.306769" level="INFO">Typing text 'sample@email.com' into text field 'id=email'.</msg>
<arg>${locator}</arg>
<arg>${credential}</arg>
<doc>Types the given ``text`` into the text field identified by ``locator``.</doc>
<status status="PASS" start="2025-04-16T02:29:27.306574" elapsed="0.651555"/>
</kw>
<arg>${credential}</arg>
<arg>${locator}</arg>
<status status="PASS" start="2025-04-16T02:29:27.306238" elapsed="0.651987"/>
</kw>
<arg>${login_email_field}</arg>
<arg>${EMAIL}</arg>
<status status="PASS" start="2025-04-16T02:29:27.272672" elapsed="0.685588"/>
</kw>
<kw name="Enter credential" owner="bahai_app">
<kw name="Verify element visible" owner="signup_page">
<kw name="Wait Until Element Is Visible" owner="SeleniumLibrary">
<arg>${locator}</arg>
<doc>Waits until the element ``locator`` is visible.</doc>
<status status="PASS" start="2025-04-16T02:29:27.959771" elapsed="0.203082"/>
</kw>
<arg>${locator}</arg>
<status status="PASS" start="2025-04-16T02:29:27.958972" elapsed="0.204029"/>
</kw>
<kw name="Enter credential" owner="signup_page">
<kw name="Input Text" owner="SeleniumLibrary">
<msg time="2025-04-16T02:29:28.169358" level="INFO">Typing text 'Password@123' into text field 'id=password'.</msg>
<arg>${locator}</arg>
<arg>${credential}</arg>
<doc>Types the given ``text`` into the text field identified by ``locator``.</doc>
<status status="PASS" start="2025-04-16T02:29:28.168737" elapsed="0.185967"/>
</kw>
<arg>${credential}</arg>
<arg>${locator}</arg>
<status status="PASS" start="2025-04-16T02:29:28.165490" elapsed="0.195856"/>
</kw>
<arg>${login_password_field}</arg>
<arg>${PASSWORD}</arg>
<status status="PASS" start="2025-04-16T02:29:27.958411" elapsed="0.402978"/>
</kw>
<kw name="Click sign in" owner="bahai_app">
<kw name="Verify page loaded" owner="login_page">
<kw name="Wait Until Element Is Visible" owner="SeleniumLibrary">
<arg>${locator}</arg>
<doc>Waits until the element ``locator`` is visible.</doc>
<status status="PASS" start="2025-04-16T02:29:28.370710" elapsed="0.040846"/>
</kw>
<arg>${locator}</arg>
<status status="PASS" start="2025-04-16T02:29:28.369619" elapsed="0.042003"/>
</kw>
<kw name="Click button" owner="login_page">
<kw name="Click Element" owner="SeleniumLibrary">
<msg time="2025-04-16T02:29:28.412293" level="INFO">Clicking element 'xpath=//*[text()='Sign in']'.</msg>
<arg>${button}</arg>
<doc>Click the element identified by ``locator``.</doc>
<status status="PASS" start="2025-04-16T02:29:28.411944" elapsed="0.139973"/>
</kw>
<arg>${locator}</arg>
<status status="PASS" start="2025-04-16T02:29:28.411729" elapsed="0.140304"/>
</kw>
<arg>${signin_btn}</arg>
<status status="PASS" start="2025-04-16T02:29:28.361521" elapsed="0.190693"/>
</kw>
<kw name="Validate name displayed" owner="bahai_app">
<kw name="Validate text displayed in page" owner="signup_page">
<kw name="Wait Until Keyword Succeeds" owner="BuiltIn">
<kw name="Page Should Contain" owner="SeleniumLibrary">
<msg time="2025-04-16T02:29:28.690618" level="INFO" html="true">&lt;/td&gt;&lt;/tr&gt;&lt;tr&gt;&lt;td colspan="3"&gt;&lt;a href="../screenshots/selenium-screenshot-1.png"&gt;&lt;img src="../screenshots/selenium-screenshot-1.png" width="800px"&gt;&lt;/a&gt;</msg>
<msg time="2025-04-16T02:29:28.691231" level="FAIL">Page should have contained text 'Welcome back, sample!' but did not.</msg>
<arg>${expected_text}</arg>
<doc>Verifies that current page contains ``text``.</doc>
<status status="FAIL" start="2025-04-16T02:29:28.554223" elapsed="0.152497">Page should have contained text 'Welcome back, sample!' but did not.</status>
</kw>
<kw name="Page Should Contain" owner="SeleniumLibrary">
<msg time="2025-04-16T02:29:29.877440" level="INFO" html="true">&lt;/td&gt;&lt;/tr&gt;&lt;tr&gt;&lt;td colspan="3"&gt;&lt;a href="../screenshots/selenium-screenshot-2.png"&gt;&lt;img src="../screenshots/selenium-screenshot-2.png" width="800px"&gt;&lt;/a&gt;</msg>
<msg time="2025-04-16T02:29:29.877557" level="FAIL">Page should have contained text 'Welcome back, sample!' but did not.</msg>
<arg>${expected_text}</arg>
<doc>Verifies that current page contains ``text``.</doc>
<status status="FAIL" start="2025-04-16T02:29:29.760697" elapsed="0.117135">Page should have contained text 'Welcome back, sample!' but did not.</status>
</kw>
<kw name="Page Should Contain" owner="SeleniumLibrary">
<msg time="2025-04-16T02:29:30.918927" level="INFO">Current page contains text 'Welcome back, sample!'.</msg>
<arg>${expected_text}</arg>
<doc>Verifies that current page contains ``text``.</doc>
<status status="PASS" start="2025-04-16T02:29:30.909475" elapsed="0.010107"/>
</kw>
<arg>10</arg>
<arg>1</arg>
<arg>Page Should Contain</arg>
<arg>${expected_text}</arg>
<doc>Runs the specified keyword and retries if it fails.</doc>
<status status="PASS" start="2025-04-16T02:29:28.553496" elapsed="2.366148"/>
</kw>
<arg>${expected_text}</arg>
<status status="PASS" start="2025-04-16T02:29:28.552817" elapsed="2.366877"/>
</kw>
<arg>Welcome back, sample!</arg>
<status status="PASS" start="2025-04-16T02:29:28.552487" elapsed="2.367236"/>
</kw>
<kw name="Main Web Teardown" owner="common" type="TEARDOWN">
<kw name="Capture Page Screenshot" owner="SeleniumLibrary">
<msg time="2025-04-16T02:29:30.975873" level="INFO" html="true">&lt;/td&gt;&lt;/tr&gt;&lt;tr&gt;&lt;td colspan="3"&gt;&lt;a href="../screenshots/selenium-screenshot-3.png"&gt;&lt;img src="../screenshots/selenium-screenshot-3.png" width="800px"&gt;&lt;/a&gt;</msg>
<doc>Takes a screenshot of the current page and embeds it into a log file.</doc>
<status status="PASS" start="2025-04-16T02:29:30.920554" elapsed="0.055415"/>
</kw>
<kw name="Close All Browsers" owner="SeleniumLibrary">
<doc>Closes all open browsers and resets the browser cache.</doc>
<status status="PASS" start="2025-04-16T02:29:30.976091" elapsed="0.095252"/>
</kw>
<doc>Main web teardown</doc>
<status status="PASS" start="2025-04-16T02:29:30.920080" elapsed="0.151354"/>
</kw>
<doc>Validate user registration</doc>
<tag>signin</tag>
<status status="PASS" start="2025-04-16T02:29:18.679468" elapsed="12.392003"/>
</test>
<test id="s1-s1-t2" name="Test Case 2: Validate logout navigation" line="27">
<kw name="Main Web Setup" owner="common" type="SETUP">
<kw name="Empty Directory" owner="OperatingSystem">
<msg time="2025-04-16T02:29:31.072476" level="INFO" html="true">Listing contents of directory '&lt;a href="file:///Users/runner/work/bah.ai-automation/bah.ai-automation/logs/screenshots"&gt;/Users/runner/work/bah.ai-automation/bah.ai-automation/logs/screenshots&lt;/a&gt;'.</msg>
<msg time="2025-04-16T02:29:31.073036" level="INFO" html="true">Emptied directory '&lt;a href="file:///Users/runner/work/bah.ai-automation/bah.ai-automation/logs/screenshots"&gt;/Users/runner/work/bah.ai-automation/bah.ai-automation/logs/screenshots&lt;/a&gt;'.</msg>
<arg>logs/screenshots</arg>
<doc>Deletes all the content from the given directory.</doc>
<status status="PASS" start="2025-04-16T02:29:31.072290" elapsed="0.000777"/>
</kw>
<kw name="Set Screenshot Directory" owner="SeleniumLibrary">
<arg>logs/screenshots</arg>
<doc>Sets the directory for captured screenshots.</doc>
<status status="PASS" start="2025-04-16T02:29:31.073150" elapsed="0.000103"/>
</kw>
<kw name="Open Browser" owner="SeleniumLibrary">
<msg time="2025-04-16T02:29:31.073423" level="INFO">Opening browser 'safari' to base url 'about:blank'.</msg>
<arg>about:blank</arg>
<arg>${browser}</arg>
<doc>Opens a new browser instance to the optional ``url``.</doc>
<status status="PASS" start="2025-04-16T02:29:31.073318" elapsed="1.407672"/>
</kw>
<kw name="Maximize Browser Window" owner="SeleniumLibrary">
<doc>Maximizes current browser window.</doc>
<status status="PASS" start="2025-04-16T02:29:32.490431" elapsed="0.021898"/>
</kw>
<arg>${BROWSER}</arg>
<doc>Main web setup</doc>
<status status="PASS" start="2025-04-16T02:29:31.072115" elapsed="1.440388"/>
</kw>
<kw name="Navigate to the login page" owner="bahai_app">
<kw name="Navigate to login page" owner="login_page">
<kw name="Go To" owner="SeleniumLibrary">
<msg time="2025-04-16T02:29:32.513533" level="INFO">Opening url 'https://v0-real-estate-marketplace-necizi.vercel.app/login'</msg>
<arg>${url}</arg>
<doc>Navigates the current browser window to the provided ``url``.</doc>
<status status="PASS" start="2025-04-16T02:29:32.513453" elapsed="0.692578"/>
</kw>
<arg>${url}</arg>
<status status="PASS" start="2025-04-16T02:29:32.513280" elapsed="0.692910"/>
</kw>
<kw name="Verify page loaded" owner="login_page">
<kw name="Wait Until Element Is Visible" owner="SeleniumLibrary">
<arg>${locator}</arg>
<doc>Waits until the element ``locator`` is visible.</doc>
<status status="PASS" start="2025-04-16T02:29:33.206830" elapsed="0.038230"/>
</kw>
<arg>${locator}</arg>
<status status="PASS" start="2025-04-16T02:29:33.206489" elapsed="0.038644"/>
</kw>
<arg>${LOGIN_PAGE}</arg>
<arg>${login_form}</arg>
<status status="PASS" start="2025-04-16T02:29:32.512871" elapsed="0.732293"/>
</kw>
<kw name="Enter credential" owner="bahai_app">
<kw name="Verify element visible" owner="signup_page">
<kw name="Wait Until Element Is Visible" owner="SeleniumLibrary">
<arg>${locator}</arg>
<doc>Waits until the element ``locator`` is visible.</doc>
<status status="PASS" start="2025-04-16T02:29:33.245640" elapsed="0.021715"/>
</kw>
<arg>${locator}</arg>
<status status="PASS" start="2025-04-16T02:29:33.245524" elapsed="0.021905"/>
</kw>
<kw name="Enter credential" owner="signup_page">
<kw name="Input Text" owner="SeleniumLibrary">
<msg time="2025-04-16T02:29:33.267985" level="INFO">Typing text 'sample@email.com' into text field 'id=email'.</msg>
<arg>${locator}</arg>
<arg>${credential}</arg>
<doc>Types the given ``text`` into the text field identified by ``locator``.</doc>
<status status="PASS" start="2025-04-16T02:29:33.267739" elapsed="0.164491"/>
</kw>
<arg>${credential}</arg>
<arg>${locator}</arg>
<status status="PASS" start="2025-04-16T02:29:33.267541" elapsed="0.164989"/>
</kw>
<arg>${login_email_field}</arg>
<arg>${EMAIL}</arg>
<status status="PASS" start="2025-04-16T02:29:33.245291" elapsed="0.187287"/>
</kw>
<kw name="Enter credential" owner="bahai_app">
<kw name="Verify element visible" owner="signup_page">
<kw name="Wait Until Element Is Visible" owner="SeleniumLibrary">
<arg>${locator}</arg>
<doc>Waits until the element ``locator`` is visible.</doc>
<status status="PASS" start="2025-04-16T02:29:33.434171" elapsed="0.008385"/>
</kw>
<arg>${locator}</arg>
<status status="PASS" start="2025-04-16T02:29:33.433917" elapsed="0.008760"/>
</kw>
<kw name="Enter credential" owner="signup_page">
<kw name="Input Text" owner="SeleniumLibrary">
<msg time="2025-04-16T02:29:33.443207" level="INFO">Typing text 'Password@123' into text field 'id=password'.</msg>
<arg>${locator}</arg>
<arg>${credential}</arg>
<doc>Types the given ``text`` into the text field identified by ``locator``.</doc>
<status status="PASS" start="2025-04-16T02:29:33.443087" elapsed="0.085377"/>
</kw>
<arg>${credential}</arg>
<arg>${locator}</arg>
<status status="PASS" start="2025-04-16T02:29:33.442857" elapsed="0.085704"/>
</kw>
<arg>${login_password_field}</arg>
<arg>${PASSWORD}</arg>
<status status="PASS" start="2025-04-16T02:29:33.433600" elapsed="0.095332"/>
</kw>
<kw name="Click sign in" owner="bahai_app">
<kw name="Verify page loaded" owner="login_page">
<kw name="Wait Until Element Is Visible" owner="SeleniumLibrary">
<arg>${locator}</arg>
<doc>Waits until the element ``locator`` is visible.</doc>
<status status="PASS" start="2025-04-16T02:29:33.531011" elapsed="0.010335"/>
</kw>
<arg>${locator}</arg>
<status status="PASS" start="2025-04-16T02:29:33.530507" elapsed="0.010922"/>
</kw>
<kw name="Click button" owner="login_page">
<kw name="Click Element" owner="SeleniumLibrary">
<msg time="2025-04-16T02:29:33.541873" level="INFO">Clicking element 'xpath=//*[text()='Sign in']'.</msg>
<arg>${button}</arg>
<doc>Click the element identified by ``locator``.</doc>
<status status="PASS" start="2025-04-16T02:29:33.541750" elapsed="0.029549"/>
</kw>
<arg>${locator}</arg>
<status status="PASS" start="2025-04-16T02:29:33.541552" elapsed="0.029817"/>
</kw>
<arg>${signin_btn}</arg>
<status status="PASS" start="2025-04-16T02:29:33.529161" elapsed="0.042240"/>
</kw>
<kw name="Validate name displayed" owner="bahai_app">
<kw name="Validate text displayed in page" owner="signup_page">
<kw name="Wait Until Keyword Succeeds" owner="BuiltIn">
<kw name="Page Should Contain" owner="SeleniumLibrary">
<msg time="2025-04-16T02:29:33.671800" level="INFO" html="true">&lt;/td&gt;&lt;/tr&gt;&lt;tr&gt;&lt;td colspan="3"&gt;&lt;a href="../screenshots/selenium-screenshot-1.png"&gt;&lt;img src="../screenshots/selenium-screenshot-1.png" width="800px"&gt;&lt;/a&gt;</msg>
<msg time="2025-04-16T02:29:33.672032" level="FAIL">Page should have contained text 'Welcome back, sample!' but did not.</msg>
<arg>${expected_text}</arg>
<doc>Verifies that current page contains ``text``.</doc>
<status status="FAIL" start="2025-04-16T02:29:33.572118" elapsed="0.100707">Page should have contained text 'Welcome back, sample!' but did not.</status>
</kw>
<kw name="Page Should Contain" owner="SeleniumLibrary">
<msg time="2025-04-16T02:29:34.794324" level="INFO" html="true">&lt;/td&gt;&lt;/tr&gt;&lt;tr&gt;&lt;td colspan="3"&gt;&lt;a href="../screenshots/selenium-screenshot-2.png"&gt;&lt;img src="../screenshots/selenium-screenshot-2.png" width="800px"&gt;&lt;/a&gt;</msg>
<msg time="2025-04-16T02:29:34.794446" level="FAIL">Page should have contained text 'Welcome back, sample!' but did not.</msg>
<arg>${expected_text}</arg>
<doc>Verifies that current page contains ``text``.</doc>
<status status="FAIL" start="2025-04-16T02:29:34.739147" elapsed="0.055515">Page should have contained text 'Welcome back, sample!' but did not.</status>
</kw>
<kw name="Page Should Contain" owner="SeleniumLibrary">
<msg time="2025-04-16T02:29:35.855055" level="INFO">Current page contains text 'Welcome back, sample!'.</msg>
<arg>${expected_text}</arg>
<doc>Verifies that current page contains ``text``.</doc>
<status status="PASS" start="2025-04-16T02:29:35.850829" elapsed="0.004289"/>
</kw>
<arg>10</arg>
<arg>1</arg>
<arg>Page Should Contain</arg>
<arg>${expected_text}</arg>
<doc>Runs the specified keyword and retries if it fails.</doc>
<status status="PASS" start="2025-04-16T02:29:33.571950" elapsed="2.283223"/>
</kw>
<arg>${expected_text}</arg>
<status status="PASS" start="2025-04-16T02:29:33.571672" elapsed="2.283552"/>
</kw>
<arg>Welcome back, sample!</arg>
<status status="PASS" start="2025-04-16T02:29:33.571508" elapsed="2.283741"/>
</kw>
<kw name="Click button" owner="bahai_app">
<kw name="Verify element visible" owner="signup_page">
<kw name="Wait Until Element Is Visible" owner="SeleniumLibrary">
<arg>${locator}</arg>
<doc>Waits until the element ``locator`` is visible.</doc>
<status status="PASS" start="2025-04-16T02:29:35.855670" elapsed="0.004292"/>
</kw>
<arg>${locator}</arg>
<status status="PASS" start="2025-04-16T02:29:35.855543" elapsed="0.004479"/>
</kw>
<kw name="Click button" owner="signup_page">
<kw name="Wait Until Keyword Succeeds" owner="BuiltIn">
<kw name="Click Element" owner="SeleniumLibrary">
<msg time="2025-04-16T02:29:35.860480" level="INFO">Clicking element 'xpath=//div[text()='S']'.</msg>
<arg>${button}</arg>
<doc>Click the element identified by ``locator``.</doc>
<status status="PASS" start="2025-04-16T02:29:35.860383" elapsed="0.087344"/>
</kw>
<arg>10</arg>
<arg>1</arg>
<arg>Click Element</arg>
<arg>${button}</arg>
<doc>Runs the specified keyword and retries if it fails.</doc>
<status status="PASS" start="2025-04-16T02:29:35.860278" elapsed="0.087757"/>
</kw>
<arg>${locator}</arg>
<status status="PASS" start="2025-04-16T02:29:35.860116" elapsed="0.088060"/>
</kw>
<arg>${profile_icon}</arg>
<status status="PASS" start="2025-04-16T02:29:35.855374" elapsed="0.092833"/>
</kw>
<kw name="Click button" owner="bahai_app">
<kw name="Verify element visible" owner="signup_page">
<kw name="Wait Until Element Is Visible" owner="SeleniumLibrary">
<arg>${locator}</arg>
<doc>Waits until the element ``locator`` is visible.</doc>
<status status="PASS" start="2025-04-16T02:29:35.954907" elapsed="0.013613"/>
</kw>
<arg>${locator}</arg>
<status status="PASS" start="2025-04-16T02:29:35.953636" elapsed="0.014955"/>
</kw>
<kw name="Click button" owner="signup_page">
<kw name="Wait Until Keyword Succeeds" owner="BuiltIn">
<kw name="Click Element" owner="SeleniumLibrary">
<msg time="2025-04-16T02:29:35.969061" level="INFO">Clicking element 'xpath=//*[text()='Log out']'.</msg>
<arg>${button}</arg>
<doc>Click the element identified by ``locator``.</doc>
<status status="PASS" start="2025-04-16T02:29:35.968972" elapsed="0.025999"/>
</kw>
<arg>10</arg>
<arg>1</arg>
<arg>Click Element</arg>
<arg>${button}</arg>
<doc>Runs the specified keyword and retries if it fails.</doc>
<status status="PASS" start="2025-04-16T02:29:35.968873" elapsed="0.026296"/>
</kw>
<arg>${locator}</arg>
<status status="PASS" start="2025-04-16T02:29:35.968699" elapsed="0.026627"/>
</kw>
<arg>${logout_btn}</arg>
<status status="PASS" start="2025-04-16T02:29:35.949037" elapsed="0.046350"/>
</kw>
<kw name="Validate text displayed" owner="bahai_app">
<kw name="Validate text displayed in page" owner="signup_page">
<kw name="Wait Until Keyword Succeeds" owner="BuiltIn">
<kw name="Page Should Contain" owner="SeleniumLibrary">
<msg time="2025-04-16T02:29:36.022003" level="INFO">Current page contains text 'Sign in to your account'.</msg>
<arg>${expected_text}</arg>
<doc>Verifies that current page contains ``text``.</doc>
<status status="PASS" start="2025-04-16T02:29:36.017493" elapsed="0.004581"/>
</kw>
<arg>10</arg>
<arg>1</arg>
<arg>Page Should Contain</arg>
<arg>${expected_text}</arg>
<doc>Runs the specified keyword and retries if it fails.</doc>
<status status="PASS" start="2025-04-16T02:29:36.017355" elapsed="0.004791"/>
</kw>
<arg>${expected_text}</arg>
<status status="PASS" start="2025-04-16T02:29:36.016982" elapsed="0.005220"/>
</kw>
<arg>Sign in to your account</arg>
<status status="PASS" start="2025-04-16T02:29:35.995682" elapsed="0.026552"/>
</kw>
<kw name="Main Web Teardown" owner="common" type="TEARDOWN">
<kw name="Capture Page Screenshot" owner="SeleniumLibrary">
<msg time="2025-04-16T02:29:36.061599" level="INFO" html="true">&lt;/td&gt;&lt;/tr&gt;&lt;tr&gt;&lt;td colspan="3"&gt;&lt;a href="../screenshots/selenium-screenshot-3.png"&gt;&lt;img src="../screenshots/selenium-screenshot-3.png" width="800px"&gt;&lt;/a&gt;</msg>
<doc>Takes a screenshot of the current page and embeds it into a log file.</doc>
<status status="PASS" start="2025-04-16T02:29:36.022576" elapsed="0.039099"/>
</kw>
<kw name="Close All Browsers" owner="SeleniumLibrary">
<doc>Closes all open browsers and resets the browser cache.</doc>
<status status="PASS" start="2025-04-16T02:29:36.061806" elapsed="0.024838"/>
</kw>
<doc>Main web teardown</doc>
<status status="PASS" start="2025-04-16T02:29:36.022423" elapsed="0.064315"/>
</kw>
<doc>Validate user renavigates to logout page</doc>
<tag>signin</tag>
<status status="PASS" start="2025-04-16T02:29:31.071772" elapsed="5.015379"/>
</test>
<status status="PASS" start="2025-04-16T02:29:18.619733" elapsed="17.467954"/>
</suite>
<suite id="s1-s2" name="Fe User Registration" source="/Users/runner/work/bah.ai-automation/bah.ai-automation/tests/fe_user_registration.robot">
<test id="s1-s2-t1" name="Test Case 1: Validate user registration" line="11">
<kw name="Main Web Setup" owner="common" type="SETUP">
<kw name="Empty Directory" owner="OperatingSystem">
<msg time="2025-04-16T02:29:36.094874" level="INFO" html="true">Listing contents of directory '&lt;a href="file:///Users/runner/work/bah.ai-automation/bah.ai-automation/logs/screenshots"&gt;/Users/runner/work/bah.ai-automation/bah.ai-automation/logs/screenshots&lt;/a&gt;'.</msg>
<msg time="2025-04-16T02:29:36.098099" level="INFO" html="true">Emptied directory '&lt;a href="file:///Users/runner/work/bah.ai-automation/bah.ai-automation/logs/screenshots"&gt;/Users/runner/work/bah.ai-automation/bah.ai-automation/logs/screenshots&lt;/a&gt;'.</msg>
<arg>logs/screenshots</arg>
<doc>Deletes all the content from the given directory.</doc>
<status status="PASS" start="2025-04-16T02:29:36.094710" elapsed="0.003468"/>
</kw>
<kw name="Set Screenshot Directory" owner="SeleniumLibrary">
<arg>logs/screenshots</arg>
<doc>Sets the directory for captured screenshots.</doc>
<status status="PASS" start="2025-04-16T02:29:36.098400" elapsed="0.000180"/>
</kw>
<kw name="Open Browser" owner="SeleniumLibrary">
<msg time="2025-04-16T02:29:36.098912" level="INFO">Opening browser 'safari' to base url 'about:blank'.</msg>
<arg>about:blank</arg>
<arg>${browser}</arg>
<doc>Opens a new browser instance to the optional ``url``.</doc>
<status status="PASS" start="2025-04-16T02:29:36.098761" elapsed="6.212108"/>
</kw>
<kw name="Maximize Browser Window" owner="SeleniumLibrary">
<doc>Maximizes current browser window.</doc>
<status status="PASS" start="2025-04-16T02:29:42.311480" elapsed="0.012309"/>
</kw>
<arg>${BROWSER}</arg>
<doc>Main web setup</doc>
<status status="PASS" start="2025-04-16T02:29:36.094504" elapsed="6.229414"/>
</kw>
<kw name="Navigate to the login page" owner="bahai_app">
<kw name="Navigate to login page" owner="login_page">
<kw name="Go To" owner="SeleniumLibrary">
<msg time="2025-04-16T02:29:42.324638" level="INFO">Opening url 'https://v0-real-estate-marketplace-necizi.vercel.app/login'</msg>
<arg>${url}</arg>
<doc>Navigates the current browser window to the provided ``url``.</doc>
<status status="PASS" start="2025-04-16T02:29:42.324557" elapsed="0.485213"/>
</kw>
<arg>${url}</arg>
<status status="PASS" start="2025-04-16T02:29:42.324422" elapsed="0.485418"/>
</kw>
<kw name="Verify page loaded" owner="login_page">
<kw name="Wait Until Element Is Visible" owner="SeleniumLibrary">
<arg>${locator}</arg>
<doc>Waits until the element ``locator`` is visible.</doc>
<status status="PASS" start="2025-04-16T02:29:42.810124" elapsed="0.032744"/>
</kw>
<arg>${locator}</arg>
<status status="PASS" start="2025-04-16T02:29:42.809955" elapsed="0.032987"/>
</kw>
<arg>${LOGIN_PAGE}</arg>
<arg>${login_form}</arg>
<status status="PASS" start="2025-04-16T02:29:42.324154" elapsed="0.518818"/>
</kw>
<kw name="Click the signup button" owner="bahai_app">
<kw name="Verify page loaded" owner="login_page">
<kw name="Wait Until Element Is Visible" owner="SeleniumLibrary">
<arg>${locator}</arg>
<doc>Waits until the element ``locator`` is visible.</doc>
<status status="PASS" start="2025-04-16T02:29:42.843529" elapsed="0.015895"/>
</kw>
<arg>${locator}</arg>
<status status="PASS" start="2025-04-16T02:29:42.843407" elapsed="0.016101"/>
</kw>
<kw name="Click button" owner="login_page">
<kw name="Click Element" owner="SeleniumLibrary">
<msg time="2025-04-16T02:29:42.859970" level="INFO">Clicking element 'xpath=//*[text()='Sign up']'.</msg>
<arg>${button}</arg>
<doc>Click the element identified by ``locator``.</doc>
<status status="PASS" start="2025-04-16T02:29:42.859851" elapsed="0.055041"/>
</kw>
<arg>${locator}</arg>
<status status="PASS" start="2025-04-16T02:29:42.859650" elapsed="0.055319"/>
</kw>
<arg>${signup_btn}</arg>
<status status="PASS" start="2025-04-16T02:29:42.843232" elapsed="0.071766"/>
</kw>
<kw name="Enter credential" owner="bahai_app">
<kw name="Verify element visible" owner="signup_page">
<kw name="Wait Until Element Is Visible" owner="SeleniumLibrary">
<arg>${locator}</arg>
<doc>Waits until the element ``locator`` is visible.</doc>
<status status="PASS" start="2025-04-16T02:29:42.915605" elapsed="0.674845"/>
</kw>
<arg>${locator}</arg>
<status status="PASS" start="2025-04-16T02:29:42.915455" elapsed="0.675072"/>
</kw>
<kw name="Enter credential" owner="signup_page">
<kw name="Input Text" owner="SeleniumLibrary">
<msg time="2025-04-16T02:29:43.590939" level="INFO">Typing text 'John Doe' into text field 'id=name'.</msg>
<arg>${locator}</arg>
<arg>${credential}</arg>
<doc>Types the given ``text`` into the text field identified by ``locator``.</doc>
<status status="PASS" start="2025-04-16T02:29:43.590831" elapsed="0.091689"/>
</kw>
<arg>${credential}</arg>
<arg>${locator}</arg>
<status status="PASS" start="2025-04-16T02:29:43.590654" elapsed="0.091974"/>
</kw>
<arg>${name_field}</arg>
<arg>John Doe</arg>
<status status="PASS" start="2025-04-16T02:29:42.915153" elapsed="0.767505"/>
</kw>
<kw name="Enter credential" owner="bahai_app">
<kw name="Verify element visible" owner="signup_page">
<kw name="Wait Until Element Is Visible" owner="SeleniumLibrary">
<arg>${locator}</arg>
<doc>Waits until the element ``locator`` is visible.</doc>
<status status="PASS" start="2025-04-16T02:29:43.683093" elapsed="0.007838"/>
</kw>
<arg>${locator}</arg>
<status status="PASS" start="2025-04-16T02:29:43.682970" elapsed="0.008152"/>
</kw>
<kw name="Enter credential" owner="signup_page">
<kw name="Input Text" owner="SeleniumLibrary">
<msg time="2025-04-16T02:29:43.691607" level="INFO">Typing text 'sample@email.com' into text field 'id=email'.</msg>
<arg>${locator}</arg>
<arg>${credential}</arg>
<doc>Types the given ``text`` into the text field identified by ``locator``.</doc>
<status status="PASS" start="2025-04-16T02:29:43.691496" elapsed="0.137525"/>
</kw>
<arg>${credential}</arg>
<arg>${locator}</arg>
<status status="PASS" start="2025-04-16T02:29:43.691280" elapsed="0.137883"/>
</kw>
<arg>${email_field}</arg>
<arg>${EMAIL}</arg>
<status status="PASS" start="2025-04-16T02:29:43.682791" elapsed="0.147211"/>
</kw>
<kw name="Enter credential" owner="bahai_app">
<kw name="Verify element visible" owner="signup_page">
<kw name="Wait Until Element Is Visible" owner="SeleniumLibrary">
<arg>${locator}</arg>
<doc>Waits until the element ``locator`` is visible.</doc>
<status status="PASS" start="2025-04-16T02:29:43.830503" elapsed="0.008730"/>
</kw>
<arg>${locator}</arg>
<status status="PASS" start="2025-04-16T02:29:43.830370" elapsed="0.008933"/>
</kw>
<kw name="Enter credential" owner="signup_page">
<kw name="Input Text" owner="SeleniumLibrary">
<msg time="2025-04-16T02:29:43.839731" level="INFO">Typing text 'Password@123' into text field 'id=password'.</msg>
<arg>${locator}</arg>
<arg>${credential}</arg>
<doc>Types the given ``text`` into the text field identified by ``locator``.</doc>
<status status="PASS" start="2025-04-16T02:29:43.839600" elapsed="0.052840"/>
</kw>
<arg>${credential}</arg>
<arg>${locator}</arg>
<status status="PASS" start="2025-04-16T02:29:43.839415" elapsed="0.053105"/>
</kw>
<arg>${password_field}</arg>
<arg>${PASSWORD}</arg>
<status status="PASS" start="2025-04-16T02:29:43.830167" elapsed="0.062383"/>
</kw>
<kw name="Enter credential" owner="bahai_app">
<kw name="Verify element visible" owner="signup_page">
<kw name="Wait Until Element Is Visible" owner="SeleniumLibrary">
<arg>${locator}</arg>
<doc>Waits until the element ``locator`` is visible.</doc>
<status status="PASS" start="2025-04-16T02:29:43.893031" elapsed="0.007253"/>
</kw>
<arg>${locator}</arg>
<status status="PASS" start="2025-04-16T02:29:43.892888" elapsed="0.007555"/>
</kw>
<kw name="Enter credential" owner="signup_page">
<kw name="Input Text" owner="SeleniumLibrary">
<msg time="2025-04-16T02:29:43.901241" level="INFO">Typing text 'Password@123' into text field 'id=confirmPassword'.</msg>
<arg>${locator}</arg>
<arg>${credential}</arg>
<doc>Types the given ``text`` into the text field identified by ``locator``.</doc>
<status status="PASS" start="2025-04-16T02:29:43.901044" elapsed="0.044981"/>
</kw>
<arg>${credential}</arg>
<arg>${locator}</arg>
<status status="PASS" start="2025-04-16T02:29:43.900678" elapsed="0.045425"/>
</kw>
<arg>${confirm_password_field}</arg>
<arg>${PASSWORD}</arg>
<status status="PASS" start="2025-04-16T02:29:43.892681" elapsed="0.053452"/>
</kw>
<kw name="Click create account" owner="bahai_app">
<kw name="Verify element visible" owner="signup_page">
<kw name="Wait Until Element Is Visible" owner="SeleniumLibrary">
<arg>${locator}</arg>
<doc>Waits until the element ``locator`` is visible.</doc>
<status status="PASS" start="2025-04-16T02:29:43.946758" elapsed="0.008227"/>
</kw>
<arg>${locator}</arg>
<status status="PASS" start="2025-04-16T02:29:43.946512" elapsed="0.008553"/>
</kw>
<kw name="Click button" owner="signup_page">
<kw name="Wait Until Keyword Succeeds" owner="BuiltIn">
<kw name="Click Element" owner="SeleniumLibrary">
<msg time="2025-04-16T02:29:43.955667" level="INFO">Clicking element 'xpath=//*[text()='Create Account']'.</msg>
<arg>${button}</arg>
<doc>Click the element identified by ``locator``.</doc>
<status status="PASS" start="2025-04-16T02:29:43.955564" elapsed="0.029421"/>
</kw>
<arg>10</arg>
<arg>1</arg>
<arg>Click Element</arg>
<arg>${button}</arg>
<doc>Runs the specified keyword and retries if it fails.</doc>
<status status="PASS" start="2025-04-16T02:29:43.955393" elapsed="0.029652"/>
</kw>
<arg>${locator}</arg>
<status status="PASS" start="2025-04-16T02:29:43.955175" elapsed="0.029911"/>
</kw>
<arg>${create_account_btn}</arg>
<status status="PASS" start="2025-04-16T02:29:43.946260" elapsed="0.038853"/>
</kw>
<kw name="Validate name displayed" owner="bahai_app">
<kw name="Validate text displayed in page" owner="signup_page">
<kw name="Wait Until Keyword Succeeds" owner="BuiltIn">
<kw name="Page Should Contain" owner="SeleniumLibrary">
<msg time="2025-04-16T02:29:44.042235" level="INFO" html="true">&lt;/td&gt;&lt;/tr&gt;&lt;tr&gt;&lt;td colspan="3"&gt;&lt;a href="../screenshots/selenium-screenshot-1.png"&gt;&lt;img src="../screenshots/selenium-screenshot-1.png" width="800px"&gt;&lt;/a&gt;</msg>
<msg time="2025-04-16T02:29:44.042397" level="FAIL">Page should have contained text 'Welcome back, John!' but did not.</msg>
<arg>${expected_text}</arg>
<doc>Verifies that current page contains ``text``.</doc>
<status status="FAIL" start="2025-04-16T02:29:43.986253" elapsed="0.056719">Page should have contained text 'Welcome back, John!' but did not.</status>
</kw>
<kw name="Page Should Contain" owner="SeleniumLibrary">
<msg time="2025-04-16T02:29:45.126728" level="INFO" html="true">&lt;/td&gt;&lt;/tr&gt;&lt;tr&gt;&lt;td colspan="3"&gt;&lt;a href="../screenshots/selenium-screenshot-2.png"&gt;&lt;img src="../screenshots/selenium-screenshot-2.png" width="800px"&gt;&lt;/a&gt;</msg>
<msg time="2025-04-16T02:29:45.126884" level="FAIL">Page should have contained text 'Welcome back, John!' but did not.</msg>
<arg>${expected_text}</arg>
<doc>Verifies that current page contains ``text``.</doc>
<status status="FAIL" start="2025-04-16T02:29:45.087289" elapsed="0.039885">Page should have contained text 'Welcome back, John!' but did not.</status>
</kw>
<kw name="Page Should Contain" owner="SeleniumLibrary">
<msg time="2025-04-16T02:29:46.168003" level="INFO">Current page contains text 'Welcome back, John!'.</msg>
<arg>${expected_text}</arg>
<doc>Verifies that current page contains ``text``.</doc>
<status status="PASS" start="2025-04-16T02:29:46.162542" elapsed="0.005528"/>
</kw>
<arg>10</arg>
<arg>1</arg>
<arg>Page Should Contain</arg>
<arg>${expected_text}</arg>
<doc>Runs the specified keyword and retries if it fails.</doc>
<status status="PASS" start="2025-04-16T02:29:43.986151" elapsed="2.181971"/>
</kw>
<arg>${expected_text}</arg>
<status status="PASS" start="2025-04-16T02:29:43.986015" elapsed="2.182155"/>
</kw>
<arg>Welcome back, John!</arg>
<status status="PASS" start="2025-04-16T02:29:43.985395" elapsed="2.182809"/>
</kw>
<kw name="Main Web Teardown" owner="common" type="TEARDOWN">
<kw name="Capture Page Screenshot" owner="SeleniumLibrary">
<msg time="2025-04-16T02:29:46.205098" level="INFO" html="true">&lt;/td&gt;&lt;/tr&gt;&lt;tr&gt;&lt;td colspan="3"&gt;&lt;a href="../screenshots/selenium-screenshot-3.png"&gt;&lt;img src="../screenshots/selenium-screenshot-3.png" width="800px"&gt;&lt;/a&gt;</msg>
<doc>Takes a screenshot of the current page and embeds it into a log file.</doc>
<status status="PASS" start="2025-04-16T02:29:46.168627" elapsed="0.036567"/>
</kw>
<kw name="Close All Browsers" owner="SeleniumLibrary">
<doc>Closes all open browsers and resets the browser cache.</doc>
<status status="PASS" start="2025-04-16T02:29:46.205335" elapsed="0.222010"/>
</kw>
<doc>Main web teardown</doc>
<status status="PASS" start="2025-04-16T02:29:46.168423" elapsed="0.259057"/>
</kw>
<doc>Validate user registration</doc>
<tag>signup</tag>
<status status="PASS" start="2025-04-16T02:29:36.094119" elapsed="10.333413"/>
</test>
<status status="PASS" start="2025-04-16T02:29:36.088020" elapsed="10.339931"/>
</suite>
<status status="PASS" start="2025-04-16T02:29:18.609330" elapsed="27.819053"/>
</suite>
<statistics>
<total>
<stat pass="3" fail="0" skip="0">All Tests</stat>
</total>
<tag>
<stat pass="2" fail="0" skip="0">signin</stat>
<stat pass="1" fail="0" skip="0">signup</stat>
</tag>
<suite>
<stat name="Tests" id="s1" pass="3" fail="0" skip="0">Tests</stat>
<stat name="Fe User Login" id="s1-s1" pass="2" fail="0" skip="0">Tests.Fe User Login</stat>
<stat name="Fe User Registration" id="s1-s2" pass="1" fail="0" skip="0">Tests.Fe User Registration</stat>
</suite>
</statistics>
<errors>
</errors>
</robot>
