<?xml version="1.0" encoding="UTF-8"?>
<robot generator="Robot 7.2.2 (Python 3.12.9 on linux)" generated="2025-04-16T02:56:40.612962" rpa="false" schemaversion="5">
<suite id="s1" name="Tests" source="/home/runner/work/bah.ai-automation/bah.ai-automation/tests">
<suite id="s1-s1" name="Fe User Login" source="/home/runner/work/bah.ai-automation/bah.ai-automation/tests/fe_user_login.robot">
<test id="s1-s1-t1" name="Test Case 1: Validate user registration" line="15">
<kw name="Main Web Setup" owner="common" type="SETUP">
<kw name="Create Directory" owner="OperatingSystem">
<msg time="2025-04-16T02:56:40.785258" level="INFO" html="true">Created directory '&lt;a href="file:///home/runner/work/bah.ai-automation/bah.ai-automation/logs/headlesschrome/screenshots"&gt;/home/runner/work/bah.ai-automation/bah.ai-automation/logs/headlesschrome/screenshots&lt;/a&gt;'.</msg>
<arg>logs/${browser}/screenshots</arg>
<doc>Creates the specified directory.</doc>
<status status="PASS" start="2025-04-16T02:56:40.784967" elapsed="0.000365"/>
</kw>
<kw name="Empty Directory" owner="OperatingSystem">
<msg time="2025-04-16T02:56:40.785636" level="INFO" html="true">Listing contents of directory '&lt;a href="file:///home/runner/work/bah.ai-automation/bah.ai-automation/logs/headlesschrome/screenshots"&gt;/home/runner/work/bah.ai-automation/bah.ai-automation/logs/headlesschrome/screenshots&lt;/a&gt;'.</msg>
<msg time="2025-04-16T02:56:40.785702" level="INFO" html="true">Emptied directory '&lt;a href="file:///home/runner/work/bah.ai-automation/bah.ai-automation/logs/headlesschrome/screenshots"&gt;/home/runner/work/bah.ai-automation/bah.ai-automation/logs/headlesschrome/screenshots&lt;/a&gt;'.</msg>
<arg>logs/${browser}/screenshots</arg>
<doc>Deletes all the content from the given directory.</doc>
<status status="PASS" start="2025-04-16T02:56:40.785491" elapsed="0.000280"/>
</kw>
<kw name="Set Screenshot Directory" owner="SeleniumLibrary">
<arg>logs/${browser}/screenshots</arg>
<doc>Sets the directory for captured screenshots.</doc>
<status status="PASS" start="2025-04-16T02:56:40.785900" elapsed="0.000199"/>
</kw>
<kw name="Open Browser" owner="SeleniumLibrary">
<msg time="2025-04-16T02:56:40.786397" level="INFO">Opening browser 'headlesschrome' to base url 'about:blank'.</msg>
<arg>about:blank</arg>
<arg>${browser}</arg>
<doc>Opens a new browser instance to the optional ``url``.</doc>
<status status="PASS" start="2025-04-16T02:56:40.786226" elapsed="1.329062"/>
</kw>
<kw name="Maximize Browser Window" owner="SeleniumLibrary">
<doc>Maximizes current browser window.</doc>
<status status="PASS" start="2025-04-16T02:56:42.115547" elapsed="0.013382"/>
</kw>
<arg>${BROWSER}</arg>
<doc>Main web setup</doc>
<status status="PASS" start="2025-04-16T02:56:40.784178" elapsed="1.344851"/>
</kw>
<kw name="Navigate to the login page" owner="bahai_app">
<kw name="Navigate to login page" owner="login_page">
<kw name="Go To" owner="SeleniumLibrary">
<msg time="2025-04-16T02:56:42.130079" level="INFO">Opening url 'https://v0-real-estate-marketplace-necizi.vercel.app/login'</msg>
<arg>${url}</arg>
<doc>Navigates the current browser window to the provided ``url``.</doc>
<status status="PASS" start="2025-04-16T02:56:42.129952" elapsed="0.238457"/>
</kw>
<arg>${url}</arg>
<status status="PASS" start="2025-04-16T02:56:42.129685" elapsed="0.238884"/>
</kw>
<kw name="Verify page loaded" owner="login_page">
<kw name="Wait Until Element Is Visible" owner="SeleniumLibrary">
<arg>${locator}</arg>
<doc>Waits until the element ``locator`` is visible.</doc>
<status status="PASS" start="2025-04-16T02:56:42.369277" elapsed="0.053159"/>
</kw>
<arg>${locator}</arg>
<status status="PASS" start="2025-04-16T02:56:42.368832" elapsed="0.053762"/>
</kw>
<arg>${LOGIN_PAGE}</arg>
<arg>${login_form}</arg>
<status status="PASS" start="2025-04-16T02:56:42.129271" elapsed="0.293406"/>
</kw>
<kw name="Enter credential" owner="bahai_app">
<kw name="Verify element visible" owner="signup_page">
<kw name="Wait Until Element Is Visible" owner="SeleniumLibrary">
<arg>${locator}</arg>
<doc>Waits until the element ``locator`` is visible.</doc>
<status status="PASS" start="2025-04-16T02:56:42.423631" elapsed="0.024490"/>
</kw>
<arg>${locator}</arg>
<status status="PASS" start="2025-04-16T02:56:42.423332" elapsed="0.024944"/>
</kw>
<kw name="Enter credential" owner="signup_page">
<kw name="Input Text" owner="SeleniumLibrary">
<msg time="2025-04-16T02:56:42.449368" level="INFO">Typing text 'sample@email.com' into text field 'id=email'.</msg>
<arg>${locator}</arg>
<arg>${credential}</arg>
<doc>Types the given ``text`` into the text field identified by ``locator``.</doc>
<status status="PASS" start="2025-04-16T02:56:42.449096" elapsed="0.120937"/>
</kw>
<arg>${credential}</arg>
<arg>${locator}</arg>
<status status="PASS" start="2025-04-16T02:56:42.448573" elapsed="0.121603"/>
</kw>
<arg>${login_email_field}</arg>
<arg>${EMAIL}</arg>
<status status="PASS" start="2025-04-16T02:56:42.422966" elapsed="0.147279"/>
</kw>
<kw name="Enter credential" owner="bahai_app">
<kw name="Verify element visible" owner="signup_page">
<kw name="Wait Until Element Is Visible" owner="SeleniumLibrary">
<arg>${locator}</arg>
<doc>Waits until the element ``locator`` is visible.</doc>
<status status="PASS" start="2025-04-16T02:56:42.571140" elapsed="0.013686"/>
</kw>
<arg>${locator}</arg>
<status status="PASS" start="2025-04-16T02:56:42.570872" elapsed="0.014082"/>
</kw>
<kw name="Enter credential" owner="signup_page">
<kw name="Input Text" owner="SeleniumLibrary">
<msg time="2025-04-16T02:56:42.585775" level="INFO">Typing text 'Password@123' into text field 'id=password'.</msg>
<arg>${locator}</arg>
<arg>${credential}</arg>
<doc>Types the given ``text`` into the text field identified by ``locator``.</doc>
<status status="PASS" start="2025-04-16T02:56:42.585556" elapsed="0.066984"/>
</kw>
<arg>${credential}</arg>
<arg>${locator}</arg>
<status status="PASS" start="2025-04-16T02:56:42.585153" elapsed="0.067512"/>
</kw>
<arg>${login_password_field}</arg>
<arg>${PASSWORD}</arg>
<status status="PASS" start="2025-04-16T02:56:42.570487" elapsed="0.082243"/>
</kw>
<kw name="Click sign in" owner="bahai_app">
<kw name="Verify page loaded" owner="login_page">
<kw name="Wait Until Element Is Visible" owner="SeleniumLibrary">
<arg>${locator}</arg>
<doc>Waits until the element ``locator`` is visible.</doc>
<status status="PASS" start="2025-04-16T02:56:42.653612" elapsed="0.013248"/>
</kw>
<arg>${locator}</arg>
<status status="PASS" start="2025-04-16T02:56:42.653303" elapsed="0.013642"/>
</kw>
<kw name="Click button" owner="login_page">
<kw name="Click Element" owner="SeleniumLibrary">
<msg time="2025-04-16T02:56:42.667698" level="INFO">Clicking element 'xpath=//*[text()='Sign in']'.</msg>
<arg>${button}</arg>
<doc>Click the element identified by ``locator``.</doc>
<status status="PASS" start="2025-04-16T02:56:42.667488" elapsed="0.057158"/>
</kw>
<arg>${locator}</arg>
<status status="PASS" start="2025-04-16T02:56:42.667096" elapsed="0.057688"/>
</kw>
<arg>${signin_btn}</arg>
<status status="PASS" start="2025-04-16T02:56:42.652947" elapsed="0.071903"/>
</kw>
<kw name="Validate name displayed" owner="bahai_app">
<kw name="Validate text displayed in page" owner="signup_page">
<kw name="Wait Until Keyword Succeeds" owner="BuiltIn">
<kw name="Page Should Contain" owner="SeleniumLibrary">
<msg time="2025-04-16T02:56:42.849451" level="INFO" html="true">&lt;/td&gt;&lt;/tr&gt;&lt;tr&gt;&lt;td colspan="3"&gt;&lt;a href="../headlesschrome/screenshots/selenium-screenshot-1.png"&gt;&lt;img src="../headlesschrome/screenshots/selenium-screenshot-1.png" width="800px"&gt;&lt;/a&gt;</msg>
<msg time="2025-04-16T02:56:42.849633" level="FAIL">Page should have contained text 'Welcome back, sample!' but did not.</msg>
<arg>${expected_text}</arg>
<doc>Verifies that current page contains ``text``.</doc>
<status status="FAIL" start="2025-04-16T02:56:42.725987" elapsed="0.124529">Page should have contained text 'Welcome back, sample!' but did not.</status>
</kw>
<kw name="Page Should Contain" owner="SeleniumLibrary">
<msg time="2025-04-16T02:56:43.944789" level="INFO" html="true">&lt;/td&gt;&lt;/tr&gt;&lt;tr&gt;&lt;td colspan="3"&gt;&lt;a href="../headlesschrome/screenshots/selenium-screenshot-2.png"&gt;&lt;img src="../headlesschrome/screenshots/selenium-screenshot-2.png" width="800px"&gt;&lt;/a&gt;</msg>
<msg time="2025-04-16T02:56:43.945029" level="FAIL">Page should have contained text 'Welcome back, sample!' but did not.</msg>
<arg>${expected_text}</arg>
<doc>Verifies that current page contains ``text``.</doc>
<status status="FAIL" start="2025-04-16T02:56:43.850948" elapsed="0.094500">Page should have contained text 'Welcome back, sample!' but did not.</status>
</kw>
<kw name="Page Should Contain" owner="SeleniumLibrary">
<msg time="2025-04-16T02:56:44.953744" level="INFO">Current page contains text 'Welcome back, sample!'.</msg>
<arg>${expected_text}</arg>
<doc>Verifies that current page contains ``text``.</doc>
<status status="PASS" start="2025-04-16T02:56:44.945857" elapsed="0.007963"/>
</kw>
<arg>10</arg>
<arg>1</arg>
<arg>Page Should Contain</arg>
<arg>${expected_text}</arg>
<doc>Runs the specified keyword and retries if it fails.</doc>
<status status="PASS" start="2025-04-16T02:56:42.725766" elapsed="2.228130"/>
</kw>
<arg>${expected_text}</arg>
<status status="PASS" start="2025-04-16T02:56:42.725477" elapsed="2.228498"/>
</kw>
<arg>Welcome back, sample!</arg>
<status status="PASS" start="2025-04-16T02:56:42.725068" elapsed="2.228962"/>
</kw>
<kw name="Main Web Teardown" owner="common" type="TEARDOWN">
<kw name="Capture Page Screenshot" owner="SeleniumLibrary">
<msg time="2025-04-16T02:56:45.048605" level="INFO" html="true">&lt;/td&gt;&lt;/tr&gt;&lt;tr&gt;&lt;td colspan="3"&gt;&lt;a href="../headlesschrome/screenshots/selenium-screenshot-3.png"&gt;&lt;img src="../headlesschrome/screenshots/selenium-screenshot-3.png" width="800px"&gt;&lt;/a&gt;</msg>
<doc>Takes a screenshot of the current page and embeds it into a log file.</doc>
<status status="PASS" start="2025-04-16T02:56:44.954567" elapsed="0.094168"/>
</kw>
<kw name="Close All Browsers" owner="SeleniumLibrary">
<doc>Closes all open browsers and resets the browser cache.</doc>
<status status="PASS" start="2025-04-16T02:56:45.048961" elapsed="0.076242"/>
</kw>
<doc>Main web teardown</doc>
<status status="PASS" start="2025-04-16T02:56:44.954277" elapsed="0.171037"/>
</kw>
<doc>Validate user registration</doc>
<tag>signin</tag>
<status status="PASS" start="2025-04-16T02:56:40.783338" elapsed="4.342059"/>
</test>
<test id="s1-s1-t2" name="Test Case 2: Validate logout navigation" line="27">
<kw name="Main Web Setup" owner="common" type="SETUP">
<kw name="Create Directory" owner="OperatingSystem">
<msg time="2025-04-16T02:56:45.126667" level="INFO" html="true">Directory '&lt;a href="file:///home/runner/work/bah.ai-automation/bah.ai-automation/logs/headlesschrome/screenshots"&gt;/home/runner/work/bah.ai-automation/bah.ai-automation/logs/headlesschrome/screenshots&lt;/a&gt;' already exists.</msg>
<arg>logs/${browser}/screenshots</arg>
<doc>Creates the specified directory.</doc>
<status status="PASS" start="2025-04-16T02:56:45.126506" elapsed="0.000213"/>
</kw>
<kw name="Empty Directory" owner="OperatingSystem">
<msg time="2025-04-16T02:56:45.126952" level="INFO" html="true">Listing contents of directory '&lt;a href="file:///home/runner/work/bah.ai-automation/bah.ai-automation/logs/headlesschrome/screenshots"&gt;/home/runner/work/bah.ai-automation/bah.ai-automation/logs/headlesschrome/screenshots&lt;/a&gt;'.</msg>
<msg time="2025-04-16T02:56:45.127141" level="INFO" html="true">Emptied directory '&lt;a href="file:///home/runner/work/bah.ai-automation/bah.ai-automation/logs/headlesschrome/screenshots"&gt;/home/runner/work/bah.ai-automation/bah.ai-automation/logs/headlesschrome/screenshots&lt;/a&gt;'.</msg>
<arg>logs/${browser}/screenshots</arg>
<doc>Deletes all the content from the given directory.</doc>
<status status="PASS" start="2025-04-16T02:56:45.126825" elapsed="0.000373"/>
</kw>
<kw name="Set Screenshot Directory" owner="SeleniumLibrary">
<arg>logs/${browser}/screenshots</arg>
<doc>Sets the directory for captured screenshots.</doc>
<status status="PASS" start="2025-04-16T02:56:45.127322" elapsed="0.000210"/>
</kw>
<kw name="Open Browser" owner="SeleniumLibrary">
<msg time="2025-04-16T02:56:45.127808" level="INFO">Opening browser 'headlesschrome' to base url 'about:blank'.</msg>
<arg>about:blank</arg>
<arg>${browser}</arg>
<doc>Opens a new browser instance to the optional ``url``.</doc>
<status status="PASS" start="2025-04-16T02:56:45.127660" elapsed="0.323369"/>
</kw>
<kw name="Maximize Browser Window" owner="SeleniumLibrary">
<doc>Maximizes current browser window.</doc>
<status status="PASS" start="2025-04-16T02:56:45.451329" elapsed="0.013806"/>
</kw>
<arg>${BROWSER}</arg>
<doc>Main web setup</doc>
<status status="PASS" start="2025-04-16T02:56:45.126200" elapsed="0.339036"/>
</kw>
<kw name="Navigate to the login page" owner="bahai_app">
<kw name="Navigate to login page" owner="login_page">
<kw name="Go To" owner="SeleniumLibrary">
<msg time="2025-04-16T02:56:45.466211" level="INFO">Opening url 'https://v0-real-estate-marketplace-necizi.vercel.app/login'</msg>
<arg>${url}</arg>
<doc>Navigates the current browser window to the provided ``url``.</doc>
<status status="PASS" start="2025-04-16T02:56:45.466088" elapsed="0.175609"/>
</kw>
<arg>${url}</arg>
<status status="PASS" start="2025-04-16T02:56:45.465845" elapsed="0.176006"/>
</kw>
<kw name="Verify page loaded" owner="login_page">
<kw name="Wait Until Element Is Visible" owner="SeleniumLibrary">
<arg>${locator}</arg>
<doc>Waits until the element ``locator`` is visible.</doc>
<status status="PASS" start="2025-04-16T02:56:45.642483" elapsed="0.029514"/>
</kw>
<arg>${locator}</arg>
<status status="PASS" start="2025-04-16T02:56:45.642122" elapsed="0.030006"/>
</kw>
<arg>${LOGIN_PAGE}</arg>
<arg>${login_form}</arg>
<status status="PASS" start="2025-04-16T02:56:45.465485" elapsed="0.206715"/>
</kw>
<kw name="Enter credential" owner="bahai_app">
<kw name="Verify element visible" owner="signup_page">
<kw name="Wait Until Element Is Visible" owner="SeleniumLibrary">
<arg>${locator}</arg>
<doc>Waits until the element ``locator`` is visible.</doc>
<status status="PASS" start="2025-04-16T02:56:45.673496" elapsed="0.021731"/>
</kw>
<arg>${locator}</arg>
<status status="PASS" start="2025-04-16T02:56:45.673064" elapsed="0.022298"/>
</kw>
<kw name="Enter credential" owner="signup_page">
<kw name="Input Text" owner="SeleniumLibrary">
<msg time="2025-04-16T02:56:45.696348" level="INFO">Typing text 'sample@email.com' into text field 'id=email'.</msg>
<arg>${locator}</arg>
<arg>${credential}</arg>
<doc>Types the given ``text`` into the text field identified by ``locator``.</doc>
<status status="PASS" start="2025-04-16T02:56:45.696027" elapsed="0.104010"/>
</kw>
<arg>${credential}</arg>
<arg>${locator}</arg>
<status status="PASS" start="2025-04-16T02:56:45.695602" elapsed="0.104560"/>
</kw>
<arg>${login_email_field}</arg>
<arg>${EMAIL}</arg>
<status status="PASS" start="2025-04-16T02:56:45.672506" elapsed="0.127722"/>
</kw>
<kw name="Enter credential" owner="bahai_app">
<kw name="Verify element visible" owner="signup_page">
<kw name="Wait Until Element Is Visible" owner="SeleniumLibrary">
<arg>${locator}</arg>
<doc>Waits until the element ``locator`` is visible.</doc>
<status status="PASS" start="2025-04-16T02:56:45.801325" elapsed="0.013189"/>
</kw>
<arg>${locator}</arg>
<status status="PASS" start="2025-04-16T02:56:45.801047" elapsed="0.013551"/>
</kw>
<kw name="Enter credential" owner="signup_page">
<kw name="Input Text" owner="SeleniumLibrary">
<msg time="2025-04-16T02:56:45.815239" level="INFO">Typing text 'Password@123' into text field 'id=password'.</msg>
<arg>${locator}</arg>
<arg>${credential}</arg>
<doc>Types the given ``text`` into the text field identified by ``locator``.</doc>
<status status="PASS" start="2025-04-16T02:56:45.815044" elapsed="0.063870"/>
</kw>
<arg>${credential}</arg>
<arg>${locator}</arg>
<status status="PASS" start="2025-04-16T02:56:45.814747" elapsed="0.064293"/>
</kw>
<arg>${login_password_field}</arg>
<arg>${PASSWORD}</arg>
<status status="PASS" start="2025-04-16T02:56:45.800496" elapsed="0.078609"/>
</kw>
<kw name="Click sign in" owner="bahai_app">
<kw name="Verify page loaded" owner="login_page">
<kw name="Wait Until Element Is Visible" owner="SeleniumLibrary">
<arg>${locator}</arg>
<doc>Waits until the element ``locator`` is visible.</doc>
<status status="PASS" start="2025-04-16T02:56:45.879939" elapsed="0.013454"/>
</kw>
<arg>${locator}</arg>
<status status="PASS" start="2025-04-16T02:56:45.879682" elapsed="0.013868"/>
</kw>
<kw name="Click button" owner="login_page">
<kw name="Click Element" owner="SeleniumLibrary">
<msg time="2025-04-16T02:56:45.894201" level="INFO">Clicking element 'xpath=//*[text()='Sign in']'.</msg>
<arg>${button}</arg>
<doc>Click the element identified by ``locator``.</doc>
<status status="PASS" start="2025-04-16T02:56:45.894020" elapsed="0.049658"/>
</kw>
<arg>${locator}</arg>
<status status="PASS" start="2025-04-16T02:56:45.893725" elapsed="0.050106"/>
</kw>
<arg>${signin_btn}</arg>
<status status="PASS" start="2025-04-16T02:56:45.879316" elapsed="0.064590"/>
</kw>
<kw name="Validate name displayed" owner="bahai_app">
<kw name="Validate text displayed in page" owner="signup_page">
<kw name="Wait Until Keyword Succeeds" owner="BuiltIn">
<kw name="Page Should Contain" owner="SeleniumLibrary">
<msg time="2025-04-16T02:56:46.060755" level="INFO" html="true">&lt;/td&gt;&lt;/tr&gt;&lt;tr&gt;&lt;td colspan="3"&gt;&lt;a href="../headlesschrome/screenshots/selenium-screenshot-1.png"&gt;&lt;img src="../headlesschrome/screenshots/selenium-screenshot-1.png" width="800px"&gt;&lt;/a&gt;</msg>
<msg time="2025-04-16T02:56:46.060909" level="FAIL">Page should have contained text 'Welcome back, sample!' but did not.</msg>
<arg>${expected_text}</arg>
<doc>Verifies that current page contains ``text``.</doc>
<status status="FAIL" start="2025-04-16T02:56:45.945128" elapsed="0.116084">Page should have contained text 'Welcome back, sample!' but did not.</status>
</kw>
<kw name="Page Should Contain" owner="SeleniumLibrary">
<msg time="2025-04-16T02:56:47.158859" level="INFO" html="true">&lt;/td&gt;&lt;/tr&gt;&lt;tr&gt;&lt;td colspan="3"&gt;&lt;a href="../headlesschrome/screenshots/selenium-screenshot-2.png"&gt;&lt;img src="../headlesschrome/screenshots/selenium-screenshot-2.png" width="800px"&gt;&lt;/a&gt;</msg>
<msg time="2025-04-16T02:56:47.159004" level="FAIL">Page should have contained text 'Welcome back, sample!' but did not.</msg>
<arg>${expected_text}</arg>
<doc>Verifies that current page contains ``text``.</doc>
<status status="FAIL" start="2025-04-16T02:56:47.061619" elapsed="0.097677">Page should have contained text 'Welcome back, sample!' but did not.</status>
</kw>
<kw name="Page Should Contain" owner="SeleniumLibrary">
<msg time="2025-04-16T02:56:48.167856" level="INFO">Current page contains text 'Welcome back, sample!'.</msg>
<arg>${expected_text}</arg>
<doc>Verifies that current page contains ``text``.</doc>
<status status="PASS" start="2025-04-16T02:56:48.159691" elapsed="0.008242"/>
</kw>
<arg>10</arg>
<arg>1</arg>
<arg>Page Should Contain</arg>
<arg>${expected_text}</arg>
<doc>Runs the specified keyword and retries if it fails.</doc>
<status status="PASS" start="2025-04-16T02:56:45.944835" elapsed="2.223174"/>
</kw>
<arg>${expected_text}</arg>
<status status="PASS" start="2025-04-16T02:56:45.944510" elapsed="2.223571"/>
</kw>
<arg>Welcome back, sample!</arg>
<status status="PASS" start="2025-04-16T02:56:45.944160" elapsed="2.223975"/>
</kw>
<kw name="Click button" owner="bahai_app">
<kw name="Verify element visible" owner="signup_page">
<kw name="Wait Until Element Is Visible" owner="SeleniumLibrary">
<arg>${locator}</arg>
<doc>Waits until the element ``locator`` is visible.</doc>
<status status="PASS" start="2025-04-16T02:56:48.168874" elapsed="0.012248"/>
</kw>
<arg>${locator}</arg>
<status status="PASS" start="2025-04-16T02:56:48.168638" elapsed="0.012561"/>
</kw>
<kw name="Click button" owner="signup_page">
<kw name="Wait Until Keyword Succeeds" owner="BuiltIn">
<kw name="Click Element" owner="SeleniumLibrary">
<msg time="2025-04-16T02:56:48.181964" level="INFO">Clicking element 'xpath=//div[text()='S']'.</msg>
<arg>${button}</arg>
<doc>Click the element identified by ``locator``.</doc>
<status status="PASS" start="2025-04-16T02:56:48.181810" elapsed="0.070305"/>
</kw>
<arg>10</arg>
<arg>1</arg>
<arg>Click Element</arg>
<arg>${button}</arg>
<doc>Runs the specified keyword and retries if it fails.</doc>
<status status="PASS" start="2025-04-16T02:56:48.181629" elapsed="0.070634"/>
</kw>
<arg>${locator}</arg>
<status status="PASS" start="2025-04-16T02:56:48.181337" elapsed="0.071074"/>
</kw>
<arg>${profile_icon}</arg>
<status status="PASS" start="2025-04-16T02:56:48.168311" elapsed="0.084174"/>
</kw>
<kw name="Click button" owner="bahai_app">
<kw name="Verify element visible" owner="signup_page">
<kw name="Wait Until Element Is Visible" owner="SeleniumLibrary">
<arg>${locator}</arg>
<doc>Waits until the element ``locator`` is visible.</doc>
<status status="PASS" start="2025-04-16T02:56:48.253633" elapsed="0.020262"/>
</kw>
<arg>${locator}</arg>
<status status="PASS" start="2025-04-16T02:56:48.253238" elapsed="0.020773"/>
</kw>
<kw name="Click button" owner="signup_page">
<kw name="Wait Until Keyword Succeeds" owner="BuiltIn">
<kw name="Click Element" owner="SeleniumLibrary">
<msg time="2025-04-16T02:56:48.274968" level="INFO">Clicking element 'xpath=//*[text()='Log out']'.</msg>
<arg>${button}</arg>
<doc>Click the element identified by ``locator``.</doc>
<status status="PASS" start="2025-04-16T02:56:48.274777" elapsed="0.055269"/>
</kw>
<arg>10</arg>
<arg>1</arg>
<arg>Click Element</arg>
<arg>${button}</arg>
<doc>Runs the specified keyword and retries if it fails.</doc>
<status status="PASS" start="2025-04-16T02:56:48.274579" elapsed="0.055569"/>
</kw>
<arg>${locator}</arg>
<status status="PASS" start="2025-04-16T02:56:48.274212" elapsed="0.056015"/>
</kw>
<arg>${logout_btn}</arg>
<status status="PASS" start="2025-04-16T02:56:48.252770" elapsed="0.077515"/>
</kw>
<kw name="Validate text displayed" owner="bahai_app">
<kw name="Validate text displayed in page" owner="signup_page">
<kw name="Wait Until Keyword Succeeds" owner="BuiltIn">
<kw name="Page Should Contain" owner="SeleniumLibrary">
<msg time="2025-04-16T02:56:48.345546" level="INFO">Current page contains text 'Sign in to your account'.</msg>
<arg>${expected_text}</arg>
<doc>Verifies that current page contains ``text``.</doc>
<status status="PASS" start="2025-04-16T02:56:48.331248" elapsed="0.014389"/>
</kw>
<arg>10</arg>
<arg>1</arg>
<arg>Page Should Contain</arg>
<arg>${expected_text}</arg>
<doc>Runs the specified keyword and retries if it fails.</doc>
<status status="PASS" start="2025-04-16T02:56:48.331060" elapsed="0.014656"/>
</kw>
<arg>${expected_text}</arg>
<status status="PASS" start="2025-04-16T02:56:48.330800" elapsed="0.014988"/>
</kw>
<arg>Sign in to your account</arg>
<status status="PASS" start="2025-04-16T02:56:48.330499" elapsed="0.015343"/>
</kw>
<kw name="Main Web Teardown" owner="common" type="TEARDOWN">
<kw name="Capture Page Screenshot" owner="SeleniumLibrary">
<msg time="2025-04-16T02:56:48.442949" level="INFO" html="true">&lt;/td&gt;&lt;/tr&gt;&lt;tr&gt;&lt;td colspan="3"&gt;&lt;a href="../headlesschrome/screenshots/selenium-screenshot-3.png"&gt;&lt;img src="../headlesschrome/screenshots/selenium-screenshot-3.png" width="800px"&gt;&lt;/a&gt;</msg>
<doc>Takes a screenshot of the current page and embeds it into a log file.</doc>
<status status="PASS" start="2025-04-16T02:56:48.346402" elapsed="0.096659"/>
</kw>
<kw name="Close All Browsers" owner="SeleniumLibrary">
<doc>Closes all open browsers and resets the browser cache.</doc>
<status status="PASS" start="2025-04-16T02:56:48.443249" elapsed="0.059855"/>
</kw>
<doc>Main web teardown</doc>
<status status="PASS" start="2025-04-16T02:56:48.346103" elapsed="0.157113"/>
</kw>
<doc>Validate user renavigates to logout page</doc>
<tag>signin</tag>
<status status="PASS" start="2025-04-16T02:56:45.125747" elapsed="3.377531"/>
</test>
<status status="PASS" start="2025-04-16T02:56:40.635117" elapsed="7.868727"/>
</suite>
<suite id="s1-s2" name="Fe User Registration" source="/home/runner/work/bah.ai-automation/bah.ai-automation/tests/fe_user_registration.robot">
<test id="s1-s2-t1" name="Test Case 1: Validate user registration" line="11">
<kw name="Main Web Setup" owner="common" type="SETUP">
<kw name="Create Directory" owner="OperatingSystem">
<msg time="2025-04-16T02:56:48.509798" level="INFO" html="true">Directory '&lt;a href="file:///home/runner/work/bah.ai-automation/bah.ai-automation/logs/headlesschrome/screenshots"&gt;/home/runner/work/bah.ai-automation/bah.ai-automation/logs/headlesschrome/screenshots&lt;/a&gt;' already exists.</msg>
<arg>logs/${browser}/screenshots</arg>
<doc>Creates the specified directory.</doc>
<status status="PASS" start="2025-04-16T02:56:48.509616" elapsed="0.000235"/>
</kw>
<kw name="Empty Directory" owner="OperatingSystem">
<msg time="2025-04-16T02:56:48.510078" level="INFO" html="true">Listing contents of directory '&lt;a href="file:///home/runner/work/bah.ai-automation/bah.ai-automation/logs/headlesschrome/screenshots"&gt;/home/runner/work/bah.ai-automation/bah.ai-automation/logs/headlesschrome/screenshots&lt;/a&gt;'.</msg>
<msg time="2025-04-16T02:56:48.510251" level="INFO" html="true">Emptied directory '&lt;a href="file:///home/runner/work/bah.ai-automation/bah.ai-automation/logs/headlesschrome/screenshots"&gt;/home/runner/work/bah.ai-automation/bah.ai-automation/logs/headlesschrome/screenshots&lt;/a&gt;'.</msg>
<arg>logs/${browser}/screenshots</arg>
<doc>Deletes all the content from the given directory.</doc>
<status status="PASS" start="2025-04-16T02:56:48.509958" elapsed="0.000346"/>
</kw>
<kw name="Set Screenshot Directory" owner="SeleniumLibrary">
<arg>logs/${browser}/screenshots</arg>
<doc>Sets the directory for captured screenshots.</doc>
<status status="PASS" start="2025-04-16T02:56:48.510442" elapsed="0.000179"/>
</kw>
<kw name="Open Browser" owner="SeleniumLibrary">
<msg time="2025-04-16T02:56:48.510883" level="INFO">Opening browser 'headlesschrome' to base url 'about:blank'.</msg>
<arg>about:blank</arg>
<arg>${browser}</arg>
<doc>Opens a new browser instance to the optional ``url``.</doc>
<status status="PASS" start="2025-04-16T02:56:48.510741" elapsed="0.329430"/>
</kw>
<kw name="Maximize Browser Window" owner="SeleniumLibrary">
<doc>Maximizes current browser window.</doc>
<status status="PASS" start="2025-04-16T02:56:48.840418" elapsed="0.016591"/>
</kw>
<arg>${BROWSER}</arg>
<doc>Main web setup</doc>
<status status="PASS" start="2025-04-16T02:56:48.509335" elapsed="0.347782"/>
</kw>
<kw name="Navigate to the login page" owner="bahai_app">
<kw name="Navigate to login page" owner="login_page">
<kw name="Go To" owner="SeleniumLibrary">
<msg time="2025-04-16T02:56:48.858173" level="INFO">Opening url 'https://v0-real-estate-marketplace-necizi.vercel.app/login'</msg>
<arg>${url}</arg>
<doc>Navigates the current browser window to the provided ``url``.</doc>
<status status="PASS" start="2025-04-16T02:56:48.858046" elapsed="0.159102"/>
</kw>
<arg>${url}</arg>
<status status="PASS" start="2025-04-16T02:56:48.857788" elapsed="0.159554"/>
</kw>
<kw name="Verify page loaded" owner="login_page">
<kw name="Wait Until Element Is Visible" owner="SeleniumLibrary">
<arg>${locator}</arg>
<doc>Waits until the element ``locator`` is visible.</doc>
<status status="PASS" start="2025-04-16T02:56:49.018249" elapsed="0.040648"/>
</kw>
<arg>${locator}</arg>
<status status="PASS" start="2025-04-16T02:56:49.017691" elapsed="0.041371"/>
</kw>
<arg>${LOGIN_PAGE}</arg>
<arg>${login_form}</arg>
<status status="PASS" start="2025-04-16T02:56:48.857345" elapsed="0.201813"/>
</kw>
<kw name="Click the signup button" owner="bahai_app">
<kw name="Verify page loaded" owner="login_page">
<kw name="Wait Until Element Is Visible" owner="SeleniumLibrary">
<arg>${locator}</arg>
<doc>Waits until the element ``locator`` is visible.</doc>
<status status="PASS" start="2025-04-16T02:56:49.060323" elapsed="0.019833"/>
</kw>
<arg>${locator}</arg>
<status status="PASS" start="2025-04-16T02:56:49.059910" elapsed="0.020366"/>
</kw>
<kw name="Click button" owner="login_page">
<kw name="Click Element" owner="SeleniumLibrary">
<msg time="2025-04-16T02:56:49.081035" level="INFO">Clicking element 'xpath=//*[text()='Sign up']'.</msg>
<arg>${button}</arg>
<doc>Click the element identified by ``locator``.</doc>
<status status="PASS" start="2025-04-16T02:56:49.080846" elapsed="0.074047"/>
</kw>
<arg>${locator}</arg>
<status status="PASS" start="2025-04-16T02:56:49.080509" elapsed="0.074552"/>
</kw>
<arg>${signup_btn}</arg>
<status status="PASS" start="2025-04-16T02:56:49.059437" elapsed="0.095713"/>
</kw>
<kw name="Enter credential" owner="bahai_app">
<kw name="Verify element visible" owner="signup_page">
<kw name="Wait Until Element Is Visible" owner="SeleniumLibrary">
<arg>${locator}</arg>
<doc>Waits until the element ``locator`` is visible.</doc>
<status status="PASS" start="2025-04-16T02:56:49.156341" elapsed="0.022621"/>
</kw>
<arg>${locator}</arg>
<status status="PASS" start="2025-04-16T02:56:49.155984" elapsed="0.023141"/>
</kw>
<kw name="Enter credential" owner="signup_page">
<kw name="Input Text" owner="SeleniumLibrary">
<msg time="2025-04-16T02:56:49.179970" level="INFO">Typing text 'John Doe' into text field 'id=name'.</msg>
<arg>${locator}</arg>
<arg>${credential}</arg>
<doc>Types the given ``text`` into the text field identified by ``locator``.</doc>
<status status="PASS" start="2025-04-16T02:56:49.179751" elapsed="0.079191"/>
</kw>
<arg>${credential}</arg>
<arg>${locator}</arg>
<status status="PASS" start="2025-04-16T02:56:49.179366" elapsed="0.079703"/>
</kw>
<arg>${name_field}</arg>
<arg>John Doe</arg>
<status status="PASS" start="2025-04-16T02:56:49.155460" elapsed="0.103674"/>
</kw>
<kw name="Enter credential" owner="bahai_app">
<kw name="Verify element visible" owner="signup_page">
<kw name="Wait Until Element Is Visible" owner="SeleniumLibrary">
<arg>${locator}</arg>
<doc>Waits until the element ``locator`` is visible.</doc>
<status status="PASS" start="2025-04-16T02:56:49.260008" elapsed="0.014684"/>
</kw>
<arg>${locator}</arg>
<status status="PASS" start="2025-04-16T02:56:49.259741" elapsed="0.015074"/>
</kw>
<kw name="Enter credential" owner="signup_page">
<kw name="Input Text" owner="SeleniumLibrary">
<msg time="2025-04-16T02:56:49.275605" level="INFO">Typing text 'sample@email.com' into text field 'id=email'.</msg>
<arg>${locator}</arg>
<arg>${credential}</arg>
<doc>Types the given ``text`` into the text field identified by ``locator``.</doc>
<status status="PASS" start="2025-04-16T02:56:49.275370" elapsed="0.070562"/>
</kw>
<arg>${credential}</arg>
<arg>${locator}</arg>
<status status="PASS" start="2025-04-16T02:56:49.275009" elapsed="0.071046"/>
</kw>
<arg>${email_field}</arg>
<arg>${EMAIL}</arg>
<status status="PASS" start="2025-04-16T02:56:49.259342" elapsed="0.086782"/>
</kw>
<kw name="Enter credential" owner="bahai_app">
<kw name="Verify element visible" owner="signup_page">
<kw name="Wait Until Element Is Visible" owner="SeleniumLibrary">
<arg>${locator}</arg>
<doc>Waits until the element ``locator`` is visible.</doc>
<status status="PASS" start="2025-04-16T02:56:49.346993" elapsed="0.013483"/>
</kw>
<arg>${locator}</arg>
<status status="PASS" start="2025-04-16T02:56:49.346739" elapsed="0.013837"/>
</kw>
<kw name="Enter credential" owner="signup_page">
<kw name="Input Text" owner="SeleniumLibrary">
<msg time="2025-04-16T02:56:49.361283" level="INFO">Typing text 'Password@123' into text field 'id=password'.</msg>
<arg>${locator}</arg>
<arg>${credential}</arg>
<doc>Types the given ``text`` into the text field identified by ``locator``.</doc>
<status status="PASS" start="2025-04-16T02:56:49.361082" elapsed="0.060652"/>
</kw>
<arg>${credential}</arg>
<arg>${locator}</arg>
<status status="PASS" start="2025-04-16T02:56:49.360755" elapsed="0.061108"/>
</kw>
<arg>${password_field}</arg>
<arg>${PASSWORD}</arg>
<status status="PASS" start="2025-04-16T02:56:49.346343" elapsed="0.075599"/>
</kw>
<kw name="Enter credential" owner="bahai_app">
<kw name="Verify element visible" owner="signup_page">
<kw name="Wait Until Element Is Visible" owner="SeleniumLibrary">
<arg>${locator}</arg>
<doc>Waits until the element ``locator`` is visible.</doc>
<status status="PASS" start="2025-04-16T02:56:49.422842" elapsed="0.012728"/>
</kw>
<arg>${locator}</arg>
<status status="PASS" start="2025-04-16T02:56:49.422588" elapsed="0.013067"/>
</kw>
<kw name="Enter credential" owner="signup_page">
<kw name="Input Text" owner="SeleniumLibrary">
<msg time="2025-04-16T02:56:49.436361" level="INFO">Typing text 'Password@123' into text field 'id=confirmPassword'.</msg>
<arg>${locator}</arg>
<arg>${credential}</arg>
<doc>Types the given ``text`` into the text field identified by ``locator``.</doc>
<status status="PASS" start="2025-04-16T02:56:49.436166" elapsed="0.060518"/>
</kw>
<arg>${credential}</arg>
<arg>${locator}</arg>
<status status="PASS" start="2025-04-16T02:56:49.435803" elapsed="0.061001"/>
</kw>
<arg>${confirm_password_field}</arg>
<arg>${PASSWORD}</arg>
<status status="PASS" start="2025-04-16T02:56:49.422158" elapsed="0.074714"/>
</kw>
<kw name="Click create account" owner="bahai_app">
<kw name="Verify element visible" owner="signup_page">
<kw name="Wait Until Element Is Visible" owner="SeleniumLibrary">
<arg>${locator}</arg>
<doc>Waits until the element ``locator`` is visible.</doc>
<status status="PASS" start="2025-04-16T02:56:49.497679" elapsed="0.013482"/>
</kw>
<arg>${locator}</arg>
<status status="PASS" start="2025-04-16T02:56:49.497420" elapsed="0.013842"/>
</kw>
<kw name="Click button" owner="signup_page">
<kw name="Wait Until Keyword Succeeds" owner="BuiltIn">
<kw name="Click Element" owner="SeleniumLibrary">
<msg time="2025-04-16T02:56:49.512136" level="INFO">Clicking element 'xpath=//*[text()='Create Account']'.</msg>
<arg>${button}</arg>
<doc>Click the element identified by ``locator``.</doc>
<status status="PASS" start="2025-04-16T02:56:49.511960" elapsed="0.047051"/>
</kw>
<arg>10</arg>
<arg>1</arg>
<arg>Click Element</arg>
<arg>${button}</arg>
<doc>Runs the specified keyword and retries if it fails.</doc>
<status status="PASS" start="2025-04-16T02:56:49.511765" elapsed="0.047365"/>
</kw>
<arg>${locator}</arg>
<status status="PASS" start="2025-04-16T02:56:49.511462" elapsed="0.047758"/>
</kw>
<arg>${create_account_btn}</arg>
<status status="PASS" start="2025-04-16T02:56:49.497073" elapsed="0.062214"/>
</kw>
<kw name="Validate name displayed" owner="bahai_app">
<kw name="Validate text displayed in page" owner="signup_page">
<kw name="Wait Until Keyword Succeeds" owner="BuiltIn">
<kw name="Page Should Contain" owner="SeleniumLibrary">
<msg time="2025-04-16T02:56:49.678443" level="INFO" html="true">&lt;/td&gt;&lt;/tr&gt;&lt;tr&gt;&lt;td colspan="3"&gt;&lt;a href="../headlesschrome/screenshots/selenium-screenshot-1.png"&gt;&lt;img src="../headlesschrome/screenshots/selenium-screenshot-1.png" width="800px"&gt;&lt;/a&gt;</msg>
<msg time="2025-04-16T02:56:49.678590" level="FAIL">Page should have contained text 'Welcome back, John!' but did not.</msg>
<arg>${expected_text}</arg>
<doc>Verifies that current page contains ``text``.</doc>
<status status="FAIL" start="2025-04-16T02:56:49.560469" elapsed="0.118415">Page should have contained text 'Welcome back, John!' but did not.</status>
</kw>
<kw name="Page Should Contain" owner="SeleniumLibrary">
<msg time="2025-04-16T02:56:50.773220" level="INFO" html="true">&lt;/td&gt;&lt;/tr&gt;&lt;tr&gt;&lt;td colspan="3"&gt;&lt;a href="../headlesschrome/screenshots/selenium-screenshot-2.png"&gt;&lt;img src="../headlesschrome/screenshots/selenium-screenshot-2.png" width="800px"&gt;&lt;/a&gt;</msg>
<msg time="2025-04-16T02:56:50.773363" level="FAIL">Page should have contained text 'Welcome back, John!' but did not.</msg>
<arg>${expected_text}</arg>
<doc>Verifies that current page contains ``text``.</doc>
<status status="FAIL" start="2025-04-16T02:56:50.679279" elapsed="0.094411">Page should have contained text 'Welcome back, John!' but did not.</status>
</kw>
<kw name="Page Should Contain" owner="SeleniumLibrary">
<msg time="2025-04-16T02:56:51.781887" level="INFO">Current page contains text 'Welcome back, John!'.</msg>
<arg>${expected_text}</arg>
<doc>Verifies that current page contains ``text``.</doc>
<status status="PASS" start="2025-04-16T02:56:51.774069" elapsed="0.007900"/>
</kw>
<arg>10</arg>
<arg>1</arg>
<arg>Page Should Contain</arg>
<arg>${expected_text}</arg>
<doc>Runs the specified keyword and retries if it fails.</doc>
<status status="PASS" start="2025-04-16T02:56:49.560220" elapsed="2.221825"/>
</kw>
<arg>${expected_text}</arg>
<status status="PASS" start="2025-04-16T02:56:49.559937" elapsed="2.222177"/>
</kw>
<arg>Welcome back, John!</arg>
<status status="PASS" start="2025-04-16T02:56:49.559582" elapsed="2.222583"/>
</kw>
<kw name="Main Web Teardown" owner="common" type="TEARDOWN">
<kw name="Capture Page Screenshot" owner="SeleniumLibrary">
<msg time="2025-04-16T02:56:51.883650" level="INFO" html="true">&lt;/td&gt;&lt;/tr&gt;&lt;tr&gt;&lt;td colspan="3"&gt;&lt;a href="../headlesschrome/screenshots/selenium-screenshot-3.png"&gt;&lt;img src="../headlesschrome/screenshots/selenium-screenshot-3.png" width="800px"&gt;&lt;/a&gt;</msg>
<doc>Takes a screenshot of the current page and embeds it into a log file.</doc>
<status status="PASS" start="2025-04-16T02:56:51.782690" elapsed="0.101094"/>
</kw>
<kw name="Close All Browsers" owner="SeleniumLibrary">
<doc>Closes all open browsers and resets the browser cache.</doc>
<status status="PASS" start="2025-04-16T02:56:51.884025" elapsed="0.060381"/>
</kw>
<doc>Main web teardown</doc>
<status status="PASS" start="2025-04-16T02:56:51.782424" elapsed="0.162102"/>
</kw>
<doc>Validate user registration</doc>
<tag>signup</tag>
<status status="PASS" start="2025-04-16T02:56:48.508932" elapsed="3.435652"/>
</test>
<status status="PASS" start="2025-04-16T02:56:48.504320" elapsed="3.440663"/>
</suite>
<status status="PASS" start="2025-04-16T02:56:40.613754" elapsed="11.331851"/>
</suite>
<statistics>
<total>
<stat pass="3" fail="0" skip="0">All Tests</stat>
</total>
<tag>
<stat pass="2" fail="0" skip="0">signin</stat>
<stat pass="1" fail="0" skip="0">signup</stat>
</tag>
<suite>
<stat name="Tests" id="s1" pass="3" fail="0" skip="0">Tests</stat>
<stat name="Fe User Login" id="s1-s1" pass="2" fail="0" skip="0">Tests.Fe User Login</stat>
<stat name="Fe User Registration" id="s1-s2" pass="1" fail="0" skip="0">Tests.Fe User Registration</stat>
</suite>
</statistics>
<errors>
</errors>
</robot>
