<?xml version="1.0" encoding="UTF-8"?>
<robot generator="Robot 7.2.2 (Python 3.12.9 on linux)" generated="2025-04-16T01:50:13.276223" rpa="false" schemaversion="5">
<suite id="s1" name="Tests" source="/home/runner/work/bah.ai-automation/bah.ai-automation/tests">
<suite id="s1-s1" name="Fe User Login" source="/home/runner/work/bah.ai-automation/bah.ai-automation/tests/fe_user_login.robot">
<test id="s1-s1-t1" name="Test Case 1: Validate user registration" line="15">
<kw name="Main Web Setup" owner="common" type="SETUP">
<kw name="Empty Directory" owner="OperatingSystem">
<msg time="2025-04-16T01:50:13.428045" level="INFO" html="true">Listing contents of directory '&lt;a href="file:///home/runner/work/bah.ai-automation/bah.ai-automation/logs/screenshots"&gt;/home/runner/work/bah.ai-automation/bah.ai-automation/logs/screenshots&lt;/a&gt;'.</msg>
<msg time="2025-04-16T01:50:13.428288" level="INFO" html="true">Emptied directory '&lt;a href="file:///home/runner/work/bah.ai-automation/bah.ai-automation/logs/screenshots"&gt;/home/runner/work/bah.ai-automation/bah.ai-automation/logs/screenshots&lt;/a&gt;'.</msg>
<arg>logs/screenshots</arg>
<doc>Deletes all the content from the given directory.</doc>
<status status="PASS" start="2025-04-16T01:50:13.427874" elapsed="0.000481"/>
</kw>
<kw name="Set Screenshot Directory" owner="SeleniumLibrary">
<arg>logs/screenshots</arg>
<doc>Sets the directory for captured screenshots.</doc>
<status status="PASS" start="2025-04-16T01:50:13.428517" elapsed="0.000178"/>
</kw>
<kw name="Open Browser" owner="SeleniumLibrary">
<msg time="2025-04-16T01:50:13.429025" level="INFO">Opening browser 'headlessfirefox' to base url 'about:blank'.</msg>
<arg>about:blank</arg>
<arg>${browser}</arg>
<doc>Opens a new browser instance to the optional ``url``.</doc>
<status status="PASS" start="2025-04-16T01:50:13.428839" elapsed="8.585528"/>
</kw>
<kw name="Maximize Browser Window" owner="SeleniumLibrary">
<doc>Maximizes current browser window.</doc>
<status status="PASS" start="2025-04-16T01:50:22.014600" elapsed="0.014884"/>
</kw>
<arg>${BROWSER}</arg>
<doc>Main web setup</doc>
<status status="PASS" start="2025-04-16T01:50:13.427045" elapsed="8.602606"/>
</kw>
<kw name="Navigate to the login page" owner="bahai_app">
<kw name="Navigate to login page" owner="login_page">
<kw name="Go To" owner="SeleniumLibrary">
<msg time="2025-04-16T01:50:22.030852" level="INFO">Opening url 'https://v0-real-estate-marketplace-necizi.vercel.app/login'</msg>
<arg>${url}</arg>
<doc>Navigates the current browser window to the provided ``url``.</doc>
<status status="PASS" start="2025-04-16T01:50:22.030707" elapsed="0.404329"/>
</kw>
<arg>${url}</arg>
<status status="PASS" start="2025-04-16T01:50:22.030452" elapsed="0.404785"/>
</kw>
<kw name="Verify page loaded" owner="login_page">
<kw name="Wait Until Element Is Visible" owner="SeleniumLibrary">
<arg>${locator}</arg>
<doc>Waits until the element ``locator`` is visible.</doc>
<status status="PASS" start="2025-04-16T01:50:22.436111" elapsed="0.098448"/>
</kw>
<arg>${locator}</arg>
<status status="PASS" start="2025-04-16T01:50:22.435558" elapsed="0.099125"/>
</kw>
<arg>${LOGIN_PAGE}</arg>
<arg>${login_form}</arg>
<status status="PASS" start="2025-04-16T01:50:22.030055" elapsed="0.504694"/>
</kw>
<kw name="Enter credential" owner="bahai_app">
<kw name="Verify element visible" owner="signup_page">
<kw name="Wait Until Element Is Visible" owner="SeleniumLibrary">
<arg>${locator}</arg>
<doc>Waits until the element ``locator`` is visible.</doc>
<status status="PASS" start="2025-04-16T01:50:22.535655" elapsed="0.009616"/>
</kw>
<arg>${locator}</arg>
<status status="PASS" start="2025-04-16T01:50:22.535387" elapsed="0.010005"/>
</kw>
<kw name="Enter credential" owner="signup_page">
<kw name="Input Text" owner="SeleniumLibrary">
<msg time="2025-04-16T01:50:22.546473" level="INFO">Typing text 'sample@email.com' into text field 'id=email'.</msg>
<arg>${locator}</arg>
<arg>${credential}</arg>
<doc>Types the given ``text`` into the text field identified by ``locator``.</doc>
<status status="PASS" start="2025-04-16T01:50:22.546155" elapsed="0.096959"/>
</kw>
<arg>${credential}</arg>
<arg>${locator}</arg>
<status status="PASS" start="2025-04-16T01:50:22.545615" elapsed="0.097689"/>
</kw>
<arg>${login_email_field}</arg>
<arg>${EMAIL}</arg>
<status status="PASS" start="2025-04-16T01:50:22.534967" elapsed="0.108457"/>
</kw>
<kw name="Enter credential" owner="bahai_app">
<kw name="Verify element visible" owner="signup_page">
<kw name="Wait Until Element Is Visible" owner="SeleniumLibrary">
<arg>${locator}</arg>
<doc>Waits until the element ``locator`` is visible.</doc>
<status status="PASS" start="2025-04-16T01:50:22.644358" elapsed="0.028895"/>
</kw>
<arg>${locator}</arg>
<status status="PASS" start="2025-04-16T01:50:22.644098" elapsed="0.029281"/>
</kw>
<kw name="Enter credential" owner="signup_page">
<kw name="Input Text" owner="SeleniumLibrary">
<msg time="2025-04-16T01:50:22.674209" level="INFO">Typing text 'Password@123' into text field 'id=password'.</msg>
<arg>${locator}</arg>
<arg>${credential}</arg>
<doc>Types the given ``text`` into the text field identified by ``locator``.</doc>
<status status="PASS" start="2025-04-16T01:50:22.673959" elapsed="0.031071"/>
</kw>
<arg>${credential}</arg>
<arg>${locator}</arg>
<status status="PASS" start="2025-04-16T01:50:22.673594" elapsed="0.031562"/>
</kw>
<arg>${login_password_field}</arg>
<arg>${PASSWORD}</arg>
<status status="PASS" start="2025-04-16T01:50:22.643697" elapsed="0.061527"/>
</kw>
<kw name="Click sign in" owner="bahai_app">
<kw name="Verify page loaded" owner="login_page">
<kw name="Wait Until Element Is Visible" owner="SeleniumLibrary">
<arg>${locator}</arg>
<doc>Waits until the element ``locator`` is visible.</doc>
<status status="PASS" start="2025-04-16T01:50:22.706058" elapsed="0.009776"/>
</kw>
<arg>${locator}</arg>
<status status="PASS" start="2025-04-16T01:50:22.705769" elapsed="0.010232"/>
</kw>
<kw name="Click button" owner="login_page">
<kw name="Click Element" owner="SeleniumLibrary">
<msg time="2025-04-16T01:50:22.716825" level="INFO">Clicking element 'xpath=//*[text()='Sign in']'.</msg>
<arg>${button}</arg>
<doc>Click the element identified by ``locator``.</doc>
<status status="PASS" start="2025-04-16T01:50:22.716628" elapsed="0.220343"/>
</kw>
<arg>${locator}</arg>
<status status="PASS" start="2025-04-16T01:50:22.716234" elapsed="0.220895"/>
</kw>
<arg>${signin_btn}</arg>
<status status="PASS" start="2025-04-16T01:50:22.705436" elapsed="0.231760"/>
</kw>
<kw name="Validate name displayed" owner="bahai_app">
<kw name="Validate text displayed in page" owner="signup_page">
<kw name="Wait Until Keyword Succeeds" owner="BuiltIn">
<kw name="Page Should Contain" owner="SeleniumLibrary">
<msg time="2025-04-16T01:50:23.003455" level="INFO" html="true">&lt;/td&gt;&lt;/tr&gt;&lt;tr&gt;&lt;td colspan="3"&gt;&lt;a href="../screenshots/selenium-screenshot-1.png"&gt;&lt;img src="../screenshots/selenium-screenshot-1.png" width="800px"&gt;&lt;/a&gt;</msg>
<msg time="2025-04-16T01:50:23.003639" level="FAIL">Page should have contained text 'Welcome back, sample!' but did not.</msg>
<arg>${expected_text}</arg>
<doc>Verifies that current page contains ``text``.</doc>
<status status="FAIL" start="2025-04-16T01:50:22.938237" elapsed="0.066302">Page should have contained text 'Welcome back, sample!' but did not.</status>
</kw>
<kw name="Page Should Contain" owner="SeleniumLibrary">
<msg time="2025-04-16T01:50:24.067388" level="INFO" html="true">&lt;/td&gt;&lt;/tr&gt;&lt;tr&gt;&lt;td colspan="3"&gt;&lt;a href="../screenshots/selenium-screenshot-2.png"&gt;&lt;img src="../screenshots/selenium-screenshot-2.png" width="800px"&gt;&lt;/a&gt;</msg>
<msg time="2025-04-16T01:50:24.067579" level="FAIL">Page should have contained text 'Welcome back, sample!' but did not.</msg>
<arg>${expected_text}</arg>
<doc>Verifies that current page contains ``text``.</doc>
<status status="FAIL" start="2025-04-16T01:50:24.004964" elapsed="0.062959">Page should have contained text 'Welcome back, sample!' but did not.</status>
</kw>
<kw name="Page Should Contain" owner="SeleniumLibrary">
<msg time="2025-04-16T01:50:25.073599" level="INFO">Current page contains text 'Welcome back, sample!'.</msg>
<arg>${expected_text}</arg>
<doc>Verifies that current page contains ``text``.</doc>
<status status="PASS" start="2025-04-16T01:50:25.068356" elapsed="0.005383"/>
</kw>
<arg>10</arg>
<arg>1</arg>
<arg>Page Should Contain</arg>
<arg>${expected_text}</arg>
<doc>Runs the specified keyword and retries if it fails.</doc>
<status status="PASS" start="2025-04-16T01:50:22.938012" elapsed="2.135807"/>
</kw>
<arg>${expected_text}</arg>
<status status="PASS" start="2025-04-16T01:50:22.937704" elapsed="2.136191"/>
</kw>
<arg>Welcome back, sample!</arg>
<status status="PASS" start="2025-04-16T01:50:22.937397" elapsed="2.136554"/>
</kw>
<kw name="Main Web Teardown" owner="common" type="TEARDOWN">
<kw name="Capture Page Screenshot" owner="SeleniumLibrary">
<msg time="2025-04-16T01:50:25.138172" level="INFO" html="true">&lt;/td&gt;&lt;/tr&gt;&lt;tr&gt;&lt;td colspan="3"&gt;&lt;a href="../screenshots/selenium-screenshot-3.png"&gt;&lt;img src="../screenshots/selenium-screenshot-3.png" width="800px"&gt;&lt;/a&gt;</msg>
<doc>Takes a screenshot of the current page and embeds it into a log file.</doc>
<status status="PASS" start="2025-04-16T01:50:25.074509" elapsed="0.063773"/>
</kw>
<kw name="Close All Browsers" owner="SeleniumLibrary">
<doc>Closes all open browsers and resets the browser cache.</doc>
<status status="PASS" start="2025-04-16T01:50:25.138469" elapsed="0.807190"/>
</kw>
<doc>Main web teardown</doc>
<status status="PASS" start="2025-04-16T01:50:25.074233" elapsed="0.871553"/>
</kw>
<doc>Validate user registration</doc>
<tag>signin</tag>
<status status="PASS" start="2025-04-16T01:50:13.426138" elapsed="12.519726"/>
</test>
<test id="s1-s1-t2" name="Test Case 2: Validate logout navigation" line="27">
<kw name="Main Web Setup" owner="common" type="SETUP">
<kw name="Empty Directory" owner="OperatingSystem">
<msg time="2025-04-16T01:50:25.947452" level="INFO" html="true">Listing contents of directory '&lt;a href="file:///home/runner/work/bah.ai-automation/bah.ai-automation/logs/screenshots"&gt;/home/runner/work/bah.ai-automation/bah.ai-automation/logs/screenshots&lt;/a&gt;'.</msg>
<msg time="2025-04-16T01:50:25.947678" level="INFO" html="true">Emptied directory '&lt;a href="file:///home/runner/work/bah.ai-automation/bah.ai-automation/logs/screenshots"&gt;/home/runner/work/bah.ai-automation/bah.ai-automation/logs/screenshots&lt;/a&gt;'.</msg>
<arg>logs/screenshots</arg>
<doc>Deletes all the content from the given directory.</doc>
<status status="PASS" start="2025-04-16T01:50:25.947096" elapsed="0.000638"/>
</kw>
<kw name="Set Screenshot Directory" owner="SeleniumLibrary">
<arg>logs/screenshots</arg>
<doc>Sets the directory for captured screenshots.</doc>
<status status="PASS" start="2025-04-16T01:50:25.947860" elapsed="0.000187"/>
</kw>
<kw name="Open Browser" owner="SeleniumLibrary">
<msg time="2025-04-16T01:50:25.948338" level="INFO">Opening browser 'headlessfirefox' to base url 'about:blank'.</msg>
<arg>about:blank</arg>
<arg>${browser}</arg>
<doc>Opens a new browser instance to the optional ``url``.</doc>
<status status="PASS" start="2025-04-16T01:50:25.948184" elapsed="1.597779"/>
</kw>
<kw name="Maximize Browser Window" owner="SeleniumLibrary">
<doc>Maximizes current browser window.</doc>
<status status="PASS" start="2025-04-16T01:50:27.546294" elapsed="0.073030"/>
</kw>
<arg>${BROWSER}</arg>
<doc>Main web setup</doc>
<status status="PASS" start="2025-04-16T01:50:25.946761" elapsed="1.672745"/>
</kw>
<kw name="Navigate to the login page" owner="bahai_app">
<kw name="Navigate to login page" owner="login_page">
<kw name="Go To" owner="SeleniumLibrary">
<msg time="2025-04-16T01:50:27.620734" level="INFO">Opening url 'https://v0-real-estate-marketplace-necizi.vercel.app/login'</msg>
<arg>${url}</arg>
<doc>Navigates the current browser window to the provided ``url``.</doc>
<status status="PASS" start="2025-04-16T01:50:27.620591" elapsed="0.466785"/>
</kw>
<arg>${url}</arg>
<status status="PASS" start="2025-04-16T01:50:27.620277" elapsed="0.467269"/>
</kw>
<kw name="Verify page loaded" owner="login_page">
<kw name="Wait Until Element Is Visible" owner="SeleniumLibrary">
<arg>${locator}</arg>
<doc>Waits until the element ``locator`` is visible.</doc>
<status status="PASS" start="2025-04-16T01:50:28.088251" elapsed="0.131186"/>
</kw>
<arg>${locator}</arg>
<status status="PASS" start="2025-04-16T01:50:28.087805" elapsed="0.131828"/>
</kw>
<arg>${LOGIN_PAGE}</arg>
<arg>${login_form}</arg>
<status status="PASS" start="2025-04-16T01:50:27.619803" elapsed="0.599946"/>
</kw>
<kw name="Enter credential" owner="bahai_app">
<kw name="Verify element visible" owner="signup_page">
<kw name="Wait Until Element Is Visible" owner="SeleniumLibrary">
<arg>${locator}</arg>
<doc>Waits until the element ``locator`` is visible.</doc>
<status status="PASS" start="2025-04-16T01:50:28.220881" elapsed="0.034407"/>
</kw>
<arg>${locator}</arg>
<status status="PASS" start="2025-04-16T01:50:28.220569" elapsed="0.034878"/>
</kw>
<kw name="Enter credential" owner="signup_page">
<kw name="Input Text" owner="SeleniumLibrary">
<msg time="2025-04-16T01:50:28.256522" level="INFO">Typing text 'sample@email.com' into text field 'id=email'.</msg>
<arg>${locator}</arg>
<arg>${credential}</arg>
<doc>Types the given ``text`` into the text field identified by ``locator``.</doc>
<status status="PASS" start="2025-04-16T01:50:28.256300" elapsed="0.108598"/>
</kw>
<arg>${credential}</arg>
<arg>${locator}</arg>
<status status="PASS" start="2025-04-16T01:50:28.255800" elapsed="0.109250"/>
</kw>
<arg>${login_email_field}</arg>
<arg>${EMAIL}</arg>
<status status="PASS" start="2025-04-16T01:50:28.220089" elapsed="0.145034"/>
</kw>
<kw name="Enter credential" owner="bahai_app">
<kw name="Verify element visible" owner="signup_page">
<kw name="Wait Until Element Is Visible" owner="SeleniumLibrary">
<arg>${locator}</arg>
<doc>Waits until the element ``locator`` is visible.</doc>
<status status="PASS" start="2025-04-16T01:50:28.365953" elapsed="0.008682"/>
</kw>
<arg>${locator}</arg>
<status status="PASS" start="2025-04-16T01:50:28.365702" elapsed="0.009014"/>
</kw>
<kw name="Enter credential" owner="signup_page">
<kw name="Input Text" owner="SeleniumLibrary">
<msg time="2025-04-16T01:50:28.375395" level="INFO">Typing text 'Password@123' into text field 'id=password'.</msg>
<arg>${locator}</arg>
<arg>${credential}</arg>
<doc>Types the given ``text`` into the text field identified by ``locator``.</doc>
<status status="PASS" start="2025-04-16T01:50:28.375188" elapsed="0.026698"/>
</kw>
<arg>${credential}</arg>
<arg>${locator}</arg>
<status status="PASS" start="2025-04-16T01:50:28.374858" elapsed="0.027184"/>
</kw>
<arg>${login_password_field}</arg>
<arg>${PASSWORD}</arg>
<status status="PASS" start="2025-04-16T01:50:28.365337" elapsed="0.036794"/>
</kw>
<kw name="Click sign in" owner="bahai_app">
<kw name="Verify page loaded" owner="login_page">
<kw name="Wait Until Element Is Visible" owner="SeleniumLibrary">
<arg>${locator}</arg>
<doc>Waits until the element ``locator`` is visible.</doc>
<status status="PASS" start="2025-04-16T01:50:28.402948" elapsed="0.008701"/>
</kw>
<arg>${locator}</arg>
<status status="PASS" start="2025-04-16T01:50:28.402688" elapsed="0.009054"/>
</kw>
<kw name="Click button" owner="login_page">
<kw name="Click Element" owner="SeleniumLibrary">
<msg time="2025-04-16T01:50:28.412402" level="INFO">Clicking element 'xpath=//*[text()='Sign in']'.</msg>
<arg>${button}</arg>
<doc>Click the element identified by ``locator``.</doc>
<status status="PASS" start="2025-04-16T01:50:28.412215" elapsed="0.229936"/>
</kw>
<arg>${locator}</arg>
<status status="PASS" start="2025-04-16T01:50:28.411914" elapsed="0.230363"/>
</kw>
<arg>${signin_btn}</arg>
<status status="PASS" start="2025-04-16T01:50:28.402346" elapsed="0.239996"/>
</kw>
<kw name="Validate name displayed" owner="bahai_app">
<kw name="Validate text displayed in page" owner="signup_page">
<kw name="Wait Until Keyword Succeeds" owner="BuiltIn">
<kw name="Page Should Contain" owner="SeleniumLibrary">
<msg time="2025-04-16T01:50:28.698721" level="INFO" html="true">&lt;/td&gt;&lt;/tr&gt;&lt;tr&gt;&lt;td colspan="3"&gt;&lt;a href="../screenshots/selenium-screenshot-1.png"&gt;&lt;img src="../screenshots/selenium-screenshot-1.png" width="800px"&gt;&lt;/a&gt;</msg>
<msg time="2025-04-16T01:50:28.698917" level="FAIL">Page should have contained text 'Welcome back, sample!' but did not.</msg>
<arg>${expected_text}</arg>
<doc>Verifies that current page contains ``text``.</doc>
<status status="FAIL" start="2025-04-16T01:50:28.643385" elapsed="0.055866">Page should have contained text 'Welcome back, sample!' but did not.</status>
</kw>
<kw name="Page Should Contain" owner="SeleniumLibrary">
<msg time="2025-04-16T01:50:29.762362" level="INFO" html="true">&lt;/td&gt;&lt;/tr&gt;&lt;tr&gt;&lt;td colspan="3"&gt;&lt;a href="../screenshots/selenium-screenshot-2.png"&gt;&lt;img src="../screenshots/selenium-screenshot-2.png" width="800px"&gt;&lt;/a&gt;</msg>
<msg time="2025-04-16T01:50:29.762505" level="FAIL">Page should have contained text 'Welcome back, sample!' but did not.</msg>
<arg>${expected_text}</arg>
<doc>Verifies that current page contains ``text``.</doc>
<status status="FAIL" start="2025-04-16T01:50:29.699668" elapsed="0.063148">Page should have contained text 'Welcome back, sample!' but did not.</status>
</kw>
<kw name="Page Should Contain" owner="SeleniumLibrary">
<msg time="2025-04-16T01:50:30.769044" level="INFO">Current page contains text 'Welcome back, sample!'.</msg>
<arg>${expected_text}</arg>
<doc>Verifies that current page contains ``text``.</doc>
<status status="PASS" start="2025-04-16T01:50:30.763227" elapsed="0.005893"/>
</kw>
<arg>10</arg>
<arg>1</arg>
<arg>Page Should Contain</arg>
<arg>${expected_text}</arg>
<doc>Runs the specified keyword and retries if it fails.</doc>
<status status="PASS" start="2025-04-16T01:50:28.643177" elapsed="2.126024"/>
</kw>
<arg>${expected_text}</arg>
<status status="PASS" start="2025-04-16T01:50:28.642869" elapsed="2.126407"/>
</kw>
<arg>Welcome back, sample!</arg>
<status status="PASS" start="2025-04-16T01:50:28.642553" elapsed="2.126778"/>
</kw>
<kw name="Click button" owner="bahai_app">
<kw name="Verify element visible" owner="signup_page">
<kw name="Wait Until Element Is Visible" owner="SeleniumLibrary">
<arg>${locator}</arg>
<doc>Waits until the element ``locator`` is visible.</doc>
<status status="PASS" start="2025-04-16T01:50:30.770050" elapsed="0.008038"/>
</kw>
<arg>${locator}</arg>
<status status="PASS" start="2025-04-16T01:50:30.769790" elapsed="0.008373"/>
</kw>
<kw name="Click button" owner="signup_page">
<kw name="Wait Until Keyword Succeeds" owner="BuiltIn">
<kw name="Click Element" owner="SeleniumLibrary">
<msg time="2025-04-16T01:50:30.778905" level="INFO">Clicking element 'xpath=//div[text()='S']'.</msg>
<arg>${button}</arg>
<doc>Click the element identified by ``locator``.</doc>
<status status="PASS" start="2025-04-16T01:50:30.778756" elapsed="0.238545"/>
</kw>
<arg>10</arg>
<arg>1</arg>
<arg>Click Element</arg>
<arg>${button}</arg>
<doc>Runs the specified keyword and retries if it fails.</doc>
<status status="PASS" start="2025-04-16T01:50:30.778555" elapsed="0.238855"/>
</kw>
<arg>${locator}</arg>
<status status="PASS" start="2025-04-16T01:50:30.778293" elapsed="0.239199"/>
</kw>
<arg>${profile_icon}</arg>
<status status="PASS" start="2025-04-16T01:50:30.769498" elapsed="0.248055"/>
</kw>
<kw name="Click button" owner="bahai_app">
<kw name="Verify element visible" owner="signup_page">
<kw name="Wait Until Element Is Visible" owner="SeleniumLibrary">
<arg>${locator}</arg>
<doc>Waits until the element ``locator`` is visible.</doc>
<status status="PASS" start="2025-04-16T01:50:31.018364" elapsed="0.008457"/>
</kw>
<arg>${locator}</arg>
<status status="PASS" start="2025-04-16T01:50:31.018110" elapsed="0.008789"/>
</kw>
<kw name="Click button" owner="signup_page">
<kw name="Wait Until Keyword Succeeds" owner="BuiltIn">
<kw name="Click Element" owner="SeleniumLibrary">
<msg time="2025-04-16T01:50:31.027709" level="INFO">Clicking element 'xpath=//*[text()='Log out']'.</msg>
<arg>${button}</arg>
<doc>Click the element identified by ``locator``.</doc>
<status status="PASS" start="2025-04-16T01:50:31.027543" elapsed="0.224816"/>
</kw>
<arg>10</arg>
<arg>1</arg>
<arg>Click Element</arg>
<arg>${button}</arg>
<doc>Runs the specified keyword and retries if it fails.</doc>
<status status="PASS" start="2025-04-16T01:50:31.027353" elapsed="0.225128"/>
</kw>
<arg>${locator}</arg>
<status status="PASS" start="2025-04-16T01:50:31.027076" elapsed="0.225505"/>
</kw>
<arg>${logout_btn}</arg>
<status status="PASS" start="2025-04-16T01:50:31.017757" elapsed="0.234891"/>
</kw>
<kw name="Validate text displayed" owner="bahai_app">
<kw name="Validate text displayed in page" owner="signup_page">
<kw name="Wait Until Keyword Succeeds" owner="BuiltIn">
<kw name="Page Should Contain" owner="SeleniumLibrary">
<msg time="2025-04-16T01:50:31.257779" level="INFO">Current page contains text 'Sign in to your account'.</msg>
<arg>${expected_text}</arg>
<doc>Verifies that current page contains ``text``.</doc>
<status status="PASS" start="2025-04-16T01:50:31.253659" elapsed="0.004179"/>
</kw>
<arg>10</arg>
<arg>1</arg>
<arg>Page Should Contain</arg>
<arg>${expected_text}</arg>
<doc>Runs the specified keyword and retries if it fails.</doc>
<status status="PASS" start="2025-04-16T01:50:31.253459" elapsed="0.004441"/>
</kw>
<arg>${expected_text}</arg>
<status status="PASS" start="2025-04-16T01:50:31.253188" elapsed="0.004777"/>
</kw>
<arg>Sign in to your account</arg>
<status status="PASS" start="2025-04-16T01:50:31.252849" elapsed="0.005208"/>
</kw>
<kw name="Main Web Teardown" owner="common" type="TEARDOWN">
<kw name="Capture Page Screenshot" owner="SeleniumLibrary">
<msg time="2025-04-16T01:50:31.317840" level="INFO" html="true">&lt;/td&gt;&lt;/tr&gt;&lt;tr&gt;&lt;td colspan="3"&gt;&lt;a href="../screenshots/selenium-screenshot-3.png"&gt;&lt;img src="../screenshots/selenium-screenshot-3.png" width="800px"&gt;&lt;/a&gt;</msg>
<doc>Takes a screenshot of the current page and embeds it into a log file.</doc>
<status status="PASS" start="2025-04-16T01:50:31.258493" elapsed="0.059444"/>
</kw>
<kw name="Close All Browsers" owner="SeleniumLibrary">
<doc>Closes all open browsers and resets the browser cache.</doc>
<status status="PASS" start="2025-04-16T01:50:31.318126" elapsed="0.637795"/>
</kw>
<doc>Main web teardown</doc>
<status status="PASS" start="2025-04-16T01:50:31.258266" elapsed="0.697802"/>
</kw>
<doc>Validate user renavigates to logout page</doc>
<tag>signin</tag>
<status status="PASS" start="2025-04-16T01:50:25.946273" elapsed="6.009860"/>
</test>
<status status="PASS" start="2025-04-16T01:50:13.299596" elapsed="18.657077"/>
</suite>
<suite id="s1-s2" name="Fe User Registration" source="/home/runner/work/bah.ai-automation/bah.ai-automation/tests/fe_user_registration.robot">
<test id="s1-s2-t1" name="Test Case 1: Validate user registration" line="11">
<kw name="Main Web Setup" owner="common" type="SETUP">
<kw name="Empty Directory" owner="OperatingSystem">
<msg time="2025-04-16T01:50:31.961861" level="INFO" html="true">Listing contents of directory '&lt;a href="file:///home/runner/work/bah.ai-automation/bah.ai-automation/logs/screenshots"&gt;/home/runner/work/bah.ai-automation/bah.ai-automation/logs/screenshots&lt;/a&gt;'.</msg>
<msg time="2025-04-16T01:50:31.962087" level="INFO" html="true">Emptied directory '&lt;a href="file:///home/runner/work/bah.ai-automation/bah.ai-automation/logs/screenshots"&gt;/home/runner/work/bah.ai-automation/bah.ai-automation/logs/screenshots&lt;/a&gt;'.</msg>
<arg>logs/screenshots</arg>
<doc>Deletes all the content from the given directory.</doc>
<status status="PASS" start="2025-04-16T01:50:31.961743" elapsed="0.000401"/>
</kw>
<kw name="Set Screenshot Directory" owner="SeleniumLibrary">
<arg>logs/screenshots</arg>
<doc>Sets the directory for captured screenshots.</doc>
<status status="PASS" start="2025-04-16T01:50:31.962264" elapsed="0.000153"/>
</kw>
<kw name="Open Browser" owner="SeleniumLibrary">
<msg time="2025-04-16T01:50:31.962687" level="INFO">Opening browser 'headlessfirefox' to base url 'about:blank'.</msg>
<arg>about:blank</arg>
<arg>${browser}</arg>
<doc>Opens a new browser instance to the optional ``url``.</doc>
<status status="PASS" start="2025-04-16T01:50:31.962538" elapsed="1.681848"/>
</kw>
<kw name="Maximize Browser Window" owner="SeleniumLibrary">
<doc>Maximizes current browser window.</doc>
<status status="PASS" start="2025-04-16T01:50:33.644636" elapsed="0.010632"/>
</kw>
<arg>${BROWSER}</arg>
<doc>Main web setup</doc>
<status status="PASS" start="2025-04-16T01:50:31.961491" elapsed="1.693878"/>
</kw>
<kw name="Navigate to the login page" owner="bahai_app">
<kw name="Navigate to login page" owner="login_page">
<kw name="Go To" owner="SeleniumLibrary">
<msg time="2025-04-16T01:50:33.656580" level="INFO">Opening url 'https://v0-real-estate-marketplace-necizi.vercel.app/login'</msg>
<arg>${url}</arg>
<doc>Navigates the current browser window to the provided ``url``.</doc>
<status status="PASS" start="2025-04-16T01:50:33.656246" elapsed="0.514691"/>
</kw>
<arg>${url}</arg>
<status status="PASS" start="2025-04-16T01:50:33.655961" elapsed="0.515171"/>
</kw>
<kw name="Verify page loaded" owner="login_page">
<kw name="Wait Until Element Is Visible" owner="SeleniumLibrary">
<arg>${locator}</arg>
<doc>Waits until the element ``locator`` is visible.</doc>
<status status="PASS" start="2025-04-16T01:50:34.173677" elapsed="0.095647"/>
</kw>
<arg>${locator}</arg>
<status status="PASS" start="2025-04-16T01:50:34.171417" elapsed="0.098049"/>
</kw>
<arg>${LOGIN_PAGE}</arg>
<arg>${login_form}</arg>
<status status="PASS" start="2025-04-16T01:50:33.655596" elapsed="0.613950"/>
</kw>
<kw name="Click the signup button" owner="bahai_app">
<kw name="Verify page loaded" owner="login_page">
<kw name="Wait Until Element Is Visible" owner="SeleniumLibrary">
<arg>${locator}</arg>
<doc>Waits until the element ``locator`` is visible.</doc>
<status status="PASS" start="2025-04-16T01:50:34.270808" elapsed="0.019492"/>
</kw>
<arg>${locator}</arg>
<status status="PASS" start="2025-04-16T01:50:34.270352" elapsed="0.020155"/>
</kw>
<kw name="Click button" owner="login_page">
<kw name="Click Element" owner="SeleniumLibrary">
<msg time="2025-04-16T01:50:34.291662" level="INFO">Clicking element 'xpath=//*[text()='Sign up']'.</msg>
<arg>${button}</arg>
<doc>Click the element identified by ``locator``.</doc>
<status status="PASS" start="2025-04-16T01:50:34.291363" elapsed="0.239365"/>
</kw>
<arg>${locator}</arg>
<status status="PASS" start="2025-04-16T01:50:34.290841" elapsed="0.240011"/>
</kw>
<arg>${signup_btn}</arg>
<status status="PASS" start="2025-04-16T01:50:34.269827" elapsed="0.261089"/>
</kw>
<kw name="Enter credential" owner="bahai_app">
<kw name="Verify element visible" owner="signup_page">
<kw name="Wait Until Element Is Visible" owner="SeleniumLibrary">
<arg>${locator}</arg>
<doc>Waits until the element ``locator`` is visible.</doc>
<status status="PASS" start="2025-04-16T01:50:34.531743" elapsed="0.009794"/>
</kw>
<arg>${locator}</arg>
<status status="PASS" start="2025-04-16T01:50:34.531490" elapsed="0.010134"/>
</kw>
<kw name="Enter credential" owner="signup_page">
<kw name="Input Text" owner="SeleniumLibrary">
<msg time="2025-04-16T01:50:34.542334" level="INFO">Typing text 'John Doe' into text field 'id=name'.</msg>
<arg>${locator}</arg>
<arg>${credential}</arg>
<doc>Types the given ``text`` into the text field identified by ``locator``.</doc>
<status status="PASS" start="2025-04-16T01:50:34.542098" elapsed="0.103654"/>
</kw>
<arg>${credential}</arg>
<arg>${locator}</arg>
<status status="PASS" start="2025-04-16T01:50:34.541775" elapsed="0.104109"/>
</kw>
<arg>${name_field}</arg>
<arg>John Doe</arg>
<status status="PASS" start="2025-04-16T01:50:34.531149" elapsed="0.114806"/>
</kw>
<kw name="Enter credential" owner="bahai_app">
<kw name="Verify element visible" owner="signup_page">
<kw name="Wait Until Element Is Visible" owner="SeleniumLibrary">
<arg>${locator}</arg>
<doc>Waits until the element ``locator`` is visible.</doc>
<status status="PASS" start="2025-04-16T01:50:34.646840" elapsed="0.009277"/>
</kw>
<arg>${locator}</arg>
<status status="PASS" start="2025-04-16T01:50:34.646578" elapsed="0.009627"/>
</kw>
<kw name="Enter credential" owner="signup_page">
<kw name="Input Text" owner="SeleniumLibrary">
<msg time="2025-04-16T01:50:34.656911" level="INFO">Typing text 'sample@email.com' into text field 'id=email'.</msg>
<arg>${locator}</arg>
<arg>${credential}</arg>
<doc>Types the given ``text`` into the text field identified by ``locator``.</doc>
<status status="PASS" start="2025-04-16T01:50:34.656683" elapsed="0.032947"/>
</kw>
<arg>${credential}</arg>
<arg>${locator}</arg>
<status status="PASS" start="2025-04-16T01:50:34.656356" elapsed="0.033395"/>
</kw>
<arg>${email_field}</arg>
<arg>${EMAIL}</arg>
<status status="PASS" start="2025-04-16T01:50:34.646202" elapsed="0.043617"/>
</kw>
<kw name="Enter credential" owner="bahai_app">
<kw name="Verify element visible" owner="signup_page">
<kw name="Wait Until Element Is Visible" owner="SeleniumLibrary">
<arg>${locator}</arg>
<doc>Waits until the element ``locator`` is visible.</doc>
<status status="PASS" start="2025-04-16T01:50:34.690648" elapsed="0.009032"/>
</kw>
<arg>${locator}</arg>
<status status="PASS" start="2025-04-16T01:50:34.690399" elapsed="0.009360"/>
</kw>
<kw name="Enter credential" owner="signup_page">
<kw name="Input Text" owner="SeleniumLibrary">
<msg time="2025-04-16T01:50:34.700465" level="INFO">Typing text 'Password@123' into text field 'id=password'.</msg>
<arg>${locator}</arg>
<arg>${credential}</arg>
<doc>Types the given ``text`` into the text field identified by ``locator``.</doc>
<status status="PASS" start="2025-04-16T01:50:34.700271" elapsed="0.025867"/>
</kw>
<arg>${credential}</arg>
<arg>${locator}</arg>
<status status="PASS" start="2025-04-16T01:50:34.699930" elapsed="0.026325"/>
</kw>
<arg>${password_field}</arg>
<arg>${PASSWORD}</arg>
<status status="PASS" start="2025-04-16T01:50:34.690044" elapsed="0.036278"/>
</kw>
<kw name="Enter credential" owner="bahai_app">
<kw name="Verify element visible" owner="signup_page">
<kw name="Wait Until Element Is Visible" owner="SeleniumLibrary">
<arg>${locator}</arg>
<doc>Waits until the element ``locator`` is visible.</doc>
<status status="PASS" start="2025-04-16T01:50:34.727169" elapsed="0.008888"/>
</kw>
<arg>${locator}</arg>
<status status="PASS" start="2025-04-16T01:50:34.726875" elapsed="0.009268"/>
</kw>
<kw name="Enter credential" owner="signup_page">
<kw name="Input Text" owner="SeleniumLibrary">
<msg time="2025-04-16T01:50:34.736960" level="INFO">Typing text 'Password@123' into text field 'id=confirmPassword'.</msg>
<arg>${locator}</arg>
<arg>${credential}</arg>
<doc>Types the given ``text`` into the text field identified by ``locator``.</doc>
<status status="PASS" start="2025-04-16T01:50:34.736704" elapsed="0.023965"/>
</kw>
<arg>${credential}</arg>
<arg>${locator}</arg>
<status status="PASS" start="2025-04-16T01:50:34.736287" elapsed="0.024504"/>
</kw>
<arg>${confirm_password_field}</arg>
<arg>${PASSWORD}</arg>
<status status="PASS" start="2025-04-16T01:50:34.726528" elapsed="0.034328"/>
</kw>
<kw name="Click create account" owner="bahai_app">
<kw name="Verify element visible" owner="signup_page">
<kw name="Wait Until Element Is Visible" owner="SeleniumLibrary">
<arg>${locator}</arg>
<doc>Waits until the element ``locator`` is visible.</doc>
<status status="PASS" start="2025-04-16T01:50:34.761679" elapsed="0.009217"/>
</kw>
<arg>${locator}</arg>
<status status="PASS" start="2025-04-16T01:50:34.761429" elapsed="0.009575"/>
</kw>
<kw name="Click button" owner="signup_page">
<kw name="Wait Until Keyword Succeeds" owner="BuiltIn">
<kw name="Click Element" owner="SeleniumLibrary">
<msg time="2025-04-16T01:50:34.771877" level="INFO">Clicking element 'xpath=//*[text()='Create Account']'.</msg>
<arg>${button}</arg>
<doc>Click the element identified by ``locator``.</doc>
<status status="PASS" start="2025-04-16T01:50:34.771698" elapsed="0.238074"/>
</kw>
<arg>10</arg>
<arg>1</arg>
<arg>Click Element</arg>
<arg>${button}</arg>
<doc>Runs the specified keyword and retries if it fails.</doc>
<status status="PASS" start="2025-04-16T01:50:34.771489" elapsed="0.238391"/>
</kw>
<arg>${locator}</arg>
<status status="PASS" start="2025-04-16T01:50:34.771161" elapsed="0.238796"/>
</kw>
<arg>${create_account_btn}</arg>
<status status="PASS" start="2025-04-16T01:50:34.761088" elapsed="0.248970"/>
</kw>
<kw name="Validate name displayed" owner="bahai_app">
<kw name="Validate text displayed in page" owner="signup_page">
<kw name="Wait Until Keyword Succeeds" owner="BuiltIn">
<kw name="Page Should Contain" owner="SeleniumLibrary">
<msg time="2025-04-16T01:50:35.039620" level="INFO" html="true">&lt;/td&gt;&lt;/tr&gt;&lt;tr&gt;&lt;td colspan="3"&gt;&lt;a href="../screenshots/selenium-screenshot-1.png"&gt;&lt;img src="../screenshots/selenium-screenshot-1.png" width="800px"&gt;&lt;/a&gt;</msg>
<msg time="2025-04-16T01:50:35.039763" level="FAIL">Page should have contained text 'Welcome back, John!' but did not.</msg>
<arg>${expected_text}</arg>
<doc>Verifies that current page contains ``text``.</doc>
<status status="FAIL" start="2025-04-16T01:50:35.011077" elapsed="0.029022">Page should have contained text 'Welcome back, John!' but did not.</status>
</kw>
<kw name="Page Should Contain" owner="SeleniumLibrary">
<msg time="2025-04-16T01:50:36.102294" level="INFO" html="true">&lt;/td&gt;&lt;/tr&gt;&lt;tr&gt;&lt;td colspan="3"&gt;&lt;a href="../screenshots/selenium-screenshot-2.png"&gt;&lt;img src="../screenshots/selenium-screenshot-2.png" width="800px"&gt;&lt;/a&gt;</msg>
<msg time="2025-04-16T01:50:36.102473" level="FAIL">Page should have contained text 'Welcome back, John!' but did not.</msg>
<arg>${expected_text}</arg>
<doc>Verifies that current page contains ``text``.</doc>
<status status="FAIL" start="2025-04-16T01:50:36.040511" elapsed="0.062262">Page should have contained text 'Welcome back, John!' but did not.</status>
</kw>
<kw name="Page Should Contain" owner="SeleniumLibrary">
<msg time="2025-04-16T01:50:37.107819" level="INFO">Current page contains text 'Welcome back, John!'.</msg>
<arg>${expected_text}</arg>
<doc>Verifies that current page contains ``text``.</doc>
<status status="PASS" start="2025-04-16T01:50:37.103164" elapsed="0.004729"/>
</kw>
<arg>10</arg>
<arg>1</arg>
<arg>Page Should Contain</arg>
<arg>${expected_text}</arg>
<doc>Runs the specified keyword and retries if it fails.</doc>
<status status="PASS" start="2025-04-16T01:50:35.010862" elapsed="2.097104"/>
</kw>
<arg>${expected_text}</arg>
<status status="PASS" start="2025-04-16T01:50:35.010610" elapsed="2.097461"/>
</kw>
<arg>Welcome back, John!</arg>
<status status="PASS" start="2025-04-16T01:50:35.010313" elapsed="2.097816"/>
</kw>
<kw name="Main Web Teardown" owner="common" type="TEARDOWN">
<kw name="Capture Page Screenshot" owner="SeleniumLibrary">
<msg time="2025-04-16T01:50:37.172006" level="INFO" html="true">&lt;/td&gt;&lt;/tr&gt;&lt;tr&gt;&lt;td colspan="3"&gt;&lt;a href="../screenshots/selenium-screenshot-3.png"&gt;&lt;img src="../screenshots/selenium-screenshot-3.png" width="800px"&gt;&lt;/a&gt;</msg>
<doc>Takes a screenshot of the current page and embeds it into a log file.</doc>
<status status="PASS" start="2025-04-16T01:50:37.108610" elapsed="0.063503"/>
</kw>
<kw name="Close All Browsers" owner="SeleniumLibrary">
<doc>Closes all open browsers and resets the browser cache.</doc>
<status status="PASS" start="2025-04-16T01:50:37.172295" elapsed="0.637600"/>
</kw>
<doc>Main web teardown</doc>
<status status="PASS" start="2025-04-16T01:50:37.108353" elapsed="0.701682"/>
</kw>
<doc>Validate user registration</doc>
<tag>signup</tag>
<status status="PASS" start="2025-04-16T01:50:31.961110" elapsed="5.848984"/>
</test>
<status status="PASS" start="2025-04-16T01:50:31.957374" elapsed="5.853123"/>
</suite>
<status status="PASS" start="2025-04-16T01:50:13.277033" elapsed="24.534048"/>
</suite>
<statistics>
<total>
<stat pass="3" fail="0" skip="0">All Tests</stat>
</total>
<tag>
<stat pass="2" fail="0" skip="0">signin</stat>
<stat pass="1" fail="0" skip="0">signup</stat>
</tag>
<suite>
<stat name="Tests" id="s1" pass="3" fail="0" skip="0">Tests</stat>
<stat name="Fe User Login" id="s1-s1" pass="2" fail="0" skip="0">Tests.Fe User Login</stat>
<stat name="Fe User Registration" id="s1-s2" pass="1" fail="0" skip="0">Tests.Fe User Registration</stat>
</suite>
</statistics>
<errors>
<msg time="2025-04-16T01:50:13.424449" level="ERROR">Error in file '/home/runner/work/bah.ai-automation/bah.ai-automation/data/variables/public_variables.robot' on line 2: Resource file 'private_variables.robot' does not exist.</msg>
<msg time="2025-04-16T01:50:31.960334" level="ERROR">Error in file '/home/runner/work/bah.ai-automation/bah.ai-automation/data/variables/public_variables.robot' on line 2: Resource file 'private_variables.robot' does not exist.</msg>
</errors>
</robot>
