<?xml version="1.0" encoding="UTF-8"?>
<robot generator="Robot 7.2.2 (Python 3.13.0 on darwin)" generated="2025-04-23T07:42:39.190272" rpa="false" schemaversion="5">
<suite id="s1" name="Tests" source="/Users/redenlongcop/Documents/bahai-automation/tests">
<suite id="s1-s1" name="Fe User Login" source="/Users/redenlongcop/Documents/bahai-automation/tests/fe_user_login.robot">
<test id="s1-s1-t1" name="Test Case 1: Validate user registration" line="15">
<kw name="Main Web Setup" owner="common" type="SETUP">
<if>
<branch type="IF" condition="'${browser}' == 'chrome' or '${browser}' == 'headlesschrome'">
<kw name="Set Variable" owner="BuiltIn">
<msg time="2025-04-23T07:42:39.294231" level="INFO">${dir} = chrome</msg>
<var>${dir}</var>
<arg>chrome</arg>
<doc>Returns the given values which can then be assigned to a variables.</doc>
<status status="PASS" start="2025-04-23T07:42:39.294158" elapsed="0.000092"/>
</kw>
<status status="PASS" start="2025-04-23T07:42:39.293774" elapsed="0.000514"/>
</branch>
<branch type="ELSE IF" condition="'${browser}' == 'firefox' or '${browser}' == 'headlessfirefox'">
<kw name="Set Variable" owner="BuiltIn">
<var>${dir}</var>
<arg>firefox</arg>
<doc>Returns the given values which can then be assigned to a variables.</doc>
<status status="NOT RUN" start="2025-04-23T07:42:39.294365" elapsed="0.000012"/>
</kw>
<status status="NOT RUN" start="2025-04-23T07:42:39.294311" elapsed="0.000087"/>
</branch>
<branch type="ELSE">
<kw name="Set Variable" owner="BuiltIn">
<var>${dir}</var>
<arg>${browser}</arg>
<doc>Returns the given values which can then be assigned to a variables.</doc>
<status status="NOT RUN" start="2025-04-23T07:42:39.294456" elapsed="0.000009"/>
</kw>
<status status="NOT RUN" start="2025-04-23T07:42:39.294415" elapsed="0.000067"/>
</branch>
<status status="PASS" start="2025-04-23T07:42:39.293759" elapsed="0.000736"/>
</if>
<kw name="Create Directory" owner="OperatingSystem">
<msg time="2025-04-23T07:42:39.294621" level="INFO" html="true">Directory '&lt;a href="file:///Users/redenlongcop/Documents/bahai-automation/logs/chrome/screenshots"&gt;/Users/redenlongcop/Documents/bahai-automation/logs/chrome/screenshots&lt;/a&gt;' already exists.</msg>
<arg>logs/${dir}/screenshots</arg>
<doc>Creates the specified directory.</doc>
<status status="PASS" start="2025-04-23T07:42:39.294532" elapsed="0.000116"/>
</kw>
<kw name="Empty Directory" owner="OperatingSystem">
<msg time="2025-04-23T07:42:39.294760" level="INFO" html="true">Listing contents of directory '&lt;a href="file:///Users/redenlongcop/Documents/bahai-automation/logs/chrome/screenshots"&gt;/Users/redenlongcop/Documents/bahai-automation/logs/chrome/screenshots&lt;/a&gt;'.</msg>
<msg time="2025-04-23T07:42:39.294814" level="INFO" html="true">Emptied directory '&lt;a href="file:///Users/redenlongcop/Documents/bahai-automation/logs/chrome/screenshots"&gt;/Users/redenlongcop/Documents/bahai-automation/logs/chrome/screenshots&lt;/a&gt;'.</msg>
<arg>logs/${dir}/screenshots</arg>
<doc>Deletes all the content from the given directory.</doc>
<status status="PASS" start="2025-04-23T07:42:39.294694" elapsed="0.000139"/>
</kw>
<kw name="Set Screenshot Directory" owner="SeleniumLibrary">
<arg>logs/${dir}/screenshots</arg>
<doc>Sets the directory for captured screenshots.</doc>
<status status="PASS" start="2025-04-23T07:42:39.294889" elapsed="0.000097"/>
</kw>
<kw name="Open Browser" owner="SeleniumLibrary">
<msg time="2025-04-23T07:42:39.295116" level="INFO">Opening browser 'chrome' to base url 'about:blank'.</msg>
<arg>about:blank</arg>
<arg>${browser}</arg>
<doc>Opens a new browser instance to the optional ``url``.</doc>
<status status="PASS" start="2025-04-23T07:42:39.295043" elapsed="4.816660"/>
</kw>
<kw name="Maximize Browser Window" owner="SeleniumLibrary">
<doc>Maximizes current browser window.</doc>
<status status="PASS" start="2025-04-23T07:42:44.112042" elapsed="0.376144"/>
</kw>
<arg>${BROWSER}</arg>
<doc>Main web setup</doc>
<status status="PASS" start="2025-04-23T07:42:39.293628" elapsed="5.194805"/>
</kw>
<kw name="Navigate to the login page" owner="bahai_app">
<kw name="Navigate to login page" owner="login_page">
<kw name="Go To" owner="SeleniumLibrary">
<msg time="2025-04-23T07:42:44.489970" level="INFO">Opening url 'https://v0-real-estate-marketplace-necizi.vercel.app/login'</msg>
<arg>${url}</arg>
<doc>Navigates the current browser window to the provided ``url``.</doc>
<status status="PASS" start="2025-04-23T07:42:44.489845" elapsed="0.514425"/>
</kw>
<arg>${url}</arg>
<status status="PASS" start="2025-04-23T07:42:44.489608" elapsed="0.514751"/>
</kw>
<kw name="Verify page loaded" owner="login_page">
<kw name="Wait Until Element Is Visible" owner="SeleniumLibrary">
<arg>${locator}</arg>
<doc>Waits until the element ``locator`` is visible.</doc>
<status status="PASS" start="2025-04-23T07:42:45.004665" elapsed="0.038028"/>
</kw>
<arg>${locator}</arg>
<status status="PASS" start="2025-04-23T07:42:45.004471" elapsed="0.038422"/>
</kw>
<arg>${LOGIN_PAGE}</arg>
<arg>${login_form}</arg>
<status status="PASS" start="2025-04-23T07:42:44.489149" elapsed="0.553778"/>
</kw>
<kw name="Enter credential" owner="bahai_app">
<kw name="Verify element visible" owner="signup_page">
<kw name="Wait Until Element Is Visible" owner="SeleniumLibrary">
<arg>${locator}</arg>
<doc>Waits until the element ``locator`` is visible.</doc>
<status status="PASS" start="2025-04-23T07:42:45.043440" elapsed="0.008583"/>
</kw>
<arg>${locator}</arg>
<status status="PASS" start="2025-04-23T07:42:45.043308" elapsed="0.008777"/>
</kw>
<kw name="Enter credential" owner="signup_page">
<kw name="Input Text" owner="SeleniumLibrary">
<msg time="2025-04-23T07:42:45.052477" level="INFO">Typing text 'sample@email.com' into text field 'id=email'.</msg>
<arg>${locator}</arg>
<arg>${credential}</arg>
<doc>Types the given ``text`` into the text field identified by ``locator``.</doc>
<status status="PASS" start="2025-04-23T07:42:45.052367" elapsed="0.125247"/>
</kw>
<arg>${credential}</arg>
<arg>${locator}</arg>
<status status="PASS" start="2025-04-23T07:42:45.052198" elapsed="0.125501"/>
</kw>
<arg>${login_email_field}</arg>
<arg>${EMAIL}</arg>
<status status="PASS" start="2025-04-23T07:42:45.043103" elapsed="0.134652"/>
</kw>
<kw name="Enter credential" owner="bahai_app">
<kw name="Verify element visible" owner="signup_page">
<kw name="Wait Until Element Is Visible" owner="SeleniumLibrary">
<arg>${locator}</arg>
<doc>Waits until the element ``locator`` is visible.</doc>
<status status="PASS" start="2025-04-23T07:42:45.178318" elapsed="0.026799"/>
</kw>
<arg>${locator}</arg>
<status status="PASS" start="2025-04-23T07:42:45.178189" elapsed="0.027020"/>
</kw>
<kw name="Enter credential" owner="signup_page">
<kw name="Input Text" owner="SeleniumLibrary">
<msg time="2025-04-23T07:42:45.206009" level="INFO">Typing text 'Password@123' into text field 'id=password'.</msg>
<arg>${locator}</arg>
<arg>${credential}</arg>
<doc>Types the given ``text`` into the text field identified by ``locator``.</doc>
<status status="PASS" start="2025-04-23T07:42:45.205666" elapsed="0.053589"/>
</kw>
<arg>${credential}</arg>
<arg>${locator}</arg>
<status status="PASS" start="2025-04-23T07:42:45.205354" elapsed="0.054001"/>
</kw>
<arg>${login_password_field}</arg>
<arg>${PASSWORD}</arg>
<status status="PASS" start="2025-04-23T07:42:45.177969" elapsed="0.081462"/>
</kw>
<kw name="Click sign in" owner="bahai_app">
<kw name="Verify page loaded" owner="login_page">
<kw name="Wait Until Element Is Visible" owner="SeleniumLibrary">
<arg>${locator}</arg>
<doc>Waits until the element ``locator`` is visible.</doc>
<status status="PASS" start="2025-04-23T07:42:45.260072" elapsed="0.010030"/>
</kw>
<arg>${locator}</arg>
<status status="PASS" start="2025-04-23T07:42:45.259933" elapsed="0.010237"/>
</kw>
<kw name="Click button" owner="login_page">
<kw name="Click Element" owner="SeleniumLibrary">
<msg time="2025-04-23T07:42:45.270574" level="INFO">Clicking element 'xpath=//*[text()='Sign in']'.</msg>
<arg>${button}</arg>
<doc>Click the element identified by ``locator``.</doc>
<status status="PASS" start="2025-04-23T07:42:45.270461" elapsed="0.040448"/>
</kw>
<arg>${locator}</arg>
<status status="PASS" start="2025-04-23T07:42:45.270277" elapsed="0.040798"/>
</kw>
<arg>${signin_btn}</arg>
<status status="PASS" start="2025-04-23T07:42:45.259737" elapsed="0.051372"/>
</kw>
<kw name="Validate name displayed" owner="bahai_app">
<kw name="Validate text displayed in page" owner="signup_page">
<kw name="Wait Until Keyword Succeeds" owner="BuiltIn">
<kw name="Page Should Contain" owner="SeleniumLibrary">
<msg time="2025-04-23T07:42:45.505893" level="INFO" html="true">&lt;/td&gt;&lt;/tr&gt;&lt;tr&gt;&lt;td colspan="3"&gt;&lt;a href="../chrome/screenshots/selenium-screenshot-1.png"&gt;&lt;img src="../chrome/screenshots/selenium-screenshot-1.png" width="800px"&gt;&lt;/a&gt;</msg>
<msg time="2025-04-23T07:42:45.506099" level="FAIL">Page should have contained text 'Welcome back, sample!' but did not.</msg>
<arg>${expected_text}</arg>
<doc>Verifies that current page contains ``text``.</doc>
<status status="FAIL" start="2025-04-23T07:42:45.311779" elapsed="0.196016">Page should have contained text 'Welcome back, sample!' but did not.</status>
</kw>
<kw name="Page Should Contain" owner="SeleniumLibrary">
<msg time="2025-04-23T07:42:46.698449" level="INFO" html="true">&lt;/td&gt;&lt;/tr&gt;&lt;tr&gt;&lt;td colspan="3"&gt;&lt;a href="../chrome/screenshots/selenium-screenshot-2.png"&gt;&lt;img src="../chrome/screenshots/selenium-screenshot-2.png" width="800px"&gt;&lt;/a&gt;</msg>
<msg time="2025-04-23T07:42:46.698574" level="FAIL">Page should have contained text 'Welcome back, sample!' but did not.</msg>
<arg>${expected_text}</arg>
<doc>Verifies that current page contains ``text``.</doc>
<status status="FAIL" start="2025-04-23T07:42:46.508751" elapsed="0.190282">Page should have contained text 'Welcome back, sample!' but did not.</status>
</kw>
<kw name="Page Should Contain" owner="SeleniumLibrary">
<msg time="2025-04-23T07:42:47.714905" level="INFO">Current page contains text 'Welcome back, sample!'.</msg>
<arg>${expected_text}</arg>
<doc>Verifies that current page contains ``text``.</doc>
<status status="PASS" start="2025-04-23T07:42:47.701294" elapsed="0.013776"/>
</kw>
<arg>10</arg>
<arg>1</arg>
<arg>Page Should Contain</arg>
<arg>${expected_text}</arg>
<doc>Runs the specified keyword and retries if it fails.</doc>
<status status="PASS" start="2025-04-23T07:42:45.311609" elapsed="2.403593"/>
</kw>
<arg>${expected_text}</arg>
<status status="PASS" start="2025-04-23T07:42:45.311438" elapsed="2.403869"/>
</kw>
<arg>Welcome back, sample!</arg>
<status status="PASS" start="2025-04-23T07:42:45.311274" elapsed="2.404113"/>
</kw>
<kw name="Main Web Teardown" owner="common" type="TEARDOWN">
<kw name="Capture Page Screenshot" owner="SeleniumLibrary">
<msg time="2025-04-23T07:42:47.903894" level="INFO" html="true">&lt;/td&gt;&lt;/tr&gt;&lt;tr&gt;&lt;td colspan="3"&gt;&lt;a href="../chrome/screenshots/selenium-screenshot-3.png"&gt;&lt;img src="../chrome/screenshots/selenium-screenshot-3.png" width="800px"&gt;&lt;/a&gt;</msg>
<doc>Takes a screenshot of the current page and embeds it into a log file.</doc>
<status status="PASS" start="2025-04-23T07:42:47.716248" elapsed="0.187715"/>
</kw>
<kw name="Close All Browsers" owner="SeleniumLibrary">
<doc>Closes all open browsers and resets the browser cache.</doc>
<status status="PASS" start="2025-04-23T07:42:47.904074" elapsed="0.080023"/>
</kw>
<doc>Main web teardown</doc>
<status status="PASS" start="2025-04-23T07:42:47.715851" elapsed="0.268348"/>
</kw>
<doc>Validate user registration</doc>
<tag>signin</tag>
<status status="PASS" start="2025-04-23T07:42:39.293195" elapsed="8.691299"/>
</test>
<test id="s1-s1-t2" name="Test Case 2: Validate logout navigation" line="27">
<kw name="Main Web Setup" owner="common" type="SETUP">
<if>
<branch type="IF" condition="'${browser}' == 'chrome' or '${browser}' == 'headlesschrome'">
<kw name="Set Variable" owner="BuiltIn">
<msg time="2025-04-23T07:42:47.986091" level="INFO">${dir} = chrome</msg>
<var>${dir}</var>
<arg>chrome</arg>
<doc>Returns the given values which can then be assigned to a variables.</doc>
<status status="PASS" start="2025-04-23T07:42:47.986012" elapsed="0.000095"/>
</kw>
<status status="PASS" start="2025-04-23T07:42:47.985801" elapsed="0.000334"/>
</branch>
<branch type="ELSE IF" condition="'${browser}' == 'firefox' or '${browser}' == 'headlessfirefox'">
<kw name="Set Variable" owner="BuiltIn">
<var>${dir}</var>
<arg>firefox</arg>
<doc>Returns the given values which can then be assigned to a variables.</doc>
<status status="NOT RUN" start="2025-04-23T07:42:47.986202" elapsed="0.000012"/>
</kw>
<status status="NOT RUN" start="2025-04-23T07:42:47.986154" elapsed="0.000078"/>
</branch>
<branch type="ELSE">
<kw name="Set Variable" owner="BuiltIn">
<var>${dir}</var>
<arg>${browser}</arg>
<doc>Returns the given values which can then be assigned to a variables.</doc>
<status status="NOT RUN" start="2025-04-23T07:42:47.986290" elapsed="0.000010"/>
</kw>
<status status="NOT RUN" start="2025-04-23T07:42:47.986248" elapsed="0.000070"/>
</branch>
<status status="PASS" start="2025-04-23T07:42:47.985782" elapsed="0.000549"/>
</if>
<kw name="Create Directory" owner="OperatingSystem">
<msg time="2025-04-23T07:42:47.986548" level="INFO" html="true">Directory '&lt;a href="file:///Users/redenlongcop/Documents/bahai-automation/logs/chrome/screenshots"&gt;/Users/redenlongcop/Documents/bahai-automation/logs/chrome/screenshots&lt;/a&gt;' already exists.</msg>
<arg>logs/${dir}/screenshots</arg>
<doc>Creates the specified directory.</doc>
<status status="PASS" start="2025-04-23T07:42:47.986371" elapsed="0.000205"/>
</kw>
<kw name="Empty Directory" owner="OperatingSystem">
<msg time="2025-04-23T07:42:47.986708" level="INFO" html="true">Listing contents of directory '&lt;a href="file:///Users/redenlongcop/Documents/bahai-automation/logs/chrome/screenshots"&gt;/Users/redenlongcop/Documents/bahai-automation/logs/chrome/screenshots&lt;/a&gt;'.</msg>
<msg time="2025-04-23T07:42:47.987022" level="INFO" html="true">Emptied directory '&lt;a href="file:///Users/redenlongcop/Documents/bahai-automation/logs/chrome/screenshots"&gt;/Users/redenlongcop/Documents/bahai-automation/logs/chrome/screenshots&lt;/a&gt;'.</msg>
<arg>logs/${dir}/screenshots</arg>
<doc>Deletes all the content from the given directory.</doc>
<status status="PASS" start="2025-04-23T07:42:47.986627" elapsed="0.000419"/>
</kw>
<kw name="Set Screenshot Directory" owner="SeleniumLibrary">
<arg>logs/${dir}/screenshots</arg>
<doc>Sets the directory for captured screenshots.</doc>
<status status="PASS" start="2025-04-23T07:42:47.987113" elapsed="0.000112"/>
</kw>
<kw name="Open Browser" owner="SeleniumLibrary">
<msg time="2025-04-23T07:42:47.987404" level="INFO">Opening browser 'chrome' to base url 'about:blank'.</msg>
<arg>about:blank</arg>
<arg>${browser}</arg>
<doc>Opens a new browser instance to the optional ``url``.</doc>
<status status="PASS" start="2025-04-23T07:42:47.987325" elapsed="0.901216"/>
</kw>
<kw name="Maximize Browser Window" owner="SeleniumLibrary">
<doc>Maximizes current browser window.</doc>
<status status="PASS" start="2025-04-23T07:42:48.889214" elapsed="0.386536"/>
</kw>
<arg>${BROWSER}</arg>
<doc>Main web setup</doc>
<status status="PASS" start="2025-04-23T07:42:47.985636" elapsed="1.290494"/>
</kw>
<kw name="Navigate to the login page" owner="bahai_app">
<kw name="Navigate to login page" owner="login_page">
<kw name="Go To" owner="SeleniumLibrary">
<msg time="2025-04-23T07:42:49.277709" level="INFO">Opening url 'https://v0-real-estate-marketplace-necizi.vercel.app/login'</msg>
<arg>${url}</arg>
<doc>Navigates the current browser window to the provided ``url``.</doc>
<status status="PASS" start="2025-04-23T07:42:49.277573" elapsed="0.420872"/>
</kw>
<arg>${url}</arg>
<status status="PASS" start="2025-04-23T07:42:49.277324" elapsed="0.421194"/>
</kw>
<kw name="Verify page loaded" owner="login_page">
<kw name="Wait Until Element Is Visible" owner="SeleniumLibrary">
<arg>${locator}</arg>
<doc>Waits until the element ``locator`` is visible.</doc>
<status status="PASS" start="2025-04-23T07:42:49.698888" elapsed="0.013217"/>
</kw>
<arg>${locator}</arg>
<status status="PASS" start="2025-04-23T07:42:49.698653" elapsed="0.013528"/>
</kw>
<arg>${LOGIN_PAGE}</arg>
<arg>${login_form}</arg>
<status status="PASS" start="2025-04-23T07:42:49.276829" elapsed="0.436408"/>
</kw>
<kw name="Enter credential" owner="bahai_app">
<kw name="Verify element visible" owner="signup_page">
<kw name="Wait Until Element Is Visible" owner="SeleniumLibrary">
<arg>${locator}</arg>
<doc>Waits until the element ``locator`` is visible.</doc>
<status status="PASS" start="2025-04-23T07:42:49.713743" elapsed="0.008783"/>
</kw>
<arg>${locator}</arg>
<status status="PASS" start="2025-04-23T07:42:49.713624" elapsed="0.009008"/>
</kw>
<kw name="Enter credential" owner="signup_page">
<kw name="Input Text" owner="SeleniumLibrary">
<msg time="2025-04-23T07:42:49.723131" level="INFO">Typing text 'sample@email.com' into text field 'id=email'.</msg>
<arg>${locator}</arg>
<arg>${credential}</arg>
<doc>Types the given ``text`` into the text field identified by ``locator``.</doc>
<status status="PASS" start="2025-04-23T07:42:49.722999" elapsed="0.122393"/>
</kw>
<arg>${credential}</arg>
<arg>${locator}</arg>
<status status="PASS" start="2025-04-23T07:42:49.722791" elapsed="0.122683"/>
</kw>
<arg>${login_email_field}</arg>
<arg>${EMAIL}</arg>
<status status="PASS" start="2025-04-23T07:42:49.713417" elapsed="0.132094"/>
</kw>
<kw name="Enter credential" owner="bahai_app">
<kw name="Verify element visible" owner="signup_page">
<kw name="Wait Until Element Is Visible" owner="SeleniumLibrary">
<arg>${locator}</arg>
<doc>Waits until the element ``locator`` is visible.</doc>
<status status="PASS" start="2025-04-23T07:42:49.846457" elapsed="0.022588"/>
</kw>
<arg>${locator}</arg>
<status status="PASS" start="2025-04-23T07:42:49.845878" elapsed="0.023245"/>
</kw>
<kw name="Enter credential" owner="signup_page">
<kw name="Input Text" owner="SeleniumLibrary">
<msg time="2025-04-23T07:42:49.869656" level="INFO">Typing text 'Password@123' into text field 'id=password'.</msg>
<arg>${locator}</arg>
<arg>${credential}</arg>
<doc>Types the given ``text`` into the text field identified by ``locator``.</doc>
<status status="PASS" start="2025-04-23T07:42:49.869495" elapsed="0.043628"/>
</kw>
<arg>${credential}</arg>
<arg>${locator}</arg>
<status status="PASS" start="2025-04-23T07:42:49.869302" elapsed="0.043905"/>
</kw>
<arg>${login_password_field}</arg>
<arg>${PASSWORD}</arg>
<status status="PASS" start="2025-04-23T07:42:49.845672" elapsed="0.067567"/>
</kw>
<kw name="Click sign in" owner="bahai_app">
<kw name="Verify page loaded" owner="login_page">
<kw name="Wait Until Element Is Visible" owner="SeleniumLibrary">
<arg>${locator}</arg>
<doc>Waits until the element ``locator`` is visible.</doc>
<status status="PASS" start="2025-04-23T07:42:49.913746" elapsed="0.010566"/>
</kw>
<arg>${locator}</arg>
<status status="PASS" start="2025-04-23T07:42:49.913615" elapsed="0.010773"/>
</kw>
<kw name="Click button" owner="login_page">
<kw name="Click Element" owner="SeleniumLibrary">
<msg time="2025-04-23T07:42:49.924836" level="INFO">Clicking element 'xpath=//*[text()='Sign in']'.</msg>
<arg>${button}</arg>
<doc>Click the element identified by ``locator``.</doc>
<status status="PASS" start="2025-04-23T07:42:49.924709" elapsed="0.046101"/>
</kw>
<arg>${locator}</arg>
<status status="PASS" start="2025-04-23T07:42:49.924505" elapsed="0.046374"/>
</kw>
<arg>${signin_btn}</arg>
<status status="PASS" start="2025-04-23T07:42:49.913417" elapsed="0.057490"/>
</kw>
<kw name="Validate name displayed" owner="bahai_app">
<kw name="Validate text displayed in page" owner="signup_page">
<kw name="Wait Until Keyword Succeeds" owner="BuiltIn">
<kw name="Page Should Contain" owner="SeleniumLibrary">
<msg time="2025-04-23T07:42:50.176004" level="INFO" html="true">&lt;/td&gt;&lt;/tr&gt;&lt;tr&gt;&lt;td colspan="3"&gt;&lt;a href="../chrome/screenshots/selenium-screenshot-1.png"&gt;&lt;img src="../chrome/screenshots/selenium-screenshot-1.png" width="800px"&gt;&lt;/a&gt;</msg>
<msg time="2025-04-23T07:42:50.176170" level="FAIL">Page should have contained text 'Welcome back, sample!' but did not.</msg>
<arg>${expected_text}</arg>
<doc>Verifies that current page contains ``text``.</doc>
<status status="FAIL" start="2025-04-23T07:42:49.971583" elapsed="0.205108">Page should have contained text 'Welcome back, sample!' but did not.</status>
</kw>
<kw name="Page Should Contain" owner="SeleniumLibrary">
<msg time="2025-04-23T07:42:51.382425" level="INFO" html="true">&lt;/td&gt;&lt;/tr&gt;&lt;tr&gt;&lt;td colspan="3"&gt;&lt;a href="../chrome/screenshots/selenium-screenshot-2.png"&gt;&lt;img src="../chrome/screenshots/selenium-screenshot-2.png" width="800px"&gt;&lt;/a&gt;</msg>
<msg time="2025-04-23T07:42:51.382524" level="FAIL">Page should have contained text 'Welcome back, sample!' but did not.</msg>
<arg>${expected_text}</arg>
<doc>Verifies that current page contains ``text``.</doc>
<status status="FAIL" start="2025-04-23T07:42:51.178115" elapsed="0.204720">Page should have contained text 'Welcome back, sample!' but did not.</status>
</kw>
<kw name="Page Should Contain" owner="SeleniumLibrary">
<msg time="2025-04-23T07:42:52.400020" level="INFO">Current page contains text 'Welcome back, sample!'.</msg>
<arg>${expected_text}</arg>
<doc>Verifies that current page contains ``text``.</doc>
<status status="PASS" start="2025-04-23T07:42:52.385491" elapsed="0.014674"/>
</kw>
<arg>10</arg>
<arg>1</arg>
<arg>Page Should Contain</arg>
<arg>${expected_text}</arg>
<doc>Runs the specified keyword and retries if it fails.</doc>
<status status="PASS" start="2025-04-23T07:42:49.971385" elapsed="2.428891"/>
</kw>
<arg>${expected_text}</arg>
<status status="PASS" start="2025-04-23T07:42:49.971229" elapsed="2.429149"/>
</kw>
<arg>Welcome back, sample!</arg>
<status status="PASS" start="2025-04-23T07:42:49.971068" elapsed="2.429374"/>
</kw>
<kw name="Click button" owner="bahai_app">
<kw name="Verify element visible" owner="signup_page">
<kw name="Wait Until Element Is Visible" owner="SeleniumLibrary">
<arg>${locator}</arg>
<doc>Waits until the element ``locator`` is visible.</doc>
<status status="PASS" start="2025-04-23T07:42:52.401513" elapsed="0.017468"/>
</kw>
<arg>${locator}</arg>
<status status="PASS" start="2025-04-23T07:42:52.401200" elapsed="0.017902"/>
</kw>
<kw name="Click button" owner="signup_page">
<kw name="Wait Until Keyword Succeeds" owner="BuiltIn">
<kw name="Click Element" owner="SeleniumLibrary">
<msg time="2025-04-23T07:42:52.419952" level="INFO">Clicking element 'xpath=//div[text()='S']'.</msg>
<arg>${button}</arg>
<doc>Click the element identified by ``locator``.</doc>
<status status="PASS" start="2025-04-23T07:42:52.419793" elapsed="0.059230"/>
</kw>
<arg>10</arg>
<arg>1</arg>
<arg>Click Element</arg>
<arg>${button}</arg>
<doc>Runs the specified keyword and retries if it fails.</doc>
<status status="PASS" start="2025-04-23T07:42:52.419612" elapsed="0.059475"/>
</kw>
<arg>${locator}</arg>
<status status="PASS" start="2025-04-23T07:42:52.419303" elapsed="0.059830"/>
</kw>
<arg>${profile_icon}</arg>
<status status="PASS" start="2025-04-23T07:42:52.400774" elapsed="0.078385"/>
</kw>
<kw name="Click button" owner="bahai_app">
<kw name="Verify element visible" owner="signup_page">
<kw name="Wait Until Element Is Visible" owner="SeleniumLibrary">
<arg>${locator}</arg>
<doc>Waits until the element ``locator`` is visible.</doc>
<status status="PASS" start="2025-04-23T07:42:52.479827" elapsed="0.230850"/>
</kw>
<arg>${locator}</arg>
<status status="PASS" start="2025-04-23T07:42:52.479651" elapsed="0.231180"/>
</kw>
<kw name="Click button" owner="signup_page">
<kw name="Wait Until Keyword Succeeds" owner="BuiltIn">
<kw name="Click Element" owner="SeleniumLibrary">
<msg time="2025-04-23T07:42:52.711826" level="INFO">Clicking element 'xpath=//*[text()='Log out']'.</msg>
<arg>${button}</arg>
<doc>Click the element identified by ``locator``.</doc>
<status status="PASS" start="2025-04-23T07:42:52.711638" elapsed="0.048582"/>
</kw>
<arg>10</arg>
<arg>1</arg>
<arg>Click Element</arg>
<arg>${button}</arg>
<doc>Runs the specified keyword and retries if it fails.</doc>
<status status="PASS" start="2025-04-23T07:42:52.711421" elapsed="0.049092"/>
</kw>
<arg>${locator}</arg>
<status status="PASS" start="2025-04-23T07:42:52.711069" elapsed="0.049656"/>
</kw>
<arg>${logout_btn}</arg>
<status status="PASS" start="2025-04-23T07:42:52.479413" elapsed="0.281787"/>
</kw>
<kw name="Validate text displayed" owner="bahai_app">
<kw name="Validate text displayed in page" owner="signup_page">
<kw name="Wait Until Keyword Succeeds" owner="BuiltIn">
<kw name="Page Should Contain" owner="SeleniumLibrary">
<msg time="2025-04-23T07:42:52.771219" level="INFO">Current page contains text 'Sign in to your account'.</msg>
<arg>${expected_text}</arg>
<doc>Verifies that current page contains ``text``.</doc>
<status status="PASS" start="2025-04-23T07:42:52.763448" elapsed="0.007835"/>
</kw>
<arg>10</arg>
<arg>1</arg>
<arg>Page Should Contain</arg>
<arg>${expected_text}</arg>
<doc>Runs the specified keyword and retries if it fails.</doc>
<status status="PASS" start="2025-04-23T07:42:52.763307" elapsed="0.008031"/>
</kw>
<arg>${expected_text}</arg>
<status status="PASS" start="2025-04-23T07:42:52.762893" elapsed="0.008490"/>
</kw>
<arg>Sign in to your account</arg>
<status status="PASS" start="2025-04-23T07:42:52.761604" elapsed="0.009811"/>
</kw>
<kw name="Main Web Teardown" owner="common" type="TEARDOWN">
<kw name="Capture Page Screenshot" owner="SeleniumLibrary">
<msg time="2025-04-23T07:42:52.962902" level="INFO" html="true">&lt;/td&gt;&lt;/tr&gt;&lt;tr&gt;&lt;td colspan="3"&gt;&lt;a href="../chrome/screenshots/selenium-screenshot-3.png"&gt;&lt;img src="../chrome/screenshots/selenium-screenshot-3.png" width="800px"&gt;&lt;/a&gt;</msg>
<doc>Takes a screenshot of the current page and embeds it into a log file.</doc>
<status status="PASS" start="2025-04-23T07:42:52.771801" elapsed="0.191161"/>
</kw>
<kw name="Close All Browsers" owner="SeleniumLibrary">
<doc>Closes all open browsers and resets the browser cache.</doc>
<status status="PASS" start="2025-04-23T07:42:52.963064" elapsed="0.079711"/>
</kw>
<doc>Main web teardown</doc>
<status status="PASS" start="2025-04-23T07:42:52.771630" elapsed="0.271231"/>
</kw>
<doc>Validate user renavigates to logout page</doc>
<tag>signin</tag>
<status status="PASS" start="2025-04-23T07:42:47.985183" elapsed="5.057751"/>
</test>
<status status="PASS" start="2025-04-23T07:42:39.202810" elapsed="13.840750"/>
</suite>
<suite id="s1-s2" name="Fe User Registration" source="/Users/redenlongcop/Documents/bahai-automation/tests/fe_user_registration.robot">
<test id="s1-s2-t1" name="Test Case 1: Validate user registration" line="11">
<kw name="Main Web Setup" owner="common" type="SETUP">
<if>
<branch type="IF" condition="'${browser}' == 'chrome' or '${browser}' == 'headlesschrome'">
<kw name="Set Variable" owner="BuiltIn">
<msg time="2025-04-23T07:42:53.047639" level="INFO">${dir} = chrome</msg>
<var>${dir}</var>
<arg>chrome</arg>
<doc>Returns the given values which can then be assigned to a variables.</doc>
<status status="PASS" start="2025-04-23T07:42:53.047566" elapsed="0.000098"/>
</kw>
<status status="PASS" start="2025-04-23T07:42:53.047385" elapsed="0.000321"/>
</branch>
<branch type="ELSE IF" condition="'${browser}' == 'firefox' or '${browser}' == 'headlessfirefox'">
<kw name="Set Variable" owner="BuiltIn">
<var>${dir}</var>
<arg>firefox</arg>
<doc>Returns the given values which can then be assigned to a variables.</doc>
<status status="NOT RUN" start="2025-04-23T07:42:53.047786" elapsed="0.000013"/>
</kw>
<status status="NOT RUN" start="2025-04-23T07:42:53.047729" elapsed="0.000090"/>
</branch>
<branch type="ELSE">
<kw name="Set Variable" owner="BuiltIn">
<var>${dir}</var>
<arg>${browser}</arg>
<doc>Returns the given values which can then be assigned to a variables.</doc>
<status status="NOT RUN" start="2025-04-23T07:42:53.047878" elapsed="0.000011"/>
</kw>
<status status="NOT RUN" start="2025-04-23T07:42:53.047834" elapsed="0.000072"/>
</branch>
<status status="PASS" start="2025-04-23T07:42:53.047361" elapsed="0.000559"/>
</if>
<kw name="Create Directory" owner="OperatingSystem">
<msg time="2025-04-23T07:42:53.048127" level="INFO" html="true">Directory '&lt;a href="file:///Users/redenlongcop/Documents/bahai-automation/logs/chrome/screenshots"&gt;/Users/redenlongcop/Documents/bahai-automation/logs/chrome/screenshots&lt;/a&gt;' already exists.</msg>
<arg>logs/${dir}/screenshots</arg>
<doc>Creates the specified directory.</doc>
<status status="PASS" start="2025-04-23T07:42:53.047960" elapsed="0.000207"/>
</kw>
<kw name="Empty Directory" owner="OperatingSystem">
<msg time="2025-04-23T07:42:53.048324" level="INFO" html="true">Listing contents of directory '&lt;a href="file:///Users/redenlongcop/Documents/bahai-automation/logs/chrome/screenshots"&gt;/Users/redenlongcop/Documents/bahai-automation/logs/chrome/screenshots&lt;/a&gt;'.</msg>
<msg time="2025-04-23T07:42:53.048882" level="INFO" html="true">Emptied directory '&lt;a href="file:///Users/redenlongcop/Documents/bahai-automation/logs/chrome/screenshots"&gt;/Users/redenlongcop/Documents/bahai-automation/logs/chrome/screenshots&lt;/a&gt;'.</msg>
<arg>logs/${dir}/screenshots</arg>
<doc>Deletes all the content from the given directory.</doc>
<status status="PASS" start="2025-04-23T07:42:53.048230" elapsed="0.000689"/>
</kw>
<kw name="Set Screenshot Directory" owner="SeleniumLibrary">
<arg>logs/${dir}/screenshots</arg>
<doc>Sets the directory for captured screenshots.</doc>
<status status="PASS" start="2025-04-23T07:42:53.049017" elapsed="0.000141"/>
</kw>
<kw name="Open Browser" owner="SeleniumLibrary">
<msg time="2025-04-23T07:42:53.049319" level="INFO">Opening browser 'chrome' to base url 'about:blank'.</msg>
<arg>about:blank</arg>
<arg>${browser}</arg>
<doc>Opens a new browser instance to the optional ``url``.</doc>
<status status="PASS" start="2025-04-23T07:42:53.049237" elapsed="0.883410"/>
</kw>
<kw name="Maximize Browser Window" owner="SeleniumLibrary">
<doc>Maximizes current browser window.</doc>
<status status="PASS" start="2025-04-23T07:42:53.933384" elapsed="0.385766"/>
</kw>
<arg>${BROWSER}</arg>
<doc>Main web setup</doc>
<status status="PASS" start="2025-04-23T07:42:53.047204" elapsed="1.272105"/>
</kw>
<kw name="Navigate to the login page" owner="bahai_app">
<kw name="Navigate to login page" owner="login_page">
<kw name="Go To" owner="SeleniumLibrary">
<msg time="2025-04-23T07:42:54.320912" level="INFO">Opening url 'https://v0-real-estate-marketplace-necizi.vercel.app/login'</msg>
<arg>${url}</arg>
<doc>Navigates the current browser window to the provided ``url``.</doc>
<status status="PASS" start="2025-04-23T07:42:54.320787" elapsed="0.512176"/>
</kw>
<arg>${url}</arg>
<status status="PASS" start="2025-04-23T07:42:54.320526" elapsed="0.512638"/>
</kw>
<kw name="Verify page loaded" owner="login_page">
<kw name="Wait Until Element Is Visible" owner="SeleniumLibrary">
<arg>${locator}</arg>
<doc>Waits until the element ``locator`` is visible.</doc>
<status status="PASS" start="2025-04-23T07:42:54.833726" elapsed="0.011954"/>
</kw>
<arg>${locator}</arg>
<status status="PASS" start="2025-04-23T07:42:54.833419" elapsed="0.012336"/>
</kw>
<arg>${LOGIN_PAGE}</arg>
<arg>${login_form}</arg>
<status status="PASS" start="2025-04-23T07:42:54.319935" elapsed="0.525851"/>
</kw>
<kw name="Click the signup button" owner="bahai_app">
<kw name="Verify page loaded" owner="login_page">
<kw name="Wait Until Element Is Visible" owner="SeleniumLibrary">
<arg>${locator}</arg>
<doc>Waits until the element ``locator`` is visible.</doc>
<status status="PASS" start="2025-04-23T07:42:54.846283" elapsed="0.008548"/>
</kw>
<arg>${locator}</arg>
<status status="PASS" start="2025-04-23T07:42:54.846157" elapsed="0.008736"/>
</kw>
<kw name="Click button" owner="login_page">
<kw name="Click Element" owner="SeleniumLibrary">
<msg time="2025-04-23T07:42:54.855269" level="INFO">Clicking element 'xpath=//*[text()='Sign up']'.</msg>
<arg>${button}</arg>
<doc>Click the element identified by ``locator``.</doc>
<status status="PASS" start="2025-04-23T07:42:54.855155" elapsed="0.059904"/>
</kw>
<arg>${locator}</arg>
<status status="PASS" start="2025-04-23T07:42:54.854992" elapsed="0.060271"/>
</kw>
<arg>${signup_btn}</arg>
<status status="PASS" start="2025-04-23T07:42:54.845968" elapsed="0.069334"/>
</kw>
<kw name="Enter credential" owner="bahai_app">
<kw name="Verify element visible" owner="signup_page">
<kw name="Wait Until Element Is Visible" owner="SeleniumLibrary">
<arg>${locator}</arg>
<doc>Waits until the element ``locator`` is visible.</doc>
<status status="PASS" start="2025-04-23T07:42:54.915858" elapsed="0.435110"/>
</kw>
<arg>${locator}</arg>
<status status="PASS" start="2025-04-23T07:42:54.915667" elapsed="0.435462"/>
</kw>
<kw name="Enter credential" owner="signup_page">
<kw name="Input Text" owner="SeleniumLibrary">
<msg time="2025-04-23T07:42:55.352074" level="INFO">Typing text 'John Doe' into text field 'id=name'.</msg>
<arg>${locator}</arg>
<arg>${credential}</arg>
<doc>Types the given ``text`` into the text field identified by ``locator``.</doc>
<status status="PASS" start="2025-04-23T07:42:55.351837" elapsed="0.165630"/>
</kw>
<arg>${credential}</arg>
<arg>${locator}</arg>
<status status="PASS" start="2025-04-23T07:42:55.351397" elapsed="0.166157"/>
</kw>
<arg>${name_field}</arg>
<arg>John Doe</arg>
<status status="PASS" start="2025-04-23T07:42:54.915476" elapsed="0.602126"/>
</kw>
<kw name="Enter credential" owner="bahai_app">
<kw name="Verify element visible" owner="signup_page">
<kw name="Wait Until Element Is Visible" owner="SeleniumLibrary">
<arg>${locator}</arg>
<doc>Waits until the element ``locator`` is visible.</doc>
<status status="PASS" start="2025-04-23T07:42:55.518237" elapsed="0.024296"/>
</kw>
<arg>${locator}</arg>
<status status="PASS" start="2025-04-23T07:42:55.518086" elapsed="0.024524"/>
</kw>
<kw name="Enter credential" owner="signup_page">
<kw name="Input Text" owner="SeleniumLibrary">
<msg time="2025-04-23T07:42:55.543036" level="INFO">Typing text 'sample@email.com' into text field 'id=email'.</msg>
<arg>${locator}</arg>
<arg>${credential}</arg>
<doc>Types the given ``text`` into the text field identified by ``locator``.</doc>
<status status="PASS" start="2025-04-23T07:42:55.542925" elapsed="0.043678"/>
</kw>
<arg>${credential}</arg>
<arg>${locator}</arg>
<status status="PASS" start="2025-04-23T07:42:55.542733" elapsed="0.043955"/>
</kw>
<arg>${email_field}</arg>
<arg>${EMAIL}</arg>
<status status="PASS" start="2025-04-23T07:42:55.517820" elapsed="0.068898"/>
</kw>
<kw name="Enter credential" owner="bahai_app">
<kw name="Verify element visible" owner="signup_page">
<kw name="Wait Until Element Is Visible" owner="SeleniumLibrary">
<arg>${locator}</arg>
<doc>Waits until the element ``locator`` is visible.</doc>
<status status="PASS" start="2025-04-23T07:42:55.587162" elapsed="0.011899"/>
</kw>
<arg>${locator}</arg>
<status status="PASS" start="2025-04-23T07:42:55.587044" elapsed="0.012094"/>
</kw>
<kw name="Enter credential" owner="signup_page">
<kw name="Input Text" owner="SeleniumLibrary">
<msg time="2025-04-23T07:42:55.599682" level="INFO">Typing text 'Password@123' into text field 'id=password'.</msg>
<arg>${locator}</arg>
<arg>${credential}</arg>
<doc>Types the given ``text`` into the text field identified by ``locator``.</doc>
<status status="PASS" start="2025-04-23T07:42:55.599527" elapsed="0.032362"/>
</kw>
<arg>${credential}</arg>
<arg>${locator}</arg>
<status status="PASS" start="2025-04-23T07:42:55.599266" elapsed="0.032693"/>
</kw>
<arg>${password_field}</arg>
<arg>${PASSWORD}</arg>
<status status="PASS" start="2025-04-23T07:42:55.586865" elapsed="0.045122"/>
</kw>
<kw name="Enter credential" owner="bahai_app">
<kw name="Verify element visible" owner="signup_page">
<kw name="Wait Until Element Is Visible" owner="SeleniumLibrary">
<arg>${locator}</arg>
<doc>Waits until the element ``locator`` is visible.</doc>
<status status="PASS" start="2025-04-23T07:42:55.632507" elapsed="0.009030"/>
</kw>
<arg>${locator}</arg>
<status status="PASS" start="2025-04-23T07:42:55.632383" elapsed="0.009223"/>
</kw>
<kw name="Enter credential" owner="signup_page">
<kw name="Input Text" owner="SeleniumLibrary">
<msg time="2025-04-23T07:42:55.641978" level="INFO">Typing text 'Password@123' into text field 'id=confirmPassword'.</msg>
<arg>${locator}</arg>
<arg>${credential}</arg>
<doc>Types the given ``text`` into the text field identified by ``locator``.</doc>
<status status="PASS" start="2025-04-23T07:42:55.641881" elapsed="0.036385"/>
</kw>
<arg>${credential}</arg>
<arg>${locator}</arg>
<status status="PASS" start="2025-04-23T07:42:55.641708" elapsed="0.036624"/>
</kw>
<arg>${confirm_password_field}</arg>
<arg>${PASSWORD}</arg>
<status status="PASS" start="2025-04-23T07:42:55.632162" elapsed="0.046196"/>
</kw>
<kw name="Click create account" owner="bahai_app">
<kw name="Verify element visible" owner="signup_page">
<kw name="Wait Until Element Is Visible" owner="SeleniumLibrary">
<arg>${locator}</arg>
<doc>Waits until the element ``locator`` is visible.</doc>
<status status="PASS" start="2025-04-23T07:42:55.678792" elapsed="0.009122"/>
</kw>
<arg>${locator}</arg>
<status status="PASS" start="2025-04-23T07:42:55.678680" elapsed="0.009304"/>
</kw>
<kw name="Click button" owner="signup_page">
<kw name="Wait Until Keyword Succeeds" owner="BuiltIn">
<kw name="Click Element" owner="SeleniumLibrary">
<msg time="2025-04-23T07:42:55.688527" level="INFO">Clicking element 'xpath=//*[text()='Create Account']'.</msg>
<arg>${button}</arg>
<doc>Click the element identified by ``locator``.</doc>
<status status="PASS" start="2025-04-23T07:42:55.688428" elapsed="0.033921"/>
</kw>
<arg>10</arg>
<arg>1</arg>
<arg>Click Element</arg>
<arg>${button}</arg>
<doc>Runs the specified keyword and retries if it fails.</doc>
<status status="PASS" start="2025-04-23T07:42:55.688250" elapsed="0.034164"/>
</kw>
<arg>${locator}</arg>
<status status="PASS" start="2025-04-23T07:42:55.688080" elapsed="0.034434"/>
</kw>
<arg>${create_account_btn}</arg>
<status status="PASS" start="2025-04-23T07:42:55.678511" elapsed="0.044034"/>
</kw>
<kw name="Validate name displayed" owner="bahai_app">
<kw name="Validate text displayed in page" owner="signup_page">
<kw name="Wait Until Keyword Succeeds" owner="BuiltIn">
<kw name="Page Should Contain" owner="SeleniumLibrary">
<msg time="2025-04-23T07:42:55.899311" level="INFO" html="true">&lt;/td&gt;&lt;/tr&gt;&lt;tr&gt;&lt;td colspan="3"&gt;&lt;a href="../chrome/screenshots/selenium-screenshot-1.png"&gt;&lt;img src="../chrome/screenshots/selenium-screenshot-1.png" width="800px"&gt;&lt;/a&gt;</msg>
<msg time="2025-04-23T07:42:55.899479" level="FAIL">Page should have contained text 'Welcome back, John!' but did not.</msg>
<arg>${expected_text}</arg>
<doc>Verifies that current page contains ``text``.</doc>
<status status="FAIL" start="2025-04-23T07:42:55.723204" elapsed="0.176839">Page should have contained text 'Welcome back, John!' but did not.</status>
</kw>
<kw name="Page Should Contain" owner="SeleniumLibrary">
<msg time="2025-04-23T07:42:57.101721" level="INFO" html="true">&lt;/td&gt;&lt;/tr&gt;&lt;tr&gt;&lt;td colspan="3"&gt;&lt;a href="../chrome/screenshots/selenium-screenshot-2.png"&gt;&lt;img src="../chrome/screenshots/selenium-screenshot-2.png" width="800px"&gt;&lt;/a&gt;</msg>
<msg time="2025-04-23T07:42:57.101831" level="FAIL">Page should have contained text 'Welcome back, John!' but did not.</msg>
<arg>${expected_text}</arg>
<doc>Verifies that current page contains ``text``.</doc>
<status status="FAIL" start="2025-04-23T07:42:56.901715" elapsed="0.200472">Page should have contained text 'Welcome back, John!' but did not.</status>
</kw>
<kw name="Page Should Contain" owner="SeleniumLibrary">
<msg time="2025-04-23T07:42:58.115314" level="INFO">Current page contains text 'Welcome back, John!'.</msg>
<arg>${expected_text}</arg>
<doc>Verifies that current page contains ``text``.</doc>
<status status="PASS" start="2025-04-23T07:42:58.102950" elapsed="0.012497"/>
</kw>
<arg>10</arg>
<arg>1</arg>
<arg>Page Should Contain</arg>
<arg>${expected_text}</arg>
<doc>Runs the specified keyword and retries if it fails.</doc>
<status status="PASS" start="2025-04-23T07:42:55.723102" elapsed="2.392457"/>
</kw>
<arg>${expected_text}</arg>
<status status="PASS" start="2025-04-23T07:42:55.722959" elapsed="2.392702"/>
</kw>
<arg>Welcome back, John!</arg>
<status status="PASS" start="2025-04-23T07:42:55.722769" elapsed="2.392958"/>
</kw>
<kw name="Main Web Teardown" owner="common" type="TEARDOWN">
<kw name="Capture Page Screenshot" owner="SeleniumLibrary">
<msg time="2025-04-23T07:42:58.311346" level="INFO" html="true">&lt;/td&gt;&lt;/tr&gt;&lt;tr&gt;&lt;td colspan="3"&gt;&lt;a href="../chrome/screenshots/selenium-screenshot-3.png"&gt;&lt;img src="../chrome/screenshots/selenium-screenshot-3.png" width="800px"&gt;&lt;/a&gt;</msg>
<doc>Takes a screenshot of the current page and embeds it into a log file.</doc>
<status status="PASS" start="2025-04-23T07:42:58.116624" elapsed="0.194787"/>
</kw>
<kw name="Close All Browsers" owner="SeleniumLibrary">
<doc>Closes all open browsers and resets the browser cache.</doc>
<status status="PASS" start="2025-04-23T07:42:58.311510" elapsed="0.079702"/>
</kw>
<doc>Main web teardown</doc>
<status status="PASS" start="2025-04-23T07:42:58.116243" elapsed="0.275053"/>
</kw>
<doc>Validate user registration</doc>
<tag>signup</tag>
<status status="PASS" start="2025-04-23T07:42:53.046858" elapsed="5.344531"/>
</test>
<status status="PASS" start="2025-04-23T07:42:53.043895" elapsed="5.347850"/>
</suite>
<status status="PASS" start="2025-04-23T07:42:39.190871" elapsed="19.201221"/>
</suite>
<statistics>
<total>
<stat pass="3" fail="0" skip="0">All Tests</stat>
</total>
<tag>
<stat pass="2" fail="0" skip="0">signin</stat>
<stat pass="1" fail="0" skip="0">signup</stat>
</tag>
<suite>
<stat name="Tests" id="s1" pass="3" fail="0" skip="0">Tests</stat>
<stat name="Fe User Login" id="s1-s1" pass="2" fail="0" skip="0">Tests.Fe User Login</stat>
<stat name="Fe User Registration" id="s1-s2" pass="1" fail="0" skip="0">Tests.Fe User Registration</stat>
</suite>
</statistics>
<errors>
</errors>
</robot>
