<?xml version="1.0" encoding="UTF-8"?>
<robot generator="Robot 7.2.2 (Python 3.13.0 on darwin)" generated="2025-05-28T07:37:25.574590" rpa="false" schemaversion="5">
<suite id="s1" name="Tests" source="/Users/redenlongcop/Documents/bahai-automation/tests">
<suite id="s1-s1" name="Fe Home" source="/Users/redenlongcop/Documents/bahai-automation/tests/fe_home.robot">
<test id="s1-s1-t1" name="Test Case 1: Verify that the user can access the home page via URL." line="16">
<kw name="Main Web Setup" owner="common" type="SETUP">
<if>
<branch type="IF" condition="'${browser}' == 'chrome' or '${browser}' == 'headlesschrome'">
<kw name="Set Variable" owner="BuiltIn">
<var>${dir}</var>
<arg>chrome</arg>
<doc>Returns the given values which can then be assigned to a variables.</doc>
<status status="NOT RUN" start="2025-05-28T07:37:25.874431" elapsed="0.000020"/>
</kw>
<status status="NOT RUN" start="2025-05-28T07:37:25.874015" elapsed="0.000476"/>
</branch>
<branch type="ELSE IF" condition="'${browser}' == 'firefox' or '${browser}' == 'headlessfirefox'">
<kw name="Set Variable" owner="BuiltIn">
<var>${dir}</var>
<arg>firefox</arg>
<doc>Returns the given values which can then be assigned to a variables.</doc>
<status status="NOT RUN" start="2025-05-28T07:37:25.874622" elapsed="0.000013"/>
</kw>
<status status="NOT RUN" start="2025-05-28T07:37:25.874513" elapsed="0.000144"/>
</branch>
<branch type="ELSE">
<kw name="Set Variable" owner="BuiltIn">
<msg time="2025-05-28T07:37:25.874799" level="INFO">${dir} = safari</msg>
<var>${dir}</var>
<arg>${browser}</arg>
<doc>Returns the given values which can then be assigned to a variables.</doc>
<status status="PASS" start="2025-05-28T07:37:25.874721" elapsed="0.000092"/>
</kw>
<status status="PASS" start="2025-05-28T07:37:25.874673" elapsed="0.000160"/>
</branch>
<status status="PASS" start="2025-05-28T07:37:25.874000" elapsed="0.000846"/>
</if>
<kw name="Create Directory" owner="OperatingSystem">
<msg time="2025-05-28T07:37:25.874977" level="INFO" html="true">Directory '&lt;a href="file:///Users/redenlongcop/Documents/bahai-automation/logs/safari/screenshots"&gt;/Users/redenlongcop/Documents/bahai-automation/logs/safari/screenshots&lt;/a&gt;' already exists.</msg>
<arg>logs/${dir}/screenshots</arg>
<doc>Creates the specified directory.</doc>
<status status="PASS" start="2025-05-28T07:37:25.874890" elapsed="0.000112"/>
</kw>
<kw name="Empty Directory" owner="OperatingSystem">
<msg time="2025-05-28T07:37:25.875112" level="INFO" html="true">Listing contents of directory '&lt;a href="file:///Users/redenlongcop/Documents/bahai-automation/logs/safari/screenshots"&gt;/Users/redenlongcop/Documents/bahai-automation/logs/safari/screenshots&lt;/a&gt;'.</msg>
<msg time="2025-05-28T07:37:25.876182" level="INFO" html="true">Emptied directory '&lt;a href="file:///Users/redenlongcop/Documents/bahai-automation/logs/safari/screenshots"&gt;/Users/redenlongcop/Documents/bahai-automation/logs/safari/screenshots&lt;/a&gt;'.</msg>
<arg>logs/${dir}/screenshots</arg>
<doc>Deletes all the content from the given directory.</doc>
<status status="PASS" start="2025-05-28T07:37:25.875049" elapsed="0.001156"/>
</kw>
<kw name="Set Screenshot Directory" owner="SeleniumLibrary">
<arg>logs/${dir}/screenshots</arg>
<doc>Sets the directory for captured screenshots.</doc>
<status status="PASS" start="2025-05-28T07:37:25.876269" elapsed="0.000101"/>
</kw>
<kw name="Open Browser" owner="SeleniumLibrary">
<msg time="2025-05-28T07:37:25.876514" level="INFO">Opening browser 'safari' to base url 'about:blank'.</msg>
<arg>about:blank</arg>
<arg>${browser}</arg>
<doc>Opens a new browser instance to the optional ``url``.</doc>
<status status="PASS" start="2025-05-28T07:37:25.876438" elapsed="1.348897"/>
</kw>
<kw name="Maximize Browser Window" owner="SeleniumLibrary">
<doc>Maximizes current browser window.</doc>
<status status="PASS" start="2025-05-28T07:37:27.226099" elapsed="0.037812"/>
</kw>
<arg>${BROWSER}</arg>
<doc>Main web setup</doc>
<status status="PASS" start="2025-05-28T07:37:25.873864" elapsed="1.390279"/>
</kw>
<kw name="Navigate to the home page" owner="bahai_app">
<kw name="Navigate to login page" owner="home_page">
<kw name="Go To" owner="SeleniumLibrary">
<msg time="2025-05-28T07:37:27.266387" level="INFO">Opening url 'https://beta.bahaideals.com/'</msg>
<arg>${url}</arg>
<doc>Navigates the current browser window to the provided ``url``.</doc>
<status status="PASS" start="2025-05-28T07:37:27.266167" elapsed="1.807475"/>
</kw>
<kw name="Location Should Be" owner="SeleniumLibrary">
<msg time="2025-05-28T07:37:29.093163" level="INFO">Current location is 'https://beta.bahaideals.com/'.</msg>
<arg>${url}</arg>
<doc>Verifies that the current URL is exactly ``url``.</doc>
<status status="PASS" start="2025-05-28T07:37:29.073976" elapsed="0.019367"/>
</kw>
<arg>${url}</arg>
<status status="PASS" start="2025-05-28T07:37:27.265741" elapsed="1.827775"/>
</kw>
<kw name="Verify page loaded" owner="home_page">
<kw name="Wait Until Keyword Succeeds" owner="BuiltIn">
<kw name="Wait Until Element Is Visible" owner="SeleniumLibrary">
<arg>${locator}</arg>
<doc>Waits until the element ``locator`` is visible.</doc>
<status status="PASS" start="2025-05-28T07:37:29.095145" elapsed="0.389137"/>
</kw>
<arg>10</arg>
<arg>1s</arg>
<arg>Wait Until Element Is Visible</arg>
<arg>${locator}</arg>
<doc>Runs the specified keyword and retries if it fails.</doc>
<status status="PASS" start="2025-05-28T07:37:29.094395" elapsed="0.390205"/>
</kw>
<arg>${locator}</arg>
<status status="PASS" start="2025-05-28T07:37:29.093845" elapsed="0.390869"/>
</kw>
<arg>${HOME_PAGE}/</arg>
<arg>${home_header}</arg>
<status status="PASS" start="2025-05-28T07:37:27.264946" elapsed="2.219852"/>
</kw>
<kw name="Validate text displayed" owner="bahai_app">
<kw name="Validate text displayed in page" owner="signup_page">
<kw name="Wait Until Keyword Succeeds" owner="BuiltIn">
<kw name="Page Should Contain" owner="SeleniumLibrary">
<msg time="2025-05-28T07:37:29.493227" level="INFO">Current page contains text 'Home is just a search away.'.</msg>
<arg>${expected_text}</arg>
<doc>Verifies that current page contains ``text``.</doc>
<status status="PASS" start="2025-05-28T07:37:29.487541" elapsed="0.005772"/>
</kw>
<arg>10</arg>
<arg>1</arg>
<arg>Page Should Contain</arg>
<arg>${expected_text}</arg>
<doc>Runs the specified keyword and retries if it fails.</doc>
<status status="PASS" start="2025-05-28T07:37:29.486828" elapsed="0.006558"/>
</kw>
<arg>${expected_text}</arg>
<status status="PASS" start="2025-05-28T07:37:29.486285" elapsed="0.007159"/>
</kw>
<arg>Home is just a search away.</arg>
<status status="PASS" start="2025-05-28T07:37:29.485229" elapsed="0.008262"/>
</kw>
<kw name="Main Web Teardown" owner="common" type="TEARDOWN">
<kw name="Capture Page Screenshot" owner="SeleniumLibrary">
<msg time="2025-05-28T07:37:29.619425" level="INFO" html="true">&lt;/td&gt;&lt;/tr&gt;&lt;tr&gt;&lt;td colspan="3"&gt;&lt;a href="screenshots/selenium-screenshot-1.png"&gt;&lt;img src="screenshots/selenium-screenshot-1.png" width="800px"&gt;&lt;/a&gt;</msg>
<doc>Takes a screenshot of the current page and embeds it into a log file.</doc>
<status status="PASS" start="2025-05-28T07:37:29.493984" elapsed="0.125604"/>
</kw>
<kw name="Close All Browsers" owner="SeleniumLibrary">
<doc>Closes all open browsers and resets the browser cache.</doc>
<status status="PASS" start="2025-05-28T07:37:29.619881" elapsed="0.218019"/>
</kw>
<doc>Main web teardown</doc>
<status status="PASS" start="2025-05-28T07:37:29.493743" elapsed="0.344285"/>
</kw>
<doc>The home page should be displayed;</doc>
<tag>home</tag>
<tag>HP-TC-001</tag>
<status status="PASS" start="2025-05-28T07:37:25.873309" elapsed="3.964815"/>
</test>
<test id="s1-s1-t2" name="Test Case 2: Verify that the user can access the home page by clicking the bahai logo." line="24">
<kw name="Main Web Setup" owner="common" type="SETUP">
<if>
<branch type="IF" condition="'${browser}' == 'chrome' or '${browser}' == 'headlesschrome'">
<kw name="Set Variable" owner="BuiltIn">
<var>${dir}</var>
<arg>chrome</arg>
<doc>Returns the given values which can then be assigned to a variables.</doc>
<status status="NOT RUN" start="2025-05-28T07:37:29.839336" elapsed="0.000020"/>
</kw>
<status status="NOT RUN" start="2025-05-28T07:37:29.839128" elapsed="0.000335"/>
</branch>
<branch type="ELSE IF" condition="'${browser}' == 'firefox' or '${browser}' == 'headlessfirefox'">
<kw name="Set Variable" owner="BuiltIn">
<var>${dir}</var>
<arg>firefox</arg>
<doc>Returns the given values which can then be assigned to a variables.</doc>
<status status="NOT RUN" start="2025-05-28T07:37:29.839637" elapsed="0.000017"/>
</kw>
<status status="NOT RUN" start="2025-05-28T07:37:29.839491" elapsed="0.000190"/>
</branch>
<branch type="ELSE">
<kw name="Set Variable" owner="BuiltIn">
<msg time="2025-05-28T07:37:29.839873" level="INFO">${dir} = safari</msg>
<var>${dir}</var>
<arg>${browser}</arg>
<doc>Returns the given values which can then be assigned to a variables.</doc>
<status status="PASS" start="2025-05-28T07:37:29.839766" elapsed="0.000128"/>
</kw>
<status status="PASS" start="2025-05-28T07:37:29.839702" elapsed="0.000220"/>
</branch>
<status status="PASS" start="2025-05-28T07:37:29.839105" elapsed="0.000837"/>
</if>
<kw name="Create Directory" owner="OperatingSystem">
<msg time="2025-05-28T07:37:29.840187" level="INFO" html="true">Directory '&lt;a href="file:///Users/redenlongcop/Documents/bahai-automation/logs/safari/screenshots"&gt;/Users/redenlongcop/Documents/bahai-automation/logs/safari/screenshots&lt;/a&gt;' already exists.</msg>
<arg>logs/${dir}/screenshots</arg>
<doc>Creates the specified directory.</doc>
<status status="PASS" start="2025-05-28T07:37:29.840005" elapsed="0.000217"/>
</kw>
<kw name="Empty Directory" owner="OperatingSystem">
<msg time="2025-05-28T07:37:29.840389" level="INFO" html="true">Listing contents of directory '&lt;a href="file:///Users/redenlongcop/Documents/bahai-automation/logs/safari/screenshots"&gt;/Users/redenlongcop/Documents/bahai-automation/logs/safari/screenshots&lt;/a&gt;'.</msg>
<msg time="2025-05-28T07:37:29.840572" level="INFO" html="true">Emptied directory '&lt;a href="file:///Users/redenlongcop/Documents/bahai-automation/logs/safari/screenshots"&gt;/Users/redenlongcop/Documents/bahai-automation/logs/safari/screenshots&lt;/a&gt;'.</msg>
<arg>logs/${dir}/screenshots</arg>
<doc>Deletes all the content from the given directory.</doc>
<status status="PASS" start="2025-05-28T07:37:29.840294" elapsed="0.000309"/>
</kw>
<kw name="Set Screenshot Directory" owner="SeleniumLibrary">
<arg>logs/${dir}/screenshots</arg>
<doc>Sets the directory for captured screenshots.</doc>
<status status="PASS" start="2025-05-28T07:37:29.840705" elapsed="0.000146"/>
</kw>
<kw name="Open Browser" owner="SeleniumLibrary">
<msg time="2025-05-28T07:37:29.841057" level="INFO">Opening browser 'safari' to base url 'about:blank'.</msg>
<arg>about:blank</arg>
<arg>${browser}</arg>
<doc>Opens a new browser instance to the optional ``url``.</doc>
<status status="PASS" start="2025-05-28T07:37:29.840945" elapsed="0.770137"/>
</kw>
<kw name="Maximize Browser Window" owner="SeleniumLibrary">
<doc>Maximizes current browser window.</doc>
<status status="PASS" start="2025-05-28T07:37:30.612269" elapsed="0.023110"/>
</kw>
<arg>${BROWSER}</arg>
<doc>Main web setup</doc>
<status status="PASS" start="2025-05-28T07:37:29.838932" elapsed="0.796715"/>
</kw>
<kw name="Navigate to the home page" owner="bahai_app">
<kw name="Navigate to login page" owner="home_page">
<kw name="Go To" owner="SeleniumLibrary">
<msg time="2025-05-28T07:37:30.638311" level="INFO">Opening url 'https://beta.bahaideals.com/'</msg>
<arg>${url}</arg>
<doc>Navigates the current browser window to the provided ``url``.</doc>
<status status="PASS" start="2025-05-28T07:37:30.638213" elapsed="1.673106"/>
</kw>
<kw name="Location Should Be" owner="SeleniumLibrary">
<msg time="2025-05-28T07:37:32.324258" level="INFO">Current location is 'https://beta.bahaideals.com/'.</msg>
<arg>${url}</arg>
<doc>Verifies that the current URL is exactly ``url``.</doc>
<status status="PASS" start="2025-05-28T07:37:32.311726" elapsed="0.012695"/>
</kw>
<arg>${url}</arg>
<status status="PASS" start="2025-05-28T07:37:30.637455" elapsed="1.687115"/>
</kw>
<kw name="Verify page loaded" owner="home_page">
<kw name="Wait Until Keyword Succeeds" owner="BuiltIn">
<kw name="Wait Until Element Is Visible" owner="SeleniumLibrary">
<arg>${locator}</arg>
<doc>Waits until the element ``locator`` is visible.</doc>
<status status="PASS" start="2025-05-28T07:37:32.325811" elapsed="0.380436"/>
</kw>
<arg>10</arg>
<arg>1s</arg>
<arg>Wait Until Element Is Visible</arg>
<arg>${locator}</arg>
<doc>Runs the specified keyword and retries if it fails.</doc>
<status status="PASS" start="2025-05-28T07:37:32.325417" elapsed="0.381003"/>
</kw>
<arg>${locator}</arg>
<status status="PASS" start="2025-05-28T07:37:32.324881" elapsed="0.381653"/>
</kw>
<arg>${HOME_PAGE}/</arg>
<arg>${home_header}</arg>
<status status="PASS" start="2025-05-28T07:37:30.636387" elapsed="2.070234"/>
</kw>
<kw name="Click button" owner="bahai_app">
<kw name="Verify element visible" owner="signup_page">
<kw name="Wait Until Element Is Visible" owner="SeleniumLibrary">
<arg>${locator}</arg>
<doc>Waits until the element ``locator`` is visible.</doc>
<status status="PASS" start="2025-05-28T07:37:32.708383" elapsed="0.011659"/>
</kw>
<arg>${locator}</arg>
<status status="PASS" start="2025-05-28T07:37:32.707745" elapsed="0.012407"/>
</kw>
<kw name="Click button" owner="signup_page">
<kw name="Wait Until Keyword Succeeds" owner="BuiltIn">
<kw name="Click Element" owner="SeleniumLibrary">
<msg time="2025-05-28T07:37:32.721543" level="INFO">Clicking element 'xpath=//*[@id="root"]/div/div/main/div[1]/div[1]/a'.</msg>
<arg>${button}</arg>
<doc>Click the element identified by ``locator``.</doc>
<status status="PASS" start="2025-05-28T07:37:32.721345" elapsed="0.049790"/>
</kw>
<arg>10</arg>
<arg>1</arg>
<arg>Click Element</arg>
<arg>${button}</arg>
<doc>Runs the specified keyword and retries if it fails.</doc>
<status status="PASS" start="2025-05-28T07:37:32.721100" elapsed="0.050247"/>
</kw>
<arg>${locator}</arg>
<status status="PASS" start="2025-05-28T07:37:32.720340" elapsed="0.051121"/>
</kw>
<arg>${bahai_logo}</arg>
<status status="PASS" start="2025-05-28T07:37:32.707111" elapsed="0.064432"/>
</kw>
<kw name="Verify the URL loaded" owner="bahai_app">
<kw name="Verify URL loaded" owner="home_page">
<kw name="Location Should Be" owner="SeleniumLibrary">
<msg time="2025-05-28T07:37:32.775002" level="INFO">Current location is 'https://beta.bahaideals.com/'.</msg>
<arg>${url}</arg>
<doc>Verifies that the current URL is exactly ``url``.</doc>
<status status="PASS" start="2025-05-28T07:37:32.772609" elapsed="0.002446"/>
</kw>
<arg>${url}</arg>
<status status="PASS" start="2025-05-28T07:37:32.772292" elapsed="0.002813"/>
</kw>
<arg>${HOME_PAGE}/</arg>
<status status="PASS" start="2025-05-28T07:37:32.771879" elapsed="0.003255"/>
</kw>
<kw name="Main Web Teardown" owner="common" type="TEARDOWN">
<kw name="Capture Page Screenshot" owner="SeleniumLibrary">
<msg time="2025-05-28T07:37:32.892777" level="INFO" html="true">&lt;/td&gt;&lt;/tr&gt;&lt;tr&gt;&lt;td colspan="3"&gt;&lt;a href="screenshots/selenium-screenshot-1.png"&gt;&lt;img src="screenshots/selenium-screenshot-1.png" width="800px"&gt;&lt;/a&gt;</msg>
<doc>Takes a screenshot of the current page and embeds it into a log file.</doc>
<status status="PASS" start="2025-05-28T07:37:32.775519" elapsed="0.117395"/>
</kw>
<kw name="Close All Browsers" owner="SeleniumLibrary">
<doc>Closes all open browsers and resets the browser cache.</doc>
<status status="PASS" start="2025-05-28T07:37:32.893152" elapsed="0.214249"/>
</kw>
<doc>Main web teardown</doc>
<status status="PASS" start="2025-05-28T07:37:32.775329" elapsed="0.332186"/>
</kw>
<doc>The home page should be displayed;</doc>
<tag>home</tag>
<tag>HP-TC-002</tag>
<status status="PASS" start="2025-05-28T07:37:29.838446" elapsed="3.269166"/>
</test>
<test id="s1-s1-t3" name="Test Case 3: Verify that the featured properties section is displayed." line="33">
<kw name="Main Web Setup" owner="common" type="SETUP">
<if>
<branch type="IF" condition="'${browser}' == 'chrome' or '${browser}' == 'headlesschrome'">
<kw name="Set Variable" owner="BuiltIn">
<var>${dir}</var>
<arg>chrome</arg>
<doc>Returns the given values which can then be assigned to a variables.</doc>
<status status="NOT RUN" start="2025-05-28T07:37:33.108916" elapsed="0.000026"/>
</kw>
<status status="NOT RUN" start="2025-05-28T07:37:33.108609" elapsed="0.000372"/>
</branch>
<branch type="ELSE IF" condition="'${browser}' == 'firefox' or '${browser}' == 'headlessfirefox'">
<kw name="Set Variable" owner="BuiltIn">
<var>${dir}</var>
<arg>firefox</arg>
<doc>Returns the given values which can then be assigned to a variables.</doc>
<status status="NOT RUN" start="2025-05-28T07:37:33.109177" elapsed="0.000021"/>
</kw>
<status status="NOT RUN" start="2025-05-28T07:37:33.109012" elapsed="0.000219"/>
</branch>
<branch type="ELSE">
<kw name="Set Variable" owner="BuiltIn">
<msg time="2025-05-28T07:37:33.109465" level="INFO">${dir} = safari</msg>
<var>${dir}</var>
<arg>${browser}</arg>
<doc>Returns the given values which can then be assigned to a variables.</doc>
<status status="PASS" start="2025-05-28T07:37:33.109336" elapsed="0.000156"/>
</kw>
<status status="PASS" start="2025-05-28T07:37:33.109257" elapsed="0.000270"/>
</branch>
<status status="PASS" start="2025-05-28T07:37:33.108585" elapsed="0.000967"/>
</if>
<kw name="Create Directory" owner="OperatingSystem">
<msg time="2025-05-28T07:37:33.109870" level="INFO" html="true">Directory '&lt;a href="file:///Users/redenlongcop/Documents/bahai-automation/logs/safari/screenshots"&gt;/Users/redenlongcop/Documents/bahai-automation/logs/safari/screenshots&lt;/a&gt;' already exists.</msg>
<arg>logs/${dir}/screenshots</arg>
<doc>Creates the specified directory.</doc>
<status status="PASS" start="2025-05-28T07:37:33.109638" elapsed="0.000277"/>
</kw>
<kw name="Empty Directory" owner="OperatingSystem">
<msg time="2025-05-28T07:37:33.110120" level="INFO" html="true">Listing contents of directory '&lt;a href="file:///Users/redenlongcop/Documents/bahai-automation/logs/safari/screenshots"&gt;/Users/redenlongcop/Documents/bahai-automation/logs/safari/screenshots&lt;/a&gt;'.</msg>
<msg time="2025-05-28T07:37:33.110312" level="INFO" html="true">Emptied directory '&lt;a href="file:///Users/redenlongcop/Documents/bahai-automation/logs/safari/screenshots"&gt;/Users/redenlongcop/Documents/bahai-automation/logs/safari/screenshots&lt;/a&gt;'.</msg>
<arg>logs/${dir}/screenshots</arg>
<doc>Deletes all the content from the given directory.</doc>
<status status="PASS" start="2025-05-28T07:37:33.110002" elapsed="0.000347"/>
</kw>
<kw name="Set Screenshot Directory" owner="SeleniumLibrary">
<arg>logs/${dir}/screenshots</arg>
<doc>Sets the directory for captured screenshots.</doc>
<status status="PASS" start="2025-05-28T07:37:33.110462" elapsed="0.000166"/>
</kw>
<kw name="Open Browser" owner="SeleniumLibrary">
<msg time="2025-05-28T07:37:33.110862" level="INFO">Opening browser 'safari' to base url 'about:blank'.</msg>
<arg>about:blank</arg>
<arg>${browser}</arg>
<doc>Opens a new browser instance to the optional ``url``.</doc>
<status status="PASS" start="2025-05-28T07:37:33.110736" elapsed="0.666822"/>
</kw>
<kw name="Maximize Browser Window" owner="SeleniumLibrary">
<doc>Maximizes current browser window.</doc>
<status status="PASS" start="2025-05-28T07:37:33.778054" elapsed="0.032853"/>
</kw>
<arg>${BROWSER}</arg>
<doc>Main web setup</doc>
<status status="PASS" start="2025-05-28T07:37:33.108392" elapsed="0.702697"/>
</kw>
<kw name="Navigate to the home page" owner="bahai_app">
<kw name="Navigate to login page" owner="home_page">
<kw name="Go To" owner="SeleniumLibrary">
<msg time="2025-05-28T07:37:33.813656" level="INFO">Opening url 'https://beta.bahaideals.com/'</msg>
<arg>${url}</arg>
<doc>Navigates the current browser window to the provided ``url``.</doc>
<status status="PASS" start="2025-05-28T07:37:33.813479" elapsed="1.775561"/>
</kw>
<kw name="Location Should Be" owner="SeleniumLibrary">
<msg time="2025-05-28T07:37:35.602235" level="INFO">Current location is 'https://beta.bahaideals.com/'.</msg>
<arg>${url}</arg>
<doc>Verifies that the current URL is exactly ``url``.</doc>
<status status="PASS" start="2025-05-28T07:37:35.589390" elapsed="0.013018"/>
</kw>
<arg>${url}</arg>
<status status="PASS" start="2025-05-28T07:37:33.813087" elapsed="1.789477"/>
</kw>
<kw name="Verify page loaded" owner="home_page">
<kw name="Wait Until Keyword Succeeds" owner="BuiltIn">
<kw name="Wait Until Element Is Visible" owner="SeleniumLibrary">
<arg>${locator}</arg>
<doc>Waits until the element ``locator`` is visible.</doc>
<status status="PASS" start="2025-05-28T07:37:35.603790" elapsed="0.375463"/>
</kw>
<arg>10</arg>
<arg>1s</arg>
<arg>Wait Until Element Is Visible</arg>
<arg>${locator}</arg>
<doc>Runs the specified keyword and retries if it fails.</doc>
<status status="PASS" start="2025-05-28T07:37:35.603388" elapsed="0.376112"/>
</kw>
<arg>${locator}</arg>
<status status="PASS" start="2025-05-28T07:37:35.602880" elapsed="0.376757"/>
</kw>
<arg>${HOME_PAGE}/</arg>
<arg>${home_header}</arg>
<status status="PASS" start="2025-05-28T07:37:33.812117" elapsed="2.167628"/>
</kw>
<kw name="Validate text displayed" owner="bahai_app">
<kw name="Validate text displayed in page" owner="signup_page">
<kw name="Wait Until Keyword Succeeds" owner="BuiltIn">
<kw name="Page Should Contain" owner="SeleniumLibrary">
<msg time="2025-05-28T07:37:35.987885" level="INFO">Current page contains text 'Featured Properties'.</msg>
<arg>${expected_text}</arg>
<doc>Verifies that current page contains ``text``.</doc>
<status status="PASS" start="2025-05-28T07:37:35.981662" elapsed="0.006399"/>
</kw>
<arg>10</arg>
<arg>1</arg>
<arg>Page Should Contain</arg>
<arg>${expected_text}</arg>
<doc>Runs the specified keyword and retries if it fails.</doc>
<status status="PASS" start="2025-05-28T07:37:35.981246" elapsed="0.006942"/>
</kw>
<arg>${expected_text}</arg>
<status status="PASS" start="2025-05-28T07:37:35.980822" elapsed="0.007499"/>
</kw>
<arg>Featured Properties</arg>
<status status="PASS" start="2025-05-28T07:37:35.980254" elapsed="0.008119"/>
</kw>
<kw name="Main Web Teardown" owner="common" type="TEARDOWN">
<kw name="Capture Page Screenshot" owner="SeleniumLibrary">
<msg time="2025-05-28T07:37:36.123153" level="INFO" html="true">&lt;/td&gt;&lt;/tr&gt;&lt;tr&gt;&lt;td colspan="3"&gt;&lt;a href="screenshots/selenium-screenshot-1.png"&gt;&lt;img src="screenshots/selenium-screenshot-1.png" width="800px"&gt;&lt;/a&gt;</msg>
<doc>Takes a screenshot of the current page and embeds it into a log file.</doc>
<status status="PASS" start="2025-05-28T07:37:35.989063" elapsed="0.134281"/>
</kw>
<kw name="Close All Browsers" owner="SeleniumLibrary">
<doc>Closes all open browsers and resets the browser cache.</doc>
<status status="PASS" start="2025-05-28T07:37:36.123661" elapsed="0.218535"/>
</kw>
<doc>Main web teardown</doc>
<status status="PASS" start="2025-05-28T07:37:35.988744" elapsed="0.353588"/>
</kw>
<doc>The Featured Properties section should be displayed.</doc>
<tag>home</tag>
<tag>HP-TC-005</tag>
<status status="PASS" start="2025-05-28T07:37:33.107906" elapsed="3.234540"/>
</test>
<test id="s1-s1-t4" name="Test Case 4: Verify that the View All Properties button is displayed." line="41">
<kw name="Main Web Setup" owner="common" type="SETUP">
<if>
<branch type="IF" condition="'${browser}' == 'chrome' or '${browser}' == 'headlesschrome'">
<kw name="Set Variable" owner="BuiltIn">
<var>${dir}</var>
<arg>chrome</arg>
<doc>Returns the given values which can then be assigned to a variables.</doc>
<status status="NOT RUN" start="2025-05-28T07:37:36.344077" elapsed="0.000030"/>
</kw>
<status status="NOT RUN" start="2025-05-28T07:37:36.343755" elapsed="0.000397"/>
</branch>
<branch type="ELSE IF" condition="'${browser}' == 'firefox' or '${browser}' == 'headlessfirefox'">
<kw name="Set Variable" owner="BuiltIn">
<var>${dir}</var>
<arg>firefox</arg>
<doc>Returns the given values which can then be assigned to a variables.</doc>
<status status="NOT RUN" start="2025-05-28T07:37:36.344387" elapsed="0.000023"/>
</kw>
<status status="NOT RUN" start="2025-05-28T07:37:36.344189" elapsed="0.000259"/>
</branch>
<branch type="ELSE">
<kw name="Set Variable" owner="BuiltIn">
<msg time="2025-05-28T07:37:36.345484" level="INFO">${dir} = safari</msg>
<var>${dir}</var>
<arg>${browser}</arg>
<doc>Returns the given values which can then be assigned to a variables.</doc>
<status status="PASS" start="2025-05-28T07:37:36.345318" elapsed="0.000196"/>
</kw>
<status status="PASS" start="2025-05-28T07:37:36.344478" elapsed="0.001079"/>
</branch>
<status status="PASS" start="2025-05-28T07:37:36.343722" elapsed="0.001865"/>
</if>
<kw name="Create Directory" owner="OperatingSystem">
<msg time="2025-05-28T07:37:36.345924" level="INFO" html="true">Directory '&lt;a href="file:///Users/redenlongcop/Documents/bahai-automation/logs/safari/screenshots"&gt;/Users/redenlongcop/Documents/bahai-automation/logs/safari/screenshots&lt;/a&gt;' already exists.</msg>
<arg>logs/${dir}/screenshots</arg>
<doc>Creates the specified directory.</doc>
<status status="PASS" start="2025-05-28T07:37:36.345679" elapsed="0.000295"/>
</kw>
<kw name="Empty Directory" owner="OperatingSystem">
<msg time="2025-05-28T07:37:36.346203" level="INFO" html="true">Listing contents of directory '&lt;a href="file:///Users/redenlongcop/Documents/bahai-automation/logs/safari/screenshots"&gt;/Users/redenlongcop/Documents/bahai-automation/logs/safari/screenshots&lt;/a&gt;'.</msg>
<msg time="2025-05-28T07:37:36.346457" level="INFO" html="true">Emptied directory '&lt;a href="file:///Users/redenlongcop/Documents/bahai-automation/logs/safari/screenshots"&gt;/Users/redenlongcop/Documents/bahai-automation/logs/safari/screenshots&lt;/a&gt;'.</msg>
<arg>logs/${dir}/screenshots</arg>
<doc>Deletes all the content from the given directory.</doc>
<status status="PASS" start="2025-05-28T07:37:36.346072" elapsed="0.000430"/>
</kw>
<kw name="Set Screenshot Directory" owner="SeleniumLibrary">
<arg>logs/${dir}/screenshots</arg>
<doc>Sets the directory for captured screenshots.</doc>
<status status="PASS" start="2025-05-28T07:37:36.346658" elapsed="0.000200"/>
</kw>
<kw name="Open Browser" owner="SeleniumLibrary">
<msg time="2025-05-28T07:37:36.347166" level="INFO">Opening browser 'safari' to base url 'about:blank'.</msg>
<arg>about:blank</arg>
<arg>${browser}</arg>
<doc>Opens a new browser instance to the optional ``url``.</doc>
<status status="PASS" start="2025-05-28T07:37:36.347008" elapsed="0.672183"/>
</kw>
<kw name="Maximize Browser Window" owner="SeleniumLibrary">
<doc>Maximizes current browser window.</doc>
<status status="PASS" start="2025-05-28T07:37:37.019658" elapsed="0.021479"/>
</kw>
<arg>${BROWSER}</arg>
<doc>Main web setup</doc>
<status status="PASS" start="2025-05-28T07:37:36.343493" elapsed="0.697839"/>
</kw>
<kw name="Navigate to the home page" owner="bahai_app">
<kw name="Navigate to login page" owner="home_page">
<kw name="Go To" owner="SeleniumLibrary">
<msg time="2025-05-28T07:37:37.048385" level="INFO">Opening url 'https://beta.bahaideals.com/'</msg>
<arg>${url}</arg>
<doc>Navigates the current browser window to the provided ``url``.</doc>
<status status="PASS" start="2025-05-28T07:37:37.044032" elapsed="1.756078"/>
</kw>
<kw name="Location Should Be" owner="SeleniumLibrary">
<msg time="2025-05-28T07:37:38.812988" level="INFO">Current location is 'https://beta.bahaideals.com/'.</msg>
<arg>${url}</arg>
<doc>Verifies that the current URL is exactly ``url``.</doc>
<status status="PASS" start="2025-05-28T07:37:38.800789" elapsed="0.012326"/>
</kw>
<arg>${url}</arg>
<status status="PASS" start="2025-05-28T07:37:37.043548" elapsed="1.769691"/>
</kw>
<kw name="Verify page loaded" owner="home_page">
<kw name="Wait Until Keyword Succeeds" owner="BuiltIn">
<kw name="Wait Until Element Is Visible" owner="SeleniumLibrary">
<arg>${locator}</arg>
<doc>Waits until the element ``locator`` is visible.</doc>
<status status="PASS" start="2025-05-28T07:37:38.814309" elapsed="0.376201"/>
</kw>
<arg>10</arg>
<arg>1s</arg>
<arg>Wait Until Element Is Visible</arg>
<arg>${locator}</arg>
<doc>Runs the specified keyword and retries if it fails.</doc>
<status status="PASS" start="2025-05-28T07:37:38.813919" elapsed="0.376761"/>
</kw>
<arg>${locator}</arg>
<status status="PASS" start="2025-05-28T07:37:38.813506" elapsed="0.377285"/>
</kw>
<arg>${HOME_PAGE}/</arg>
<arg>${home_header}</arg>
<status status="PASS" start="2025-05-28T07:37:37.042046" elapsed="2.148830"/>
</kw>
<kw name="Validate text displayed" owner="bahai_app">
<kw name="Validate text displayed in page" owner="signup_page">
<kw name="Wait Until Keyword Succeeds" owner="BuiltIn">
<kw name="Page Should Contain" owner="SeleniumLibrary">
<msg time="2025-05-28T07:37:39.200123" level="INFO">Current page contains text 'View All Properties'.</msg>
<arg>${expected_text}</arg>
<doc>Verifies that current page contains ``text``.</doc>
<status status="PASS" start="2025-05-28T07:37:39.192371" elapsed="0.007848"/>
</kw>
<arg>10</arg>
<arg>1</arg>
<arg>Page Should Contain</arg>
<arg>${expected_text}</arg>
<doc>Runs the specified keyword and retries if it fails.</doc>
<status status="PASS" start="2025-05-28T07:37:39.192082" elapsed="0.008215"/>
</kw>
<arg>${expected_text}</arg>
<status status="PASS" start="2025-05-28T07:37:39.191726" elapsed="0.008636"/>
</kw>
<arg>View All Properties</arg>
<status status="PASS" start="2025-05-28T07:37:39.191311" elapsed="0.009095"/>
</kw>
<kw name="Main Web Teardown" owner="common" type="TEARDOWN">
<kw name="Capture Page Screenshot" owner="SeleniumLibrary">
<msg time="2025-05-28T07:37:39.340445" level="INFO" html="true">&lt;/td&gt;&lt;/tr&gt;&lt;tr&gt;&lt;td colspan="3"&gt;&lt;a href="screenshots/selenium-screenshot-1.png"&gt;&lt;img src="screenshots/selenium-screenshot-1.png" width="800px"&gt;&lt;/a&gt;</msg>
<doc>Takes a screenshot of the current page and embeds it into a log file.</doc>
<status status="PASS" start="2025-05-28T07:37:39.200994" elapsed="0.139613"/>
</kw>
<kw name="Close All Browsers" owner="SeleniumLibrary">
<doc>Closes all open browsers and resets the browser cache.</doc>
<status status="PASS" start="2025-05-28T07:37:39.340850" elapsed="0.218346"/>
</kw>
<doc>Main web teardown</doc>
<status status="PASS" start="2025-05-28T07:37:39.200723" elapsed="0.358634"/>
</kw>
<doc>The View All Properties button should be displayed.</doc>
<tag>home</tag>
<tag>HP-TC-007</tag>
<status status="PASS" start="2025-05-28T07:37:36.342790" elapsed="3.216696"/>
</test>
<status status="PASS" start="2025-05-28T07:37:25.588580" elapsed="13.971771"/>
</suite>
<suite id="s1-s2" name="Fe Reservation" source="/Users/redenlongcop/Documents/bahai-automation/tests/fe_reservation.robot">
<test id="s1-s2-t1" name="Test Case 1: Verify that the reserved now header is displayed." line="26">
<kw name="Main Web Setup" owner="common" type="SETUP">
<if>
<branch type="IF" condition="'${browser}' == 'chrome' or '${browser}' == 'headlesschrome'">
<kw name="Set Variable" owner="BuiltIn">
<var>${dir}</var>
<arg>chrome</arg>
<doc>Returns the given values which can then be assigned to a variables.</doc>
<status status="NOT RUN" start="2025-05-28T07:37:39.573010" elapsed="0.000034"/>
</kw>
<status status="NOT RUN" start="2025-05-28T07:37:39.572666" elapsed="0.000446"/>
</branch>
<branch type="ELSE IF" condition="'${browser}' == 'firefox' or '${browser}' == 'headlessfirefox'">
<kw name="Set Variable" owner="BuiltIn">
<var>${dir}</var>
<arg>firefox</arg>
<doc>Returns the given values which can then be assigned to a variables.</doc>
<status status="NOT RUN" start="2025-05-28T07:37:39.573425" elapsed="0.000032"/>
</kw>
<status status="NOT RUN" start="2025-05-28T07:37:39.573156" elapsed="0.000431"/>
</branch>
<branch type="ELSE">
<kw name="Set Variable" owner="BuiltIn">
<msg time="2025-05-28T07:37:39.574155" level="INFO">${dir} = safari</msg>
<var>${dir}</var>
<arg>${browser}</arg>
<doc>Returns the given values which can then be assigned to a variables.</doc>
<status status="PASS" start="2025-05-28T07:37:39.573871" elapsed="0.000341"/>
</kw>
<status status="PASS" start="2025-05-28T07:37:39.573658" elapsed="0.000621"/>
</branch>
<status status="PASS" start="2025-05-28T07:37:39.572634" elapsed="0.001686"/>
</if>
<kw name="Create Directory" owner="OperatingSystem">
<msg time="2025-05-28T07:37:39.574740" level="INFO" html="true">Directory '&lt;a href="file:///Users/redenlongcop/Documents/bahai-automation/logs/safari/screenshots"&gt;/Users/redenlongcop/Documents/bahai-automation/logs/safari/screenshots&lt;/a&gt;' already exists.</msg>
<arg>logs/${dir}/screenshots</arg>
<doc>Creates the specified directory.</doc>
<status status="PASS" start="2025-05-28T07:37:39.574456" elapsed="0.000447"/>
</kw>
<kw name="Empty Directory" owner="OperatingSystem">
<msg time="2025-05-28T07:37:39.575211" level="INFO" html="true">Listing contents of directory '&lt;a href="file:///Users/redenlongcop/Documents/bahai-automation/logs/safari/screenshots"&gt;/Users/redenlongcop/Documents/bahai-automation/logs/safari/screenshots&lt;/a&gt;'.</msg>
<msg time="2025-05-28T07:37:39.575449" level="INFO" html="true">Emptied directory '&lt;a href="file:///Users/redenlongcop/Documents/bahai-automation/logs/safari/screenshots"&gt;/Users/redenlongcop/Documents/bahai-automation/logs/safari/screenshots&lt;/a&gt;'.</msg>
<arg>logs/${dir}/screenshots</arg>
<doc>Deletes all the content from the given directory.</doc>
<status status="PASS" start="2025-05-28T07:37:39.575036" elapsed="0.000466"/>
</kw>
<kw name="Set Screenshot Directory" owner="SeleniumLibrary">
<arg>logs/${dir}/screenshots</arg>
<doc>Sets the directory for captured screenshots.</doc>
<status status="PASS" start="2025-05-28T07:37:39.575663" elapsed="0.000234"/>
</kw>
<kw name="Open Browser" owner="SeleniumLibrary">
<msg time="2025-05-28T07:37:39.576248" level="INFO">Opening browser 'safari' to base url 'about:blank'.</msg>
<arg>about:blank</arg>
<arg>${browser}</arg>
<doc>Opens a new browser instance to the optional ``url``.</doc>
<status status="PASS" start="2025-05-28T07:37:39.576055" elapsed="0.665663"/>
</kw>
<kw name="Maximize Browser Window" owner="SeleniumLibrary">
<doc>Maximizes current browser window.</doc>
<status status="PASS" start="2025-05-28T07:37:40.242077" elapsed="0.032033"/>
</kw>
<arg>${BROWSER}</arg>
<doc>Main web setup</doc>
<status status="PASS" start="2025-05-28T07:37:39.572366" elapsed="0.702048"/>
</kw>
<kw name="Login to Bahai App">
<kw name="Navigate to the login page" owner="bahai_app">
<kw name="Navigate to login page" owner="login_page">
<kw name="Go To" owner="SeleniumLibrary">
<msg time="2025-05-28T07:37:40.277126" level="INFO">Opening url 'https://beta.bahaideals.com/login'</msg>
<arg>${url}</arg>
<doc>Navigates the current browser window to the provided ``url``.</doc>
<status status="PASS" start="2025-05-28T07:37:40.277048" elapsed="1.724085"/>
</kw>
<kw name="Location Should Be" owner="SeleniumLibrary">
<msg time="2025-05-28T07:37:42.014905" level="INFO">Current location is 'https://beta.bahaideals.com/login'.</msg>
<arg>${url}</arg>
<doc>Verifies that the current URL is exactly ``url``.</doc>
<status status="PASS" start="2025-05-28T07:37:42.001470" elapsed="0.013600"/>
</kw>
<arg>${url}</arg>
<status status="PASS" start="2025-05-28T07:37:40.276859" elapsed="1.738362"/>
</kw>
<kw name="Verify page loaded" owner="login_page">
<kw name="Wait Until Keyword Succeeds" owner="BuiltIn">
<kw name="Wait Until Element Is Visible" owner="SeleniumLibrary">
<arg>${locator}</arg>
<doc>Waits until the element ``locator`` is visible.</doc>
<status status="PASS" start="2025-05-28T07:37:42.016421" elapsed="0.372392"/>
</kw>
<arg>10</arg>
<arg>1s</arg>
<arg>Wait Until Element Is Visible</arg>
<arg>${locator}</arg>
<doc>Runs the specified keyword and retries if it fails.</doc>
<status status="PASS" start="2025-05-28T07:37:42.016028" elapsed="0.372940"/>
</kw>
<arg>${locator}</arg>
<status status="PASS" start="2025-05-28T07:37:42.015536" elapsed="0.373541"/>
</kw>
<arg>${LOGIN_PAGE}</arg>
<arg>${login_form}</arg>
<status status="PASS" start="2025-05-28T07:37:40.276348" elapsed="2.112812"/>
</kw>
<kw name="Enter credential" owner="bahai_app">
<kw name="Verify element visible" owner="signup_page">
<kw name="Wait Until Element Is Visible" owner="SeleniumLibrary">
<arg>${locator}</arg>
<doc>Waits until the element ``locator`` is visible.</doc>
<status status="PASS" start="2025-05-28T07:37:42.390332" elapsed="0.008459"/>
</kw>
<arg>${locator}</arg>
<status status="PASS" start="2025-05-28T07:37:42.390000" elapsed="0.008958"/>
</kw>
<kw name="Enter credential" owner="signup_page">
<kw name="Input Text" owner="SeleniumLibrary">
<msg time="2025-05-28T07:37:42.400093" level="INFO">Typing text 'rlongcop@nmblr.ai' into text field 'name=email'.</msg>
<arg>${locator}</arg>
<arg>${credential}</arg>
<doc>Types the given ``text`` into the text field identified by ``locator``.</doc>
<status status="PASS" start="2025-05-28T07:37:42.399775" elapsed="0.170525"/>
</kw>
<arg>${credential}</arg>
<arg>${locator}</arg>
<status status="PASS" start="2025-05-28T07:37:42.399264" elapsed="0.171287"/>
</kw>
<arg>${login_email_field}</arg>
<arg>${EMAIL}</arg>
<status status="PASS" start="2025-05-28T07:37:42.389476" elapsed="0.181240"/>
</kw>
<kw name="Enter credential" owner="bahai_app">
<kw name="Verify element visible" owner="signup_page">
<kw name="Wait Until Element Is Visible" owner="SeleniumLibrary">
<arg>${locator}</arg>
<doc>Waits until the element ``locator`` is visible.</doc>
<status status="PASS" start="2025-05-28T07:37:42.574992" elapsed="0.025755"/>
</kw>
<arg>${locator}</arg>
<status status="PASS" start="2025-05-28T07:37:42.572794" elapsed="0.028159"/>
</kw>
<kw name="Enter credential" owner="signup_page">
<kw name="Input Text" owner="SeleniumLibrary">
<msg time="2025-05-28T07:37:42.601705" level="INFO">Typing text 'Password@123' into text field 'name=password'.</msg>
<arg>${locator}</arg>
<arg>${credential}</arg>
<doc>Types the given ``text`` into the text field identified by ``locator``.</doc>
<status status="PASS" start="2025-05-28T07:37:42.601503" elapsed="0.221856"/>
</kw>
<arg>${credential}</arg>
<arg>${locator}</arg>
<status status="PASS" start="2025-05-28T07:37:42.601163" elapsed="0.222268"/>
</kw>
<arg>${login_password_field}</arg>
<arg>${PASSWORD}</arg>
<status status="PASS" start="2025-05-28T07:37:42.571278" elapsed="0.252184"/>
</kw>
<kw name="Click button" owner="bahai_app">
<kw name="Verify element visible" owner="signup_page">
<kw name="Wait Until Element Is Visible" owner="SeleniumLibrary">
<arg>${locator}</arg>
<doc>Waits until the element ``locator`` is visible.</doc>
<status status="PASS" start="2025-05-28T07:37:42.823885" elapsed="0.006816"/>
</kw>
<arg>${locator}</arg>
<status status="PASS" start="2025-05-28T07:37:42.823756" elapsed="0.007026"/>
</kw>
<kw name="Click button" owner="signup_page">
<kw name="Wait Until Keyword Succeeds" owner="BuiltIn">
<kw name="Click Element" owner="SeleniumLibrary">
<msg time="2025-05-28T07:37:42.831849" level="INFO">Clicking element 'xpath=(//*[text()='Login'])[4]'.</msg>
<arg>${button}</arg>
<doc>Click the element identified by ``locator``.</doc>
<status status="PASS" start="2025-05-28T07:37:42.831725" elapsed="0.029860"/>
</kw>
<arg>10</arg>
<arg>1</arg>
<arg>Click Element</arg>
<arg>${button}</arg>
<doc>Runs the specified keyword and retries if it fails.</doc>
<status status="PASS" start="2025-05-28T07:37:42.831517" elapsed="0.030579"/>
</kw>
<arg>${locator}</arg>
<status status="PASS" start="2025-05-28T07:37:42.831019" elapsed="0.031262"/>
</kw>
<arg>${login_btn}</arg>
<status status="PASS" start="2025-05-28T07:37:42.823577" elapsed="0.038913"/>
</kw>
<kw name="Verify element displayed" owner="bahai_app">
<kw name="Verify page loaded" owner="login_page">
<kw name="Wait Until Keyword Succeeds" owner="BuiltIn">
<kw name="Wait Until Element Is Visible" owner="SeleniumLibrary">
<arg>${locator}</arg>
<doc>Waits until the element ``locator`` is visible.</doc>
<status status="PASS" start="2025-05-28T07:37:42.863838" elapsed="0.667256"/>
</kw>
<arg>10</arg>
<arg>1s</arg>
<arg>Wait Until Element Is Visible</arg>
<arg>${locator}</arg>
<doc>Runs the specified keyword and retries if it fails.</doc>
<status status="PASS" start="2025-05-28T07:37:42.863551" elapsed="0.667962"/>
</kw>
<arg>${locator}</arg>
<status status="PASS" start="2025-05-28T07:37:42.863215" elapsed="0.668452"/>
</kw>
<kw name="Verify element visible" owner="signup_page">
<kw name="Wait Until Element Is Visible" owner="SeleniumLibrary">
<arg>${locator}</arg>
<doc>Waits until the element ``locator`` is visible.</doc>
<status status="PASS" start="2025-05-28T07:37:43.532696" elapsed="0.040482"/>
</kw>
<arg>${locator}</arg>
<status status="PASS" start="2025-05-28T07:37:43.532117" elapsed="0.041142"/>
</kw>
<arg>${profile_icon}</arg>
<status status="PASS" start="2025-05-28T07:37:42.862804" elapsed="0.710487"/>
</kw>
<status status="PASS" start="2025-05-28T07:37:40.275576" elapsed="3.297744"/>
</kw>
<kw name="Click button" owner="bahai_app">
<kw name="Verify element visible" owner="signup_page">
<kw name="Wait Until Element Is Visible" owner="SeleniumLibrary">
<arg>${locator}</arg>
<doc>Waits until the element ``locator`` is visible.</doc>
<status status="PASS" start="2025-05-28T07:37:43.575083" elapsed="0.015838"/>
</kw>
<arg>${locator}</arg>
<status status="PASS" start="2025-05-28T07:37:43.574337" elapsed="0.016723"/>
</kw>
<kw name="Click button" owner="signup_page">
<kw name="Wait Until Keyword Succeeds" owner="BuiltIn">
<kw name="Click Element" owner="SeleniumLibrary">
<msg time="2025-05-28T07:37:43.593302" level="INFO">Clicking element 'xpath=(//*[text()='Properties'])[1]'.</msg>
<arg>${button}</arg>
<doc>Click the element identified by ``locator``.</doc>
<status status="PASS" start="2025-05-28T07:37:43.592986" elapsed="0.052886"/>
</kw>
<arg>10</arg>
<arg>1</arg>
<arg>Click Element</arg>
<arg>${button}</arg>
<doc>Runs the specified keyword and retries if it fails.</doc>
<status status="PASS" start="2025-05-28T07:37:43.592602" elapsed="0.053460"/>
</kw>
<arg>${locator}</arg>
<status status="PASS" start="2025-05-28T07:37:43.591771" elapsed="0.054347"/>
</kw>
<arg>${properties_nav}</arg>
<status status="PASS" start="2025-05-28T07:37:43.573929" elapsed="0.072277"/>
</kw>
<kw name="Click a Property" owner="bahai_app">
<kw name="Click property" owner="reservation_page">
<kw name="Wait Until Page Contains" owner="SeleniumLibrary">
<arg>${property_title}</arg>
<doc>Waits until ``text`` appears on the current page.</doc>
<status status="PASS" start="2025-05-28T07:37:43.647600" elapsed="0.346298"/>
</kw>
<kw name="Click Element" owner="SeleniumLibrary">
<msg time="2025-05-28T07:37:43.994692" level="INFO">Clicking element 'xpath=//div[@title="3BR Unit at The Trion Towers"]/ancestor::div[contains(@class, "relative") and contains(@class, "flex")]/descendant::button[.//span[text()="View Details"]]'.</msg>
<arg>xpath=//div[@title="${property_title}"]/ancestor::div[contains(@class, "relative") and contains(@class, "flex")]/descendant::button[.//span[text()="View Details"]]</arg>
<doc>Click the element identified by ``locator``.</doc>
<status status="PASS" start="2025-05-28T07:37:43.994188" elapsed="0.109086"/>
</kw>
<arg>${property_title}</arg>
<status status="PASS" start="2025-05-28T07:37:43.647138" elapsed="0.456370"/>
</kw>
<arg>3BR Unit at The Trion Towers</arg>
<status status="PASS" start="2025-05-28T07:37:43.646628" elapsed="0.457755"/>
</kw>
<kw name="Click button" owner="bahai_app">
<kw name="Verify element visible" owner="signup_page">
<kw name="Wait Until Element Is Visible" owner="SeleniumLibrary">
<arg>${locator}</arg>
<doc>Waits until the element ``locator`` is visible.</doc>
<status status="PASS" start="2025-05-28T07:37:44.105829" elapsed="0.222518"/>
</kw>
<arg>${locator}</arg>
<status status="PASS" start="2025-05-28T07:37:44.105467" elapsed="0.223033"/>
</kw>
<kw name="Click button" owner="signup_page">
<kw name="Wait Until Keyword Succeeds" owner="BuiltIn">
<kw name="Click Element" owner="SeleniumLibrary">
<msg time="2025-05-28T07:37:44.329927" level="INFO">Clicking element 'xpath=//*[text()='Reserve Now (5% Down)']'.</msg>
<arg>${button}</arg>
<doc>Click the element identified by ``locator``.</doc>
<status status="PASS" start="2025-05-28T07:37:44.329675" elapsed="0.095150"/>
</kw>
<arg>10</arg>
<arg>1</arg>
<arg>Click Element</arg>
<arg>${button}</arg>
<doc>Runs the specified keyword and retries if it fails.</doc>
<status status="PASS" start="2025-05-28T07:37:44.329314" elapsed="0.095657"/>
</kw>
<arg>${locator}</arg>
<status status="PASS" start="2025-05-28T07:37:44.328834" elapsed="0.096253"/>
</kw>
<arg>${reserve_btn}</arg>
<status status="PASS" start="2025-05-28T07:37:44.104904" elapsed="0.320261"/>
</kw>
<kw name="Validate text displayed" owner="bahai_app">
<kw name="Validate text displayed in page" owner="signup_page">
<kw name="Wait Until Keyword Succeeds" owner="BuiltIn">
<kw name="Page Should Contain" owner="SeleniumLibrary">
<msg time="2025-05-28T07:37:44.439731" level="INFO">Current page contains text 'Reservation Checkout'.</msg>
<arg>${expected_text}</arg>
<doc>Verifies that current page contains ``text``.</doc>
<status status="PASS" start="2025-05-28T07:37:44.427080" elapsed="0.012721"/>
</kw>
<arg>10</arg>
<arg>1</arg>
<arg>Page Should Contain</arg>
<arg>${expected_text}</arg>
<doc>Runs the specified keyword and retries if it fails.</doc>
<status status="PASS" start="2025-05-28T07:37:44.426698" elapsed="0.013155"/>
</kw>
<arg>${expected_text}</arg>
<status status="PASS" start="2025-05-28T07:37:44.426201" elapsed="0.013693"/>
</kw>
<arg>Reservation Checkout</arg>
<status status="PASS" start="2025-05-28T07:37:44.425634" elapsed="0.014287"/>
</kw>
<kw name="Main Web Teardown" owner="common" type="TEARDOWN">
<kw name="Capture Page Screenshot" owner="SeleniumLibrary">
<msg time="2025-05-28T07:37:44.572147" level="INFO" html="true">&lt;/td&gt;&lt;/tr&gt;&lt;tr&gt;&lt;td colspan="3"&gt;&lt;a href="screenshots/selenium-screenshot-1.png"&gt;&lt;img src="screenshots/selenium-screenshot-1.png" width="800px"&gt;&lt;/a&gt;</msg>
<doc>Takes a screenshot of the current page and embeds it into a log file.</doc>
<status status="PASS" start="2025-05-28T07:37:44.440873" elapsed="0.131356"/>
</kw>
<kw name="Close All Browsers" owner="SeleniumLibrary">
<doc>Closes all open browsers and resets the browser cache.</doc>
<status status="PASS" start="2025-05-28T07:37:44.572370" elapsed="0.206931"/>
</kw>
<doc>Main web teardown</doc>
<status status="PASS" start="2025-05-28T07:37:44.440555" elapsed="0.338833"/>
</kw>
<doc>The reserve property header should be displayed.</doc>
<tag>reserve</tag>
<tag>RP-TC-002</tag>
<status status="PASS" start="2025-05-28T07:37:39.571658" elapsed="5.207805"/>
</test>
<test id="s1-s2-t2" name="Test Case 2: Verify that the reservation amount is displayed." line="36">
<kw name="Main Web Setup" owner="common" type="SETUP">
<if>
<branch type="IF" condition="'${browser}' == 'chrome' or '${browser}' == 'headlesschrome'">
<kw name="Set Variable" owner="BuiltIn">
<var>${dir}</var>
<arg>chrome</arg>
<doc>Returns the given values which can then be assigned to a variables.</doc>
<status status="NOT RUN" start="2025-05-28T07:37:44.780410" elapsed="0.000014"/>
</kw>
<status status="NOT RUN" start="2025-05-28T07:37:44.780244" elapsed="0.000204"/>
</branch>
<branch type="ELSE IF" condition="'${browser}' == 'firefox' or '${browser}' == 'headlessfirefox'">
<kw name="Set Variable" owner="BuiltIn">
<var>${dir}</var>
<arg>firefox</arg>
<doc>Returns the given values which can then be assigned to a variables.</doc>
<status status="NOT RUN" start="2025-05-28T07:37:44.780565" elapsed="0.000012"/>
</kw>
<status status="NOT RUN" start="2025-05-28T07:37:44.780466" elapsed="0.000129"/>
</branch>
<branch type="ELSE">
<kw name="Set Variable" owner="BuiltIn">
<msg time="2025-05-28T07:37:44.780730" level="INFO">${dir} = safari</msg>
<var>${dir}</var>
<arg>${browser}</arg>
<doc>Returns the given values which can then be assigned to a variables.</doc>
<status status="PASS" start="2025-05-28T07:37:44.780650" elapsed="0.000094"/>
</kw>
<status status="PASS" start="2025-05-28T07:37:44.780608" elapsed="0.000155"/>
</branch>
<status status="PASS" start="2025-05-28T07:37:44.780226" elapsed="0.000551"/>
</if>
<kw name="Create Directory" owner="OperatingSystem">
<msg time="2025-05-28T07:37:44.780956" level="INFO" html="true">Directory '&lt;a href="file:///Users/redenlongcop/Documents/bahai-automation/logs/safari/screenshots"&gt;/Users/redenlongcop/Documents/bahai-automation/logs/safari/screenshots&lt;/a&gt;' already exists.</msg>
<arg>logs/${dir}/screenshots</arg>
<doc>Creates the specified directory.</doc>
<status status="PASS" start="2025-05-28T07:37:44.780820" elapsed="0.000169"/>
</kw>
<kw name="Empty Directory" owner="OperatingSystem">
<msg time="2025-05-28T07:37:44.781147" level="INFO" html="true">Listing contents of directory '&lt;a href="file:///Users/redenlongcop/Documents/bahai-automation/logs/safari/screenshots"&gt;/Users/redenlongcop/Documents/bahai-automation/logs/safari/screenshots&lt;/a&gt;'.</msg>
<msg time="2025-05-28T07:37:44.781293" level="INFO" html="true">Emptied directory '&lt;a href="file:///Users/redenlongcop/Documents/bahai-automation/logs/safari/screenshots"&gt;/Users/redenlongcop/Documents/bahai-automation/logs/safari/screenshots&lt;/a&gt;'.</msg>
<arg>logs/${dir}/screenshots</arg>
<doc>Deletes all the content from the given directory.</doc>
<status status="PASS" start="2025-05-28T07:37:44.781082" elapsed="0.000232"/>
</kw>
<kw name="Set Screenshot Directory" owner="SeleniumLibrary">
<arg>logs/${dir}/screenshots</arg>
<doc>Sets the directory for captured screenshots.</doc>
<status status="PASS" start="2025-05-28T07:37:44.781378" elapsed="0.000095"/>
</kw>
<kw name="Open Browser" owner="SeleniumLibrary">
<msg time="2025-05-28T07:37:44.781620" level="INFO">Opening browser 'safari' to base url 'about:blank'.</msg>
<arg>about:blank</arg>
<arg>${browser}</arg>
<doc>Opens a new browser instance to the optional ``url``.</doc>
<status status="PASS" start="2025-05-28T07:37:44.781534" elapsed="0.752728"/>
</kw>
<kw name="Maximize Browser Window" owner="SeleniumLibrary">
<doc>Maximizes current browser window.</doc>
<status status="PASS" start="2025-05-28T07:37:45.534774" elapsed="0.033700"/>
</kw>
<arg>${BROWSER}</arg>
<doc>Main web setup</doc>
<status status="PASS" start="2025-05-28T07:37:44.780099" elapsed="0.791683"/>
</kw>
<kw name="Login to Bahai App">
<kw name="Navigate to the login page" owner="bahai_app">
<kw name="Navigate to login page" owner="login_page">
<kw name="Go To" owner="SeleniumLibrary">
<msg time="2025-05-28T07:37:45.574322" level="INFO">Opening url 'https://beta.bahaideals.com/login'</msg>
<arg>${url}</arg>
<doc>Navigates the current browser window to the provided ``url``.</doc>
<status status="PASS" start="2025-05-28T07:37:45.574141" elapsed="2.702141"/>
</kw>
<kw name="Location Should Be" owner="SeleniumLibrary">
<msg time="2025-05-28T07:37:48.289439" level="INFO">Current location is 'https://beta.bahaideals.com/login'.</msg>
<arg>${url}</arg>
<doc>Verifies that the current URL is exactly ``url``.</doc>
<status status="PASS" start="2025-05-28T07:37:48.276663" elapsed="0.012944"/>
</kw>
<arg>${url}</arg>
<status status="PASS" start="2025-05-28T07:37:45.573794" elapsed="2.715965"/>
</kw>
<kw name="Verify page loaded" owner="login_page">
<kw name="Wait Until Keyword Succeeds" owner="BuiltIn">
<kw name="Wait Until Element Is Visible" owner="SeleniumLibrary">
<arg>${locator}</arg>
<doc>Waits until the element ``locator`` is visible.</doc>
<status status="PASS" start="2025-05-28T07:37:48.290977" elapsed="0.372423"/>
</kw>
<arg>10</arg>
<arg>1s</arg>
<arg>Wait Until Element Is Visible</arg>
<arg>${locator}</arg>
<doc>Runs the specified keyword and retries if it fails.</doc>
<status status="PASS" start="2025-05-28T07:37:48.290577" elapsed="0.373082"/>
</kw>
<arg>${locator}</arg>
<status status="PASS" start="2025-05-28T07:37:48.290067" elapsed="0.373753"/>
</kw>
<arg>${LOGIN_PAGE}</arg>
<arg>${login_form}</arg>
<status status="PASS" start="2025-05-28T07:37:45.573320" elapsed="3.090588"/>
</kw>
<kw name="Enter credential" owner="bahai_app">
<kw name="Verify element visible" owner="signup_page">
<kw name="Wait Until Element Is Visible" owner="SeleniumLibrary">
<arg>${locator}</arg>
<doc>Waits until the element ``locator`` is visible.</doc>
<status status="PASS" start="2025-05-28T07:37:48.665281" elapsed="0.007970"/>
</kw>
<arg>${locator}</arg>
<status status="PASS" start="2025-05-28T07:37:48.664930" elapsed="0.008475"/>
</kw>
<kw name="Enter credential" owner="signup_page">
<kw name="Input Text" owner="SeleniumLibrary">
<msg time="2025-05-28T07:37:48.674486" level="INFO">Typing text 'rlongcop@nmblr.ai' into text field 'name=email'.</msg>
<arg>${locator}</arg>
<arg>${credential}</arg>
<doc>Types the given ``text`` into the text field identified by ``locator``.</doc>
<status status="PASS" start="2025-05-28T07:37:48.674201" elapsed="0.157553"/>
</kw>
<arg>${credential}</arg>
<arg>${locator}</arg>
<status status="PASS" start="2025-05-28T07:37:48.673690" elapsed="0.158516"/>
</kw>
<arg>${login_email_field}</arg>
<arg>${EMAIL}</arg>
<status status="PASS" start="2025-05-28T07:37:48.664361" elapsed="0.167941"/>
</kw>
<kw name="Enter credential" owner="bahai_app">
<kw name="Verify element visible" owner="signup_page">
<kw name="Wait Until Element Is Visible" owner="SeleniumLibrary">
<arg>${locator}</arg>
<doc>Waits until the element ``locator`` is visible.</doc>
<status status="PASS" start="2025-05-28T07:37:48.836412" elapsed="0.016525"/>
</kw>
<arg>${locator}</arg>
<status status="PASS" start="2025-05-28T07:37:48.835060" elapsed="0.017985"/>
</kw>
<kw name="Enter credential" owner="signup_page">
<kw name="Input Text" owner="SeleniumLibrary">
<msg time="2025-05-28T07:37:48.854458" level="INFO">Typing text 'Password@123' into text field 'name=password'.</msg>
<arg>${locator}</arg>
<arg>${credential}</arg>
<doc>Types the given ``text`` into the text field identified by ``locator``.</doc>
<status status="PASS" start="2025-05-28T07:37:48.854247" elapsed="0.071319"/>
</kw>
<arg>${credential}</arg>
<arg>${locator}</arg>
<status status="PASS" start="2025-05-28T07:37:48.853183" elapsed="0.072710"/>
</kw>
<arg>${login_password_field}</arg>
<arg>${PASSWORD}</arg>
<status status="PASS" start="2025-05-28T07:37:48.833130" elapsed="0.093555"/>
</kw>
<kw name="Click button" owner="bahai_app">
<kw name="Verify element visible" owner="signup_page">
<kw name="Wait Until Element Is Visible" owner="SeleniumLibrary">
<arg>${locator}</arg>
<doc>Waits until the element ``locator`` is visible.</doc>
<status status="PASS" start="2025-05-28T07:37:48.930476" elapsed="0.012130"/>
</kw>
<arg>${locator}</arg>
<status status="PASS" start="2025-05-28T07:37:48.929836" elapsed="0.012839"/>
</kw>
<kw name="Click button" owner="signup_page">
<kw name="Wait Until Keyword Succeeds" owner="BuiltIn">
<kw name="Click Element" owner="SeleniumLibrary">
<msg time="2025-05-28T07:37:48.943251" level="INFO">Clicking element 'xpath=(//*[text()='Login'])[4]'.</msg>
<arg>${button}</arg>
<doc>Click the element identified by ``locator``.</doc>
<status status="PASS" start="2025-05-28T07:37:48.943149" elapsed="0.047506"/>
</kw>
<arg>10</arg>
<arg>1</arg>
<arg>Click Element</arg>
<arg>${button}</arg>
<doc>Runs the specified keyword and retries if it fails.</doc>
<status status="PASS" start="2025-05-28T07:37:48.943012" elapsed="0.047776"/>
</kw>
<arg>${locator}</arg>
<status status="PASS" start="2025-05-28T07:37:48.942807" elapsed="0.048113"/>
</kw>
<arg>${login_btn}</arg>
<status status="PASS" start="2025-05-28T07:37:48.927759" elapsed="0.063236"/>
</kw>
<kw name="Verify element displayed" owner="bahai_app">
<kw name="Verify page loaded" owner="login_page">
<kw name="Wait Until Keyword Succeeds" owner="BuiltIn">
<kw name="Wait Until Element Is Visible" owner="SeleniumLibrary">
<arg>${locator}</arg>
<doc>Waits until the element ``locator`` is visible.</doc>
<status status="PASS" start="2025-05-28T07:37:48.993071" elapsed="0.684669"/>
</kw>
<arg>10</arg>
<arg>1s</arg>
<arg>Wait Until Element Is Visible</arg>
<arg>${locator}</arg>
<doc>Runs the specified keyword and retries if it fails.</doc>
<status status="PASS" start="2025-05-28T07:37:48.992528" elapsed="0.685352"/>
</kw>
<arg>${locator}</arg>
<status status="PASS" start="2025-05-28T07:37:48.991898" elapsed="0.686085"/>
</kw>
<kw name="Verify element visible" owner="signup_page">
<kw name="Wait Until Element Is Visible" owner="SeleniumLibrary">
<arg>${locator}</arg>
<doc>Waits until the element ``locator`` is visible.</doc>
<status status="PASS" start="2025-05-28T07:37:49.678912" elapsed="0.008546"/>
</kw>
<arg>${locator}</arg>
<status status="PASS" start="2025-05-28T07:37:49.678335" elapsed="0.009267"/>
</kw>
<arg>${profile_icon}</arg>
<status status="PASS" start="2025-05-28T07:37:48.991298" elapsed="0.696382"/>
</kw>
<status status="PASS" start="2025-05-28T07:37:45.572753" elapsed="4.115380"/>
</kw>
<kw name="Click button" owner="bahai_app">
<kw name="Verify element visible" owner="signup_page">
<kw name="Wait Until Element Is Visible" owner="SeleniumLibrary">
<arg>${locator}</arg>
<doc>Waits until the element ``locator`` is visible.</doc>
<status status="PASS" start="2025-05-28T07:37:49.689303" elapsed="0.007992"/>
</kw>
<arg>${locator}</arg>
<status status="PASS" start="2025-05-28T07:37:49.688970" elapsed="0.008416"/>
</kw>
<kw name="Click button" owner="signup_page">
<kw name="Wait Until Keyword Succeeds" owner="BuiltIn">
<kw name="Click Element" owner="SeleniumLibrary">
<msg time="2025-05-28T07:37:49.698171" level="INFO">Clicking element 'xpath=(//*[text()='Properties'])[1]'.</msg>
<arg>${button}</arg>
<doc>Click the element identified by ``locator``.</doc>
<status status="PASS" start="2025-05-28T07:37:49.698056" elapsed="0.037925"/>
</kw>
<arg>10</arg>
<arg>1</arg>
<arg>Click Element</arg>
<arg>${button}</arg>
<doc>Runs the specified keyword and retries if it fails.</doc>
<status status="PASS" start="2025-05-28T07:37:49.697844" elapsed="0.038203"/>
</kw>
<arg>${locator}</arg>
<status status="PASS" start="2025-05-28T07:37:49.697641" elapsed="0.038447"/>
</kw>
<arg>${properties_nav}</arg>
<status status="PASS" start="2025-05-28T07:37:49.688525" elapsed="0.047591"/>
</kw>
<kw name="Click a Property" owner="bahai_app">
<kw name="Click property" owner="reservation_page">
<kw name="Wait Until Page Contains" owner="SeleniumLibrary">
<arg>${property_title}</arg>
<doc>Waits until ``text`` appears on the current page.</doc>
<status status="PASS" start="2025-05-28T07:37:49.736629" elapsed="0.242984"/>
</kw>
<kw name="Click Element" owner="SeleniumLibrary">
<msg time="2025-05-28T07:37:49.980288" level="INFO">Clicking element 'xpath=//div[@title="3BR Unit at The Trion Towers"]/ancestor::div[contains(@class, "relative") and contains(@class, "flex")]/descendant::button[.//span[text()="View Details"]]'.</msg>
<arg>xpath=//div[@title="${property_title}"]/ancestor::div[contains(@class, "relative") and contains(@class, "flex")]/descendant::button[.//span[text()="View Details"]]</arg>
<doc>Click the element identified by ``locator``.</doc>
<status status="PASS" start="2025-05-28T07:37:49.979897" elapsed="0.073130"/>
</kw>
<arg>${property_title}</arg>
<status status="PASS" start="2025-05-28T07:37:49.736481" elapsed="0.316628"/>
</kw>
<arg>3BR Unit at The Trion Towers</arg>
<status status="PASS" start="2025-05-28T07:37:49.736280" elapsed="0.316860"/>
</kw>
<kw name="Click button" owner="bahai_app">
<kw name="Verify element visible" owner="signup_page">
<kw name="Wait Until Element Is Visible" owner="SeleniumLibrary">
<arg>${locator}</arg>
<doc>Waits until the element ``locator`` is visible.</doc>
<status status="PASS" start="2025-05-28T07:37:50.053684" elapsed="0.257447"/>
</kw>
<arg>${locator}</arg>
<status status="PASS" start="2025-05-28T07:37:50.053535" elapsed="0.257753"/>
</kw>
<kw name="Click button" owner="signup_page">
<kw name="Wait Until Keyword Succeeds" owner="BuiltIn">
<kw name="Click Element" owner="SeleniumLibrary">
<msg time="2025-05-28T07:37:50.312752" level="INFO">Clicking element 'xpath=//*[text()='Reserve Now (5% Down)']'.</msg>
<arg>${button}</arg>
<doc>Click the element identified by ``locator``.</doc>
<status status="PASS" start="2025-05-28T07:37:50.312495" elapsed="0.037169"/>
</kw>
<arg>10</arg>
<arg>1</arg>
<arg>Click Element</arg>
<arg>${button}</arg>
<doc>Runs the specified keyword and retries if it fails.</doc>
<status status="PASS" start="2025-05-28T07:37:50.312224" elapsed="0.037603"/>
</kw>
<arg>${locator}</arg>
<status status="PASS" start="2025-05-28T07:37:50.311710" elapsed="0.038230"/>
</kw>
<arg>${reserve_btn}</arg>
<status status="PASS" start="2025-05-28T07:37:50.053305" elapsed="0.296714"/>
</kw>
<kw name="Validate text displayed" owner="bahai_app">
<kw name="Validate text displayed in page" owner="signup_page">
<kw name="Wait Until Keyword Succeeds" owner="BuiltIn">
<kw name="Page Should Contain" owner="SeleniumLibrary">
<msg time="2025-05-28T07:37:50.547690" level="INFO" html="true">&lt;/td&gt;&lt;/tr&gt;&lt;tr&gt;&lt;td colspan="3"&gt;&lt;a href="screenshots/selenium-screenshot-1.png"&gt;&lt;img src="screenshots/selenium-screenshot-1.png" width="800px"&gt;&lt;/a&gt;</msg>
<msg time="2025-05-28T07:37:50.547946" level="FAIL">Page should have contained text '₱1,300,000' but did not.</msg>
<arg>${expected_text}</arg>
<doc>Verifies that current page contains ``text``.</doc>
<status status="FAIL" start="2025-05-28T07:37:50.351906" elapsed="0.199159">Page should have contained text '₱1,300,000' but did not.</status>
</kw>
<kw name="Page Should Contain" owner="SeleniumLibrary">
<msg time="2025-05-28T07:37:51.565381" level="INFO">Current page contains text '₱1,300,000'.</msg>
<arg>${expected_text}</arg>
<doc>Verifies that current page contains ``text``.</doc>
<status status="PASS" start="2025-05-28T07:37:51.552378" elapsed="0.013281"/>
</kw>
<arg>10</arg>
<arg>1</arg>
<arg>Page Should Contain</arg>
<arg>${expected_text}</arg>
<doc>Runs the specified keyword and retries if it fails.</doc>
<status status="PASS" start="2025-05-28T07:37:50.351602" elapsed="1.214242"/>
</kw>
<arg>${expected_text}</arg>
<status status="PASS" start="2025-05-28T07:37:50.351102" elapsed="1.214889"/>
</kw>
<arg>₱1,300,000</arg>
<status status="PASS" start="2025-05-28T07:37:50.350513" elapsed="1.215570"/>
</kw>
<kw name="Main Web Teardown" owner="common" type="TEARDOWN">
<kw name="Capture Page Screenshot" owner="SeleniumLibrary">
<msg time="2025-05-28T07:37:51.711082" level="INFO" html="true">&lt;/td&gt;&lt;/tr&gt;&lt;tr&gt;&lt;td colspan="3"&gt;&lt;a href="screenshots/selenium-screenshot-2.png"&gt;&lt;img src="screenshots/selenium-screenshot-2.png" width="800px"&gt;&lt;/a&gt;</msg>
<doc>Takes a screenshot of the current page and embeds it into a log file.</doc>
<status status="PASS" start="2025-05-28T07:37:51.567283" elapsed="0.143878"/>
</kw>
<kw name="Close All Browsers" owner="SeleniumLibrary">
<doc>Closes all open browsers and resets the browser cache.</doc>
<status status="PASS" start="2025-05-28T07:37:51.711286" elapsed="0.214416"/>
</kw>
<doc>Main web teardown</doc>
<status status="PASS" start="2025-05-28T07:37:51.566770" elapsed="0.359122"/>
</kw>
<doc>The reservation amount should be displayed.</doc>
<tag>reserve</tag>
<tag>RP-TC-003</tag>
<status status="PASS" start="2025-05-28T07:37:44.779727" elapsed="7.146391"/>
</test>
<test id="s1-s2-t3" name="Test Case 3: Verify that the payment method is displayed." line="46">
<kw name="Main Web Setup" owner="common" type="SETUP">
<if>
<branch type="IF" condition="'${browser}' == 'chrome' or '${browser}' == 'headlesschrome'">
<kw name="Set Variable" owner="BuiltIn">
<var>${dir}</var>
<arg>chrome</arg>
<doc>Returns the given values which can then be assigned to a variables.</doc>
<status status="NOT RUN" start="2025-05-28T07:37:51.928070" elapsed="0.000040"/>
</kw>
<status status="NOT RUN" start="2025-05-28T07:37:51.927629" elapsed="0.000538"/>
</branch>
<branch type="ELSE IF" condition="'${browser}' == 'firefox' or '${browser}' == 'headlessfirefox'">
<kw name="Set Variable" owner="BuiltIn">
<var>${dir}</var>
<arg>firefox</arg>
<doc>Returns the given values which can then be assigned to a variables.</doc>
<status status="NOT RUN" start="2025-05-28T07:37:51.928465" elapsed="0.000030"/>
</kw>
<status status="NOT RUN" start="2025-05-28T07:37:51.928215" elapsed="0.000327"/>
</branch>
<branch type="ELSE">
<kw name="Set Variable" owner="BuiltIn">
<msg time="2025-05-28T07:37:51.928897" level="INFO">${dir} = safari</msg>
<var>${dir}</var>
<arg>${browser}</arg>
<doc>Returns the given values which can then be assigned to a variables.</doc>
<status status="PASS" start="2025-05-28T07:37:51.928690" elapsed="0.000240"/>
</kw>
<status status="PASS" start="2025-05-28T07:37:51.928578" elapsed="0.000401"/>
</branch>
<status status="PASS" start="2025-05-28T07:37:51.927592" elapsed="0.001421"/>
</if>
<kw name="Create Directory" owner="OperatingSystem">
<msg time="2025-05-28T07:37:51.929966" level="INFO" html="true">Directory '&lt;a href="file:///Users/redenlongcop/Documents/bahai-automation/logs/safari/screenshots"&gt;/Users/redenlongcop/Documents/bahai-automation/logs/safari/screenshots&lt;/a&gt;' already exists.</msg>
<arg>logs/${dir}/screenshots</arg>
<doc>Creates the specified directory.</doc>
<status status="PASS" start="2025-05-28T07:37:51.929122" elapsed="0.000926"/>
</kw>
<kw name="Empty Directory" owner="OperatingSystem">
<msg time="2025-05-28T07:37:51.930403" level="INFO" html="true">Listing contents of directory '&lt;a href="file:///Users/redenlongcop/Documents/bahai-automation/logs/safari/screenshots"&gt;/Users/redenlongcop/Documents/bahai-automation/logs/safari/screenshots&lt;/a&gt;'.</msg>
<msg time="2025-05-28T07:37:51.930731" level="INFO" html="true">Emptied directory '&lt;a href="file:///Users/redenlongcop/Documents/bahai-automation/logs/safari/screenshots"&gt;/Users/redenlongcop/Documents/bahai-automation/logs/safari/screenshots&lt;/a&gt;'.</msg>
<arg>logs/${dir}/screenshots</arg>
<doc>Deletes all the content from the given directory.</doc>
<status status="PASS" start="2025-05-28T07:37:51.930214" elapsed="0.000575"/>
</kw>
<kw name="Set Screenshot Directory" owner="SeleniumLibrary">
<arg>logs/${dir}/screenshots</arg>
<doc>Sets the directory for captured screenshots.</doc>
<status status="PASS" start="2025-05-28T07:37:51.930970" elapsed="0.000255"/>
</kw>
<kw name="Open Browser" owner="SeleniumLibrary">
<msg time="2025-05-28T07:37:51.931577" level="INFO">Opening browser 'safari' to base url 'about:blank'.</msg>
<arg>about:blank</arg>
<arg>${browser}</arg>
<doc>Opens a new browser instance to the optional ``url``.</doc>
<status status="PASS" start="2025-05-28T07:37:51.931387" elapsed="0.794036"/>
</kw>
<kw name="Maximize Browser Window" owner="SeleniumLibrary">
<doc>Maximizes current browser window.</doc>
<status status="PASS" start="2025-05-28T07:37:52.729575" elapsed="0.034266"/>
</kw>
<arg>${BROWSER}</arg>
<doc>Main web setup</doc>
<status status="PASS" start="2025-05-28T07:37:51.927323" elapsed="0.836619"/>
</kw>
<kw name="Login to Bahai App">
<kw name="Navigate to the login page" owner="bahai_app">
<kw name="Navigate to login page" owner="login_page">
<kw name="Go To" owner="SeleniumLibrary">
<msg time="2025-05-28T07:37:52.765890" level="INFO">Opening url 'https://beta.bahaideals.com/login'</msg>
<arg>${url}</arg>
<doc>Navigates the current browser window to the provided ``url``.</doc>
<status status="PASS" start="2025-05-28T07:37:52.765781" elapsed="1.789406"/>
</kw>
<kw name="Location Should Be" owner="SeleniumLibrary">
<msg time="2025-05-28T07:37:54.566775" level="INFO">Current location is 'https://beta.bahaideals.com/login'.</msg>
<arg>${url}</arg>
<doc>Verifies that the current URL is exactly ``url``.</doc>
<status status="PASS" start="2025-05-28T07:37:54.555776" elapsed="0.011125"/>
</kw>
<arg>${url}</arg>
<status status="PASS" start="2025-05-28T07:37:52.765581" elapsed="1.801441"/>
</kw>
<kw name="Verify page loaded" owner="login_page">
<kw name="Wait Until Keyword Succeeds" owner="BuiltIn">
<kw name="Wait Until Element Is Visible" owner="SeleniumLibrary">
<arg>${locator}</arg>
<doc>Waits until the element ``locator`` is visible.</doc>
<status status="PASS" start="2025-05-28T07:37:54.568064" elapsed="0.370273"/>
</kw>
<arg>10</arg>
<arg>1s</arg>
<arg>Wait Until Element Is Visible</arg>
<arg>${locator}</arg>
<doc>Runs the specified keyword and retries if it fails.</doc>
<status status="PASS" start="2025-05-28T07:37:54.567687" elapsed="0.370796"/>
</kw>
<arg>${locator}</arg>
<status status="PASS" start="2025-05-28T07:37:54.567278" elapsed="0.371311"/>
</kw>
<arg>${LOGIN_PAGE}</arg>
<arg>${login_form}</arg>
<status status="PASS" start="2025-05-28T07:37:52.765189" elapsed="2.173483"/>
</kw>
<kw name="Enter credential" owner="bahai_app">
<kw name="Verify element visible" owner="signup_page">
<kw name="Wait Until Element Is Visible" owner="SeleniumLibrary">
<arg>${locator}</arg>
<doc>Waits until the element ``locator`` is visible.</doc>
<status status="PASS" start="2025-05-28T07:37:54.939839" elapsed="0.007668"/>
</kw>
<arg>${locator}</arg>
<status status="PASS" start="2025-05-28T07:37:54.939517" elapsed="0.008151"/>
</kw>
<kw name="Enter credential" owner="signup_page">
<kw name="Input Text" owner="SeleniumLibrary">
<msg time="2025-05-28T07:37:54.948715" level="INFO">Typing text 'rlongcop@nmblr.ai' into text field 'name=email'.</msg>
<arg>${locator}</arg>
<arg>${credential}</arg>
<doc>Types the given ``text`` into the text field identified by ``locator``.</doc>
<status status="PASS" start="2025-05-28T07:37:54.948443" elapsed="0.155777"/>
</kw>
<arg>${credential}</arg>
<arg>${locator}</arg>
<status status="PASS" start="2025-05-28T07:37:54.947951" elapsed="0.156472"/>
</kw>
<arg>${login_email_field}</arg>
<arg>${EMAIL}</arg>
<status status="PASS" start="2025-05-28T07:37:54.938981" elapsed="0.165532"/>
</kw>
<kw name="Enter credential" owner="bahai_app">
<kw name="Verify element visible" owner="signup_page">
<kw name="Wait Until Element Is Visible" owner="SeleniumLibrary">
<arg>${locator}</arg>
<doc>Waits until the element ``locator`` is visible.</doc>
<status status="PASS" start="2025-05-28T07:37:55.105955" elapsed="0.010502"/>
</kw>
<arg>${locator}</arg>
<status status="PASS" start="2025-05-28T07:37:55.105384" elapsed="0.011234"/>
</kw>
<kw name="Enter credential" owner="signup_page">
<kw name="Input Text" owner="SeleniumLibrary">
<msg time="2025-05-28T07:37:55.117660" level="INFO">Typing text 'Password@123' into text field 'name=password'.</msg>
<arg>${locator}</arg>
<arg>${credential}</arg>
<doc>Types the given ``text`` into the text field identified by ``locator``.</doc>
<status status="PASS" start="2025-05-28T07:37:55.117406" elapsed="0.100716"/>
</kw>
<arg>${credential}</arg>
<arg>${locator}</arg>
<status status="PASS" start="2025-05-28T07:37:55.116880" elapsed="0.101409"/>
</kw>
<arg>${login_password_field}</arg>
<arg>${PASSWORD}</arg>
<status status="PASS" start="2025-05-28T07:37:55.104836" elapsed="0.113543"/>
</kw>
<kw name="Click button" owner="bahai_app">
<kw name="Verify element visible" owner="signup_page">
<kw name="Wait Until Element Is Visible" owner="SeleniumLibrary">
<arg>${locator}</arg>
<doc>Waits until the element ``locator`` is visible.</doc>
<status status="PASS" start="2025-05-28T07:37:55.220195" elapsed="0.012404"/>
</kw>
<arg>${locator}</arg>
<status status="PASS" start="2025-05-28T07:37:55.219579" elapsed="0.013090"/>
</kw>
<kw name="Click button" owner="signup_page">
<kw name="Wait Until Keyword Succeeds" owner="BuiltIn">
<kw name="Click Element" owner="SeleniumLibrary">
<msg time="2025-05-28T07:37:55.233212" level="INFO">Clicking element 'xpath=(//*[text()='Login'])[4]'.</msg>
<arg>${button}</arg>
<doc>Click the element identified by ``locator``.</doc>
<status status="PASS" start="2025-05-28T07:37:55.233111" elapsed="0.030181"/>
</kw>
<arg>10</arg>
<arg>1</arg>
<arg>Click Element</arg>
<arg>${button}</arg>
<doc>Runs the specified keyword and retries if it fails.</doc>
<status status="PASS" start="2025-05-28T07:37:55.232979" elapsed="0.030692"/>
</kw>
<arg>${locator}</arg>
<status status="PASS" start="2025-05-28T07:37:55.232795" elapsed="0.031051"/>
</kw>
<arg>${login_btn}</arg>
<status status="PASS" start="2025-05-28T07:37:55.218869" elapsed="0.046362"/>
</kw>
<kw name="Verify element displayed" owner="bahai_app">
<kw name="Verify page loaded" owner="login_page">
<kw name="Wait Until Keyword Succeeds" owner="BuiltIn">
<kw name="Wait Until Element Is Visible" owner="SeleniumLibrary">
<arg>${locator}</arg>
<doc>Waits until the element ``locator`` is visible.</doc>
<status status="PASS" start="2025-05-28T07:37:55.270094" elapsed="0.659914"/>
</kw>
<arg>10</arg>
<arg>1s</arg>
<arg>Wait Until Element Is Visible</arg>
<arg>${locator}</arg>
<doc>Runs the specified keyword and retries if it fails.</doc>
<status status="PASS" start="2025-05-28T07:37:55.269888" elapsed="0.660308"/>
</kw>
<arg>${locator}</arg>
<status status="PASS" start="2025-05-28T07:37:55.269495" elapsed="0.660863"/>
</kw>
<kw name="Verify element visible" owner="signup_page">
<kw name="Wait Until Element Is Visible" owner="SeleniumLibrary">
<arg>${locator}</arg>
<doc>Waits until the element ``locator`` is visible.</doc>
<status status="PASS" start="2025-05-28T07:37:55.932859" elapsed="0.026587"/>
</kw>
<arg>${locator}</arg>
<status status="PASS" start="2025-05-28T07:37:55.931087" elapsed="0.028431"/>
</kw>
<arg>${profile_icon}</arg>
<status status="PASS" start="2025-05-28T07:37:55.266143" elapsed="0.693406"/>
</kw>
<status status="PASS" start="2025-05-28T07:37:52.764375" elapsed="3.195211"/>
</kw>
<kw name="Click button" owner="bahai_app">
<kw name="Verify element visible" owner="signup_page">
<kw name="Wait Until Element Is Visible" owner="SeleniumLibrary">
<arg>${locator}</arg>
<doc>Waits until the element ``locator`` is visible.</doc>
<status status="PASS" start="2025-05-28T07:37:55.960229" elapsed="0.039615"/>
</kw>
<arg>${locator}</arg>
<status status="PASS" start="2025-05-28T07:37:55.960002" elapsed="0.040071"/>
</kw>
<kw name="Click button" owner="signup_page">
<kw name="Wait Until Keyword Succeeds" owner="BuiltIn">
<kw name="Click Element" owner="SeleniumLibrary">
<msg time="2025-05-28T07:37:56.001650" level="INFO">Clicking element 'xpath=(//*[text()='Properties'])[1]'.</msg>
<arg>${button}</arg>
<doc>Click the element identified by ``locator``.</doc>
<status status="PASS" start="2025-05-28T07:37:56.001410" elapsed="0.035497"/>
</kw>
<arg>10</arg>
<arg>1</arg>
<arg>Click Element</arg>
<arg>${button}</arg>
<doc>Runs the specified keyword and retries if it fails.</doc>
<status status="PASS" start="2025-05-28T07:37:56.001099" elapsed="0.035917"/>
</kw>
<arg>${locator}</arg>
<status status="PASS" start="2025-05-28T07:37:56.000568" elapsed="0.036500"/>
</kw>
<arg>${properties_nav}</arg>
<status status="PASS" start="2025-05-28T07:37:55.959801" elapsed="0.077416"/>
</kw>
<kw name="Click a Property" owner="bahai_app">
<kw name="Click property" owner="reservation_page">
<kw name="Wait Until Page Contains" owner="SeleniumLibrary">
<arg>${property_title}</arg>
<doc>Waits until ``text`` appears on the current page.</doc>
<status status="PASS" start="2025-05-28T07:37:56.039606" elapsed="0.264452"/>
</kw>
<kw name="Click Element" owner="SeleniumLibrary">
<msg time="2025-05-28T07:37:56.304761" level="INFO">Clicking element 'xpath=//div[@title="3BR Unit at The Trion Towers"]/ancestor::div[contains(@class, "relative") and contains(@class, "flex")]/descendant::button[.//span[text()="View Details"]]'.</msg>
<arg>xpath=//div[@title="${property_title}"]/ancestor::div[contains(@class, "relative") and contains(@class, "flex")]/descendant::button[.//span[text()="View Details"]]</arg>
<doc>Click the element identified by ``locator``.</doc>
<status status="PASS" start="2025-05-28T07:37:56.304370" elapsed="0.091321"/>
</kw>
<arg>${property_title}</arg>
<status status="PASS" start="2025-05-28T07:37:56.037928" elapsed="0.357985"/>
</kw>
<arg>3BR Unit at The Trion Towers</arg>
<status status="PASS" start="2025-05-28T07:37:56.037536" elapsed="0.358483"/>
</kw>
<kw name="Click button" owner="bahai_app">
<kw name="Verify element visible" owner="signup_page">
<kw name="Wait Until Element Is Visible" owner="SeleniumLibrary">
<arg>${locator}</arg>
<doc>Waits until the element ``locator`` is visible.</doc>
<status status="PASS" start="2025-05-28T07:37:56.397856" elapsed="0.223346"/>
</kw>
<arg>${locator}</arg>
<status status="PASS" start="2025-05-28T07:37:56.397376" elapsed="0.223976"/>
</kw>
<kw name="Click button" owner="signup_page">
<kw name="Wait Until Keyword Succeeds" owner="BuiltIn">
<kw name="Click Element" owner="SeleniumLibrary">
<msg time="2025-05-28T07:37:56.622662" level="INFO">Clicking element 'xpath=//*[text()='Reserve Now (5% Down)']'.</msg>
<arg>${button}</arg>
<doc>Click the element identified by ``locator``.</doc>
<status status="PASS" start="2025-05-28T07:37:56.622427" elapsed="0.050583"/>
</kw>
<arg>10</arg>
<arg>1</arg>
<arg>Click Element</arg>
<arg>${button}</arg>
<doc>Runs the specified keyword and retries if it fails.</doc>
<status status="PASS" start="2025-05-28T07:37:56.622113" elapsed="0.051036"/>
</kw>
<arg>${locator}</arg>
<status status="PASS" start="2025-05-28T07:37:56.621638" elapsed="0.051616"/>
</kw>
<arg>${reserve_btn}</arg>
<status status="PASS" start="2025-05-28T07:37:56.396572" elapsed="0.276769"/>
</kw>
<kw name="Validate text displayed" owner="bahai_app">
<kw name="Validate text displayed in page" owner="signup_page">
<kw name="Wait Until Keyword Succeeds" owner="BuiltIn">
<kw name="Page Should Contain" owner="SeleniumLibrary">
<msg time="2025-05-28T07:37:56.682295" level="INFO">Current page contains text 'Credit/Debit Card'.</msg>
<arg>${expected_text}</arg>
<doc>Verifies that current page contains ``text``.</doc>
<status status="PASS" start="2025-05-28T07:37:56.674748" elapsed="0.007685"/>
</kw>
<arg>10</arg>
<arg>1</arg>
<arg>Page Should Contain</arg>
<arg>${expected_text}</arg>
<doc>Runs the specified keyword and retries if it fails.</doc>
<status status="PASS" start="2025-05-28T07:37:56.674447" elapsed="0.008097"/>
</kw>
<arg>${expected_text}</arg>
<status status="PASS" start="2025-05-28T07:37:56.674071" elapsed="0.008652"/>
</kw>
<arg>Credit/Debit Card</arg>
<status status="PASS" start="2025-05-28T07:37:56.673687" elapsed="0.009085"/>
</kw>
<kw name="Main Web Teardown" owner="common" type="TEARDOWN">
<kw name="Capture Page Screenshot" owner="SeleniumLibrary">
<msg time="2025-05-28T07:37:56.839711" level="INFO" html="true">&lt;/td&gt;&lt;/tr&gt;&lt;tr&gt;&lt;td colspan="3"&gt;&lt;a href="screenshots/selenium-screenshot-1.png"&gt;&lt;img src="screenshots/selenium-screenshot-1.png" width="800px"&gt;&lt;/a&gt;</msg>
<doc>Takes a screenshot of the current page and embeds it into a log file.</doc>
<status status="PASS" start="2025-05-28T07:37:56.683637" elapsed="0.156154"/>
</kw>
<kw name="Close All Browsers" owner="SeleniumLibrary">
<doc>Closes all open browsers and resets the browser cache.</doc>
<status status="PASS" start="2025-05-28T07:37:56.839956" elapsed="0.220089"/>
</kw>
<doc>Main web teardown</doc>
<status status="PASS" start="2025-05-28T07:37:56.683288" elapsed="0.377056"/>
</kw>
[...]
<arg>${url}</arg>
<doc>Navigates the current browser window to the provided ``url``.</doc>
<status status="PASS" start="2025-05-28T07:43:09.747587" elapsed="10.118229"/>
</kw>
<kw name="Location Should Be" owner="SeleniumLibrary">
<msg time="2025-05-28T07:43:19.879108" level="INFO">Current location is 'https://beta.bahaideals.com/signup'.</msg>
<arg>${url}</arg>
<doc>Verifies that the current URL is exactly ``url``.</doc>
<status status="PASS" start="2025-05-28T07:43:19.866156" elapsed="0.013117"/>
</kw>
<arg>${url}</arg>
<status status="PASS" start="2025-05-28T07:43:09.747065" elapsed="10.132355"/>
</kw>
<kw name="Verify page loaded" owner="signup_page">
<kw name="Wait Until Keyword Succeeds" owner="BuiltIn">
<kw name="Wait Until Element Is Visible" owner="SeleniumLibrary">
<arg>${locator}</arg>
<doc>Waits until the element ``locator`` is visible.</doc>
<status status="PASS" start="2025-05-28T07:43:19.880572" elapsed="0.372780"/>
</kw>
<arg>10</arg>
<arg>1s</arg>
<arg>Wait Until Element Is Visible</arg>
<arg>${locator}</arg>
<doc>Runs the specified keyword and retries if it fails.</doc>
<status status="PASS" start="2025-05-28T07:43:19.880218" elapsed="0.373306"/>
</kw>
<arg>${locator}</arg>
<status status="PASS" start="2025-05-28T07:43:19.879721" elapsed="0.373911"/>
</kw>
<arg>${SIGNUP_PAGE}</arg>
<arg>${signup_form}</arg>
<status status="PASS" start="2025-05-28T07:43:09.746216" elapsed="10.507498"/>
</kw>
<kw name="Enter credential" owner="bahai_app">
<kw name="Verify element visible" owner="signup_page">
<kw name="Wait Until Element Is Visible" owner="SeleniumLibrary">
<arg>${locator}</arg>
<doc>Waits until the element ``locator`` is visible.</doc>
<status status="PASS" start="2025-05-28T07:43:20.254982" elapsed="0.007797"/>
</kw>
<arg>${locator}</arg>
<status status="PASS" start="2025-05-28T07:43:20.254614" elapsed="0.008344"/>
</kw>
<kw name="Enter credential" owner="signup_page">
<kw name="Input Text" owner="SeleniumLibrary">
<msg time="2025-05-28T07:43:20.264231" level="INFO">Typing text 'Reden' into text field 'name=firstName'.</msg>
<arg>${locator}</arg>
<arg>${credential}</arg>
<doc>Types the given ``text`` into the text field identified by ``locator``.</doc>
<status status="PASS" start="2025-05-28T07:43:20.263888" elapsed="0.122609"/>
</kw>
<arg>${credential}</arg>
<arg>${locator}</arg>
<status status="PASS" start="2025-05-28T07:43:20.263253" elapsed="0.123464"/>
</kw>
<arg>${name_field}</arg>
<arg>Reden</arg>
<status status="PASS" start="2025-05-28T07:43:20.254097" elapsed="0.132710"/>
</kw>
<kw name="Enter credential" owner="bahai_app">
<kw name="Verify element visible" owner="signup_page">
<kw name="Wait Until Element Is Visible" owner="SeleniumLibrary">
<arg>${locator}</arg>
<doc>Waits until the element ``locator`` is visible.</doc>
<status status="PASS" start="2025-05-28T07:43:20.389962" elapsed="0.010601"/>
</kw>
<arg>${locator}</arg>
<status status="PASS" start="2025-05-28T07:43:20.389474" elapsed="0.011188"/>
</kw>
<kw name="Enter credential" owner="signup_page">
<kw name="Input Text" owner="SeleniumLibrary">
<msg time="2025-05-28T07:43:20.401853" level="INFO">Typing text 'Longcop' into text field 'name=lastName'.</msg>
<arg>${locator}</arg>
<arg>${credential}</arg>
<doc>Types the given ``text`` into the text field identified by ``locator``.</doc>
<status status="PASS" start="2025-05-28T07:43:20.401694" elapsed="0.075149"/>
</kw>
<arg>${credential}</arg>
<arg>${locator}</arg>
<status status="PASS" start="2025-05-28T07:43:20.401127" elapsed="0.075892"/>
</kw>
<arg>${last_field}</arg>
<arg>Longcop</arg>
<status status="PASS" start="2025-05-28T07:43:20.387728" elapsed="0.089379"/>
</kw>
<kw name="Enter credential" owner="bahai_app">
<kw name="Verify element visible" owner="signup_page">
<kw name="Wait Until Element Is Visible" owner="SeleniumLibrary">
<arg>${locator}</arg>
<doc>Waits until the element ``locator`` is visible.</doc>
<status status="PASS" start="2025-05-28T07:43:20.479092" elapsed="0.011011"/>
</kw>
<arg>${locator}</arg>
<status status="PASS" start="2025-05-28T07:43:20.478688" elapsed="0.011489"/>
</kw>
<kw name="Enter credential" owner="signup_page">
<kw name="Input Text" owner="SeleniumLibrary">
<msg time="2025-05-28T07:43:20.490683" level="INFO">Typing text 'rlongcop@nmblr.ai' into text field 'name=email'.</msg>
<arg>${locator}</arg>
<arg>${credential}</arg>
<doc>Types the given ``text`` into the text field identified by ``locator``.</doc>
<status status="PASS" start="2025-05-28T07:43:20.490528" elapsed="0.106173"/>
</kw>
<arg>${credential}</arg>
<arg>${locator}</arg>
<status status="PASS" start="2025-05-28T07:43:20.490296" elapsed="0.106572"/>
</kw>
<arg>${email_field}</arg>
<arg>${EMAIL}</arg>
<status status="PASS" start="2025-05-28T07:43:20.477718" elapsed="0.119236"/>
</kw>
<kw name="Enter credential" owner="bahai_app">
<kw name="Verify element visible" owner="signup_page">
<kw name="Wait Until Element Is Visible" owner="SeleniumLibrary">
<arg>${locator}</arg>
<doc>Waits until the element ``locator`` is visible.</doc>
<status status="PASS" start="2025-05-28T07:43:20.598243" elapsed="0.018677"/>
</kw>
<arg>${locator}</arg>
<status status="PASS" start="2025-05-28T07:43:20.597841" elapsed="0.019240"/>
</kw>
<kw name="Enter credential" owner="signup_page">
<kw name="Input Text" owner="SeleniumLibrary">
<msg time="2025-05-28T07:43:20.617688" level="INFO">Typing text 'Password@123' into text field 'name=password'.</msg>
<arg>${locator}</arg>
<arg>${credential}</arg>
<doc>Types the given ``text`` into the text field identified by ``locator``.</doc>
<status status="PASS" start="2025-05-28T07:43:20.617542" elapsed="0.077174"/>
</kw>
<arg>${credential}</arg>
<arg>${locator}</arg>
<status status="PASS" start="2025-05-28T07:43:20.617274" elapsed="0.078373"/>
</kw>
<arg>${password_field}</arg>
<arg>${PASSWORD}</arg>
<status status="PASS" start="2025-05-28T07:43:20.597347" elapsed="0.098957"/>
</kw>
<kw name="Enter credential" owner="bahai_app">
<kw name="Verify element visible" owner="signup_page">
<kw name="Wait Until Element Is Visible" owner="SeleniumLibrary">
<arg>${locator}</arg>
<doc>Waits until the element ``locator`` is visible.</doc>
<status status="PASS" start="2025-05-28T07:43:20.699646" elapsed="0.012530"/>
</kw>
<arg>${locator}</arg>
<status status="PASS" start="2025-05-28T07:43:20.698592" elapsed="0.013812"/>
</kw>
<kw name="Enter credential" owner="signup_page">
<kw name="Input Text" owner="SeleniumLibrary">
<msg time="2025-05-28T07:43:20.714139" level="INFO">Typing text 'Password@123' into text field 'name=confirmPassword'.</msg>
<arg>${locator}</arg>
<arg>${credential}</arg>
<doc>Types the given ``text`` into the text field identified by ``locator``.</doc>
<status status="PASS" start="2025-05-28T07:43:20.713491" elapsed="0.102735"/>
</kw>
<arg>${credential}</arg>
<arg>${locator}</arg>
<status status="PASS" start="2025-05-28T07:43:20.712781" elapsed="0.103603"/>
</kw>
<arg>${confirm_password_field}</arg>
<arg>${PASSWORD}</arg>
<status status="PASS" start="2025-05-28T07:43:20.697082" elapsed="0.119387"/>
</kw>
<kw name="Click create account" owner="bahai_app">
<kw name="Verify element visible" owner="signup_page">
<kw name="Wait Until Element Is Visible" owner="SeleniumLibrary">
<arg>${locator}</arg>
<doc>Waits until the element ``locator`` is visible.</doc>
<status status="PASS" start="2025-05-28T07:43:20.817521" elapsed="0.011912"/>
</kw>
<arg>${locator}</arg>
<status status="PASS" start="2025-05-28T07:43:20.817201" elapsed="0.012704"/>
</kw>
<kw name="Click button" owner="signup_page">
<kw name="Wait Until Keyword Succeeds" owner="BuiltIn">
<kw name="Click Element" owner="SeleniumLibrary">
<msg time="2025-05-28T07:43:20.831159" level="INFO">Clicking element 'xpath=//*[text()='Create Account']'.</msg>
<arg>${button}</arg>
<doc>Click the element identified by ``locator``.</doc>
<status status="PASS" start="2025-05-28T07:43:20.831021" elapsed="0.041572"/>
</kw>
<arg>10</arg>
<arg>1</arg>
<arg>Click Element</arg>
<arg>${button}</arg>
<doc>Runs the specified keyword and retries if it fails.</doc>
<status status="PASS" start="2025-05-28T07:43:20.830814" elapsed="0.042267"/>
</kw>
<arg>${locator}</arg>
<status status="PASS" start="2025-05-28T07:43:20.830459" elapsed="0.042829"/>
</kw>
<arg>${create_account_btn}</arg>
<status status="PASS" start="2025-05-28T07:43:20.816798" elapsed="0.056861"/>
</kw>
<kw name="Validate text displayed" owner="bahai_app">
<kw name="Validate text displayed in page" owner="signup_page">
<kw name="Wait Until Keyword Succeeds" owner="BuiltIn">
<kw name="Page Should Contain" owner="SeleniumLibrary">
<msg time="2025-05-28T07:43:21.185120" level="INFO" html="true">&lt;/td&gt;&lt;/tr&gt;&lt;tr&gt;&lt;td colspan="3"&gt;&lt;a href="screenshots/selenium-screenshot-1.png"&gt;&lt;img src="screenshots/selenium-screenshot-1.png" width="800px"&gt;&lt;/a&gt;</msg>
<msg time="2025-05-28T07:43:21.185412" level="FAIL">Page should have contained text 'We've sent an OTP to' but did not.</msg>
<arg>${expected_text}</arg>
<doc>Verifies that current page contains ``text``.</doc>
<status status="FAIL" start="2025-05-28T07:43:20.875676" elapsed="0.311867">Page should have contained text 'We've sent an OTP to' but did not.</status>
</kw>
<kw name="Page Should Contain" owner="SeleniumLibrary">
<msg time="2025-05-28T07:43:22.294514" level="INFO">Current page contains text 'We've sent an OTP to'.</msg>
<arg>${expected_text}</arg>
<doc>Verifies that current page contains ``text``.</doc>
<status status="PASS" start="2025-05-28T07:43:22.189119" elapsed="0.105546"/>
</kw>
<arg>10</arg>
<arg>1</arg>
<arg>Page Should Contain</arg>
<arg>${expected_text}</arg>
<doc>Runs the specified keyword and retries if it fails.</doc>
<status status="PASS" start="2025-05-28T07:43:20.875329" elapsed="1.419457"/>
</kw>
<arg>${expected_text}</arg>
<status status="PASS" start="2025-05-28T07:43:20.874829" elapsed="1.420063"/>
</kw>
<arg>We've sent an OTP to</arg>
<status status="PASS" start="2025-05-28T07:43:20.874250" elapsed="1.420738"/>
</kw>
<kw name="Sleep" owner="BuiltIn">
<msg time="2025-05-28T07:43:32.298615" level="INFO">Slept 10 seconds.</msg>
<arg>10s</arg>
<doc>Pauses the test executed for the given time.</doc>
<status status="PASS" start="2025-05-28T07:43:22.295676" elapsed="10.003374"/>
</kw>
<kw name="Get the OTP code" owner="bahai_app">
<kw name="Get Otp" owner="OtpLibrary">
<msg time="2025-05-28T07:43:32.308336" level="INFO">file_cache is only supported with oauth2client&lt;4.0.0</msg>
<msg time="2025-05-28T07:43:33.031952" level="INFO">${otp_code} = 989793</msg>
<var>${otp_code}</var>
<arg>${subject}</arg>
<status status="PASS" start="2025-05-28T07:43:32.301304" elapsed="0.730808"/>
</kw>
<return>
<value>${otp_code}</value>
<status status="PASS" start="2025-05-28T07:43:33.032445" elapsed="0.000215"/>
</return>
<msg time="2025-05-28T07:43:33.033069" level="INFO">${otp_code} = 989793</msg>
<var>${otp_code}</var>
<arg>Bahai Deals Registration OTP</arg>
<status status="PASS" start="2025-05-28T07:43:32.300147" elapsed="0.734206"/>
</kw>
<kw name="Enter credential" owner="bahai_app">
<kw name="Verify element visible" owner="signup_page">
<kw name="Wait Until Element Is Visible" owner="SeleniumLibrary">
<arg>${locator}</arg>
<doc>Waits until the element ``locator`` is visible.</doc>
<status status="PASS" start="2025-05-28T07:43:33.036665" elapsed="0.013955"/>
</kw>
<arg>${locator}</arg>
<status status="PASS" start="2025-05-28T07:43:33.035908" elapsed="0.014884"/>
</kw>
<kw name="Enter credential" owner="signup_page">
<kw name="Input Text" owner="SeleniumLibrary">
<msg time="2025-05-28T07:43:33.051838" level="INFO">Typing text '989793' into text field 'xpath=//*[@id="root"]/div/div/main/div[2]/div/div[2]/div[2]/div[1]/input[1]'.</msg>
<arg>${locator}</arg>
<arg>${credential}</arg>
<doc>Types the given ``text`` into the text field identified by ``locator``.</doc>
<status status="PASS" start="2025-05-28T07:43:33.051557" elapsed="0.065853"/>
</kw>
<arg>${credential}</arg>
<arg>${locator}</arg>
<status status="PASS" start="2025-05-28T07:43:33.051072" elapsed="0.066793"/>
</kw>
<arg>${reset_otp_field}</arg>
<arg>${otp_code}</arg>
<status status="PASS" start="2025-05-28T07:43:33.035127" elapsed="0.082846"/>
</kw>
<kw name="Click button" owner="bahai_app">
<kw name="Verify element visible" owner="signup_page">
<kw name="Wait Until Element Is Visible" owner="SeleniumLibrary">
<arg>${locator}</arg>
<doc>Waits until the element ``locator`` is visible.</doc>
<status status="PASS" start="2025-05-28T07:43:33.119487" elapsed="0.008463"/>
</kw>
<arg>${locator}</arg>
<status status="PASS" start="2025-05-28T07:43:33.119126" elapsed="0.008909"/>
</kw>
<kw name="Click button" owner="signup_page">
<kw name="Wait Until Keyword Succeeds" owner="BuiltIn">
<kw name="Click Element" owner="SeleniumLibrary">
<msg time="2025-05-28T07:43:33.128643" level="INFO">Clicking element 'xpath=//*[@id="root"]/div/div/main/div[2]/div/div[2]/button'.</msg>
<arg>${button}</arg>
<doc>Click the element identified by ``locator``.</doc>
<status status="PASS" start="2025-05-28T07:43:33.128528" elapsed="0.021204"/>
</kw>
<arg>10</arg>
<arg>1</arg>
<arg>Click Element</arg>
<arg>${button}</arg>
<doc>Runs the specified keyword and retries if it fails.</doc>
<status status="PASS" start="2025-05-28T07:43:33.128399" elapsed="0.021404"/>
</kw>
<arg>${locator}</arg>
<status status="PASS" start="2025-05-28T07:43:33.128177" elapsed="0.021671"/>
</kw>
<arg>${signup_submit_btn}</arg>
<status status="PASS" start="2025-05-28T07:43:33.118579" elapsed="0.031330"/>
</kw>
<kw name="Validate text displayed" owner="bahai_app">
<kw name="Validate text displayed in page" owner="signup_page">
<kw name="Wait Until Keyword Succeeds" owner="BuiltIn">
<kw name="Page Should Contain" owner="SeleniumLibrary">
<msg time="2025-05-28T07:43:33.338966" level="INFO" html="true">&lt;/td&gt;&lt;/tr&gt;&lt;tr&gt;&lt;td colspan="3"&gt;&lt;a href="screenshots/selenium-screenshot-2.png"&gt;&lt;img src="screenshots/selenium-screenshot-2.png" width="800px"&gt;&lt;/a&gt;</msg>
<msg time="2025-05-28T07:43:33.339100" level="FAIL">Page should have contained text 'Thanks for signing up!' but did not.</msg>
<arg>${expected_text}</arg>
<doc>Verifies that current page contains ``text``.</doc>
<status status="FAIL" start="2025-05-28T07:43:33.150779" elapsed="0.188676">Page should have contained text 'Thanks for signing up!' but did not.</status>
</kw>
<kw name="Page Should Contain" owner="SeleniumLibrary">
<msg time="2025-05-28T07:43:34.354342" level="INFO">Current page contains text 'Thanks for signing up!'.</msg>
<arg>${expected_text}</arg>
<doc>Verifies that current page contains ``text``.</doc>
<status status="PASS" start="2025-05-28T07:43:34.341769" elapsed="0.012760"/>
</kw>
<arg>10</arg>
<arg>1</arg>
<arg>Page Should Contain</arg>
<arg>${expected_text}</arg>
<doc>Runs the specified keyword and retries if it fails.</doc>
<status status="PASS" start="2025-05-28T07:43:33.150605" elapsed="1.204083"/>
</kw>
<arg>${expected_text}</arg>
<status status="PASS" start="2025-05-28T07:43:33.150330" elapsed="1.204496"/>
</kw>
<arg>Thanks for signing up!</arg>
<status status="PASS" start="2025-05-28T07:43:33.150137" elapsed="1.204794"/>
</kw>
<kw name="Main Web Teardown" owner="common" type="TEARDOWN">
<kw name="Capture Page Screenshot" owner="SeleniumLibrary">
<msg time="2025-05-28T07:43:34.499505" level="INFO" html="true">&lt;/td&gt;&lt;/tr&gt;&lt;tr&gt;&lt;td colspan="3"&gt;&lt;a href="screenshots/selenium-screenshot-3.png"&gt;&lt;img src="screenshots/selenium-screenshot-3.png" width="800px"&gt;&lt;/a&gt;</msg>
<doc>Takes a screenshot of the current page and embeds it into a log file.</doc>
<status status="PASS" start="2025-05-28T07:43:34.356288" elapsed="0.143400"/>
</kw>
<kw name="Close All Browsers" owner="SeleniumLibrary">
<doc>Closes all open browsers and resets the browser cache.</doc>
<status status="PASS" start="2025-05-28T07:43:34.499936" elapsed="0.216700"/>
</kw>
<doc>Main web teardown</doc>
<status status="PASS" start="2025-05-28T07:43:34.355743" elapsed="0.361193"/>
</kw>
<doc>The user should be able to register an account successfully.</doc>
<tag>signup</tag>
<tag>smoke</tag>
<tag>UR-TC-018</tag>
<status status="PASS" start="2025-05-28T07:42:51.623473" elapsed="43.093648"/>
</test>
<status status="PASS" start="2025-05-28T07:40:58.366241" elapsed="156.351507"/>
</suite>
<status status="PASS" start="2025-05-28T07:37:25.575165" elapsed="369.143483"/>
</suite>
<statistics>
<total>
<stat pass="52" fail="0" skip="0">All Tests</stat>
</total>
<tag>
<stat pass="8" fail="0" skip="0">forget_password</stat>
<stat pass="4" fail="0" skip="0">home</stat>
<stat pass="1" fail="0" skip="0">HP-TC-001</stat>
<stat pass="1" fail="0" skip="0">HP-TC-002</stat>
<stat pass="1" fail="0" skip="0">HP-TC-005</stat>
<stat pass="1" fail="0" skip="0">HP-TC-007</stat>
<stat pass="19" fail="0" skip="0">reserve</stat>
<stat pass="1" fail="0" skip="0">RP-TC-002</stat>
<stat pass="1" fail="0" skip="0">RP-TC-003</stat>
<stat pass="1" fail="0" skip="0">RP-TC-004</stat>
<stat pass="1" fail="0" skip="0">RP-TC-006</stat>
<stat pass="1" fail="0" skip="0">RP-TC-007</stat>
<stat pass="1" fail="0" skip="0">RP-TC-009</stat>
<stat pass="1" fail="0" skip="0">RP-TC-010</stat>
<stat pass="1" fail="0" skip="0">RP-TC-011</stat>
<stat pass="1" fail="0" skip="0">RP-TC-012</stat>
<stat pass="1" fail="0" skip="0">RP-TC-013</stat>
<stat pass="1" fail="0" skip="0">RP-TC-014</stat>
<stat pass="1" fail="0" skip="0">RP-TC-015</stat>
<stat pass="1" fail="0" skip="0">RP-TC-016</stat>
<stat pass="1" fail="0" skip="0">RP-TC-017</stat>
<stat pass="1" fail="0" skip="0">RP-TC-018</stat>
<stat pass="1" fail="0" skip="0">RP-TC-034</stat>
<stat pass="1" fail="0" skip="0">RP-TC-035</stat>
<stat pass="1" fail="0" skip="0">RP-TC-037</stat>
<stat pass="1" fail="0" skip="0">RP-TC-133</stat>
<stat pass="16" fail="0" skip="0">signin</stat>
<stat pass="13" fail="0" skip="0">signup</stat>
<stat pass="3" fail="0" skip="0">smoke</stat>
<stat pass="1" fail="0" skip="0">UL-TC-002</stat>
<stat pass="1" fail="0" skip="0">UL-TC-003</stat>
<stat pass="1" fail="0" skip="0">UL-TC-004</stat>
<stat pass="1" fail="0" skip="0">UL-TC-005</stat>
<stat pass="1" fail="0" skip="0">UL-TC-006</stat>
<stat pass="1" fail="0" skip="0">UL-TC-008</stat>
<stat pass="1" fail="0" skip="0">UL-TC-010</stat>
<stat pass="1" fail="0" skip="0">UL-TC-012</stat>
<stat pass="1" fail="0" skip="0">UL-TC-027</stat>
<stat pass="1" fail="0" skip="0">UL-TC-029</stat>
<stat pass="1" fail="0" skip="0">UL-TC-030</stat>
<stat pass="1" fail="0" skip="0">UL-TC-031</stat>
<stat pass="1" fail="0" skip="0">UL-TC-032</stat>
<stat pass="1" fail="0" skip="0">UL-TC-033</stat>
<stat pass="1" fail="0" skip="0">UL-TC-034</stat>
<stat pass="1" fail="0" skip="0">UL-TC-035</stat>
<stat pass="1" fail="0" skip="0">UR-TC-001</stat>
<stat pass="1" fail="0" skip="0">UR-TC-003</stat>
<stat pass="1" fail="0" skip="0">UR-TC-004</stat>
<stat pass="1" fail="0" skip="0">UR-TC-005</stat>
<stat pass="1" fail="0" skip="0">UR-TC-006</stat>
<stat pass="1" fail="0" skip="0">UR-TC-007</stat>
<stat pass="1" fail="0" skip="0">UR-TC-008</stat>
<stat pass="1" fail="0" skip="0">UR-TC-009</stat>
<stat pass="1" fail="0" skip="0">UR-TC-010</stat>
<stat pass="1" fail="0" skip="0">UR-TC-011</stat>
<stat pass="1" fail="0" skip="0">UR-TC-013</stat>
<stat pass="1" fail="0" skip="0">UR-TC-014</stat>
<stat pass="1" fail="0" skip="0">UR-TC-018</stat>
</tag>
<suite>
<stat name="Tests" id="s1" pass="52" fail="0" skip="0">Tests</stat>
<stat name="Fe Home" id="s1-s1" pass="4" fail="0" skip="0">Tests.Fe Home</stat>
<stat name="Fe Reservation" id="s1-s2" pass="19" fail="0" skip="0">Tests.Fe Reservation</stat>
<stat name="Fe User Login" id="s1-s3" pass="16" fail="0" skip="0">Tests.Fe User Login</stat>
<stat name="Fe User Registration" id="s1-s4" pass="13" fail="0" skip="0">Tests.Fe User Registration</stat>
</suite>
</statistics>
<errors>
</errors>
</robot>
