<?xml version="1.0" encoding="UTF-8"?>
<robot generator="Robot 7.2.2 (Python 3.13.0 on darwin)" generated="2025-06-05T09:24:46.515072" rpa="false" schemaversion="5">
<suite id="s1" name="Tests" source="/Users/redenlongcop/Documents/bahai-automation/tests">
<suite id="s1-s1" name="Fe Home" source="/Users/redenlongcop/Documents/bahai-automation/tests/fe_home.robot">
<test id="s1-s1-t1" name="Test Case 1: Verify that the user can access the home page via URL." line="16">
<kw name="Main Web Setup" owner="common" type="SETUP">
<if>
<branch type="IF" condition="'${browser}' == 'chrome' or '${browser}' == 'headlesschrome'">
<kw name="Set Variable" owner="BuiltIn">
<var>${dir}</var>
<arg>chrome</arg>
<doc>Returns the given values which can then be assigned to a variables.</doc>
<status status="NOT RUN" start="2025-06-05T09:24:46.847726" elapsed="0.000018"/>
</kw>
<status status="NOT RUN" start="2025-06-05T09:24:46.847300" elapsed="0.000485"/>
</branch>
<branch type="ELSE IF" condition="'${browser}' == 'firefox' or '${browser}' == 'headlessfirefox'">
<kw name="Set Variable" owner="BuiltIn">
<var>${dir}</var>
<arg>firefox</arg>
<doc>Returns the given values which can then be assigned to a variables.</doc>
<status status="NOT RUN" start="2025-06-05T09:24:46.847914" elapsed="0.000014"/>
</kw>
<status status="NOT RUN" start="2025-06-05T09:24:46.847808" elapsed="0.000143"/>
</branch>
<branch type="ELSE">
<kw name="Set Variable" owner="BuiltIn">
<msg time="2025-06-05T09:24:46.848097" level="INFO">${dir} = safari</msg>
<var>${dir}</var>
<arg>${browser}</arg>
<doc>Returns the given values which can then be assigned to a variables.</doc>
<status status="PASS" start="2025-06-05T09:24:46.848017" elapsed="0.000095"/>
</kw>
<status status="PASS" start="2025-06-05T09:24:46.847968" elapsed="0.000165"/>
</branch>
<status status="PASS" start="2025-06-05T09:24:46.847285" elapsed="0.000863"/>
</if>
<kw name="Create Directory" owner="OperatingSystem">
<msg time="2025-06-05T09:24:46.848301" level="INFO" html="true">Directory '&lt;a href="file:///Users/redenlongcop/Documents/bahai-automation/logs/safari/screenshots"&gt;/Users/redenlongcop/Documents/bahai-automation/logs/safari/screenshots&lt;/a&gt;' already exists.</msg>
<arg>logs/${dir}/screenshots</arg>
<doc>Creates the specified directory.</doc>
<status status="PASS" start="2025-06-05T09:24:46.848194" elapsed="0.000134"/>
</kw>
<kw name="Set Screenshot Directory" owner="SeleniumLibrary">
<arg>logs/${dir}/screenshots</arg>
<doc>Sets the directory for captured screenshots.</doc>
<status status="PASS" start="2025-06-05T09:24:46.848392" elapsed="0.000105"/>
</kw>
<kw name="Open Browser" owner="SeleniumLibrary">
<msg time="2025-06-05T09:24:46.848637" level="INFO">Opening browser 'safari' to base url 'about:blank'.</msg>
<msg time="2025-06-05T09:24:47.352531" level="INFO">Cannot capture screenshot because no browser is open.</msg>
<msg time="2025-06-05T09:24:47.352828" level="FAIL">SessionNotCreatedException: Message: Could not create a session: The Safari instance is already paired with a different session.
</msg>
<arg>about:blank</arg>
<arg>${browser}</arg>
<doc>Opens a new browser instance to the optional ``url``.</doc>
<status status="FAIL" start="2025-06-05T09:24:46.848564" elapsed="0.507523">SessionNotCreatedException: Message: Could not create a session: The Safari instance is already paired with a different session.
</status>
</kw>
<kw name="Maximize Browser Window" owner="SeleniumLibrary">
<doc>Maximizes current browser window.</doc>
<status status="NOT RUN" start="2025-06-05T09:24:47.356397" elapsed="0.000036"/>
</kw>
<arg>${BROWSER}</arg>
<doc>Main web setup</doc>
<status status="FAIL" start="2025-06-05T09:24:46.847154" elapsed="0.509441">SessionNotCreatedException: Message: Could not create a session: The Safari instance is already paired with a different session.
</status>
</kw>
<kw name="Main Web Teardown" owner="common" type="TEARDOWN">
<kw name="Capture Page Screenshot" owner="SeleniumLibrary">
<msg time="2025-06-05T09:24:47.357852" level="INFO">Cannot capture screenshot because no browser is open.</msg>
<doc>Takes a screenshot of the current page and embeds it into a log file.</doc>
<status status="PASS" start="2025-06-05T09:24:47.357756" elapsed="0.000135"/>
</kw>
<kw name="Close All Browsers" owner="SeleniumLibrary">
<doc>Closes all open browsers and resets the browser cache.</doc>
<status status="PASS" start="2025-06-05T09:24:47.357973" elapsed="0.000104"/>
</kw>
<doc>Main web teardown</doc>
<status status="PASS" start="2025-06-05T09:24:47.357101" elapsed="0.001021"/>
</kw>
<doc>The home page should be displayed;</doc>
<tag>home</tag>
<tag>HP-TC-001</tag>
<status status="FAIL" start="2025-06-05T09:24:46.846582" elapsed="0.511622">Setup failed:
SessionNotCreatedException: Message: Could not create a session: The Safari instance is already paired with a different session.
</status>
</test>
<test id="s1-s1-t2" name="Test Case 2: Verify that the user can access the home page by clicking the bahai logo." line="25">
<kw name="Main Web Setup" owner="common" type="SETUP">
<if>
<branch type="IF" condition="'${browser}' == 'chrome' or '${browser}' == 'headlesschrome'">
<kw name="Set Variable" owner="BuiltIn">
<var>${dir}</var>
<arg>chrome</arg>
<doc>Returns the given values which can then be assigned to a variables.</doc>
<status status="NOT RUN" start="2025-06-05T09:24:47.359074" elapsed="0.000014"/>
</kw>
<status status="NOT RUN" start="2025-06-05T09:24:47.358927" elapsed="0.000185"/>
</branch>
<branch type="ELSE IF" condition="'${browser}' == 'firefox' or '${browser}' == 'headlessfirefox'">
<kw name="Set Variable" owner="BuiltIn">
<var>${dir}</var>
<arg>firefox</arg>
<doc>Returns the given values which can then be assigned to a variables.</doc>
<status status="NOT RUN" start="2025-06-05T09:24:47.359224" elapsed="0.000011"/>
</kw>
<status status="NOT RUN" start="2025-06-05T09:24:47.359130" elapsed="0.000125"/>
</branch>
<branch type="ELSE">
<kw name="Set Variable" owner="BuiltIn">
<msg time="2025-06-05T09:24:47.359475" level="INFO">${dir} = safari</msg>
<var>${dir}</var>
<arg>${browser}</arg>
<doc>Returns the given values which can then be assigned to a variables.</doc>
<status status="PASS" start="2025-06-05T09:24:47.359319" elapsed="0.000173"/>
</kw>
<status status="PASS" start="2025-06-05T09:24:47.359271" elapsed="0.000248"/>
</branch>
<status status="PASS" start="2025-06-05T09:24:47.358912" elapsed="0.000625"/>
</if>
<kw name="Create Directory" owner="OperatingSystem">
<msg time="2025-06-05T09:24:47.359749" level="INFO" html="true">Directory '&lt;a href="file:///Users/redenlongcop/Documents/bahai-automation/logs/safari/screenshots"&gt;/Users/redenlongcop/Documents/bahai-automation/logs/safari/screenshots&lt;/a&gt;' already exists.</msg>
<arg>logs/${dir}/screenshots</arg>
<doc>Creates the specified directory.</doc>
<status status="PASS" start="2025-06-05T09:24:47.359594" elapsed="0.000186"/>
</kw>
<kw name="Set Screenshot Directory" owner="SeleniumLibrary">
<arg>logs/${dir}/screenshots</arg>
<doc>Sets the directory for captured screenshots.</doc>
<status status="PASS" start="2025-06-05T09:24:47.359848" elapsed="0.000132"/>
</kw>
<kw name="Open Browser" owner="SeleniumLibrary">
<msg time="2025-06-05T09:24:47.360134" level="INFO">Opening browser 'safari' to base url 'about:blank'.</msg>
<msg time="2025-06-05T09:24:47.595708" level="INFO">Cannot capture screenshot because no browser is open.</msg>
<msg time="2025-06-05T09:24:47.596116" level="FAIL">SessionNotCreatedException: Message: Could not create a session: The Safari instance is already paired with another WebDriver session.
</msg>
<arg>about:blank</arg>
<arg>${browser}</arg>
<doc>Opens a new browser instance to the optional ``url``.</doc>
<status status="FAIL" start="2025-06-05T09:24:47.360053" elapsed="0.237282">SessionNotCreatedException: Message: Could not create a session: The Safari instance is already paired with another WebDriver session.
</status>
</kw>
<kw name="Maximize Browser Window" owner="SeleniumLibrary">
<doc>Maximizes current browser window.</doc>
<status status="NOT RUN" start="2025-06-05T09:24:47.597760" elapsed="0.000034"/>
</kw>
<arg>${BROWSER}</arg>
<doc>Main web setup</doc>
<status status="FAIL" start="2025-06-05T09:24:47.358793" elapsed="0.239101">SessionNotCreatedException: Message: Could not create a session: The Safari instance is already paired with another WebDriver session.
</status>
</kw>
<kw name="Main Web Teardown" owner="common" type="TEARDOWN">
<kw name="Capture Page Screenshot" owner="SeleniumLibrary">
<msg time="2025-06-05T09:24:47.600880" level="INFO">Cannot capture screenshot because no browser is open.</msg>
<doc>Takes a screenshot of the current page and embeds it into a log file.</doc>
<status status="PASS" start="2025-06-05T09:24:47.600809" elapsed="0.000139"/>
</kw>
<kw name="Close All Browsers" owner="SeleniumLibrary">
<doc>Closes all open browsers and resets the browser cache.</doc>
<status status="PASS" start="2025-06-05T09:24:47.601023" elapsed="0.000077"/>
</kw>
<doc>Main web teardown</doc>
<status status="PASS" start="2025-06-05T09:24:47.600539" elapsed="0.000594"/>
</kw>
<doc>The home page should be displayed;</doc>
<tag>home</tag>
<tag>HP-TC-002</tag>
<status status="FAIL" start="2025-06-05T09:24:47.358467" elapsed="0.242717">Setup failed:
SessionNotCreatedException: Message: Could not create a session: The Safari instance is already paired with another WebDriver session.
</status>
</test>
<test id="s1-s1-t3" name="Test Case 3: Verify that the featured properties section is displayed." line="34">
<kw name="Main Web Setup" owner="common" type="SETUP">
<if>
<branch type="IF" condition="'${browser}' == 'chrome' or '${browser}' == 'headlesschrome'">
<kw name="Set Variable" owner="BuiltIn">
<var>${dir}</var>
<arg>chrome</arg>
<doc>Returns the given values which can then be assigned to a variables.</doc>
<status status="NOT RUN" start="2025-06-05T09:24:47.601944" elapsed="0.000020"/>
</kw>
<status status="NOT RUN" start="2025-06-05T09:24:47.601746" elapsed="0.000245"/>
</branch>
<branch type="ELSE IF" condition="'${browser}' == 'firefox' or '${browser}' == 'headlessfirefox'">
<kw name="Set Variable" owner="BuiltIn">
<var>${dir}</var>
<arg>firefox</arg>
<doc>Returns the given values which can then be assigned to a variables.</doc>
<status status="NOT RUN" start="2025-06-05T09:24:47.602142" elapsed="0.000013"/>
</kw>
<status status="NOT RUN" start="2025-06-05T09:24:47.602013" elapsed="0.000166"/>
</branch>
<branch type="ELSE">
<kw name="Set Variable" owner="BuiltIn">
<msg time="2025-06-05T09:24:47.602335" level="INFO">${dir} = safari</msg>
<var>${dir}</var>
<arg>${browser}</arg>
<doc>Returns the given values which can then be assigned to a variables.</doc>
<status status="PASS" start="2025-06-05T09:24:47.602243" elapsed="0.000107"/>
</kw>
<status status="PASS" start="2025-06-05T09:24:47.602195" elapsed="0.000177"/>
</branch>
<status status="PASS" start="2025-06-05T09:24:47.601731" elapsed="0.000655"/>
</if>
<kw name="Create Directory" owner="OperatingSystem">
<msg time="2025-06-05T09:24:47.602584" level="INFO" html="true">Directory '&lt;a href="file:///Users/redenlongcop/Documents/bahai-automation/logs/safari/screenshots"&gt;/Users/redenlongcop/Documents/bahai-automation/logs/safari/screenshots&lt;/a&gt;' already exists.</msg>
<arg>logs/${dir}/screenshots</arg>
<doc>Creates the specified directory.</doc>
<status status="PASS" start="2025-06-05T09:24:47.602435" elapsed="0.000182"/>
</kw>
<kw name="Set Screenshot Directory" owner="SeleniumLibrary">
<arg>logs/${dir}/screenshots</arg>
<doc>Sets the directory for captured screenshots.</doc>
<status status="PASS" start="2025-06-05T09:24:47.602693" elapsed="0.000145"/>
</kw>
<kw name="Open Browser" owner="SeleniumLibrary">
<msg time="2025-06-05T09:24:47.603151" level="INFO">Opening browser 'safari' to base url 'about:blank'.</msg>
<msg time="2025-06-05T09:24:47.841904" level="INFO">Cannot capture screenshot because no browser is open.</msg>
<msg time="2025-06-05T09:24:47.842155" level="FAIL">SessionNotCreatedException: Message: Could not create a session: The Safari instance is already paired with another WebDriver session.
</msg>
<arg>about:blank</arg>
<arg>${browser}</arg>
<doc>Opens a new browser instance to the optional ``url``.</doc>
<status status="FAIL" start="2025-06-05T09:24:47.602925" elapsed="0.240477">SessionNotCreatedException: Message: Could not create a session: The Safari instance is already paired with another WebDriver session.
</status>
</kw>
<kw name="Maximize Browser Window" owner="SeleniumLibrary">
<doc>Maximizes current browser window.</doc>
<status status="NOT RUN" start="2025-06-05T09:24:47.843706" elapsed="0.000027"/>
</kw>
<arg>${BROWSER}</arg>
<doc>Main web setup</doc>
<status status="FAIL" start="2025-06-05T09:24:47.601618" elapsed="0.242200">SessionNotCreatedException: Message: Could not create a session: The Safari instance is already paired with another WebDriver session.
</status>
</kw>
<kw name="Main Web Teardown" owner="common" type="TEARDOWN">
<kw name="Capture Page Screenshot" owner="SeleniumLibrary">
<msg time="2025-06-05T09:24:47.844383" level="INFO">Cannot capture screenshot because no browser is open.</msg>
<doc>Takes a screenshot of the current page and embeds it into a log file.</doc>
<status status="PASS" start="2025-06-05T09:24:47.844323" elapsed="0.000093"/>
</kw>
<kw name="Close All Browsers" owner="SeleniumLibrary">
<doc>Closes all open browsers and resets the browser cache.</doc>
<status status="PASS" start="2025-06-05T09:24:47.844526" elapsed="0.000089"/>
</kw>
<doc>Main web teardown</doc>
<status status="PASS" start="2025-06-05T09:24:47.844112" elapsed="0.000579"/>
</kw>
<doc>The Featured Properties section should be displayed.</doc>
<tag>home</tag>
<tag>HP-TC-005</tag>
<status status="FAIL" start="2025-06-05T09:24:47.601348" elapsed="0.243410">Setup failed:
SessionNotCreatedException: Message: Could not create a session: The Safari instance is already paired with another WebDriver session.
</status>
</test>
<test id="s1-s1-t4" name="Test Case 4: Verify that the View All Properties button is displayed." line="42">
<kw name="Main Web Setup" owner="common" type="SETUP">
<if>
<branch type="IF" condition="'${browser}' == 'chrome' or '${browser}' == 'headlesschrome'">
<kw name="Set Variable" owner="BuiltIn">
<var>${dir}</var>
<arg>chrome</arg>
<doc>Returns the given values which can then be assigned to a variables.</doc>
<status status="NOT RUN" start="2025-06-05T09:24:47.845526" elapsed="0.000015"/>
</kw>
<status status="NOT RUN" start="2025-06-05T09:24:47.845372" elapsed="0.000194"/>
</branch>
<branch type="ELSE IF" condition="'${browser}' == 'firefox' or '${browser}' == 'headlessfirefox'">
<kw name="Set Variable" owner="BuiltIn">
<var>${dir}</var>
<arg>firefox</arg>
<doc>Returns the given values which can then be assigned to a variables.</doc>
<status status="NOT RUN" start="2025-06-05T09:24:47.845682" elapsed="0.000012"/>
</kw>
<status status="NOT RUN" start="2025-06-05T09:24:47.845585" elapsed="0.000129"/>
</branch>
<branch type="ELSE">
<kw name="Set Variable" owner="BuiltIn">
<msg time="2025-06-05T09:24:47.845865" level="INFO">${dir} = safari</msg>
<var>${dir}</var>
<arg>${browser}</arg>
<doc>Returns the given values which can then be assigned to a variables.</doc>
<status status="PASS" start="2025-06-05T09:24:47.845780" elapsed="0.000100"/>
</kw>
<status status="PASS" start="2025-06-05T09:24:47.845730" elapsed="0.000172"/>
</branch>
<status status="PASS" start="2025-06-05T09:24:47.845356" elapsed="0.000561"/>
</if>
<kw name="Create Directory" owner="OperatingSystem">
<msg time="2025-06-05T09:24:47.846090" level="INFO" html="true">Directory '&lt;a href="file:///Users/redenlongcop/Documents/bahai-automation/logs/safari/screenshots"&gt;/Users/redenlongcop/Documents/bahai-automation/logs/safari/screenshots&lt;/a&gt;' already exists.</msg>
<arg>logs/${dir}/screenshots</arg>
<doc>Creates the specified directory.</doc>
<status status="PASS" start="2025-06-05T09:24:47.845967" elapsed="0.000150"/>
</kw>
<kw name="Set Screenshot Directory" owner="SeleniumLibrary">
<arg>logs/${dir}/screenshots</arg>
<doc>Sets the directory for captured screenshots.</doc>
<status status="PASS" start="2025-06-05T09:24:47.846184" elapsed="0.000127"/>
</kw>
<kw name="Open Browser" owner="SeleniumLibrary">
<msg time="2025-06-05T09:24:47.846512" level="INFO">Opening browser 'safari' to base url 'about:blank'.</msg>
<msg time="2025-06-05T09:24:48.214739" level="INFO">Cannot capture screenshot because no browser is open.</msg>
<msg time="2025-06-05T09:24:48.215040" level="FAIL">SessionNotCreatedException: Message: Could not create a session: The Safari instance is already paired with another WebDriver session.
</msg>
<arg>about:blank</arg>
<arg>${browser}</arg>
<doc>Opens a new browser instance to the optional ``url``.</doc>
<status status="FAIL" start="2025-06-05T09:24:47.846383" elapsed="0.370028">SessionNotCreatedException: Message: Could not create a session: The Safari instance is already paired with another WebDriver session.
</status>
</kw>
<kw name="Maximize Browser Window" owner="SeleniumLibrary">
<doc>Maximizes current browser window.</doc>
<status status="NOT RUN" start="2025-06-05T09:24:48.216772" elapsed="0.000035"/>
</kw>
<arg>${BROWSER}</arg>
<doc>Main web setup</doc>
<status status="FAIL" start="2025-06-05T09:24:47.845240" elapsed="0.371657">SessionNotCreatedException: Message: Could not create a session: The Safari instance is already paired with another WebDriver session.
</status>
</kw>
<kw name="Main Web Teardown" owner="common" type="TEARDOWN">
<kw name="Capture Page Screenshot" owner="SeleniumLibrary">
<msg time="2025-06-05T09:24:48.217426" level="INFO">Cannot capture screenshot because no browser is open.</msg>
<doc>Takes a screenshot of the current page and embeds it into a log file.</doc>
<status status="PASS" start="2025-06-05T09:24:48.217368" elapsed="0.000091"/>
</kw>
<kw name="Close All Browsers" owner="SeleniumLibrary">
<doc>Closes all open browsers and resets the browser cache.</doc>
<status status="PASS" start="2025-06-05T09:24:48.217516" elapsed="0.000053"/>
</kw>
<doc>Main web teardown</doc>
<status status="PASS" start="2025-06-05T09:24:48.217167" elapsed="0.000428"/>
</kw>
<doc>The View All Properties button should be displayed.</doc>
<tag>home</tag>
<tag>HP-TC-007</tag>
<status status="FAIL" start="2025-06-05T09:24:47.844919" elapsed="0.372711">Setup failed:
SessionNotCreatedException: Message: Could not create a session: The Safari instance is already paired with another WebDriver session.
</status>
</test>
<status status="FAIL" start="2025-06-05T09:24:46.529765" elapsed="1.688159"/>
</suite>
<suite id="s1-s2" name="Fe Reservation" source="/Users/redenlongcop/Documents/bahai-automation/tests/fe_reservation.robot">
<test id="s1-s2-t1" name="Test Case 1: Verify that the reserved now header is displayed." line="26">
<kw name="Main Web Setup" owner="common" type="SETUP">
<if>
<branch type="IF" condition="'${browser}' == 'chrome' or '${browser}' == 'headlesschrome'">
<kw name="Set Variable" owner="BuiltIn">
<var>${dir}</var>
<arg>chrome</arg>
<doc>Returns the given values which can then be assigned to a variables.</doc>
<status status="NOT RUN" start="2025-06-05T09:24:48.224840" elapsed="0.000016"/>
</kw>
<status status="NOT RUN" start="2025-06-05T09:24:48.224673" elapsed="0.000217"/>
</branch>
<branch type="ELSE IF" condition="'${browser}' == 'firefox' or '${browser}' == 'headlessfirefox'">
<kw name="Set Variable" owner="BuiltIn">
<var>${dir}</var>
<arg>firefox</arg>
<doc>Returns the given values which can then be assigned to a variables.</doc>
<status status="NOT RUN" start="2025-06-05T09:24:48.225014" elapsed="0.000012"/>
</kw>
<status status="NOT RUN" start="2025-06-05T09:24:48.224910" elapsed="0.000136"/>
</branch>
<branch type="ELSE">
<kw name="Set Variable" owner="BuiltIn">
<msg time="2025-06-05T09:24:48.225185" level="INFO">${dir} = safari</msg>
<var>${dir}</var>
<arg>${browser}</arg>
<doc>Returns the given values which can then be assigned to a variables.</doc>
<status status="PASS" start="2025-06-05T09:24:48.225106" elapsed="0.000094"/>
</kw>
<status status="PASS" start="2025-06-05T09:24:48.225060" elapsed="0.000160"/>
</branch>
<status status="PASS" start="2025-06-05T09:24:48.224654" elapsed="0.000581"/>
</if>
<kw name="Create Directory" owner="OperatingSystem">
<msg time="2025-06-05T09:24:48.225404" level="INFO" html="true">Directory '&lt;a href="file:///Users/redenlongcop/Documents/bahai-automation/logs/safari/screenshots"&gt;/Users/redenlongcop/Documents/bahai-automation/logs/safari/screenshots&lt;/a&gt;' already exists.</msg>
<arg>logs/${dir}/screenshots</arg>
<doc>Creates the specified directory.</doc>
<status status="PASS" start="2025-06-05T09:24:48.225279" elapsed="0.000150"/>
</kw>
<kw name="Set Screenshot Directory" owner="SeleniumLibrary">
<arg>logs/${dir}/screenshots</arg>
<doc>Sets the directory for captured screenshots.</doc>
<status status="PASS" start="2025-06-05T09:24:48.225493" elapsed="0.000120"/>
</kw>
<kw name="Open Browser" owner="SeleniumLibrary">
<msg time="2025-06-05T09:24:48.225746" level="INFO">Opening browser 'safari' to base url 'about:blank'.</msg>
<msg time="2025-06-05T09:24:48.353473" level="INFO">Cannot capture screenshot because no browser is open.</msg>
<msg time="2025-06-05T09:24:48.353690" level="FAIL">SessionNotCreatedException: Message: Could not create a session: The Safari instance is already paired with a different session.
</msg>
<arg>about:blank</arg>
<arg>${browser}</arg>
<doc>Opens a new browser instance to the optional ``url``.</doc>
<status status="FAIL" start="2025-06-05T09:24:48.225674" elapsed="0.129076">SessionNotCreatedException: Message: Could not create a session: The Safari instance is already paired with a different session.
</status>
</kw>
<kw name="Maximize Browser Window" owner="SeleniumLibrary">
<doc>Maximizes current browser window.</doc>
<status status="NOT RUN" start="2025-06-05T09:24:48.355012" elapsed="0.000023"/>
</kw>
<arg>${BROWSER}</arg>
<doc>Main web setup</doc>
<status status="FAIL" start="2025-06-05T09:24:48.224501" elapsed="0.130607">SessionNotCreatedException: Message: Could not create a session: The Safari instance is already paired with a different session.
</status>
</kw>
<kw name="Main Web Teardown" owner="common" type="TEARDOWN">
<kw name="Capture Page Screenshot" owner="SeleniumLibrary">
<msg time="2025-06-05T09:24:48.355630" level="INFO">Cannot capture screenshot because no browser is open.</msg>
<doc>Takes a screenshot of the current page and embeds it into a log file.</doc>
<status status="PASS" start="2025-06-05T09:24:48.355577" elapsed="0.000083"/>
</kw>
<kw name="Close All Browsers" owner="SeleniumLibrary">
<doc>Closes all open browsers and resets the browser cache.</doc>
<status status="PASS" start="2025-06-05T09:24:48.355719" elapsed="0.000053"/>
</kw>
<doc>Main web teardown</doc>
<status status="PASS" start="2025-06-05T09:24:48.355390" elapsed="0.000407"/>
</kw>
<doc>The reserve property header should be displayed.</doc>
<tag>reserve</tag>
<tag>RP-TC-002</tag>
<status status="FAIL" start="2025-06-05T09:24:48.224042" elapsed="0.131788">Setup failed:
SessionNotCreatedException: Message: Could not create a session: The Safari instance is already paired with a different session.
</status>
</test>
<test id="s1-s2-t2" name="Test Case 2: Verify that the reservation amount is displayed." line="36">
<kw name="Main Web Setup" owner="common" type="SETUP">
<if>
<branch type="IF" condition="'${browser}' == 'chrome' or '${browser}' == 'headlesschrome'">
<kw name="Set Variable" owner="BuiltIn">
<var>${dir}</var>
<arg>chrome</arg>
<doc>Returns the given values which can then be assigned to a variables.</doc>
<status status="NOT RUN" start="2025-06-05T09:24:48.356477" elapsed="0.000014"/>
</kw>
<status status="NOT RUN" start="2025-06-05T09:24:48.356344" elapsed="0.000167"/>
</branch>
<branch type="ELSE IF" condition="'${browser}' == 'firefox' or '${browser}' == 'headlessfirefox'">
<kw name="Set Variable" owner="BuiltIn">
<var>${dir}</var>
<arg>firefox</arg>
<doc>Returns the given values which can then be assigned to a variables.</doc>
<status status="NOT RUN" start="2025-06-05T09:24:48.356616" elapsed="0.000011"/>
</kw>
<status status="NOT RUN" start="2025-06-05T09:24:48.356528" elapsed="0.000117"/>
</branch>
<branch type="ELSE">
<kw name="Set Variable" owner="BuiltIn">
<msg time="2025-06-05T09:24:48.356777" level="INFO">${dir} = safari</msg>
<var>${dir}</var>
<arg>${browser}</arg>
<doc>Returns the given values which can then be assigned to a variables.</doc>
<status status="PASS" start="2025-06-05T09:24:48.356702" elapsed="0.000120"/>
</kw>
<status status="PASS" start="2025-06-05T09:24:48.356659" elapsed="0.000185"/>
</branch>
<status status="PASS" start="2025-06-05T09:24:48.356331" elapsed="0.000528"/>
</if>
<kw name="Create Directory" owner="OperatingSystem">
<msg time="2025-06-05T09:24:48.357014" level="INFO" html="true">Directory '&lt;a href="file:///Users/redenlongcop/Documents/bahai-automation/logs/safari/screenshots"&gt;/Users/redenlongcop/Documents/bahai-automation/logs/safari/screenshots&lt;/a&gt;' already exists.</msg>
<arg>logs/${dir}/screenshots</arg>
<doc>Creates the specified directory.</doc>
<status status="PASS" start="2025-06-05T09:24:48.356903" elapsed="0.000134"/>
</kw>
<kw name="Set Screenshot Directory" owner="SeleniumLibrary">
<arg>logs/${dir}/screenshots</arg>
<doc>Sets the directory for captured screenshots.</doc>
<status status="PASS" start="2025-06-05T09:24:48.357090" elapsed="0.000105"/>
</kw>
<kw name="Open Browser" owner="SeleniumLibrary">
<msg time="2025-06-05T09:24:48.357333" level="INFO">Opening browser 'safari' to base url 'about:blank'.</msg>
<msg time="2025-06-05T09:24:48.481517" level="INFO">Cannot capture screenshot because no browser is open.</msg>
<msg time="2025-06-05T09:24:48.481731" level="FAIL">SessionNotCreatedException: Message: Could not create a session: The Safari instance is already paired with a different session.
</msg>
<arg>about:blank</arg>
<arg>${browser}</arg>
<doc>Opens a new browser instance to the optional ``url``.</doc>
<status status="FAIL" start="2025-06-05T09:24:48.357261" elapsed="0.125526">SessionNotCreatedException: Message: Could not create a session: The Safari instance is already paired with a different session.
</status>
</kw>
<kw name="Maximize Browser Window" owner="SeleniumLibrary">
<doc>Maximizes current browser window.</doc>
<status status="NOT RUN" start="2025-06-05T09:24:48.483041" elapsed="0.000023"/>
</kw>
<arg>${BROWSER}</arg>
<doc>Main web setup</doc>
<status status="FAIL" start="2025-06-05T09:24:48.356232" elapsed="0.126906">SessionNotCreatedException: Message: Could not create a session: The Safari instance is already paired with a different session.
</status>
</kw>
<kw name="Main Web Teardown" owner="common" type="TEARDOWN">
<kw name="Capture Page Screenshot" owner="SeleniumLibrary">
<msg time="2025-06-05T09:24:48.483739" level="INFO">Cannot capture screenshot because no browser is open.</msg>
<doc>Takes a screenshot of the current page and embeds it into a log file.</doc>
<status status="PASS" start="2025-06-05T09:24:48.483682" elapsed="0.000089"/>
</kw>
<kw name="Close All Browsers" owner="SeleniumLibrary">
<doc>Closes all open browsers and resets the browser cache.</doc>
<status status="PASS" start="2025-06-05T09:24:48.483831" elapsed="0.000051"/>
</kw>
<doc>Main web teardown</doc>
<status status="PASS" start="2025-06-05T09:24:48.483476" elapsed="0.000432"/>
</kw>
<doc>The reservation amount should be displayed.</doc>
<tag>reserve</tag>
<tag>RP-TC-003</tag>
<status status="FAIL" start="2025-06-05T09:24:48.355962" elapsed="0.127983">Setup failed:
SessionNotCreatedException: Message: Could not create a session: The Safari instance is already paired with a different session.
</status>
</test>
<test id="s1-s2-t3" name="Test Case 3: Verify that the payment method is displayed." line="46">
<kw name="Main Web Setup" owner="common" type="SETUP">
<if>
<branch type="IF" condition="'${browser}' == 'chrome' or '${browser}' == 'headlesschrome'">
<kw name="Set Variable" owner="BuiltIn">
<var>${dir}</var>
<arg>chrome</arg>
<doc>Returns the given values which can then be assigned to a variables.</doc>
<status status="NOT RUN" start="2025-06-05T09:24:48.484591" elapsed="0.000013"/>
</kw>
<status status="NOT RUN" start="2025-06-05T09:24:48.484460" elapsed="0.000164"/>
</branch>
<branch type="ELSE IF" condition="'${browser}' == 'firefox' or '${browser}' == 'headlessfirefox'">
<kw name="Set Variable" owner="BuiltIn">
<var>${dir}</var>
<arg>firefox</arg>
<doc>Returns the given values which can then be assigned to a variables.</doc>
<status status="NOT RUN" start="2025-06-05T09:24:48.484723" elapsed="0.000010"/>
</kw>
<status status="NOT RUN" start="2025-06-05T09:24:48.484640" elapsed="0.000110"/>
</branch>
<branch type="ELSE">
<kw name="Set Variable" owner="BuiltIn">
<msg time="2025-06-05T09:24:48.484876" level="INFO">${dir} = safari</msg>
<var>${dir}</var>
<arg>${browser}</arg>
<doc>Returns the given values which can then be assigned to a variables.</doc>
<status status="PASS" start="2025-06-05T09:24:48.484805" elapsed="0.000084"/>
</kw>
<status status="PASS" start="2025-06-05T09:24:48.484763" elapsed="0.000143"/>
</branch>
<status status="PASS" start="2025-06-05T09:24:48.484447" elapsed="0.000472"/>
</if>
<kw name="Create Directory" owner="OperatingSystem">
<msg time="2025-06-05T09:24:48.485064" level="INFO" html="true">Directory '&lt;a href="file:///Users/redenlongcop/Documents/bahai-automation/logs/safari/screenshots"&gt;/Users/redenlongcop/Documents/bahai-automation/logs/safari/screenshots&lt;/a&gt;' already exists.</msg>
<arg>logs/${dir}/screenshots</arg>
<doc>Creates the specified directory.</doc>
<status status="PASS" start="2025-06-05T09:24:48.484960" elapsed="0.000127"/>
</kw>
<kw name="Set Screenshot Directory" owner="SeleniumLibrary">
<arg>logs/${dir}/screenshots</arg>
<doc>Sets the directory for captured screenshots.</doc>
<status status="PASS" start="2025-06-05T09:24:48.485141" elapsed="0.000108"/>
</kw>
<kw name="Open Browser" owner="SeleniumLibrary">
<msg time="2025-06-05T09:24:48.485373" level="INFO">Opening browser 'safari' to base url 'about:blank'.</msg>
<msg time="2025-06-05T09:24:48.713636" level="INFO">Cannot capture screenshot because no browser is open.</msg>
<msg time="2025-06-05T09:24:48.713895" level="FAIL">SessionNotCreatedException: Message: Could not create a session: The Safari instance is already paired with another WebDriver session.
</msg>
<arg>about:blank</arg>
<arg>${browser}</arg>
<doc>Opens a new browser instance to the optional ``url``.</doc>
<status status="FAIL" start="2025-06-05T09:24:48.485308" elapsed="0.229846">SessionNotCreatedException: Message: Could not create a session: The Safari instance is already paired with another WebDriver session.
</status>
</kw>
<kw name="Maximize Browser Window" owner="SeleniumLibrary">
<doc>Maximizes current browser window.</doc>
<status status="NOT RUN" start="2025-06-05T09:24:48.715444" elapsed="0.000026"/>
</kw>
<arg>${BROWSER}</arg>
<doc>Main web setup</doc>
<status status="FAIL" start="2025-06-05T09:24:48.484351" elapsed="0.231204">SessionNotCreatedException: Message: Could not create a session: The Safari instance is already paired with another WebDriver session.
</status>
</kw>
<kw name="Main Web Teardown" owner="common" type="TEARDOWN">
<kw name="Capture Page Screenshot" owner="SeleniumLibrary">
<msg time="2025-06-05T09:24:48.716120" level="INFO">Cannot capture screenshot because no browser is open.</msg>
<doc>Takes a screenshot of the current page and embeds it into a log file.</doc>
<status status="PASS" start="2025-06-05T09:24:48.716060" elapsed="0.000095"/>
</kw>
<kw name="Close All Browsers" owner="SeleniumLibrary">
<doc>Closes all open browsers and resets the browser cache.</doc>
<status status="PASS" start="2025-06-05T09:24:48.716221" elapsed="0.000068"/>
</kw>
<doc>Main web teardown</doc>
<status status="PASS" start="2025-06-05T09:24:48.715848" elapsed="0.000472"/>
</kw>
<doc>The "Credit/Debit Card" should be displayed.</doc>
<tag>reserve</tag>
<tag>RP-TC-004</tag>
<status status="FAIL" start="2025-06-05T09:24:48.484084" elapsed="0.232277">Setup failed:
SessionNotCreatedException: Message: Could not create a session: The Safari instance is already paired with another WebDriver session.
</status>
</test>
<test id="s1-s2-t4" name="Test Case 4: Verify that the Property Name is displayed." line="56">
<kw name="Main Web Setup" owner="common" type="SETUP">
<if>
<branch type="IF" condition="'${browser}' == 'chrome' or '${browser}' == 'headlesschrome'">
<kw name="Set Variable" owner="BuiltIn">
<var>${dir}</var>
<arg>chrome</arg>
<doc>Returns the given values which can then be assigned to a variables.</doc>
<status status="NOT RUN" start="2025-06-05T09:24:48.717242" elapsed="0.000018"/>
</kw>
<status status="NOT RUN" start="2025-06-05T09:24:48.717035" elapsed="0.000253"/>
</branch>
<branch type="ELSE IF" condition="'${browser}' == 'firefox' or '${browser}' == 'headlessfirefox'">
<kw name="Set Variable" owner="BuiltIn">
<var>${dir}</var>
<arg>firefox</arg>
<doc>Returns the given values which can then be assigned to a variables.</doc>
<status status="NOT RUN" start="2025-06-05T09:24:48.717417" elapsed="0.000013"/>
</kw>
<status status="NOT RUN" start="2025-06-05T09:24:48.717309" elapsed="0.000143"/>
</branch>
<branch type="ELSE">
<kw name="Set Variable" owner="BuiltIn">
<msg time="2025-06-05T09:24:48.717612" level="INFO">${dir} = safari</msg>
<var>${dir}</var>
<arg>${browser}</arg>
<doc>Returns the given values which can then be assigned to a variables.</doc>
<status status="PASS" start="2025-06-05T09:24:48.717520" elapsed="0.000109"/>
</kw>
<status status="PASS" start="2025-06-05T09:24:48.717469" elapsed="0.000182"/>
</branch>
<status status="PASS" start="2025-06-05T09:24:48.717019" elapsed="0.000648"/>
</if>
<kw name="Create Directory" owner="OperatingSystem">
<msg time="2025-06-05T09:24:48.717836" level="INFO" html="true">Directory '&lt;a href="file:///Users/redenlongcop/Documents/bahai-automation/logs/safari/screenshots"&gt;/Users/redenlongcop/Documents/bahai-automation/logs/safari/screenshots&lt;/a&gt;' already exists.</msg>
<arg>logs/${dir}/screenshots</arg>
<doc>Creates the specified directory.</doc>
<status status="PASS" start="2025-06-05T09:24:48.717719" elapsed="0.000145"/>
</kw>
<kw name="Set Screenshot Directory" owner="SeleniumLibrary">
<arg>logs/${dir}/screenshots</arg>
<doc>Sets the directory for captured screenshots.</doc>
<status status="PASS" start="2025-06-05T09:24:48.717931" elapsed="0.000128"/>
</kw>
<kw name="Open Browser" owner="SeleniumLibrary">
<msg time="2025-06-05T09:24:48.718216" level="INFO">Opening browser 'safari' to base url 'about:blank'.</msg>
<msg time="2025-06-05T09:24:48.845994" level="INFO">Cannot capture screenshot because no browser is open.</msg>
<msg time="2025-06-05T09:24:48.846227" level="FAIL">SessionNotCreatedException: Message: Could not create a session: The Safari instance is already paired with a different session.
</msg>
<arg>about:blank</arg>
<arg>${browser}</arg>
<doc>Opens a new browser instance to the optional ``url``.</doc>
<status status="FAIL" start="2025-06-05T09:24:48.718135" elapsed="0.129126">SessionNotCreatedException: Message: Could not create a session: The Safari instance is already paired with a different session.
</status>
</kw>
<kw name="Maximize Browser Window" owner="SeleniumLibrary">
<doc>Maximizes current browser window.</doc>
<status status="NOT RUN" start="2025-06-05T09:24:48.847525" elapsed="0.000022"/>
</kw>
<arg>${BROWSER}</arg>
<doc>Main web setup</doc>
<status status="FAIL" start="2025-06-05T09:24:48.716888" elapsed="0.130731">SessionNotCreatedException: Message: Could not create a session: The Safari instance is already paired with a different session.
</status>
</kw>
<kw name="Main Web Teardown" owner="common" type="TEARDOWN">
<kw name="Capture Page Screenshot" owner="SeleniumLibrary">
<msg time="2025-06-05T09:24:48.848111" level="INFO">Cannot capture screenshot because no browser is open.</msg>
<doc>Takes a screenshot of the current page and embeds it into a log file.</doc>
<status status="PASS" start="2025-06-05T09:24:48.848061" elapsed="0.000080"/>
</kw>
<kw name="Close All Browsers" owner="SeleniumLibrary">
<doc>Closes all open browsers and resets the browser cache.</doc>
<status status="PASS" start="2025-06-05T09:24:48.848193" elapsed="0.000049"/>
</kw>
<doc>Main web teardown</doc>
<status status="PASS" start="2025-06-05T09:24:48.847881" elapsed="0.000386"/>
</kw>
<doc>The Property Name should be displayed.</doc>
<tag>reserve</tag>
<tag>RP-TC-006</tag>
<status status="FAIL" start="2025-06-05T09:24:48.716516" elapsed="0.131787">Setup failed:
SessionNotCreatedException: Message: Could not create a session: The Safari instance is already paired with a different session.
</status>
</test>
<test id="s1-s2-t5" name="Test Case 5: Verify that the Property Address is displayed." line="66">
<kw name="Main Web Setup" owner="common" type="SETUP">
<if>
<branch type="IF" condition="'${browser}' == 'chrome' or '${browser}' == 'headlesschrome'">
<kw name="Set Variable" owner="BuiltIn">
<var>${dir}</var>
<arg>chrome</arg>
<doc>Returns the given values which can then be assigned to a variables.</doc>
<status status="NOT RUN" start="2025-06-05T09:24:48.848926" elapsed="0.000012"/>
</kw>
<status status="NOT RUN" start="2025-06-05T09:24:48.848801" elapsed="0.000157"/>
</branch>
<branch type="ELSE IF" condition="'${browser}' == 'firefox' or '${browser}' == 'headlessfirefox'">
<kw name="Set Variable" owner="BuiltIn">
<var>${dir}</var>
<arg>firefox</arg>
<doc>Returns the given values which can then be assigned to a variables.</doc>
<status status="NOT RUN" start="2025-06-05T09:24:48.849058" elapsed="0.000010"/>
</kw>
<status status="NOT RUN" start="2025-06-05T09:24:48.848975" elapsed="0.000110"/>
</branch>
<branch type="ELSE">
<kw name="Set Variable" owner="BuiltIn">
<msg time="2025-06-05T09:24:48.849210" level="INFO">${dir} = safari</msg>
<var>${dir}</var>
<arg>${browser}</arg>
<doc>Returns the given values which can then be assigned to a variables.</doc>
<status status="PASS" start="2025-06-05T09:24:48.849140" elapsed="0.000083"/>
</kw>
<status status="PASS" start="2025-06-05T09:24:48.849099" elapsed="0.000141"/>
</branch>
<status status="PASS" start="2025-06-05T09:24:48.848788" elapsed="0.000466"/>
</if>
<kw name="Create Directory" owner="OperatingSystem">
<msg time="2025-06-05T09:24:48.849401" level="INFO" html="true">Directory '&lt;a href="file:///Users/redenlongcop/Documents/bahai-automation/logs/safari/screenshots"&gt;/Users/redenlongcop/Documents/bahai-automation/logs/safari/screenshots&lt;/a&gt;' already exists.</msg>
<arg>logs/${dir}/screenshots</arg>
<doc>Creates the specified directory.</doc>
<status status="PASS" start="2025-06-05T09:24:48.849295" elapsed="0.000129"/>
</kw>
<kw name="Set Screenshot Directory" owner="SeleniumLibrary">
<arg>logs/${dir}/screenshots</arg>
<doc>Sets the directory for captured screenshots.</doc>
<status status="PASS" start="2025-06-05T09:24:48.849476" elapsed="0.000104"/>
</kw>
<kw name="Open Browser" owner="SeleniumLibrary">
<msg time="2025-06-05T09:24:48.849703" level="INFO">Opening browser 'safari' to base url 'about:blank'.</msg>
<msg time="2025-06-05T09:24:48.972807" level="INFO">Cannot capture screenshot because no browser is open.</msg>
<msg time="2025-06-05T09:24:48.972997" level="FAIL">SessionNotCreatedException: Message: Could not create a session: The Safari instance is already paired with a different session.
</msg>
<arg>about:blank</arg>
<arg>${browser}</arg>
<doc>Opens a new browser instance to the optional ``url``.</doc>
<status status="FAIL" start="2025-06-05T09:24:48.849637" elapsed="0.124400">SessionNotCreatedException: Message: Could not create a session: The Safari instance is already paired with a different session.
</status>
</kw>
<kw name="Maximize Browser Window" owner="SeleniumLibrary">
<doc>Maximizes current browser window.</doc>
<status status="NOT RUN" start="2025-06-05T09:24:48.974265" elapsed="0.000022"/>
</kw>
<arg>${BROWSER}</arg>
<doc>Main web setup</doc>
<status status="FAIL" start="2025-06-05T09:24:48.848696" elapsed="0.125655">SessionNotCreatedException: Message: Could not create a session: The Safari instance is already paired with a different session.
</status>
</kw>
<kw name="Main Web Teardown" owner="common" type="TEARDOWN">
<kw name="Capture Page Screenshot" owner="SeleniumLibrary">
<msg time="2025-06-05T09:24:48.974805" level="INFO">Cannot capture screenshot because no browser is open.</msg>
<doc>Takes a screenshot of the current page and embeds it into a log file.</doc>
<status status="PASS" start="2025-06-05T09:24:48.974756" elapsed="0.000077"/>
</kw>
<kw name="Close All Browsers" owner="SeleniumLibrary">
<doc>Closes all open browsers and resets the browser cache.</doc>
<status status="PASS" start="2025-06-05T09:24:48.974920" elapsed="0.000049"/>
</kw>
<doc>Main web teardown</doc>
<status status="PASS" start="2025-06-05T09:24:48.974591" elapsed="0.000402"/>
</kw>
<doc>The Property Address should be displayed.</doc>
<tag>reserve</tag>
<tag>RP-TC-007</tag>
<status status="FAIL" start="2025-06-05T09:24:48.848437" elapsed="0.126587">Setup failed:
SessionNotCreatedException: Message: Could not create a session: The Safari instance is already paired with a different session.
</status>
</test>
<test id="s1-s2-t6" name="Test Case 6: Verify that the Property Type is displayed." line="76">
<kw name="Main Web Setup" owner="common" type="SETUP">
<if>
<branch type="IF" condition="'${browser}' == 'chrome' or '${browser}' == 'headlesschrome'">
<kw name="Set Variable" owner="BuiltIn">
<var>${dir}</var>
<arg>chrome</arg>
<doc>Returns the given values which can then be assigned to a variables.</doc>
<status status="NOT RUN" start="2025-06-05T09:24:48.975646" elapsed="0.000013"/>
</kw>
<status status="NOT RUN" start="2025-06-05T09:24:48.975519" elapsed="0.000160"/>
</branch>
<branch type="ELSE IF" condition="'${browser}' == 'firefox' or '${browser}' == 'headlessfirefox'">
<kw name="Set Variable" owner="BuiltIn">
<var>${dir}</var>
<arg>firefox</arg>
<doc>Returns the given values which can then be assigned to a variables.</doc>
<status status="NOT RUN" start="2025-06-05T09:24:48.975786" elapsed="0.000011"/>
</kw>
<status status="NOT RUN" start="2025-06-05T09:24:48.975696" elapsed="0.000118"/>
</branch>
<branch type="ELSE">
<kw name="Set Variable" owner="BuiltIn">
<msg time="2025-06-05T09:24:48.975937" level="INFO">${dir} = safari</msg>
<var>${dir}</var>
<arg>${browser}</arg>
<doc>Returns the given values which can then be assigned to a variables.</doc>
<status status="PASS" start="2025-06-05T09:24:48.975868" elapsed="0.000081"/>
</kw>
<status status="PASS" start="2025-06-05T09:24:48.975828" elapsed="0.000139"/>
</branch>
<status status="PASS" start="2025-06-05T09:24:48.975505" elapsed="0.000475"/>
</if>
<kw name="Create Directory" owner="OperatingSystem">
<msg time="2025-06-05T09:24:48.976111" level="INFO" html="true">Directory '&lt;a href="file:///Users/redenlongcop/Documents/bahai-automation/logs/safari/screenshots"&gt;/Users/redenlongcop/Documents/bahai-automation/logs/safari/screenshots&lt;/a&gt;' already exists.</msg>
<arg>logs/${dir}/screenshots</arg>
<doc>Creates the specified directory.</doc>
<status status="PASS" start="2025-06-05T09:24:48.976019" elapsed="0.000114"/>
</kw>
<kw name="Set Screenshot Directory" owner="SeleniumLibrary">
<arg>logs/${dir}/screenshots</arg>
<doc>Sets the directory for captured screenshots.</doc>
<status status="PASS" start="2025-06-05T09:24:48.976185" elapsed="0.000106"/>
</kw>
<kw name="Open Browser" owner="SeleniumLibrary">
<msg time="2025-06-05T09:24:48.976414" level="INFO">Opening browser 'safari' to base url 'about:blank'.</msg>
<msg time="2025-06-05T09:24:49.172978" level="INFO">Cannot capture screenshot because no browser is open.</msg>
<msg time="2025-06-05T09:24:49.174038" level="FAIL">SessionNotCreatedException: Message: Could not create a session: The Safari instance is already paired with a different session.
</msg>
<arg>about:blank</arg>
<arg>${browser}</arg>
<doc>Opens a new browser instance to the optional ``url``.</doc>
<status status="FAIL" start="2025-06-05T09:24:48.976347" elapsed="0.200226">SessionNotCreatedException: Message: Could not create a session: The Safari instance is already paired with a different session.
</status>
</kw>
<kw name="Maximize Browser Window" owner="SeleniumLibrary">
<doc>Maximizes current browser window.</doc>
<status status="NOT RUN" start="2025-06-05T09:24:49.177108" elapsed="0.000033"/>
</kw>
<arg>${BROWSER}</arg>
<doc>Main web setup</doc>
<status status="FAIL" start="2025-06-05T09:24:48.975410" elapsed="0.201925">SessionNotCreatedException: Message: Could not create a session: The Safari instance is already paired with a different session.
</status>
</kw>
<kw name="Main Web Teardown" owner="common" type="TEARDOWN">
<kw name="Capture Page Screenshot" owner="SeleniumLibrary">
<msg time="2025-06-05T09:24:49.179026" level="INFO">Cannot capture screenshot because no browser is open.</msg>
<doc>Takes a screenshot of the current page and embeds it into a log file.</doc>
<status status="PASS" start="2025-06-05T09:24:49.178884" elapsed="0.000215"/>
</kw>
<kw name="Close All Browsers" owner="SeleniumLibrary">
<doc>Closes all open browsers and resets the browser cache.</doc>
<status status="PASS" start="2025-06-05T09:24:49.179251" elapsed="0.000102"/>
</kw>
<doc>Main web teardown</doc>
<status status="PASS" start="2025-06-05T09:24:49.178080" elapsed="0.001326"/>
</kw>
<doc>The Property Type should be displayed.</doc>
<tag>reserve</tag>
<tag>RP-TC-009</tag>
<status status="FAIL" start="2025-06-05T09:24:48.975155" elapsed="0.204467">Setup failed:
SessionNotCreatedException: Message: Could not create a session: The Safari instance is already paired with a different session.
</status>
</test>
<test id="s1-s2-t7" name="Test Case 7: Verify that the Property Developer is displayed." line="86">
<kw name="Main Web Setup" owner="common" type="SETUP">
<if>
<branch type="IF" condition="'${browser}' == 'chrome' or '${browser}' == 'headlesschrome'">
<kw name="Set Variable" owner="BuiltIn">
<var>${dir}</var>
<arg>chrome</arg>
<doc>Returns the given values which can then be assigned to a variables.</doc>
<status status="NOT RUN" start="2025-06-05T09:24:49.181017" elapsed="0.000028"/>
</kw>
<status status="NOT RUN" start="2025-06-05T09:24:49.180799" elapsed="0.000275"/>
</branch>
<branch type="ELSE IF" condition="'${browser}' == 'firefox' or '${browser}' == 'headlessfirefox'">
<kw name="Set Variable" owner="BuiltIn">
<var>${dir}</var>
<arg>firefox</arg>
<doc>Returns the given values which can then be assigned to a variables.</doc>
<status status="NOT RUN" start="2025-06-05T09:24:49.181331" elapsed="0.000020"/>
</kw>
<status status="NOT RUN" start="2025-06-05T09:24:49.181110" elapsed="0.000280"/>
</branch>
<branch type="ELSE">
<kw name="Set Variable" owner="BuiltIn">
<msg time="2025-06-05T09:24:49.181619" level="INFO">${dir} = safari</msg>
<var>${dir}</var>
<arg>${browser}</arg>
<doc>Returns the given values which can then be assigned to a variables.</doc>
<status status="PASS" start="2025-06-05T09:24:49.181486" elapsed="0.000154"/>
</kw>
<status status="PASS" start="2025-06-05T09:24:49.181419" elapsed="0.000246"/>
</branch>
<status status="PASS" start="2025-06-05T09:24:49.180777" elapsed="0.000906"/>
</if>
<kw name="Create Directory" owner="OperatingSystem">
<msg time="2025-06-05T09:24:49.181961" level="INFO" html="true">Directory '&lt;a href="file:///Users/redenlongcop/Documents/bahai-automation/logs/safari/screenshots"&gt;/Users/redenlongcop/Documents/bahai-automation/logs/safari/screenshots&lt;/a&gt;' already exists.</msg>
<arg>logs/${dir}/screenshots</arg>
<doc>Creates the specified directory.</doc>
<status status="PASS" start="2025-06-05T09:24:49.181791" elapsed="0.000204"/>
</kw>
<kw name="Set Screenshot Directory" owner="SeleniumLibrary">
<arg>logs/${dir}/screenshots</arg>
<doc>Sets the directory for captured screenshots.</doc>
<status status="PASS" start="2025-06-05T09:24:49.182080" elapsed="0.002653"/>
</kw>
<kw name="Open Browser" owner="SeleniumLibrary">
<msg time="2025-06-05T09:24:49.185432" level="INFO">Opening browser 'safari' to base url 'about:blank'.</msg>
<msg time="2025-06-05T09:24:49.313502" level="INFO">Cannot capture screenshot because no browser is open.</msg>
<msg time="2025-06-05T09:24:49.313739" level="FAIL">SessionNotCreatedException: Message: Could not create a session: The Safari instance is already paired with a different session.
</msg>
<arg>about:blank</arg>
<arg>${browser}</arg>
<doc>Opens a new browser instance to the optional ``url``.</doc>
<status status="FAIL" start="2025-06-05T09:24:49.184974" elapsed="0.129834">SessionNotCreatedException: Message: Could not create a session: The Safari instance is already paired with a different session.
</status>
</kw>
<kw name="Maximize Browser Window" owner="SeleniumLibrary">
<doc>Maximizes current browser window.</doc>
<status status="NOT RUN" start="2025-06-05T09:24:49.315140" elapsed="0.000023"/>
</kw>
<arg>${BROWSER}</arg>
<doc>Main web setup</doc>
<status status="FAIL" start="2025-06-05T09:24:49.180513" elapsed="0.134726">SessionNotCreatedException: Message: Could not create a session: The Safari instance is already paired with a different session.
</status>
</kw>
<kw name="Main Web Teardown" owner="common" type="TEARDOWN">
<kw name="Capture Page Screenshot" owner="SeleniumLibrary">
<msg time="2025-06-05T09:24:49.315737" level="INFO">Cannot capture screenshot because no browser is open.</msg>
<doc>Takes a screenshot of the current page and embeds it into a log file.</doc>
<status status="PASS" start="2025-06-05T09:24:49.315684" elapsed="0.000083"/>
</kw>
<kw name="Close All Browsers" owner="SeleniumLibrary">
<doc>Closes all open browsers and resets the browser cache.</doc>
<status status="PASS" start="2025-06-05T09:24:49.315819" elapsed="0.000052"/>
</kw>
<doc>Main web teardown</doc>
<status status="PASS" start="2025-06-05T09:24:49.315504" elapsed="0.000391"/>
</kw>
<doc>The Property Developer should be displayed.</doc>
<tag>reserve</tag>
<tag>RP-TC-010</tag>
<status status="FAIL" start="2025-06-05T09:24:49.179974" elapsed="0.135955">Setup failed:
SessionNotCreatedException: Message: Could not create a session: The Safari instance is already paired with a different session.
</status>
</test>
<test id="s1-s2-t8" name="Test Case 8: Verify that the Property Price is displayed." line="96">
<kw name="Main Web Setup" owner="common" type="SETUP">
<if>
<branch type="IF" condition="'${browser}' == 'chrome' or '${browser}' == 'headlesschrome'">
<kw name="Set Variable" owner="BuiltIn">
<var>${dir}</var>
<arg>chrome</arg>
<doc>Returns the given values which can then be assigned to a variables.</doc>
<status status="NOT RUN" start="2025-06-05T09:24:49.316594" elapsed="0.000013"/>
</kw>
<status status="NOT RUN" start="2025-06-05T09:24:49.316456" elapsed="0.000171"/>
</branch>
<branch type="ELSE IF" condition="'${browser}' == 'firefox' or '${browser}' == 'headlessfirefox'">
<kw name="Set Variable" owner="BuiltIn">
<var>${dir}</var>
<arg>firefox</arg>
<doc>Returns the given values which can then be assigned to a variables.</doc>
<status status="NOT RUN" start="2025-06-05T09:24:49.316731" elapsed="0.000012"/>
</kw>
<status status="NOT RUN" start="2025-06-05T09:24:49.316646" elapsed="0.000114"/>
</branch>
<branch type="ELSE">
<kw name="Set Variable" owner="BuiltIn">
<msg time="2025-06-05T09:24:49.316896" level="INFO">${dir} = safari</msg>
<var>${dir}</var>
<arg>${browser}</arg>
<doc>Returns the given values which can then be assigned to a variables.</doc>
<status status="PASS" start="2025-06-05T09:24:49.316818" elapsed="0.000090"/>
</kw>
<status status="PASS" start="2025-06-05T09:24:49.316774" elapsed="0.000153"/>
</branch>
<status status="PASS" start="2025-06-05T09:24:49.316443" elapsed="0.000498"/>
</if>
<kw name="Create Directory" owner="OperatingSystem">
<msg time="2025-06-05T09:24:49.317124" level="INFO" html="true">Directory '&lt;a href="file:///Users/redenlongcop/Documents/bahai-automation/logs/safari/screenshots"&gt;/Users/redenlongcop/Documents/bahai-automation/logs/safari/screenshots&lt;/a&gt;' already exists.</msg>
<arg>logs/${dir}/screenshots</arg>
<doc>Creates the specified directory.</doc>
<status status="PASS" start="2025-06-05T09:24:49.316984" elapsed="0.000209"/>
</kw>
<kw name="Set Screenshot Directory" owner="SeleniumLibrary">
<arg>logs/${dir}/screenshots</arg>
<doc>Sets the directory for captured screenshots.</doc>
<status status="PASS" start="2025-06-05T09:24:49.317301" elapsed="0.000261"/>
</kw>
<kw name="Open Browser" owner="SeleniumLibrary">
<msg time="2025-06-05T09:24:49.318038" level="INFO">Opening browser 'safari' to base url 'about:blank'.</msg>
<msg time="2025-06-05T09:24:49.437930" level="INFO">Cannot capture screenshot because no browser is open.</msg>
<msg time="2025-06-05T09:24:49.438153" level="FAIL">SessionNotCreatedException: Message: Could not create a session: The Safari instance is already paired with a different session.
</msg>
<arg>about:blank</arg>
<arg>${browser}</arg>
<doc>Opens a new browser instance to the optional ``url``.</doc>
<status status="FAIL" start="2025-06-05T09:24:49.317729" elapsed="0.121456">SessionNotCreatedException: Message: Could not create a session: The Safari instance is already paired with a different session.
</status>
</kw>
<kw name="Maximize Browser Window" owner="SeleniumLibrary">
<doc>Maximizes current browser window.</doc>
<status status="NOT RUN" start="2025-06-05T09:24:49.439437" elapsed="0.000021"/>
</kw>
<arg>${BROWSER}</arg>
<doc>Main web setup</doc>
<status status="FAIL" start="2025-06-05T09:24:49.316344" elapsed="0.123193">SessionNotCreatedException: Message: Could not create a session: The Safari instance is already paired with a different session.
</status>
</kw>
<kw name="Main Web Teardown" owner="common" type="TEARDOWN">
<kw name="Capture Page Screenshot" owner="SeleniumLibrary">
<msg time="2025-06-05T09:24:49.440023" level="INFO">Cannot capture screenshot because no browser is open.</msg>
<doc>Takes a screenshot of the current page and embeds it into a log file.</doc>
<status status="PASS" start="2025-06-05T09:24:49.439972" elapsed="0.000079"/>
</kw>
<kw name="Close All Browsers" owner="SeleniumLibrary">
<doc>Closes all open browsers and resets the browser cache.</doc>
<status status="PASS" start="2025-06-05T09:24:49.440104" elapsed="0.000051"/>
</kw>
<doc>Main web teardown</doc>
<status status="PASS" start="2025-06-05T09:24:49.439795" elapsed="0.000384"/>
</kw>
<doc>The Property Price should be displayed.</doc>
<tag>reserve</tag>
<tag>RP-TC-011</tag>
<status status="FAIL" start="2025-06-05T09:24:49.316073" elapsed="0.124139">Setup failed:
SessionNotCreatedException: Message: Could not create a session: The Safari instance is already paired with a different session.
</status>
</test>
<test id="s1-s2-t9" name="Test Case 9: Verify that the Reservation Fee is displayed." line="106">
<kw name="Main Web Setup" owner="common" type="SETUP">
<if>
<branch type="IF" condition="'${browser}' == 'chrome' or '${browser}' == 'headlesschrome'">
<kw name="Set Variable" owner="BuiltIn">
<var>${dir}</var>
<arg>chrome</arg>
<doc>Returns the given values which can then be assigned to a variables.</doc>
<status status="NOT RUN" start="2025-06-05T09:24:49.440851" elapsed="0.000013"/>
</kw>
<status status="NOT RUN" start="2025-06-05T09:24:49.440729" elapsed="0.000153"/>
</branch>
<branch type="ELSE IF" condition="'${browser}' == 'firefox' or '${browser}' == 'headlessfirefox'">
<kw name="Set Variable" owner="BuiltIn">
<var>${dir}</var>
<arg>firefox</arg>
<doc>Returns the given values which can then be assigned to a variables.</doc>
<status status="NOT RUN" start="2025-06-05T09:24:49.440982" elapsed="0.000011"/>
</kw>
<status status="NOT RUN" start="2025-06-05T09:24:49.440898" elapsed="0.000114"/>
</branch>
<branch type="ELSE">
<kw name="Set Variable" owner="BuiltIn">
<msg time="2025-06-05T09:24:49.441135" level="INFO">${dir} = safari</msg>
<var>${dir}</var>
<arg>${browser}</arg>
<doc>Returns the given values which can then be assigned to a variables.</doc>
<status status="PASS" start="2025-06-05T09:24:49.441066" elapsed="0.000080"/>
</kw>
<status status="PASS" start="2025-06-05T09:24:49.441025" elapsed="0.000139"/>
</branch>
<status status="PASS" start="2025-06-05T09:24:49.440716" elapsed="0.000461"/>
</if>
<kw name="Create Directory" owner="OperatingSystem">
<msg time="2025-06-05T09:24:49.441313" level="INFO" html="true">Directory '&lt;a href="file:///Users/redenlongcop/Documents/bahai-automation/logs/safari/screenshots"&gt;/Users/redenlongcop/Documents/bahai-automation/logs/safari/screenshots&lt;/a&gt;' already exists.</msg>
<arg>logs/${dir}/screenshots</arg>
<doc>Creates the specified directory.</doc>
<status status="PASS" start="2025-06-05T09:24:49.441219" elapsed="0.000116"/>
</kw>
<kw name="Set Screenshot Directory" owner="SeleniumLibrary">
<arg>logs/${dir}/screenshots</arg>
<doc>Sets the directory for captured screenshots.</doc>
<status status="PASS" start="2025-06-05T09:24:49.441387" elapsed="0.000103"/>
</kw>
<kw name="Open Browser" owner="SeleniumLibrary">
<msg time="2025-06-05T09:24:49.441659" level="INFO">Opening browser 'safari' to base url 'about:blank'.</msg>
<msg time="2025-06-05T09:24:49.564264" level="INFO">Cannot capture screenshot because no browser is open.</msg>
<msg time="2025-06-05T09:24:49.564478" level="FAIL">SessionNotCreatedException: Message: Could not create a session: The Safari instance is already paired with a different session.
</msg>
<arg>about:blank</arg>
<arg>${browser}</arg>
<doc>Opens a new browser instance to the optional ``url``.</doc>
<status status="FAIL" start="2025-06-05T09:24:49.441589" elapsed="0.123911">SessionNotCreatedException: Message: Could not create a session: The Safari instance is already paired with a different session.
</status>
</kw>
<kw name="Maximize Browser Window" owner="SeleniumLibrary">
<doc>Maximizes current browser window.</doc>
<status status="NOT RUN" start="2025-06-05T09:24:49.565751" elapsed="0.000022"/>
</kw>
<arg>${BROWSER}</arg>
<doc>Main web setup</doc>
<status status="FAIL" start="2025-06-05T09:24:49.440609" elapsed="0.125236">SessionNotCreatedException: Message: Could not create a session: The Safari instance is already paired with a different session.
</status>
</kw>
<kw name="Main Web Teardown" owner="common" type="TEARDOWN">
<kw name="Capture Page Screenshot" owner="SeleniumLibrary">
<msg time="2025-06-05T09:24:49.566334" level="INFO">Cannot capture screenshot because no browser is open.</msg>
<doc>Takes a screenshot of the current page and embeds it into a log file.</doc>
<status status="PASS" start="2025-06-05T09:24:49.566284" elapsed="0.000078"/>
</kw>
<kw name="Close All Browsers" owner="SeleniumLibrary">
<doc>Closes all open browsers and resets the browser cache.</doc>
<status status="PASS" start="2025-06-05T09:24:49.566415" elapsed="0.000052"/>
</kw>
<doc>Main web teardown</doc>
<status status="PASS" start="2025-06-05T09:24:49.566106" elapsed="0.000386"/>
</kw>
<doc>The Reservation Fee should be displayed.</doc>
<tag>reserve</tag>
<tag>RP-TC-012</tag>
<status status="FAIL" start="2025-06-05T09:24:49.440350" elapsed="0.126179">Setup failed:
SessionNotCreatedException: Message: Could not create a session: The Safari instance is already paired with a different session.
</status>
</test>
<test id="s1-s2-t10" name="Test Case 10: Verify that the Reservation Payment Info is displayed." line="116">
<kw name="Main Web Setup" owner="common" type="SETUP">
<if>
<branch type="IF" condition="'${browser}' == 'chrome' or '${browser}' == 'headlesschrome'">
<kw name="Set Variable" owner="BuiltIn">
<var>${dir}</var>
<arg>chrome</arg>
<doc>Returns the given values which can then be assigned to a variables.</doc>
<status status="NOT RUN" start="2025-06-05T09:24:49.567248" elapsed="0.000015"/>
</kw>
<status status="NOT RUN" start="2025-06-05T09:24:49.567116" elapsed="0.000169"/>
</branch>
<branch type="ELSE IF" condition="'${browser}' == 'firefox' or '${browser}' == 'headlessfirefox'">
<kw name="Set Variable" owner="BuiltIn">
<var>${dir}</var>
<arg>firefox</arg>
<doc>Returns the given values which can then be assigned to a variables.</doc>
<status status="NOT RUN" start="2025-06-05T09:24:49.567387" elapsed="0.000010"/>
</kw>
<status status="NOT RUN" start="2025-06-05T09:24:49.567302" elapsed="0.000112"/>
</branch>
<branch type="ELSE">
<kw name="Set Variable" owner="BuiltIn">
<msg time="2025-06-05T09:24:49.567543" level="INFO">${dir} = safari</msg>
<var>${dir}</var>
<arg>${browser}</arg>
<doc>Returns the given values which can then be assigned to a variables.</doc>
<status status="PASS" start="2025-06-05T09:24:49.567469" elapsed="0.000091"/>
</kw>
<status status="PASS" start="2025-06-05T09:24:49.567428" elapsed="0.000150"/>
</branch>
<status status="PASS" start="2025-06-05T09:24:49.567103" elapsed="0.000488"/>
</if>
<kw name="Create Directory" owner="OperatingSystem">
<msg time="2025-06-05T09:24:49.567730" level="INFO" html="true">Directory '&lt;a href="file:///Users/redenlongcop/Documents/bahai-automation/logs/safari/screenshots"&gt;/Users/redenlongcop/Documents/bahai-automation/logs/safari/screenshots&lt;/a&gt;' already exists.</msg>
<arg>logs/${dir}/screenshots</arg>
<doc>Creates the specified directory.</doc>
<status status="PASS" start="2025-06-05T09:24:49.567633" elapsed="0.000120"/>
</kw>
<kw name="Set Screenshot Directory" owner="SeleniumLibrary">
<arg>logs/${dir}/screenshots</arg>
<doc>Sets the directory for captured screenshots.</doc>
<status status="PASS" start="2025-06-05T09:24:49.567818" elapsed="0.000106"/>
</kw>
<kw name="Open Browser" owner="SeleniumLibrary">
<msg time="2025-06-05T09:24:49.568050" level="INFO">Opening browser 'safari' to base url 'about:blank'.</msg>
<msg time="2025-06-05T09:24:49.691565" level="INFO">Cannot capture screenshot because no browser is open.</msg>
<msg time="2025-06-05T09:24:49.691774" level="FAIL">SessionNotCreatedException: Message: Could not create a session: The Safari instance is already paired with a different session.
</msg>
<arg>about:blank</arg>
<arg>${browser}</arg>
<doc>Opens a new browser instance to the optional ``url``.</doc>
<status status="FAIL" start="2025-06-05T09:24:49.567982" elapsed="0.125320">SessionNotCreatedException: Message: Could not create a session: The Safari instance is already paired with a different session.
</status>
</kw>
<kw name="Maximize Browser Window" owner="SeleniumLibrary">
<doc>Maximizes current browser window.</doc>
<status status="NOT RUN" start="2025-06-05T09:24:49.693517" elapsed="0.000022"/>
</kw>
<arg>${BROWSER}</arg>
<doc>Main web setup</doc>
<status status="FAIL" start="2025-06-05T09:24:49.566999" elapsed="0.126607">SessionNotCreatedException: Message: Could not create a session: The Safari instance is already paired with a different session.
</status>
</kw>
<kw name="Main Web Teardown" owner="common" type="TEARDOWN">
<kw name="Capture Page Screenshot" owner="SeleniumLibrary">
<msg time="2025-06-05T09:24:49.694068" level="INFO">Cannot capture screenshot because no browser is open.</msg>
<doc>Takes a screenshot of the current page and embeds it into a log file.</doc>
<status status="PASS" start="2025-06-05T09:24:49.694019" elapsed="0.000078"/>
</kw>
<kw name="Close All Browsers" owner="SeleniumLibrary">
<doc>Closes all open browsers and resets the browser cache.</doc>
<status status="PASS" start="2025-06-05T09:24:49.694149" elapsed="0.000048"/>
</kw>
<doc>Main web teardown</doc>
<status status="PASS" start="2025-06-05T09:24:49.693846" elapsed="0.000376"/>
</kw>
<doc>The Reservation Payment Info should be displayed.</doc>
<tag>reserve</tag>
<tag>RP-TC-013</tag>
<status status="FAIL" start="2025-06-05T09:24:49.566712" elapsed="0.127544">Setup failed:
SessionNotCreatedException: Message: Could not create a session: The Safari instance is already paired with a different session.
</status>
</test>
<test id="s1-s2-t11" name="Test Case 11: Verify that the Reservation Payment Disclaimer is displayed." line="127">
<kw name="Main Web Setup" owner="common" type="SETUP">
<if>
<branch type="IF" condition="'${browser}' == 'chrome' or '${browser}' == 'headlesschrome'">
<kw name="Set Variable" owner="BuiltIn">
<var>${dir}</var>
<arg>chrome</arg>
<doc>Returns the given values which can then be assigned to a variables.</doc>
<status status="NOT RUN" start="2025-06-05T09:24:49.694882" elapsed="0.000012"/>
</kw>
<status status="NOT RUN" start="2025-06-05T09:24:49.694755" elapsed="0.000159"/>
</branch>
<branch type="ELSE IF" condition="'${browser}' == 'firefox' or '${browser}' == 'headlessfirefox'">
<kw name="Set Variable" owner="BuiltIn">
<var>${dir}</var>
<arg>firefox</arg>
<doc>Returns the given values which can then be assigned to a variables.</doc>
<status status="NOT RUN" start="2025-06-05T09:24:49.695012" elapsed="0.000010"/>
</kw>
<status status="NOT RUN" start="2025-06-05T09:24:49.694930" elapsed="0.000109"/>
</branch>
<branch type="ELSE">
<kw name="Set Variable" owner="BuiltIn">
<msg time="2025-06-05T09:24:49.695166" level="INFO">${dir} = safari</msg>
<var>${dir}</var>
<arg>${browser}</arg>
<doc>Returns the given values which can then be assigned to a variables.</doc>
<status status="PASS" start="2025-06-05T09:24:49.695095" elapsed="0.000084"/>
</kw>
<status status="PASS" start="2025-06-05T09:24:49.695052" elapsed="0.000184"/>
</branch>
<status status="PASS" start="2025-06-05T09:24:49.694742" elapsed="0.000509"/>
</if>
<kw name="Create Directory" owner="OperatingSystem">
<msg time="2025-06-05T09:24:49.695394" level="INFO" html="true">Directory '&lt;a href="file:///Users/redenlongcop/Documents/bahai-automation/logs/safari/screenshots"&gt;/Users/redenlongcop/Documents/bahai-automation/logs/safari/screenshots&lt;/a&gt;' already exists.</msg>
<arg>logs/${dir}/screenshots</arg>
<doc>Creates the specified directory.</doc>
<status status="PASS" start="2025-06-05T09:24:49.695292" elapsed="0.000124"/>
</kw>
<kw name="Set Screenshot Directory" owner="SeleniumLibrary">
<arg>logs/${dir}/screenshots</arg>
<doc>Sets the directory for captured screenshots.</doc>
<status status="PASS" start="2025-06-05T09:24:49.695471" elapsed="0.000104"/>
</kw>
<kw name="Open Browser" owner="SeleniumLibrary">
<msg time="2025-06-05T09:24:49.695701" level="INFO">Opening browser 'safari' to base url 'about:blank'.</msg>
<msg time="2025-06-05T09:24:49.920997" level="INFO">Cannot capture screenshot because no browser is open.</msg>
<msg time="2025-06-05T09:24:49.921348" level="FAIL">SessionNotCreatedException: Message: Could not create a session: The Safari instance is already paired with a different session.
</msg>
<arg>about:blank</arg>
<arg>${browser}</arg>
<doc>Opens a new browser instance to the optional ``url``.</doc>
<status status="FAIL" start="2025-06-05T09:24:49.695634" elapsed="0.228281">SessionNotCreatedException: Message: Could not create a session: The Safari instance is already paired with a different session.
</status>
</kw>
<kw name="Maximize Browser Window" owner="SeleniumLibrary">
<doc>Maximizes current browser window.</doc>
<status status="NOT RUN" start="2025-06-05T09:24:49.925739" elapsed="0.000522"/>
</kw>
<arg>${BROWSER}</arg>
<doc>Main web setup</doc>
<status status="FAIL" start="2025-06-05T09:24:49.694648" elapsed="0.232398">SessionNotCreatedException: Message: Could not create a session: The Safari instance is already paired with a different session.
</status>
</kw>
<kw name="Main Web Teardown" owner="common" type="TEARDOWN">
<kw name="Capture Page Screenshot" owner="SeleniumLibrary">
<msg time="2025-06-05T09:24:49.929264" level="INFO">Cannot capture screenshot because no browser is open.</msg>
<doc>Takes a screenshot of the current page and embeds it into a log file.</doc>
<status status="PASS" start="2025-06-05T09:24:49.929157" elapsed="0.000168"/>
</kw>
<kw name="Close All Browsers" owner="SeleniumLibrary">
<doc>Closes all open browsers and resets the browser cache.</doc>
<status status="PASS" start="2025-06-05T09:24:49.929414" elapsed="0.000109"/>
</kw>
<doc>Main web teardown</doc>
<status status="PASS" start="2025-06-05T09:24:49.928754" elapsed="0.000803"/>
</kw>
<doc>The Reservation Payment Disclaimer should be displayed.</doc>
<tag>reserve</tag>
<tag>RP-TC-014</tag>
<status status="FAIL" start="2025-06-05T09:24:49.694403" elapsed="0.235245">Setup failed:
SessionNotCreatedException: Message: Could not create a session: The Safari instance is already paired with a different session.
</status>
</test>
<test id="s1-s2-t12" name="Test Case 12: Verify that the Amount Due Now is displayed." line="137">
<kw name="Main Web Setup" owner="common" type="SETUP">
<if>
<branch type="IF" condition="'${browser}' == 'chrome' or '${browser}' == 'headlesschrome'">
<kw name="Set Variable" owner="BuiltIn">
<var>${dir}</var>
<arg>chrome</arg>
<doc>Returns the given values which can then be assigned to a variables.</doc>
<status status="NOT RUN" start="2025-06-05T09:24:49.930849" elapsed="0.000017"/>
</kw>
<status status="NOT RUN" start="2025-06-05T09:24:49.930614" elapsed="0.000279"/>
</branch>
<branch type="ELSE IF" condition="'${browser}' == 'firefox' or '${browser}' == 'headlessfirefox'">
<kw name="Set Variable" owner="BuiltIn">
<var>${dir}</var>
<arg>firefox</arg>
<doc>Returns the given values which can then be assigned to a variables.</doc>
<status status="NOT RUN" start="2025-06-05T09:24:49.931142" elapsed="0.000099"/>
</kw>
<status status="NOT RUN" start="2025-06-05T09:24:49.930915" elapsed="0.000374"/>
</branch>
<branch type="ELSE">
<kw name="Set Variable" owner="BuiltIn">
<msg time="2025-06-05T09:24:49.931702" level="INFO">${dir} = safari</msg>
<var>${dir}</var>
<arg>${browser}</arg>
<doc>Returns the given values which can then be assigned to a variables.</doc>
<status status="PASS" start="2025-06-05T09:24:49.931494" elapsed="0.000228"/>
</kw>
<status status="PASS" start="2025-06-05T09:24:49.931314" elapsed="0.000436"/>
</branch>
<status status="PASS" start="2025-06-05T09:24:49.930592" elapsed="0.001192"/>
</if>
<kw name="Create Directory" owner="OperatingSystem">
<msg time="2025-06-05T09:24:49.932021" level="INFO" html="true">Directory '&lt;a href="file:///Users/redenlongcop/Documents/bahai-automation/logs/safari/screenshots"&gt;/Users/redenlongcop/Documents/bahai-automation/logs/safari/screenshots&lt;/a&gt;' already exists.</msg>
<arg>logs/${dir}/screenshots</arg>
<doc>Creates the specified directory.</doc>
<status status="PASS" start="2025-06-05T09:24:49.931842" elapsed="0.000213"/>
</kw>
<kw name="Set Screenshot Directory" owner="SeleniumLibrary">
<arg>logs/${dir}/screenshots</arg>
<doc>Sets the directory for captured screenshots.</doc>
<status status="PASS" start="2025-06-05T09:24:49.932133" elapsed="0.000140"/>
</kw>
<kw name="Open Browser" owner="SeleniumLibrary">
<msg time="2025-06-05T09:24:49.932434" level="INFO">Opening browser 'safari' to base url 'about:blank'.</msg>
<msg time="2025-06-05T09:24:50.211823" level="INFO">Cannot capture screenshot because no browser is open.</msg>
<msg time="2025-06-05T09:24:50.212206" level="FAIL">SessionNotCreatedException: Message: Could not create a session: The Safari instance is already paired with another WebDriver session.
</msg>
<arg>about:blank</arg>
<arg>${browser}</arg>
<doc>Opens a new browser instance to the optional ``url``.</doc>
<status status="FAIL" start="2025-06-05T09:24:49.932349" elapsed="0.281589">SessionNotCreatedException: Message: Could not create a session: The Safari instance is already paired with another WebDriver session.
</status>
</kw>
<kw name="Maximize Browser Window" owner="SeleniumLibrary">
<doc>Maximizes current browser window.</doc>
<status status="NOT RUN" start="2025-06-05T09:24:50.216484" elapsed="0.000116"/>
</kw>
<arg>${BROWSER}</arg>
<doc>Main web setup</doc>
<status status="FAIL" start="2025-06-05T09:24:49.930425" elapsed="0.286672">SessionNotCreatedException: Message: Could not create a session: The Safari instance is already paired with another WebDriver session.
</status>
</kw>
<kw name="Main Web Teardown" owner="common" type="TEARDOWN">
<kw name="Capture Page Screenshot" owner="SeleniumLibrary">
<msg time="2025-06-05T09:24:50.220349" level="INFO">Cannot capture screenshot because no browser is open.</msg>
<doc>Takes a screenshot of the current page and embeds it into a log file.</doc>
<status status="PASS" start="2025-06-05T09:24:50.219942" elapsed="0.000614"/>
</kw>
<kw name="Close All Browsers" owner="SeleniumLibrary">
<doc>Closes all open browsers and resets the browser cache.</doc>
<status status="PASS" start="2025-06-05T09:24:50.221198" elapsed="0.000211"/>
</kw>
<doc>Main web teardown</doc>
<status status="PASS" start="2025-06-05T09:24:50.218866" elapsed="0.002586"/>
</kw>
<doc>The Amount Due Now should be displayed.</doc>
<tag>reserve</tag>
<tag>RP-TC-015</tag>
<status status="FAIL" start="2025-06-05T09:24:49.929849" elapsed="0.291826">Setup failed:
SessionNotCreatedException: Message: Could not create a session: The Safari instance is already paired with another WebDriver session.
</status>
</test>
<test id="s1-s2-t13" name="Test Case 13: Verify that the payment terms and conditions can be viewed." line="147">
<kw name="Main Web Setup" owner="common" type="SETUP">
<if>
<branch type="IF" condition="'${browser}' == 'chrome' or '${browser}' == 'headlesschrome'">
<kw name="Set Variable" owner="BuiltIn">
<var>${dir}</var>
<arg>chrome</arg>
<doc>Returns the given values which can then be assigned to a variables.</doc>
<status status="NOT RUN" start="2025-06-05T09:24:50.223931" elapsed="0.000025"/>
</kw>
<status status="NOT RUN" start="2025-06-05T09:24:50.223564" elapsed="0.002260"/>
</branch>
<branch type="ELSE IF" condition="'${browser}' == 'firefox' or '${browser}' == 'headlessfirefox'">
<kw name="Set Variable" owner="BuiltIn">
<var>${dir}</var>
<arg>firefox</arg>
<doc>Returns the given values which can then be assigned to a variables.</doc>
<status status="NOT RUN" start="2025-06-05T09:24:50.227667" elapsed="0.000053"/>
</kw>
<status status="NOT RUN" start="2025-06-05T09:24:50.225908" elapsed="0.001852"/>
</branch>
<branch type="ELSE">
<kw name="Set Variable" owner="BuiltIn">
<msg time="2025-06-05T09:24:50.228408" level="INFO">${dir} = safari</msg>
<var>${dir}</var>
<arg>${browser}</arg>
<doc>Returns the given values which can then be assigned to a variables.</doc>
<status status="PASS" start="2025-06-05T09:24:50.228186" elapsed="0.000494"/>
</kw>
<status status="PASS" start="2025-06-05T09:24:50.227914" elapsed="0.001008"/>
</branch>
<status status="PASS" start="2025-06-05T09:24:50.223525" elapsed="0.005495"/>
</if>
<kw name="Create Directory" owner="OperatingSystem">
<msg time="2025-06-05T09:24:50.230351" level="INFO" html="true">Directory '&lt;a href="file:///Users/redenlongcop/Documents/bahai-automation/logs/safari/screenshots"&gt;/Users/redenlongcop/Documents/bahai-automation/logs/safari/screenshots&lt;/a&gt;' already exists.</msg>
<arg>logs/${dir}/screenshots</arg>
<doc>Creates the specified directory.</doc>
<status status="PASS" start="2025-06-05T09:24:50.229700" elapsed="0.000839"/>
</kw>
<kw name="Set Screenshot Directory" owner="SeleniumLibrary">
<arg>logs/${dir}/screenshots</arg>
<doc>Sets the directory for captured screenshots.</doc>
<status status="PASS" start="2025-06-05T09:24:50.230847" elapsed="0.000357"/>
</kw>
<kw name="Open Browser" owner="SeleniumLibrary">
<msg time="2025-06-05T09:24:50.231439" level="INFO">Opening browser 'safari' to base url 'about:blank'.</msg>
<msg time="2025-06-05T09:24:50.360906" level="INFO">Cannot capture screenshot because no browser is open.</msg>
<msg time="2025-06-05T09:24:50.361141" level="FAIL">SessionNotCreatedException: Message: Could not create a session: The Safari instance is already paired with a different session.
</msg>
<arg>about:blank</arg>
<arg>${browser}</arg>
<doc>Opens a new browser instance to the optional ``url``.</doc>
<status status="FAIL" start="2025-06-05T09:24:50.231315" elapsed="0.130891">SessionNotCreatedException: Message: Could not create a session: The Safari instance is already paired with a different session.
</status>
</kw>
<kw name="Maximize Browser Window" owner="SeleniumLibrary">
<doc>Maximizes current browser window.</doc>
<status status="NOT RUN" start="2025-06-05T09:24:50.362477" elapsed="0.000023"/>
</kw>
<arg>${BROWSER}</arg>
<doc>Main web setup</doc>
<status status="FAIL" start="2025-06-05T09:24:50.222926" elapsed="0.139647">SessionNotCreatedException: Message: Could not create a session: The Safari instance is already paired with a different session.
</status>
</kw>
<kw name="Main Web Teardown" owner="common" type="TEARDOWN">
<kw name="Capture Page Screenshot" owner="SeleniumLibrary">
<msg time="2025-06-05T09:24:50.363234" level="INFO">Cannot capture screenshot because no browser is open.</msg>
<doc>Takes a screenshot of the current page and embeds it into a log file.</doc>
<status status="PASS" start="2025-06-05T09:24:50.363167" elapsed="0.000101"/>
</kw>
<kw name="Close All Browsers" owner="SeleniumLibrary">
<doc>Closes all open browsers and resets the browser cache.</doc>
<status status="PASS" start="2025-06-05T09:24:50.363367" elapsed="0.000112"/>
</kw>
<doc>Main web teardown</doc>
<status status="PASS" start="2025-06-05T09:24:50.362844" elapsed="0.000724"/>
</kw>
<doc>The payment terms and conditions should be viewable.</doc>
<tag>reserve</tag>
<tag>RP-TC-016</tag>
<status status="FAIL" start="2025-06-05T09:24:50.222091" elapsed="0.141580">Setup failed:
SessionNotCreatedException: Message: Could not create a session: The Safari instance is already paired with a different session.
</status>
</test>
<test id="s1-s2-t14" name="Test Case 14: Verify that the &quot;Back to property&quot; text button is displayed." line="174">
<kw name="Main Web Setup" owner="common" type="SETUP">
<if>
<branch type="IF" condition="'${browser}' == 'chrome' or '${browser}' == 'headlesschrome'">
<kw name="Set Variable" owner="BuiltIn">
<var>${dir}</var>
<arg>chrome</arg>
<doc>Returns the given values which can then be assigned to a variables.</doc>
<status status="NOT RUN" start="2025-06-05T09:24:50.364846" elapsed="0.000038"/>
</kw>
<status status="NOT RUN" start="2025-06-05T09:24:50.364629" elapsed="0.000290"/>
</branch>
<branch type="ELSE IF" condition="'${browser}' == 'firefox' or '${browser}' == 'headlessfirefox'">
<kw name="Set Variable" owner="BuiltIn">
<var>${dir}</var>
<arg>firefox</arg>
<doc>Returns the given values which can then be assigned to a variables.</doc>
<status status="NOT RUN" start="2025-06-05T09:24:50.365133" elapsed="0.000018"/>
</kw>
<status status="NOT RUN" start="2025-06-05T09:24:50.364956" elapsed="0.000225"/>
</branch>
<branch type="ELSE">
<kw name="Set Variable" owner="BuiltIn">
<msg time="2025-06-05T09:24:50.365427" level="INFO">${dir} = safari</msg>
<var>${dir}</var>
<arg>${browser}</arg>
<doc>Returns the given values which can then be assigned to a variables.</doc>
<status status="PASS" start="2025-06-05T09:24:50.365284" elapsed="0.000167"/>
</kw>
<status status="PASS" start="2025-06-05T09:24:50.365200" elapsed="0.000296"/>
</branch>
<status status="PASS" start="2025-06-05T09:24:50.364613" elapsed="0.000914"/>
</if>
<kw name="Create Directory" owner="OperatingSystem">
[...]
</kw>
<status status="NOT RUN" start="2025-06-05T09:24:56.166552" elapsed="0.000112"/>
</branch>
<branch type="ELSE">
<kw name="Set Variable" owner="BuiltIn">
<msg time="2025-06-05T09:24:56.166796" level="INFO">${dir} = safari</msg>
<var>${dir}</var>
<arg>${browser}</arg>
<doc>Returns the given values which can then be assigned to a variables.</doc>
<status status="PASS" start="2025-06-05T09:24:56.166724" elapsed="0.000084"/>
</kw>
<status status="PASS" start="2025-06-05T09:24:56.166680" elapsed="0.000147"/>
</branch>
<status status="PASS" start="2025-06-05T09:24:56.166362" elapsed="0.000479"/>
</if>
<kw name="Create Directory" owner="OperatingSystem">
<msg time="2025-06-05T09:24:56.166981" level="INFO" html="true">Directory '&lt;a href="file:///Users/redenlongcop/Documents/bahai-automation/logs/safari/screenshots"&gt;/Users/redenlongcop/Documents/bahai-automation/logs/safari/screenshots&lt;/a&gt;' already exists.</msg>
<arg>logs/${dir}/screenshots</arg>
<doc>Creates the specified directory.</doc>
<status status="PASS" start="2025-06-05T09:24:56.166883" elapsed="0.000121"/>
</kw>
<kw name="Set Screenshot Directory" owner="SeleniumLibrary">
<arg>logs/${dir}/screenshots</arg>
<doc>Sets the directory for captured screenshots.</doc>
<status status="PASS" start="2025-06-05T09:24:56.167060" elapsed="0.000105"/>
</kw>
<kw name="Open Browser" owner="SeleniumLibrary">
<msg time="2025-06-05T09:24:56.167298" level="INFO">Opening browser 'safari' to base url 'about:blank'.</msg>
<msg time="2025-06-05T09:24:56.287701" level="INFO">Cannot capture screenshot because no browser is open.</msg>
<msg time="2025-06-05T09:24:56.287928" level="FAIL">SessionNotCreatedException: Message: Could not create a session: The Safari instance is already paired with a different session.
</msg>
<arg>about:blank</arg>
<arg>${browser}</arg>
<doc>Opens a new browser instance to the optional ``url``.</doc>
<status status="FAIL" start="2025-06-05T09:24:56.167228" elapsed="0.121770">SessionNotCreatedException: Message: Could not create a session: The Safari instance is already paired with a different session.
</status>
</kw>
<kw name="Maximize Browser Window" owner="SeleniumLibrary">
<doc>Maximizes current browser window.</doc>
<status status="NOT RUN" start="2025-06-05T09:24:56.289261" elapsed="0.000022"/>
</kw>
<arg>${BROWSER}</arg>
<doc>Main web setup</doc>
<status status="FAIL" start="2025-06-05T09:24:56.166267" elapsed="0.123088">SessionNotCreatedException: Message: Could not create a session: The Safari instance is already paired with a different session.
</status>
</kw>
<kw name="Main Web Teardown" owner="common" type="TEARDOWN">
<kw name="Capture Page Screenshot" owner="SeleniumLibrary">
<msg time="2025-06-05T09:24:56.289843" level="INFO">Cannot capture screenshot because no browser is open.</msg>
<doc>Takes a screenshot of the current page and embeds it into a log file.</doc>
<status status="PASS" start="2025-06-05T09:24:56.289792" elapsed="0.000080"/>
</kw>
<kw name="Close All Browsers" owner="SeleniumLibrary">
<doc>Closes all open browsers and resets the browser cache.</doc>
<status status="PASS" start="2025-06-05T09:24:56.289927" elapsed="0.000052"/>
</kw>
<doc>Main web teardown</doc>
<status status="PASS" start="2025-06-05T09:24:56.289614" elapsed="0.000390"/>
</kw>
<doc>The user should be able to successfully input alphanumeric values in the Middle Name field.</doc>
<tag>signup</tag>
<tag>UR-TC-004</tag>
<status status="FAIL" start="2025-06-05T09:24:56.166027" elapsed="0.124013">Setup failed:
SessionNotCreatedException: Message: Could not create a session: The Safari instance is already paired with a different session.
</status>
</test>
<test id="s1-s4-t4" name="Test Case 4: Verify that the user can successfully input a last name." line="42">
<kw name="Main Web Setup" owner="common" type="SETUP">
<if>
<branch type="IF" condition="'${browser}' == 'chrome' or '${browser}' == 'headlesschrome'">
<kw name="Set Variable" owner="BuiltIn">
<var>${dir}</var>
<arg>chrome</arg>
<doc>Returns the given values which can then be assigned to a variables.</doc>
<status status="NOT RUN" start="2025-06-05T09:24:56.290710" elapsed="0.000012"/>
</kw>
<status status="NOT RUN" start="2025-06-05T09:24:56.290581" elapsed="0.000160"/>
</branch>
<branch type="ELSE IF" condition="'${browser}' == 'firefox' or '${browser}' == 'headlessfirefox'">
<kw name="Set Variable" owner="BuiltIn">
<var>${dir}</var>
<arg>firefox</arg>
<doc>Returns the given values which can then be assigned to a variables.</doc>
<status status="NOT RUN" start="2025-06-05T09:24:56.290850" elapsed="0.000010"/>
</kw>
<status status="NOT RUN" start="2025-06-05T09:24:56.290759" elapsed="0.000118"/>
</branch>
<branch type="ELSE">
<kw name="Set Variable" owner="BuiltIn">
<msg time="2025-06-05T09:24:56.291004" level="INFO">${dir} = safari</msg>
<var>${dir}</var>
<arg>${browser}</arg>
<doc>Returns the given values which can then be assigned to a variables.</doc>
<status status="PASS" start="2025-06-05T09:24:56.290933" elapsed="0.000083"/>
</kw>
<status status="PASS" start="2025-06-05T09:24:56.290891" elapsed="0.000143"/>
</branch>
<status status="PASS" start="2025-06-05T09:24:56.290567" elapsed="0.000481"/>
</if>
<kw name="Create Directory" owner="OperatingSystem">
<msg time="2025-06-05T09:24:56.291185" level="INFO" html="true">Directory '&lt;a href="file:///Users/redenlongcop/Documents/bahai-automation/logs/safari/screenshots"&gt;/Users/redenlongcop/Documents/bahai-automation/logs/safari/screenshots&lt;/a&gt;' already exists.</msg>
<arg>logs/${dir}/screenshots</arg>
<doc>Creates the specified directory.</doc>
<status status="PASS" start="2025-06-05T09:24:56.291091" elapsed="0.000117"/>
</kw>
<kw name="Set Screenshot Directory" owner="SeleniumLibrary">
<arg>logs/${dir}/screenshots</arg>
<doc>Sets the directory for captured screenshots.</doc>
<status status="PASS" start="2025-06-05T09:24:56.291263" elapsed="0.000113"/>
</kw>
<kw name="Open Browser" owner="SeleniumLibrary">
<msg time="2025-06-05T09:24:56.291506" level="INFO">Opening browser 'safari' to base url 'about:blank'.</msg>
<msg time="2025-06-05T09:24:56.413536" level="INFO">Cannot capture screenshot because no browser is open.</msg>
<msg time="2025-06-05T09:24:56.413798" level="FAIL">SessionNotCreatedException: Message: Could not create a session: The Safari instance is already paired with a different session.
</msg>
<arg>about:blank</arg>
<arg>${browser}</arg>
<doc>Opens a new browser instance to the optional ``url``.</doc>
<status status="FAIL" start="2025-06-05T09:24:56.291438" elapsed="0.123446">SessionNotCreatedException: Message: Could not create a session: The Safari instance is already paired with a different session.
</status>
</kw>
<kw name="Maximize Browser Window" owner="SeleniumLibrary">
<doc>Maximizes current browser window.</doc>
<status status="NOT RUN" start="2025-06-05T09:24:56.415149" elapsed="0.000025"/>
</kw>
<arg>${BROWSER}</arg>
<doc>Main web setup</doc>
<status status="FAIL" start="2025-06-05T09:24:56.290473" elapsed="0.124776">SessionNotCreatedException: Message: Could not create a session: The Safari instance is already paired with a different session.
</status>
</kw>
<kw name="Main Web Teardown" owner="common" type="TEARDOWN">
<kw name="Capture Page Screenshot" owner="SeleniumLibrary">
<msg time="2025-06-05T09:24:56.415743" level="INFO">Cannot capture screenshot because no browser is open.</msg>
<doc>Takes a screenshot of the current page and embeds it into a log file.</doc>
<status status="PASS" start="2025-06-05T09:24:56.415693" elapsed="0.000079"/>
</kw>
<kw name="Close All Browsers" owner="SeleniumLibrary">
<doc>Closes all open browsers and resets the browser cache.</doc>
<status status="PASS" start="2025-06-05T09:24:56.415826" elapsed="0.000053"/>
</kw>
<doc>Main web teardown</doc>
<status status="PASS" start="2025-06-05T09:24:56.415511" elapsed="0.000392"/>
</kw>
<doc>The user should be able to successfully input alphanumeric values in the Last Name field.</doc>
<tag>signup</tag>
<tag>UR-TC-005</tag>
<status status="FAIL" start="2025-06-05T09:24:56.290171" elapsed="0.125766">Setup failed:
SessionNotCreatedException: Message: Could not create a session: The Safari instance is already paired with a different session.
</status>
</test>
<test id="s1-s4-t5" name="Test Case 5: Verify that the user can successfully input a suffix name." line="53">
<kw name="Main Web Setup" owner="common" type="SETUP">
<if>
<branch type="IF" condition="'${browser}' == 'chrome' or '${browser}' == 'headlesschrome'">
<kw name="Set Variable" owner="BuiltIn">
<var>${dir}</var>
<arg>chrome</arg>
<doc>Returns the given values which can then be assigned to a variables.</doc>
<status status="NOT RUN" start="2025-06-05T09:24:56.416557" elapsed="0.000012"/>
</kw>
<status status="NOT RUN" start="2025-06-05T09:24:56.416422" elapsed="0.000167"/>
</branch>
<branch type="ELSE IF" condition="'${browser}' == 'firefox' or '${browser}' == 'headlessfirefox'">
<kw name="Set Variable" owner="BuiltIn">
<var>${dir}</var>
<arg>firefox</arg>
<doc>Returns the given values which can then be assigned to a variables.</doc>
<status status="NOT RUN" start="2025-06-05T09:24:56.416695" elapsed="0.000011"/>
</kw>
<status status="NOT RUN" start="2025-06-05T09:24:56.416608" elapsed="0.000116"/>
</branch>
<branch type="ELSE">
<kw name="Set Variable" owner="BuiltIn">
<msg time="2025-06-05T09:24:56.416856" level="INFO">${dir} = safari</msg>
<var>${dir}</var>
<arg>${browser}</arg>
<doc>Returns the given values which can then be assigned to a variables.</doc>
<status status="PASS" start="2025-06-05T09:24:56.416784" elapsed="0.000085"/>
</kw>
<status status="PASS" start="2025-06-05T09:24:56.416738" elapsed="0.000150"/>
</branch>
<status status="PASS" start="2025-06-05T09:24:56.416408" elapsed="0.000494"/>
</if>
<kw name="Create Directory" owner="OperatingSystem">
<msg time="2025-06-05T09:24:56.417056" level="INFO" html="true">Directory '&lt;a href="file:///Users/redenlongcop/Documents/bahai-automation/logs/safari/screenshots"&gt;/Users/redenlongcop/Documents/bahai-automation/logs/safari/screenshots&lt;/a&gt;' already exists.</msg>
<arg>logs/${dir}/screenshots</arg>
<doc>Creates the specified directory.</doc>
<status status="PASS" start="2025-06-05T09:24:56.416944" elapsed="0.000136"/>
</kw>
<kw name="Set Screenshot Directory" owner="SeleniumLibrary">
<arg>logs/${dir}/screenshots</arg>
<doc>Sets the directory for captured screenshots.</doc>
<status status="PASS" start="2025-06-05T09:24:56.417136" elapsed="0.000107"/>
</kw>
<kw name="Open Browser" owner="SeleniumLibrary">
<msg time="2025-06-05T09:24:56.417371" level="INFO">Opening browser 'safari' to base url 'about:blank'.</msg>
<msg time="2025-06-05T09:24:57.693678" level="INFO">Cannot capture screenshot because no browser is open.</msg>
<arg>about:blank</arg>
<arg>${browser}</arg>
<doc>Opens a new browser instance to the optional ``url``.</doc>
<status status="FAIL" start="2025-06-05T09:24:56.417305" elapsed="1.276545">Execution terminated by signal</status>
</kw>
<kw name="Maximize Browser Window" owner="SeleniumLibrary">
<doc>Maximizes current browser window.</doc>
<status status="NOT RUN" start="2025-06-05T09:24:57.694223" elapsed="0.000030"/>
</kw>
<arg>${BROWSER}</arg>
<doc>Main web setup</doc>
<status status="FAIL" start="2025-06-05T09:24:56.416315" elapsed="1.278049">Execution terminated by signal</status>
</kw>
<kw name="Main Web Teardown" owner="common" type="TEARDOWN">
<kw name="Capture Page Screenshot" owner="SeleniumLibrary">
<msg time="2025-06-05T09:24:57.695091" level="INFO">Cannot capture screenshot because no browser is open.</msg>
<doc>Takes a screenshot of the current page and embeds it into a log file.</doc>
<status status="PASS" start="2025-06-05T09:24:57.695010" elapsed="0.000125"/>
</kw>
<kw name="Close All Browsers" owner="SeleniumLibrary">
<doc>Closes all open browsers and resets the browser cache.</doc>
<status status="PASS" start="2025-06-05T09:24:57.695212" elapsed="0.000074"/>
</kw>
<doc>Main web teardown</doc>
<status status="PASS" start="2025-06-05T09:24:57.694755" elapsed="0.000568"/>
</kw>
<doc>The user should be able to successfully input alphanumeric values in the Suffix Name field.</doc>
<tag>signup</tag>
<tag>UR-TC-006</tag>
<status status="FAIL" start="2025-06-05T09:24:56.416074" elapsed="1.279294">Setup failed:
Execution terminated by signal</status>
</test>
<test id="s1-s4-t6" name="Test Case 6: Verify that the user can successfully input an email address." line="64">
<doc>The user should be able to successfully input an email.</doc>
<tag>robot:exit</tag>
<tag>signup</tag>
<tag>UR-TC-007</tag>
<status status="FAIL" start="2025-06-05T09:24:57.695538" elapsed="0.000274">Test execution stopped due to a fatal error.</status>
</test>
<test id="s1-s4-t7" name="Test Case 7: Verify that the user can input a passsword in the Password field." line="75">
<doc>The user should be able to input a password in the Password field.</doc>
<tag>robot:exit</tag>
<tag>signup</tag>
<tag>UR-TC-008</tag>
<status status="FAIL" start="2025-06-05T09:24:57.695917" elapsed="0.000338">Test execution stopped due to a fatal error.</status>
</test>
<test id="s1-s4-t8" name="Test Case 8: Verify that the user can input a passsword in the Confirm Password field." line="86">
<doc>The user should be able to input a password in the Confirm Password field.</doc>
<tag>robot:exit</tag>
<tag>signup</tag>
<tag>UR-TC-009</tag>
<status status="FAIL" start="2025-06-05T09:24:57.696493" elapsed="0.000295">Test execution stopped due to a fatal error.</status>
</test>
<test id="s1-s4-t9" name="Test Case 9: Verify that the Login page is displayed upon clicking the &quot;sign in your existing account&quot; link." line="97">
<doc>The Login page should be displayed.</doc>
<tag>robot:exit</tag>
<tag>signup</tag>
<tag>UR-TC-010</tag>
<status status="FAIL" start="2025-06-05T09:24:57.696987" elapsed="0.000253">Test execution stopped due to a fatal error.</status>
</test>
<test id="s1-s4-t10" name="Test Case 10: Verify that the Sign Up page is displyed upon clicking the &quot;Sign Up&quot; link." line="106">
<doc>The user should be navigated to the Sign Up page</doc>
<tag>robot:exit</tag>
<tag>signup</tag>
<tag>UR-TC-011</tag>
<status status="FAIL" start="2025-06-05T09:24:57.697353" elapsed="0.000209">Test execution stopped due to a fatal error.</status>
</test>
<test id="s1-s4-t11" name="Test Case 11: Verify that submitted email address is displayed and masked on the OTP page." line="115">
<doc>The submitted email address should be displayed.</doc>
<tag>robot:exit</tag>
<tag>signup</tag>
<tag>UR-TC-013</tag>
<status status="FAIL" start="2025-06-05T09:24:57.697848" elapsed="0.000967">Test execution stopped due to a fatal error.</status>
</test>
<test id="s1-s4-t12" name="Test Case 12: Verify that the &quot;Change your email&quot; text link works as expected." line="140">
<doc>The user should be able to click the "Change your email" text link.</doc>
<tag>robot:exit</tag>
<tag>signup</tag>
<tag>UR-TC-014</tag>
<status status="FAIL" start="2025-06-05T09:24:57.699651" elapsed="0.001770">Test execution stopped due to a fatal error.</status>
</test>
<test id="s1-s4-t13" name="Test Case 13: Validate that the user can successfully register." line="169">
<doc>The user should be able to register an account successfully.</doc>
<tag>robot:exit</tag>
<tag>signup</tag>
<tag>smoke</tag>
<tag>UR-TC-018</tag>
<status status="FAIL" start="2025-06-05T09:24:57.702725" elapsed="0.002487">Test execution stopped due to a fatal error.</status>
</test>
<status status="FAIL" start="2025-06-05T09:24:55.907728" elapsed="1.798898"/>
</suite>
<status status="FAIL" start="2025-06-05T09:24:46.515840" elapsed="11.192384"/>
</suite>
<statistics>
<total>
<stat pass="0" fail="63" skip="0">All Tests</stat>
</total>
<tag>
<stat info="combined" combined="NOT robot:exit" pass="0" fail="55" skip="0">NOT robot:exit</stat>
<stat pass="0" fail="15" skip="0">credit/debit</stat>
<stat pass="0" fail="8" skip="0">forget_password</stat>
<stat pass="0" fail="4" skip="0">home</stat>
<stat pass="0" fail="1" skip="0">HP-TC-001</stat>
<stat pass="0" fail="1" skip="0">HP-TC-002</stat>
<stat pass="0" fail="1" skip="0">HP-TC-005</stat>
<stat pass="0" fail="1" skip="0">HP-TC-007</stat>
<stat pass="0" fail="30" skip="0">reserve</stat>
<stat pass="0" fail="1" skip="0">RP-TC-002</stat>
<stat pass="0" fail="1" skip="0">RP-TC-003</stat>
<stat pass="0" fail="1" skip="0">RP-TC-004</stat>
<stat pass="0" fail="1" skip="0">RP-TC-006</stat>
<stat pass="0" fail="1" skip="0">RP-TC-007</stat>
<stat pass="0" fail="1" skip="0">RP-TC-009</stat>
<stat pass="0" fail="1" skip="0">RP-TC-010</stat>
<stat pass="0" fail="1" skip="0">RP-TC-011</stat>
<stat pass="0" fail="1" skip="0">RP-TC-012</stat>
<stat pass="0" fail="1" skip="0">RP-TC-013</stat>
<stat pass="0" fail="1" skip="0">RP-TC-014</stat>
<stat pass="0" fail="1" skip="0">RP-TC-015</stat>
<stat pass="0" fail="1" skip="0">RP-TC-016</stat>
<stat pass="0" fail="1" skip="0">RP-TC-017</stat>
<stat pass="0" fail="1" skip="0">RP-TC-018</stat>
<stat pass="0" fail="1" skip="0">RP-TC-021</stat>
<stat pass="0" fail="1" skip="0">RP-TC-022</stat>
<stat pass="0" fail="1" skip="0">RP-TC-023</stat>
<stat pass="0" fail="1" skip="0">RP-TC-024</stat>
<stat pass="0" fail="1" skip="0">RP-TC-025</stat>
<stat pass="0" fail="1" skip="0">RP-TC-026</stat>
<stat pass="0" fail="1" skip="0">RP-TC-027</stat>
<stat pass="0" fail="1" skip="0">RP-TC-028</stat>
<stat pass="0" fail="1" skip="0">RP-TC-029</stat>
<stat pass="0" fail="1" skip="0">RP-TC-031</stat>
<stat pass="0" fail="1" skip="0">RP-TC-032</stat>
<stat pass="0" fail="1" skip="0">RP-TC-034</stat>
<stat pass="0" fail="1" skip="0">RP-TC-035</stat>
<stat pass="0" fail="1" skip="0">RP-TC-037</stat>
<stat pass="0" fail="1" skip="0">RP-TC-133</stat>
<stat pass="0" fail="16" skip="0">signin</stat>
<stat pass="0" fail="13" skip="0">signup</stat>
<stat pass="0" fail="3" skip="0">smoke</stat>
<stat pass="0" fail="1" skip="0">UL-TC-002</stat>
<stat pass="0" fail="1" skip="0">UL-TC-003</stat>
<stat pass="0" fail="1" skip="0">UL-TC-004</stat>
<stat pass="0" fail="1" skip="0">UL-TC-005</stat>
<stat pass="0" fail="1" skip="0">UL-TC-006</stat>
<stat pass="0" fail="1" skip="0">UL-TC-008</stat>
<stat pass="0" fail="1" skip="0">UL-TC-010</stat>
<stat pass="0" fail="1" skip="0">UL-TC-012</stat>
<stat pass="0" fail="1" skip="0">UL-TC-027</stat>
<stat pass="0" fail="1" skip="0">UL-TC-029</stat>
<stat pass="0" fail="1" skip="0">UL-TC-030</stat>
<stat pass="0" fail="1" skip="0">UL-TC-031</stat>
<stat pass="0" fail="1" skip="0">UL-TC-032</stat>
<stat pass="0" fail="1" skip="0">UL-TC-033</stat>
<stat pass="0" fail="1" skip="0">UL-TC-034</stat>
<stat pass="0" fail="1" skip="0">UL-TC-035</stat>
<stat pass="0" fail="1" skip="0">UR-TC-001</stat>
<stat pass="0" fail="1" skip="0">UR-TC-003</stat>
<stat pass="0" fail="1" skip="0">UR-TC-004</stat>
<stat pass="0" fail="1" skip="0">UR-TC-005</stat>
<stat pass="0" fail="1" skip="0">UR-TC-006</stat>
<stat pass="0" fail="1" skip="0">UR-TC-007</stat>
<stat pass="0" fail="1" skip="0">UR-TC-008</stat>
<stat pass="0" fail="1" skip="0">UR-TC-009</stat>
<stat pass="0" fail="1" skip="0">UR-TC-010</stat>
<stat pass="0" fail="1" skip="0">UR-TC-011</stat>
<stat pass="0" fail="1" skip="0">UR-TC-013</stat>
<stat pass="0" fail="1" skip="0">UR-TC-014</stat>
<stat pass="0" fail="1" skip="0">UR-TC-018</stat>
</tag>
<suite>
<stat name="Tests" id="s1" pass="0" fail="63" skip="0">Tests</stat>
<stat name="Fe Home" id="s1-s1" pass="0" fail="4" skip="0">Tests.Fe Home</stat>
<stat name="Fe Reservation" id="s1-s2" pass="0" fail="30" skip="0">Tests.Fe Reservation</stat>
<stat name="Fe User Login" id="s1-s3" pass="0" fail="16" skip="0">Tests.Fe User Login</stat>
<stat name="Fe User Registration" id="s1-s4" pass="0" fail="13" skip="0">Tests.Fe User Registration</stat>
</suite>
</statistics>
<errors>
</errors>
</robot>
